[0.078s] Invoking command in '/home/shrek/shrek_ws/build/gazebo_ros2_control': CMAKE_PREFIX_PATH=${CMAKE_PREFIX_PATH}:/home/shrek/shrek_ws/install/follow_waypoints:/opt/ros/foxy /usr/bin/cmake --build /home/shrek/shrek_ws/build/gazebo_ros2_control -- -j8 -l8
[0.350s] [ 50%] Built target gazebo_hardware_plugins
[0.350s] [100%] Built target gazebo_ros2_control
[0.355s] Invoked command in '/home/shrek/shrek_ws/build/gazebo_ros2_control' returned '0': CMAKE_PREFIX_PATH=${CMAKE_PREFIX_PATH}:/home/shrek/shrek_ws/install/follow_waypoints:/opt/ros/foxy /usr/bin/cmake --build /home/shrek/shrek_ws/build/gazebo_ros2_control -- -j8 -l8
[0.432s] Invoking command in '/home/shrek/shrek_ws/build/gazebo_ros2_control': CMAKE_PREFIX_PATH=${CMAKE_PREFIX_PATH}:/home/shrek/shrek_ws/install/follow_waypoints:/opt/ros/foxy /usr/bin/cmake --install /home/shrek/shrek_ws/build/gazebo_ros2_control
[0.449s] -- Install configuration: ""
[0.449s] -- Execute custom install script
[0.449s] -- Up-to-date symlink: /home/shrek/shrek_ws/install/gazebo_ros2_control/lib/libgazebo_ros2_control.so
[0.449s] -- Up-to-date symlink: /home/shrek/shrek_ws/install/gazebo_ros2_control/lib/libgazebo_hardware_plugins.so
[0.449s] -- Up-to-date symlink: /home/shrek/shrek_ws/install/gazebo_ros2_control/share/gazebo_ros2_control/environment/library_path.sh
[0.450s] -- Up-to-date symlink: /home/shrek/shrek_ws/install/gazebo_ros2_control/share/gazebo_ros2_control/environment/library_path.dsv
[0.450s] -- Up-to-date symlink: /home/shrek/shrek_ws/install/gazebo_ros2_control/include/gazebo_ros2_control/gazebo_ros2_control_plugin.hpp
[0.451s] -- Up-to-date symlink: /home/shrek/shrek_ws/install/gazebo_ros2_control/include/gazebo_ros2_control/gazebo_system.hpp
[0.452s] -- Up-to-date symlink: /home/shrek/shrek_ws/install/gazebo_ros2_control/include/gazebo_ros2_control/gazebo_system_interface.hpp
[0.452s] -- Up-to-date symlink: /home/shrek/shrek_ws/install/gazebo_ros2_control/share/gazebo_ros2_control//gazebo_hardware_plugins.xml
[0.452s] -- Up-to-date symlink: /home/shrek/shrek_ws/install/gazebo_ros2_control/share/ament_index/resource_index/package_run_dependencies/gazebo_ros2_control
[0.452s] -- Up-to-date symlink: /home/shrek/shrek_ws/install/gazebo_ros2_control/share/ament_index/resource_index/parent_prefix_path/gazebo_ros2_control
[0.452s] -- Up-to-date symlink: /home/shrek/shrek_ws/install/gazebo_ros2_control/share/gazebo_ros2_control/environment/ament_prefix_path.sh
[0.452s] -- Up-to-date symlink: /home/shrek/shrek_ws/install/gazebo_ros2_control/share/gazebo_ros2_control/environment/ament_prefix_path.dsv
[0.452s] -- Up-to-date symlink: /home/shrek/shrek_ws/install/gazebo_ros2_control/share/gazebo_ros2_control/environment/path.sh
[0.452s] -- Up-to-date symlink: /home/shrek/shrek_ws/install/gazebo_ros2_control/share/gazebo_ros2_control/environment/path.dsv
[0.452s] -- Up-to-date symlink: /home/shrek/shrek_ws/install/gazebo_ros2_control/share/gazebo_ros2_control/local_setup.bash
[0.452s] -- Up-to-date symlink: /home/shrek/shrek_ws/install/gazebo_ros2_control/share/gazebo_ros2_control/local_setup.sh
[0.452s] -- Up-to-date symlink: /home/shrek/shrek_ws/install/gazebo_ros2_control/share/gazebo_ros2_control/local_setup.zsh
[0.452s] -- Up-to-date symlink: /home/shrek/shrek_ws/install/gazebo_ros2_control/share/gazebo_ros2_control/local_setup.dsv
[0.453s] -- Symlinking: /home/shrek/shrek_ws/install/gazebo_ros2_control/share/gazebo_ros2_control/package.dsv
[0.481s] -- Up-to-date symlink: /home/shrek/shrek_ws/install/gazebo_ros2_control/share/ament_index/resource_index/packages/gazebo_ros2_control
[0.482s] -- Up-to-date symlink: /home/shrek/shrek_ws/install/gazebo_ros2_control/share/ament_index/resource_index/gazebo_ros2_control__pluginlib__plugin/gazebo_ros2_control
[0.482s] -- Up-to-date symlink: /home/shrek/shrek_ws/install/gazebo_ros2_control/share/gazebo_ros2_control/cmake/ament_cmake_export_include_directories-extras.cmake
[0.485s] -- Up-to-date symlink: /home/shrek/shrek_ws/install/gazebo_ros2_control/share/gazebo_ros2_control/cmake/ament_cmake_export_dependencies-extras.cmake
[0.485s] -- Up-to-date symlink: /home/shrek/shrek_ws/install/gazebo_ros2_control/share/gazebo_ros2_control/cmake/ament_cmake_export_libraries-extras.cmake
[0.486s] -- Up-to-date symlink: /home/shrek/shrek_ws/install/gazebo_ros2_control/share/gazebo_ros2_control/cmake/gazebo_ros2_controlConfig.cmake
[0.486s] -- Up-to-date symlink: /home/shrek/shrek_ws/install/gazebo_ros2_control/share/gazebo_ros2_control/cmake/gazebo_ros2_controlConfig-version.cmake
[0.486s] -- Up-to-date symlink: /home/shrek/shrek_ws/install/gazebo_ros2_control/share/gazebo_ros2_control/package.xml
[0.563s] Invoked command in '/home/shrek/shrek_ws/build/gazebo_ros2_control' returned '0': CMAKE_PREFIX_PATH=${CMAKE_PREFIX_PATH}:/home/shrek/shrek_ws/install/follow_waypoints:/opt/ros/foxy /usr/bin/cmake --install /home/shrek/shrek_ws/build/gazebo_ros2_control
