[0.024s] Invoking command in '/home/shrek/shrek_ws/build/to_place': CMAKE_PREFIX_PATH=/opt/ros/foxy /usr/bin/cmake --build /home/shrek/shrek_ws/build/to_place -- -j8 -l8
[0.080s] Invoked command in '/home/shrek/shrek_ws/build/to_place' returned '0': CMAKE_PREFIX_PATH=/opt/ros/foxy /usr/bin/cmake --build /home/shrek/shrek_ws/build/to_place -- -j8 -l8
[0.129s] Invoking command in '/home/shrek/shrek_ws/build/to_place': CMAKE_PREFIX_PATH=/opt/ros/foxy /usr/bin/cmake --install /home/shrek/shrek_ws/build/to_place
[0.143s] -- Install configuration: ""
[0.144s] -- Execute custom install script
[0.144s] -- Up-to-date symlink: /home/shrek/shrek_ws/install/to_place/lib/to_place/toplace.py
[0.144s] -- Up-to-date symlink: /home/shrek/shrek_ws/install/to_place/share/ament_index/resource_index/package_run_dependencies/to_place
[0.145s] -- Up-to-date symlink: /home/shrek/shrek_ws/install/to_place/share/ament_index/resource_index/parent_prefix_path/to_place
[0.145s] -- Up-to-date symlink: /home/shrek/shrek_ws/install/to_place/share/to_place/environment/ament_prefix_path.sh
[0.145s] -- Up-to-date symlink: /home/shrek/shrek_ws/install/to_place/share/to_place/environment/ament_prefix_path.dsv
[0.146s] -- Up-to-date symlink: /home/shrek/shrek_ws/install/to_place/share/to_place/environment/path.sh
[0.146s] -- Up-to-date symlink: /home/shrek/shrek_ws/install/to_place/share/to_place/environment/path.dsv
[0.146s] -- Up-to-date symlink: /home/shrek/shrek_ws/install/to_place/share/to_place/local_setup.bash
[0.146s] -- Up-to-date symlink: /home/shrek/shrek_ws/install/to_place/share/to_place/local_setup.sh
[0.147s] -- Up-to-date symlink: /home/shrek/shrek_ws/install/to_place/share/to_place/local_setup.zsh
[0.147s] -- Up-to-date symlink: /home/shrek/shrek_ws/install/to_place/share/to_place/local_setup.dsv
[0.147s] -- Symlinking: /home/shrek/shrek_ws/install/to_place/share/to_place/package.dsv
[0.162s] -- Up-to-date symlink: /home/shrek/shrek_ws/install/to_place/share/ament_index/resource_index/packages/to_place
[0.162s] -- Up-to-date symlink: /home/shrek/shrek_ws/install/to_place/share/to_place/cmake/to_placeConfig.cmake
[0.162s] -- Up-to-date symlink: /home/shrek/shrek_ws/install/to_place/share/to_place/cmake/to_placeConfig-version.cmake
[0.163s] -- Up-to-date symlink: /home/shrek/shrek_ws/install/to_place/share/to_place/package.xml
[0.193s] Invoked command in '/home/shrek/shrek_ws/build/to_place' returned '0': CMAKE_PREFIX_PATH=/opt/ros/foxy /usr/bin/cmake --install /home/shrek/shrek_ws/build/to_place
