[0.057s] Invoking command in '/home/shrek/shrek_ws/build/gazebo_ros2_control': CMAKE_PREFIX_PATH=${CMAKE_PREFIX_PATH}:/home/shrek/shrek_ws/install/follow_waypoints:/opt/ros/foxy /usr/bin/cmake /home/shrek/shrek_ws/src/gazebo_ros2_control/gazebo_ros2_control -DAMENT_CMAKE_SYMLINK_INSTALL=1 -DCMAKE_INSTALL_PREFIX=/home/shrek/shrek_ws/install/gazebo_ros2_control
[0.289s] -- Found ament_cmake: 0.9.11 (/opt/ros/foxy/share/ament_cmake/cmake)
[0.289s] -- Using PYTHON_EXECUTABLE: /usr/bin/python3
[0.300s] -- Override CMake install command with custom implementation using symlinks instead of copying resources
[0.312s] -- Found angles: 1.12.6 (/opt/ros/foxy/share/angles/cmake)
[0.313s] -- Found controller_manager: 0.11.0 (/opt/ros/foxy/share/controller_manager/cmake)
[0.357s] -- Using all available rosidl_typesupport_c: rosidl_typesupport_fastrtps_c;rosidl_typesupport_introspection_c
[0.364s] -- Found rosidl_adapter: 1.3.0 (/opt/ros/foxy/share/rosidl_adapter/cmake)
[0.547s] -- Using all available rosidl_typesupport_cpp: rosidl_typesupport_fastrtps_cpp;rosidl_typesupport_introspection_cpp
[1.131s] -- Found rmw_implementation_cmake: 1.0.3 (/opt/ros/foxy/share/rmw_implementation_cmake/cmake)
[1.133s] -- Using RMW implementation 'rmw_fastrtps_cpp' as default
[1.392s] -- Found gazebo_dev: 3.5.3 (/opt/ros/foxy/share/gazebo_dev/cmake)
[1.436s] -- Found DART: /usr/include (Required is at least version "6.6") found components: dart 
[1.477s] -- Found Protobuf: /usr/lib/x86_64-linux-gnu/libprotobuf.so;-lpthread (found version "3.6.1") 
[1.480s] -- Looking for ignition-math6 -- found version 6.13.0
[1.486s] -- Searching for dependencies of ignition-math6
[1.488s] -- Looking for OGRE...
[1.494s] -- Found Ogre Ghadamon (1.9.0)
[1.494s] -- Found OGRE: optimized;/usr/lib/x86_64-linux-gnu/libOgreMain.so;debug;/usr/lib/x86_64-linux-gnu/libOgreMain.so
[1.502s] -- Looking for OGRE_Paging...
[1.502s] -- Found OGRE_Paging: optimized;/usr/lib/x86_64-linux-gnu/libOgrePaging.so;debug;/usr/lib/x86_64-linux-gnu/libOgrePaging.so
[1.502s] -- Looking for OGRE_Terrain...
[1.503s] -- Found OGRE_Terrain: optimized;/usr/lib/x86_64-linux-gnu/libOgreTerrain.so;debug;/usr/lib/x86_64-linux-gnu/libOgreTerrain.so
[1.503s] -- Looking for OGRE_Property...
[1.503s] -- Found OGRE_Property: optimized;/usr/lib/x86_64-linux-gnu/libOgreProperty.so;debug;/usr/lib/x86_64-linux-gnu/libOgreProperty.so
[1.503s] -- Looking for OGRE_RTShaderSystem...
[1.503s] -- Found OGRE_RTShaderSystem: optimized;/usr/lib/x86_64-linux-gnu/libOgreRTShaderSystem.so;debug;/usr/lib/x86_64-linux-gnu/libOgreRTShaderSystem.so
[1.503s] -- Looking for OGRE_Volume...
[1.503s] -- Found OGRE_Volume: optimized;/usr/lib/x86_64-linux-gnu/libOgreVolume.so;debug;/usr/lib/x86_64-linux-gnu/libOgreVolume.so
[1.503s] -- Looking for OGRE_Overlay...
[1.503s] -- Found OGRE_Overlay: optimized;/usr/lib/x86_64-linux-gnu/libOgreOverlay.so;debug;/usr/lib/x86_64-linux-gnu/libOgreOverlay.so
[1.599s] -- Looking for ignition-math6 -- found version 6.13.0
[1.600s] -- Looking for ignition-transport8 -- found version 8.3.0
[1.600s] -- Searching for dependencies of ignition-transport8
[1.616s] -- Found Protobuf: /usr/lib/x86_64-linux-gnu/libprotobuf.so;-lpthread (found suitable version "3.6.1", minimum required is "3") 
[1.624s] -- Config-file not installed for ZeroMQ -- checking for pkg-config
[1.628s] -- Checking for module 'libzmq >= 4'
[1.642s] --   Found libzmq , version 4.3.2
[1.672s] -- Checking for module 'uuid'
[1.684s] --   Found uuid, version 2.34.0
[1.710s] -- Looking for ignition-msgs5 -- found version 5.10.0
[1.710s] -- Searching for dependencies of ignition-msgs5
[1.727s] -- Looking for ignition-math6 -- found version 6.13.0
[1.735s] -- Looking for ignition-msgs5 -- found version 5.10.0
[1.735s] -- Looking for ignition-common3 -- found version 3.14.2
[1.736s] -- Searching for dependencies of ignition-common3
[1.736s] -- Looking for dlfcn.h - found
[1.736s] -- Looking for libdl - found
[1.747s] -- Searching for <ignition-common3> component [graphics]
[1.747s] -- Looking for ignition-common3-graphics -- found version 3.14.2
[1.748s] -- Searching for dependencies of ignition-common3-graphics
[1.748s] -- Looking for ignition-math6 -- found version 6.13.0
[1.750s] -- Looking for ignition-fuel_tools4 -- found version 4.6.0
[1.750s] -- Searching for dependencies of ignition-fuel_tools4
[1.778s] -- Checking for module 'jsoncpp'
[1.789s] --   Found jsoncpp, version 1.7.4
[1.820s] -- Checking for module 'libzip'
[1.833s] --   Found libzip, version 1.5.1
[1.860s] -- Looking for ignition-common3 -- found version 3.14.2
[1.860s] -- Looking for ignition-math6 -- found version 6.13.0
[1.860s] -- Looking for ignition-msgs5 -- found version 5.10.0
[1.862s] -- Gazebo version: 11.11
[1.862s] -- Found gazebo_ros: 3.5.3 (/opt/ros/foxy/share/gazebo_ros/cmake)
[1.871s] -- Found yaml_cpp_vendor: 7.0.3 (/opt/ros/foxy/share/yaml_cpp_vendor/cmake)
[1.871s] -- Setting yaml-cpp_DIR to: '/opt/ros/foxy/share/yaml_cpp_vendor/cmake/../../../opt/yaml_cpp_vendor/lib/cmake/yaml-cpp'
[2.010s] -- Found ament_cmake_gtest: 0.9.11 (/opt/ros/foxy/share/ament_cmake_gtest/cmake)
[2.010s] -- Found ament_lint_auto: 0.9.7 (/opt/ros/foxy/share/ament_lint_auto/cmake)
[2.084s] -- Added test 'copyright' to check source files copyright and LICENSE
[2.085s] -- Added test 'cppcheck' to perform static code analysis on C / C++ code
[2.085s] -- Configured cppcheck include dirs: /home/shrek/shrek_ws/src/gazebo_ros2_control/gazebo_ros2_control/include
[2.085s] -- Configured cppcheck exclude dirs and/or files: 
[2.086s] -- Added test 'cpplint' to check C / C++ code against the Google style
[2.086s] -- Configured cpplint exclude dirs and/or files: 
[2.087s] -- Added test 'lint_cmake' to check CMake code style
[2.088s] -- Added test 'uncrustify' to check C / C++ code style
[2.088s] -- Configured uncrustify additional arguments: 
[2.088s] -- Added test 'xmllint' to check XML markup files
[2.093s] -- Configuring done
[2.145s] -- Generating done
[2.147s] -- Build files have been written to: /home/shrek/shrek_ws/build/gazebo_ros2_control
[2.166s] Invoked command in '/home/shrek/shrek_ws/build/gazebo_ros2_control' returned '0': CMAKE_PREFIX_PATH=${CMAKE_PREFIX_PATH}:/home/shrek/shrek_ws/install/follow_waypoints:/opt/ros/foxy /usr/bin/cmake /home/shrek/shrek_ws/src/gazebo_ros2_control/gazebo_ros2_control -DAMENT_CMAKE_SYMLINK_INSTALL=1 -DCMAKE_INSTALL_PREFIX=/home/shrek/shrek_ws/install/gazebo_ros2_control
[2.169s] Invoking command in '/home/shrek/shrek_ws/build/gazebo_ros2_control': CMAKE_PREFIX_PATH=${CMAKE_PREFIX_PATH}:/home/shrek/shrek_ws/install/follow_waypoints:/opt/ros/foxy /usr/bin/cmake --build /home/shrek/shrek_ws/build/gazebo_ros2_control -- -j8 -l8
[2.256s] [ 50%] Built target gazebo_hardware_plugins
[2.262s] [100%] Built target gazebo_ros2_control
[2.277s] Invoked command in '/home/shrek/shrek_ws/build/gazebo_ros2_control' returned '0': CMAKE_PREFIX_PATH=${CMAKE_PREFIX_PATH}:/home/shrek/shrek_ws/install/follow_waypoints:/opt/ros/foxy /usr/bin/cmake --build /home/shrek/shrek_ws/build/gazebo_ros2_control -- -j8 -l8
[2.317s] Invoking command in '/home/shrek/shrek_ws/build/gazebo_ros2_control': CMAKE_PREFIX_PATH=${CMAKE_PREFIX_PATH}:/home/shrek/shrek_ws/install/follow_waypoints:/opt/ros/foxy /usr/bin/cmake --install /home/shrek/shrek_ws/build/gazebo_ros2_control
[2.330s] -- Install configuration: ""
[2.330s] -- Execute custom install script
[2.330s] -- Up-to-date symlink: /home/shrek/shrek_ws/install/gazebo_ros2_control/lib/libgazebo_ros2_control.so
[2.331s] -- Up-to-date symlink: /home/shrek/shrek_ws/install/gazebo_ros2_control/lib/libgazebo_hardware_plugins.so
[2.331s] -- Up-to-date symlink: /home/shrek/shrek_ws/install/gazebo_ros2_control/share/gazebo_ros2_control/environment/library_path.sh
[2.332s] -- Up-to-date symlink: /home/shrek/shrek_ws/install/gazebo_ros2_control/share/gazebo_ros2_control/environment/library_path.dsv
[2.332s] -- Up-to-date symlink: /home/shrek/shrek_ws/install/gazebo_ros2_control/include/gazebo_ros2_control/gazebo_ros2_control_plugin.hpp
[2.332s] -- Up-to-date symlink: /home/shrek/shrek_ws/install/gazebo_ros2_control/include/gazebo_ros2_control/gazebo_system.hpp
[2.333s] -- Up-to-date symlink: /home/shrek/shrek_ws/install/gazebo_ros2_control/include/gazebo_ros2_control/gazebo_system_interface.hpp
[2.333s] -- Up-to-date symlink: /home/shrek/shrek_ws/install/gazebo_ros2_control/share/gazebo_ros2_control//gazebo_hardware_plugins.xml
[2.333s] -- Up-to-date symlink: /home/shrek/shrek_ws/install/gazebo_ros2_control/share/ament_index/resource_index/package_run_dependencies/gazebo_ros2_control
[2.333s] -- Up-to-date symlink: /home/shrek/shrek_ws/install/gazebo_ros2_control/share/ament_index/resource_index/parent_prefix_path/gazebo_ros2_control
[2.334s] -- Up-to-date symlink: /home/shrek/shrek_ws/install/gazebo_ros2_control/share/gazebo_ros2_control/environment/ament_prefix_path.sh
[2.334s] -- Up-to-date symlink: /home/shrek/shrek_ws/install/gazebo_ros2_control/share/gazebo_ros2_control/environment/ament_prefix_path.dsv
[2.334s] -- Up-to-date symlink: /home/shrek/shrek_ws/install/gazebo_ros2_control/share/gazebo_ros2_control/environment/path.sh
[2.334s] -- Up-to-date symlink: /home/shrek/shrek_ws/install/gazebo_ros2_control/share/gazebo_ros2_control/environment/path.dsv
[2.335s] -- Up-to-date symlink: /home/shrek/shrek_ws/install/gazebo_ros2_control/share/gazebo_ros2_control/local_setup.bash
[2.335s] -- Up-to-date symlink: /home/shrek/shrek_ws/install/gazebo_ros2_control/share/gazebo_ros2_control/local_setup.sh
[2.335s] -- Up-to-date symlink: /home/shrek/shrek_ws/install/gazebo_ros2_control/share/gazebo_ros2_control/local_setup.zsh
[2.335s] -- Up-to-date symlink: /home/shrek/shrek_ws/install/gazebo_ros2_control/share/gazebo_ros2_control/local_setup.dsv
[2.336s] -- Symlinking: /home/shrek/shrek_ws/install/gazebo_ros2_control/share/gazebo_ros2_control/package.dsv
[2.350s] -- Up-to-date symlink: /home/shrek/shrek_ws/install/gazebo_ros2_control/share/ament_index/resource_index/packages/gazebo_ros2_control
[2.350s] -- Up-to-date symlink: /home/shrek/shrek_ws/install/gazebo_ros2_control/share/ament_index/resource_index/gazebo_ros2_control__pluginlib__plugin/gazebo_ros2_control
[2.350s] -- Up-to-date symlink: /home/shrek/shrek_ws/install/gazebo_ros2_control/share/gazebo_ros2_control/cmake/ament_cmake_export_include_directories-extras.cmake
[2.350s] -- Up-to-date symlink: /home/shrek/shrek_ws/install/gazebo_ros2_control/share/gazebo_ros2_control/cmake/ament_cmake_export_dependencies-extras.cmake
[2.351s] -- Up-to-date symlink: /home/shrek/shrek_ws/install/gazebo_ros2_control/share/gazebo_ros2_control/cmake/ament_cmake_export_libraries-extras.cmake
[2.351s] -- Up-to-date symlink: /home/shrek/shrek_ws/install/gazebo_ros2_control/share/gazebo_ros2_control/cmake/gazebo_ros2_controlConfig.cmake
[2.351s] -- Up-to-date symlink: /home/shrek/shrek_ws/install/gazebo_ros2_control/share/gazebo_ros2_control/cmake/gazebo_ros2_controlConfig-version.cmake
[2.352s] -- Up-to-date symlink: /home/shrek/shrek_ws/install/gazebo_ros2_control/share/gazebo_ros2_control/package.xml
[2.360s] Invoked command in '/home/shrek/shrek_ws/build/gazebo_ros2_control' returned '0': CMAKE_PREFIX_PATH=${CMAKE_PREFIX_PATH}:/home/shrek/shrek_ws/install/follow_waypoints:/opt/ros/foxy /usr/bin/cmake --install /home/shrek/shrek_ws/build/gazebo_ros2_control
