[0.057s] Invoking command in '/home/shrek/shrek_ws/build/gazebo_ros2_control': CMAKE_PREFIX_PATH=${CMAKE_PREFIX_PATH}:/opt/ros/foxy /usr/bin/cmake --build /home/shrek/shrek_ws/build/gazebo_ros2_control -- -j8 -l8
[0.219s] [ 25%] [32m[1mLinking CXX shared library libgazebo_hardware_plugins.so[0m
[0.225s] [ 50%] [32m[1mLinking CXX shared library libgazebo_ros2_control.so[0m
[1.471s] [ 75%] Built target gazebo_hardware_plugins
[1.641s] [100%] Built target gazebo_ros2_control
[1.659s] Invoked command in '/home/shrek/shrek_ws/build/gazebo_ros2_control' returned '0': CMAKE_PREFIX_PATH=${CMAKE_PREFIX_PATH}:/opt/ros/foxy /usr/bin/cmake --build /home/shrek/shrek_ws/build/gazebo_ros2_control -- -j8 -l8
[1.696s] Invoking command in '/home/shrek/shrek_ws/build/gazebo_ros2_control': CMAKE_PREFIX_PATH=${CMAKE_PREFIX_PATH}:/opt/ros/foxy /usr/bin/cmake --install /home/shrek/shrek_ws/build/gazebo_ros2_control
[1.709s] -- Install configuration: ""
[1.709s] -- Execute custom install script
[1.710s] -- Up-to-date symlink: /home/shrek/shrek_ws/install/gazebo_ros2_control/lib/libgazebo_ros2_control.so
[1.710s] -- Up-to-date symlink: /home/shrek/shrek_ws/install/gazebo_ros2_control/lib/libgazebo_hardware_plugins.so
[1.711s] -- Up-to-date symlink: /home/shrek/shrek_ws/install/gazebo_ros2_control/share/gazebo_ros2_control/environment/library_path.sh
[1.711s] -- Up-to-date symlink: /home/shrek/shrek_ws/install/gazebo_ros2_control/share/gazebo_ros2_control/environment/library_path.dsv
[1.712s] -- Up-to-date symlink: /home/shrek/shrek_ws/install/gazebo_ros2_control/include/gazebo_ros2_control/gazebo_ros2_control_plugin.hpp
[1.712s] -- Up-to-date symlink: /home/shrek/shrek_ws/install/gazebo_ros2_control/include/gazebo_ros2_control/gazebo_system.hpp
[1.713s] -- Up-to-date symlink: /home/shrek/shrek_ws/install/gazebo_ros2_control/include/gazebo_ros2_control/gazebo_system_interface.hpp
[1.713s] -- Up-to-date symlink: /home/shrek/shrek_ws/install/gazebo_ros2_control/share/gazebo_ros2_control//gazebo_hardware_plugins.xml
[1.714s] -- Up-to-date symlink: /home/shrek/shrek_ws/install/gazebo_ros2_control/share/ament_index/resource_index/package_run_dependencies/gazebo_ros2_control
[1.714s] -- Up-to-date symlink: /home/shrek/shrek_ws/install/gazebo_ros2_control/share/ament_index/resource_index/parent_prefix_path/gazebo_ros2_control
[1.715s] -- Up-to-date symlink: /home/shrek/shrek_ws/install/gazebo_ros2_control/share/gazebo_ros2_control/environment/ament_prefix_path.sh
[1.715s] -- Up-to-date symlink: /home/shrek/shrek_ws/install/gazebo_ros2_control/share/gazebo_ros2_control/environment/ament_prefix_path.dsv
[1.716s] -- Up-to-date symlink: /home/shrek/shrek_ws/install/gazebo_ros2_control/share/gazebo_ros2_control/environment/path.sh
[1.716s] -- Up-to-date symlink: /home/shrek/shrek_ws/install/gazebo_ros2_control/share/gazebo_ros2_control/environment/path.dsv
[1.717s] -- Up-to-date symlink: /home/shrek/shrek_ws/install/gazebo_ros2_control/share/gazebo_ros2_control/local_setup.bash
[1.717s] -- Up-to-date symlink: /home/shrek/shrek_ws/install/gazebo_ros2_control/share/gazebo_ros2_control/local_setup.sh
[1.718s] -- Up-to-date symlink: /home/shrek/shrek_ws/install/gazebo_ros2_control/share/gazebo_ros2_control/local_setup.zsh
[1.718s] -- Up-to-date symlink: /home/shrek/shrek_ws/install/gazebo_ros2_control/share/gazebo_ros2_control/local_setup.dsv
[1.719s] -- Symlinking: /home/shrek/shrek_ws/install/gazebo_ros2_control/share/gazebo_ros2_control/package.dsv
[1.731s] -- Up-to-date symlink: /home/shrek/shrek_ws/install/gazebo_ros2_control/share/ament_index/resource_index/packages/gazebo_ros2_control
[1.731s] -- Up-to-date symlink: /home/shrek/shrek_ws/install/gazebo_ros2_control/share/ament_index/resource_index/gazebo_ros2_control__pluginlib__plugin/gazebo_ros2_control
[1.731s] -- Up-to-date symlink: /home/shrek/shrek_ws/install/gazebo_ros2_control/share/gazebo_ros2_control/cmake/ament_cmake_export_include_directories-extras.cmake
[1.732s] -- Up-to-date symlink: /home/shrek/shrek_ws/install/gazebo_ros2_control/share/gazebo_ros2_control/cmake/ament_cmake_export_dependencies-extras.cmake
[1.732s] -- Up-to-date symlink: /home/shrek/shrek_ws/install/gazebo_ros2_control/share/gazebo_ros2_control/cmake/ament_cmake_export_libraries-extras.cmake
[1.733s] -- Up-to-date symlink: /home/shrek/shrek_ws/install/gazebo_ros2_control/share/gazebo_ros2_control/cmake/gazebo_ros2_controlConfig.cmake
[1.733s] -- Up-to-date symlink: /home/shrek/shrek_ws/install/gazebo_ros2_control/share/gazebo_ros2_control/cmake/gazebo_ros2_controlConfig-version.cmake
[1.733s] -- Up-to-date symlink: /home/shrek/shrek_ws/install/gazebo_ros2_control/share/gazebo_ros2_control/package.xml
[1.741s] Invoked command in '/home/shrek/shrek_ws/build/gazebo_ros2_control' returned '0': CMAKE_PREFIX_PATH=${CMAKE_PREFIX_PATH}:/opt/ros/foxy /usr/bin/cmake --install /home/shrek/shrek_ws/build/gazebo_ros2_control
