[0.114s] DEBUG:colcon:Command line arguments: ['/usr/bin/colcon', 'build', '--symlink-install']
[0.114s] DEBUG:colcon:Parsed command line arguments: Namespace(allow_overriding=[], ament_cmake_args=None, base_paths=['.'], build_base='build', catkin_cmake_args=None, catkin_skip_building_tests=False, cmake_args=None, cmake_clean_cache=False, cmake_clean_first=False, cmake_force_configure=False, cmake_target=None, cmake_target_skip_unavailable=False, continue_on_error=False, event_handlers=None, executor='parallel', ignore_user_meta=False, install_base='install', log_base=None, log_level=None, main=<bound method BuildVerb.main of <colcon_core.verb.build.BuildVerb object at 0x7f38f1531b20>>, merge_install=False, metas=['./colcon.meta'], packages_above=None, packages_above_and_dependencies=None, packages_above_depth=None, packages_end=None, packages_ignore=None, packages_ignore_regex=None, packages_select=None, packages_select_build_failed=False, packages_select_by_dep=None, packages_select_regex=None, packages_select_test_failures=False, packages_skip=None, packages_skip_build_finished=False, packages_skip_by_dep=None, packages_skip_regex=None, packages_skip_test_passed=False, packages_skip_up_to=None, packages_start=None, packages_up_to=None, packages_up_to_regex=None, parallel_workers=8, paths=None, symlink_install=True, test_result_base=None, verb_extension=<colcon_core.verb.build.BuildVerb object at 0x7f38f1531b20>, verb_name='build', verb_parser=<colcon_defaults.argument_parser.defaults.DefaultArgumentsDecorator object at 0x7f38f153b0d0>)
[0.131s] Level 1:colcon.colcon_core.package_discovery:discover_packages(colcon_meta) check parameters
[0.132s] Level 1:colcon.colcon_core.package_discovery:discover_packages(recursive) check parameters
[0.132s] Level 1:colcon.colcon_core.package_discovery:discover_packages(ignore) check parameters
[0.132s] Level 1:colcon.colcon_core.package_discovery:discover_packages(path) check parameters
[0.132s] Level 1:colcon.colcon_core.package_discovery:discover_packages(colcon_meta) discover
[0.132s] Level 1:colcon.colcon_core.package_discovery:discover_packages(recursive) discover
[0.132s] INFO:colcon.colcon_core.package_discovery:Crawling recursively for packages in '/home/shrek/shrek_ws'
[0.132s] Level 1:colcon.colcon_core.package_identification:_identify(.) by extensions ['ignore', 'ignore_ament_install']
[0.132s] Level 1:colcon.colcon_core.package_identification:_identify(.) by extension 'ignore'
[0.132s] Level 1:colcon.colcon_core.package_identification:_identify(.) by extension 'ignore_ament_install'
[0.132s] Level 1:colcon.colcon_core.package_identification:_identify(.) by extensions ['colcon_pkg']
[0.132s] Level 1:colcon.colcon_core.package_identification:_identify(.) by extension 'colcon_pkg'
[0.132s] Level 1:colcon.colcon_core.package_identification:_identify(.) by extensions ['colcon_meta']
[0.132s] Level 1:colcon.colcon_core.package_identification:_identify(.) by extension 'colcon_meta'
[0.132s] Level 1:colcon.colcon_core.package_identification:_identify(.) by extensions ['ros']
[0.132s] Level 1:colcon.colcon_core.package_identification:_identify(.) by extension 'ros'
[0.140s] Level 1:colcon.colcon_core.package_identification:_identify(.) by extensions ['cmake', 'python']
[0.140s] Level 1:colcon.colcon_core.package_identification:_identify(.) by extension 'cmake'
[0.140s] Level 1:colcon.colcon_core.package_identification:_identify(.) by extension 'python'
[0.140s] Level 1:colcon.colcon_core.package_identification:_identify(.) by extensions ['python_setup_py']
[0.140s] Level 1:colcon.colcon_core.package_identification:_identify(.) by extension 'python_setup_py'
[0.140s] Level 1:colcon.colcon_core.package_identification:_identify(build) by extensions ['ignore', 'ignore_ament_install']
[0.140s] Level 1:colcon.colcon_core.package_identification:_identify(build) by extension 'ignore'
[0.140s] Level 1:colcon.colcon_core.package_identification:_identify(build) ignored
[0.141s] Level 1:colcon.colcon_core.package_identification:_identify(install) by extensions ['ignore', 'ignore_ament_install']
[0.141s] Level 1:colcon.colcon_core.package_identification:_identify(install) by extension 'ignore'
[0.141s] Level 1:colcon.colcon_core.package_identification:_identify(install) ignored
[0.141s] Level 1:colcon.colcon_core.package_identification:_identify(log) by extensions ['ignore', 'ignore_ament_install']
[0.141s] Level 1:colcon.colcon_core.package_identification:_identify(log) by extension 'ignore'
[0.141s] Level 1:colcon.colcon_core.package_identification:_identify(log) ignored
[0.141s] Level 1:colcon.colcon_core.package_identification:_identify(src) by extensions ['ignore', 'ignore_ament_install']
[0.141s] Level 1:colcon.colcon_core.package_identification:_identify(src) by extension 'ignore'
[0.141s] Level 1:colcon.colcon_core.package_identification:_identify(src) by extension 'ignore_ament_install'
[0.141s] Level 1:colcon.colcon_core.package_identification:_identify(src) by extensions ['colcon_pkg']
[0.141s] Level 1:colcon.colcon_core.package_identification:_identify(src) by extension 'colcon_pkg'
[0.141s] Level 1:colcon.colcon_core.package_identification:_identify(src) by extensions ['colcon_meta']
[0.141s] Level 1:colcon.colcon_core.package_identification:_identify(src) by extension 'colcon_meta'
[0.141s] Level 1:colcon.colcon_core.package_identification:_identify(src) by extensions ['ros']
[0.141s] Level 1:colcon.colcon_core.package_identification:_identify(src) by extension 'ros'
[0.141s] Level 1:colcon.colcon_core.package_identification:_identify(src) by extensions ['cmake', 'python']
[0.141s] Level 1:colcon.colcon_core.package_identification:_identify(src) by extension 'cmake'
[0.141s] Level 1:colcon.colcon_core.package_identification:_identify(src) by extension 'python'
[0.141s] Level 1:colcon.colcon_core.package_identification:_identify(src) by extensions ['python_setup_py']
[0.141s] Level 1:colcon.colcon_core.package_identification:_identify(src) by extension 'python_setup_py'
[0.141s] Level 1:colcon.colcon_core.package_identification:_identify(src/diffdrive_arduino) by extensions ['ignore', 'ignore_ament_install']
[0.142s] Level 1:colcon.colcon_core.package_identification:_identify(src/diffdrive_arduino) by extension 'ignore'
[0.142s] Level 1:colcon.colcon_core.package_identification:_identify(src/diffdrive_arduino) by extension 'ignore_ament_install'
[0.142s] Level 1:colcon.colcon_core.package_identification:_identify(src/diffdrive_arduino) by extensions ['colcon_pkg']
[0.142s] Level 1:colcon.colcon_core.package_identification:_identify(src/diffdrive_arduino) by extension 'colcon_pkg'
[0.142s] Level 1:colcon.colcon_core.package_identification:_identify(src/diffdrive_arduino) by extensions ['colcon_meta']
[0.142s] Level 1:colcon.colcon_core.package_identification:_identify(src/diffdrive_arduino) by extension 'colcon_meta'
[0.142s] Level 1:colcon.colcon_core.package_identification:_identify(src/diffdrive_arduino) by extensions ['ros']
[0.142s] Level 1:colcon.colcon_core.package_identification:_identify(src/diffdrive_arduino) by extension 'ros'
[0.144s] DEBUG:colcon.colcon_core.package_identification:Package 'src/diffdrive_arduino' with type 'ros.ament_cmake' and name 'diffdrive_arduino'
[0.144s] Level 1:colcon.colcon_core.package_identification:_identify(src/gazebo_ros2_control) by extensions ['ignore', 'ignore_ament_install']
[0.144s] Level 1:colcon.colcon_core.package_identification:_identify(src/gazebo_ros2_control) by extension 'ignore'
[0.144s] Level 1:colcon.colcon_core.package_identification:_identify(src/gazebo_ros2_control) by extension 'ignore_ament_install'
[0.144s] Level 1:colcon.colcon_core.package_identification:_identify(src/gazebo_ros2_control) by extensions ['colcon_pkg']
[0.144s] Level 1:colcon.colcon_core.package_identification:_identify(src/gazebo_ros2_control) by extension 'colcon_pkg'
[0.144s] Level 1:colcon.colcon_core.package_identification:_identify(src/gazebo_ros2_control) by extensions ['colcon_meta']
[0.144s] Level 1:colcon.colcon_core.package_identification:_identify(src/gazebo_ros2_control) by extension 'colcon_meta'
[0.144s] Level 1:colcon.colcon_core.package_identification:_identify(src/gazebo_ros2_control) by extensions ['ros']
[0.144s] Level 1:colcon.colcon_core.package_identification:_identify(src/gazebo_ros2_control) by extension 'ros'
[0.144s] Level 1:colcon.colcon_core.package_identification:_identify(src/gazebo_ros2_control) by extensions ['cmake', 'python']
[0.144s] Level 1:colcon.colcon_core.package_identification:_identify(src/gazebo_ros2_control) by extension 'cmake'
[0.144s] Level 1:colcon.colcon_core.package_identification:_identify(src/gazebo_ros2_control) by extension 'python'
[0.144s] Level 1:colcon.colcon_core.package_identification:_identify(src/gazebo_ros2_control) by extensions ['python_setup_py']
[0.144s] Level 1:colcon.colcon_core.package_identification:_identify(src/gazebo_ros2_control) by extension 'python_setup_py'
[0.145s] Level 1:colcon.colcon_core.package_identification:_identify(src/gazebo_ros2_control/Docker) by extensions ['ignore', 'ignore_ament_install']
[0.145s] Level 1:colcon.colcon_core.package_identification:_identify(src/gazebo_ros2_control/Docker) by extension 'ignore'
[0.145s] Level 1:colcon.colcon_core.package_identification:_identify(src/gazebo_ros2_control/Docker) by extension 'ignore_ament_install'
[0.145s] Level 1:colcon.colcon_core.package_identification:_identify(src/gazebo_ros2_control/Docker) by extensions ['colcon_pkg']
[0.145s] Level 1:colcon.colcon_core.package_identification:_identify(src/gazebo_ros2_control/Docker) by extension 'colcon_pkg'
[0.145s] Level 1:colcon.colcon_core.package_identification:_identify(src/gazebo_ros2_control/Docker) by extensions ['colcon_meta']
[0.145s] Level 1:colcon.colcon_core.package_identification:_identify(src/gazebo_ros2_control/Docker) by extension 'colcon_meta'
[0.145s] Level 1:colcon.colcon_core.package_identification:_identify(src/gazebo_ros2_control/Docker) by extensions ['ros']
[0.145s] Level 1:colcon.colcon_core.package_identification:_identify(src/gazebo_ros2_control/Docker) by extension 'ros'
[0.145s] Level 1:colcon.colcon_core.package_identification:_identify(src/gazebo_ros2_control/Docker) by extensions ['cmake', 'python']
[0.145s] Level 1:colcon.colcon_core.package_identification:_identify(src/gazebo_ros2_control/Docker) by extension 'cmake'
[0.145s] Level 1:colcon.colcon_core.package_identification:_identify(src/gazebo_ros2_control/Docker) by extension 'python'
[0.145s] Level 1:colcon.colcon_core.package_identification:_identify(src/gazebo_ros2_control/Docker) by extensions ['python_setup_py']
[0.145s] Level 1:colcon.colcon_core.package_identification:_identify(src/gazebo_ros2_control/Docker) by extension 'python_setup_py'
[0.145s] Level 1:colcon.colcon_core.package_identification:_identify(src/gazebo_ros2_control/gazebo_ros2_control) by extensions ['ignore', 'ignore_ament_install']
[0.145s] Level 1:colcon.colcon_core.package_identification:_identify(src/gazebo_ros2_control/gazebo_ros2_control) by extension 'ignore'
[0.145s] Level 1:colcon.colcon_core.package_identification:_identify(src/gazebo_ros2_control/gazebo_ros2_control) by extension 'ignore_ament_install'
[0.145s] Level 1:colcon.colcon_core.package_identification:_identify(src/gazebo_ros2_control/gazebo_ros2_control) by extensions ['colcon_pkg']
[0.145s] Level 1:colcon.colcon_core.package_identification:_identify(src/gazebo_ros2_control/gazebo_ros2_control) by extension 'colcon_pkg'
[0.145s] Level 1:colcon.colcon_core.package_identification:_identify(src/gazebo_ros2_control/gazebo_ros2_control) by extensions ['colcon_meta']
[0.145s] Level 1:colcon.colcon_core.package_identification:_identify(src/gazebo_ros2_control/gazebo_ros2_control) by extension 'colcon_meta'
[0.145s] Level 1:colcon.colcon_core.package_identification:_identify(src/gazebo_ros2_control/gazebo_ros2_control) by extensions ['ros']
[0.145s] Level 1:colcon.colcon_core.package_identification:_identify(src/gazebo_ros2_control/gazebo_ros2_control) by extension 'ros'
[0.146s] DEBUG:colcon.colcon_core.package_identification:Package 'src/gazebo_ros2_control/gazebo_ros2_control' with type 'ros.ament_cmake' and name 'gazebo_ros2_control'
[0.146s] Level 1:colcon.colcon_core.package_identification:_identify(src/gazebo_ros2_control/gazebo_ros2_control_demos) by extensions ['ignore', 'ignore_ament_install']
[0.147s] Level 1:colcon.colcon_core.package_identification:_identify(src/gazebo_ros2_control/gazebo_ros2_control_demos) by extension 'ignore'
[0.147s] Level 1:colcon.colcon_core.package_identification:_identify(src/gazebo_ros2_control/gazebo_ros2_control_demos) by extension 'ignore_ament_install'
[0.147s] Level 1:colcon.colcon_core.package_identification:_identify(src/gazebo_ros2_control/gazebo_ros2_control_demos) by extensions ['colcon_pkg']
[0.147s] Level 1:colcon.colcon_core.package_identification:_identify(src/gazebo_ros2_control/gazebo_ros2_control_demos) by extension 'colcon_pkg'
[0.147s] Level 1:colcon.colcon_core.package_identification:_identify(src/gazebo_ros2_control/gazebo_ros2_control_demos) by extensions ['colcon_meta']
[0.147s] Level 1:colcon.colcon_core.package_identification:_identify(src/gazebo_ros2_control/gazebo_ros2_control_demos) by extension 'colcon_meta'
[0.147s] Level 1:colcon.colcon_core.package_identification:_identify(src/gazebo_ros2_control/gazebo_ros2_control_demos) by extensions ['ros']
[0.147s] Level 1:colcon.colcon_core.package_identification:_identify(src/gazebo_ros2_control/gazebo_ros2_control_demos) by extension 'ros'
[0.148s] DEBUG:colcon.colcon_core.package_identification:Package 'src/gazebo_ros2_control/gazebo_ros2_control_demos' with type 'ros.ament_cmake' and name 'gazebo_ros2_control_demos'
[0.148s] Level 1:colcon.colcon_core.package_identification:_identify(src/gazebo_ros2_control/img) by extensions ['ignore', 'ignore_ament_install']
[0.148s] Level 1:colcon.colcon_core.package_identification:_identify(src/gazebo_ros2_control/img) by extension 'ignore'
[0.148s] Level 1:colcon.colcon_core.package_identification:_identify(src/gazebo_ros2_control/img) by extension 'ignore_ament_install'
[0.148s] Level 1:colcon.colcon_core.package_identification:_identify(src/gazebo_ros2_control/img) by extensions ['colcon_pkg']
[0.148s] Level 1:colcon.colcon_core.package_identification:_identify(src/gazebo_ros2_control/img) by extension 'colcon_pkg'
[0.148s] Level 1:colcon.colcon_core.package_identification:_identify(src/gazebo_ros2_control/img) by extensions ['colcon_meta']
[0.148s] Level 1:colcon.colcon_core.package_identification:_identify(src/gazebo_ros2_control/img) by extension 'colcon_meta'
[0.148s] Level 1:colcon.colcon_core.package_identification:_identify(src/gazebo_ros2_control/img) by extensions ['ros']
[0.148s] Level 1:colcon.colcon_core.package_identification:_identify(src/gazebo_ros2_control/img) by extension 'ros'
[0.148s] Level 1:colcon.colcon_core.package_identification:_identify(src/gazebo_ros2_control/img) by extensions ['cmake', 'python']
[0.148s] Level 1:colcon.colcon_core.package_identification:_identify(src/gazebo_ros2_control/img) by extension 'cmake'
[0.149s] Level 1:colcon.colcon_core.package_identification:_identify(src/gazebo_ros2_control/img) by extension 'python'
[0.149s] Level 1:colcon.colcon_core.package_identification:_identify(src/gazebo_ros2_control/img) by extensions ['python_setup_py']
[0.149s] Level 1:colcon.colcon_core.package_identification:_identify(src/gazebo_ros2_control/img) by extension 'python_setup_py'
[0.149s] Level 1:colcon.colcon_core.package_identification:_identify(src/goalxy) by extensions ['ignore', 'ignore_ament_install']
[0.149s] Level 1:colcon.colcon_core.package_identification:_identify(src/goalxy) by extension 'ignore'
[0.149s] Level 1:colcon.colcon_core.package_identification:_identify(src/goalxy) by extension 'ignore_ament_install'
[0.149s] Level 1:colcon.colcon_core.package_identification:_identify(src/goalxy) by extensions ['colcon_pkg']
[0.149s] Level 1:colcon.colcon_core.package_identification:_identify(src/goalxy) by extension 'colcon_pkg'
[0.149s] Level 1:colcon.colcon_core.package_identification:_identify(src/goalxy) by extensions ['colcon_meta']
[0.149s] Level 1:colcon.colcon_core.package_identification:_identify(src/goalxy) by extension 'colcon_meta'
[0.149s] Level 1:colcon.colcon_core.package_identification:_identify(src/goalxy) by extensions ['ros']
[0.149s] Level 1:colcon.colcon_core.package_identification:_identify(src/goalxy) by extension 'ros'
[0.149s] DEBUG:colcon.colcon_core.package_identification:Package 'src/goalxy' with type 'ros.ament_cmake' and name 'goalxy'
[0.149s] Level 1:colcon.colcon_core.package_identification:_identify(src/my_bot) by extensions ['ignore', 'ignore_ament_install']
[0.149s] Level 1:colcon.colcon_core.package_identification:_identify(src/my_bot) by extension 'ignore'
[0.149s] Level 1:colcon.colcon_core.package_identification:_identify(src/my_bot) by extension 'ignore_ament_install'
[0.149s] Level 1:colcon.colcon_core.package_identification:_identify(src/my_bot) by extensions ['colcon_pkg']
[0.150s] Level 1:colcon.colcon_core.package_identification:_identify(src/my_bot) by extension 'colcon_pkg'
[0.150s] Level 1:colcon.colcon_core.package_identification:_identify(src/my_bot) by extensions ['colcon_meta']
[0.150s] Level 1:colcon.colcon_core.package_identification:_identify(src/my_bot) by extension 'colcon_meta'
[0.150s] Level 1:colcon.colcon_core.package_identification:_identify(src/my_bot) by extensions ['ros']
[0.150s] Level 1:colcon.colcon_core.package_identification:_identify(src/my_bot) by extension 'ros'
[0.150s] DEBUG:colcon.colcon_core.package_identification:Package 'src/my_bot' with type 'ros.ament_cmake' and name 'my_bot'
[0.150s] Level 1:colcon.colcon_core.package_identification:_identify(src/serial) by extensions ['ignore', 'ignore_ament_install']
[0.150s] Level 1:colcon.colcon_core.package_identification:_identify(src/serial) by extension 'ignore'
[0.150s] Level 1:colcon.colcon_core.package_identification:_identify(src/serial) by extension 'ignore_ament_install'
[0.150s] Level 1:colcon.colcon_core.package_identification:_identify(src/serial) by extensions ['colcon_pkg']
[0.150s] Level 1:colcon.colcon_core.package_identification:_identify(src/serial) by extension 'colcon_pkg'
[0.150s] Level 1:colcon.colcon_core.package_identification:_identify(src/serial) by extensions ['colcon_meta']
[0.150s] Level 1:colcon.colcon_core.package_identification:_identify(src/serial) by extension 'colcon_meta'
[0.150s] Level 1:colcon.colcon_core.package_identification:_identify(src/serial) by extensions ['ros']
[0.150s] Level 1:colcon.colcon_core.package_identification:_identify(src/serial) by extension 'ros'
[0.151s] DEBUG:colcon.colcon_core.package_identification:Package 'src/serial' with type 'ros.ament_cmake' and name 'serial'
[0.151s] Level 1:colcon.colcon_core.package_identification:_identify(src/to_place) by extensions ['ignore', 'ignore_ament_install']
[0.151s] Level 1:colcon.colcon_core.package_identification:_identify(src/to_place) by extension 'ignore'
[0.151s] Level 1:colcon.colcon_core.package_identification:_identify(src/to_place) by extension 'ignore_ament_install'
[0.151s] Level 1:colcon.colcon_core.package_identification:_identify(src/to_place) by extensions ['colcon_pkg']
[0.151s] Level 1:colcon.colcon_core.package_identification:_identify(src/to_place) by extension 'colcon_pkg'
[0.151s] Level 1:colcon.colcon_core.package_identification:_identify(src/to_place) by extensions ['colcon_meta']
[0.151s] Level 1:colcon.colcon_core.package_identification:_identify(src/to_place) by extension 'colcon_meta'
[0.151s] Level 1:colcon.colcon_core.package_identification:_identify(src/to_place) by extensions ['ros']
[0.151s] Level 1:colcon.colcon_core.package_identification:_identify(src/to_place) by extension 'ros'
[0.164s] DEBUG:colcon.colcon_core.package_identification:Package 'src/to_place' with type 'ros.ament_cmake' and name 'to_place'
[0.164s] Level 1:colcon.colcon_core.package_discovery:discover_packages(recursive) using defaults
[0.164s] Level 1:colcon.colcon_core.package_discovery:discover_packages(ignore) discover
[0.164s] Level 1:colcon.colcon_core.package_discovery:discover_packages(ignore) using defaults
[0.164s] Level 1:colcon.colcon_core.package_discovery:discover_packages(path) discover
[0.164s] Level 1:colcon.colcon_core.package_discovery:discover_packages(path) using defaults
[0.183s] Level 1:colcon.colcon_core.package_discovery:discover_packages(prefix_path) check parameters
[0.183s] Level 1:colcon.colcon_core.package_discovery:discover_packages(prefix_path) discover
[0.185s] DEBUG:colcon.colcon_installed_package_information.package_discovery:Found 8 installed packages in /home/shrek/shrek_ws/install
[0.186s] DEBUG:colcon.colcon_installed_package_information.package_discovery:Found 288 installed packages in /opt/ros/foxy
[0.188s] Level 1:colcon.colcon_core.package_discovery:discover_packages(prefix_path) using defaults
[0.239s] Level 5:colcon.colcon_core.verb:set package 'gazebo_ros2_control' build argument 'cmake_args' from command line to 'None'
[0.239s] Level 5:colcon.colcon_core.verb:set package 'gazebo_ros2_control' build argument 'cmake_target' from command line to 'None'
[0.240s] Level 5:colcon.colcon_core.verb:set package 'gazebo_ros2_control' build argument 'cmake_target_skip_unavailable' from command line to 'False'
[0.240s] Level 5:colcon.colcon_core.verb:set package 'gazebo_ros2_control' build argument 'cmake_clean_cache' from command line to 'False'
[0.240s] Level 5:colcon.colcon_core.verb:set package 'gazebo_ros2_control' build argument 'cmake_clean_first' from command line to 'False'
[0.240s] Level 5:colcon.colcon_core.verb:set package 'gazebo_ros2_control' build argument 'cmake_force_configure' from command line to 'False'
[0.240s] Level 5:colcon.colcon_core.verb:set package 'gazebo_ros2_control' build argument 'ament_cmake_args' from command line to 'None'
[0.240s] Level 5:colcon.colcon_core.verb:set package 'gazebo_ros2_control' build argument 'catkin_cmake_args' from command line to 'None'
[0.240s] Level 5:colcon.colcon_core.verb:set package 'gazebo_ros2_control' build argument 'catkin_skip_building_tests' from command line to 'False'
[0.240s] DEBUG:colcon.colcon_core.verb:Building package 'gazebo_ros2_control' with the following arguments: {'ament_cmake_args': None, 'build_base': '/home/shrek/shrek_ws/build/gazebo_ros2_control', 'catkin_cmake_args': None, 'catkin_skip_building_tests': False, 'cmake_args': None, 'cmake_clean_cache': False, 'cmake_clean_first': False, 'cmake_force_configure': False, 'cmake_target': None, 'cmake_target_skip_unavailable': False, 'install_base': '/home/shrek/shrek_ws/install/gazebo_ros2_control', 'merge_install': False, 'path': '/home/shrek/shrek_ws/src/gazebo_ros2_control/gazebo_ros2_control', 'symlink_install': True, 'test_result_base': None}
[0.240s] Level 5:colcon.colcon_core.verb:set package 'goalxy' build argument 'cmake_args' from command line to 'None'
[0.241s] Level 5:colcon.colcon_core.verb:set package 'goalxy' build argument 'cmake_target' from command line to 'None'
[0.241s] Level 5:colcon.colcon_core.verb:set package 'goalxy' build argument 'cmake_target_skip_unavailable' from command line to 'False'
[0.241s] Level 5:colcon.colcon_core.verb:set package 'goalxy' build argument 'cmake_clean_cache' from command line to 'False'
[0.241s] Level 5:colcon.colcon_core.verb:set package 'goalxy' build argument 'cmake_clean_first' from command line to 'False'
[0.241s] Level 5:colcon.colcon_core.verb:set package 'goalxy' build argument 'cmake_force_configure' from command line to 'False'
[0.241s] Level 5:colcon.colcon_core.verb:set package 'goalxy' build argument 'ament_cmake_args' from command line to 'None'
[0.241s] Level 5:colcon.colcon_core.verb:set package 'goalxy' build argument 'catkin_cmake_args' from command line to 'None'
[0.241s] Level 5:colcon.colcon_core.verb:set package 'goalxy' build argument 'catkin_skip_building_tests' from command line to 'False'
[0.241s] DEBUG:colcon.colcon_core.verb:Building package 'goalxy' with the following arguments: {'ament_cmake_args': None, 'build_base': '/home/shrek/shrek_ws/build/goalxy', 'catkin_cmake_args': None, 'catkin_skip_building_tests': False, 'cmake_args': None, 'cmake_clean_cache': False, 'cmake_clean_first': False, 'cmake_force_configure': False, 'cmake_target': None, 'cmake_target_skip_unavailable': False, 'install_base': '/home/shrek/shrek_ws/install/goalxy', 'merge_install': False, 'path': '/home/shrek/shrek_ws/src/goalxy', 'symlink_install': True, 'test_result_base': None}
[0.245s] Level 5:colcon.colcon_core.verb:set package 'my_bot' build argument 'cmake_args' from command line to 'None'
[0.245s] Level 5:colcon.colcon_core.verb:set package 'my_bot' build argument 'cmake_target' from command line to 'None'
[0.245s] Level 5:colcon.colcon_core.verb:set package 'my_bot' build argument 'cmake_target_skip_unavailable' from command line to 'False'
[0.245s] Level 5:colcon.colcon_core.verb:set package 'my_bot' build argument 'cmake_clean_cache' from command line to 'False'
[0.245s] Level 5:colcon.colcon_core.verb:set package 'my_bot' build argument 'cmake_clean_first' from command line to 'False'
[0.245s] Level 5:colcon.colcon_core.verb:set package 'my_bot' build argument 'cmake_force_configure' from command line to 'False'
[0.245s] Level 5:colcon.colcon_core.verb:set package 'my_bot' build argument 'ament_cmake_args' from command line to 'None'
[0.245s] Level 5:colcon.colcon_core.verb:set package 'my_bot' build argument 'catkin_cmake_args' from command line to 'None'
[0.245s] Level 5:colcon.colcon_core.verb:set package 'my_bot' build argument 'catkin_skip_building_tests' from command line to 'False'
[0.245s] DEBUG:colcon.colcon_core.verb:Building package 'my_bot' with the following arguments: {'ament_cmake_args': None, 'build_base': '/home/shrek/shrek_ws/build/my_bot', 'catkin_cmake_args': None, 'catkin_skip_building_tests': False, 'cmake_args': None, 'cmake_clean_cache': False, 'cmake_clean_first': False, 'cmake_force_configure': False, 'cmake_target': None, 'cmake_target_skip_unavailable': False, 'install_base': '/home/shrek/shrek_ws/install/my_bot', 'merge_install': False, 'path': '/home/shrek/shrek_ws/src/my_bot', 'symlink_install': True, 'test_result_base': None}
[0.246s] Level 5:colcon.colcon_core.verb:set package 'serial' build argument 'cmake_args' from command line to 'None'
[0.246s] Level 5:colcon.colcon_core.verb:set package 'serial' build argument 'cmake_target' from command line to 'None'
[0.246s] Level 5:colcon.colcon_core.verb:set package 'serial' build argument 'cmake_target_skip_unavailable' from command line to 'False'
[0.246s] Level 5:colcon.colcon_core.verb:set package 'serial' build argument 'cmake_clean_cache' from command line to 'False'
[0.246s] Level 5:colcon.colcon_core.verb:set package 'serial' build argument 'cmake_clean_first' from command line to 'False'
[0.246s] Level 5:colcon.colcon_core.verb:set package 'serial' build argument 'cmake_force_configure' from command line to 'False'
[0.246s] Level 5:colcon.colcon_core.verb:set package 'serial' build argument 'ament_cmake_args' from command line to 'None'
[0.246s] Level 5:colcon.colcon_core.verb:set package 'serial' build argument 'catkin_cmake_args' from command line to 'None'
[0.246s] Level 5:colcon.colcon_core.verb:set package 'serial' build argument 'catkin_skip_building_tests' from command line to 'False'
[0.246s] DEBUG:colcon.colcon_core.verb:Building package 'serial' with the following arguments: {'ament_cmake_args': None, 'build_base': '/home/shrek/shrek_ws/build/serial', 'catkin_cmake_args': None, 'catkin_skip_building_tests': False, 'cmake_args': None, 'cmake_clean_cache': False, 'cmake_clean_first': False, 'cmake_force_configure': False, 'cmake_target': None, 'cmake_target_skip_unavailable': False, 'install_base': '/home/shrek/shrek_ws/install/serial', 'merge_install': False, 'path': '/home/shrek/shrek_ws/src/serial', 'symlink_install': True, 'test_result_base': None}
[0.247s] Level 5:colcon.colcon_core.verb:set package 'to_place' build argument 'cmake_args' from command line to 'None'
[0.247s] Level 5:colcon.colcon_core.verb:set package 'to_place' build argument 'cmake_target' from command line to 'None'
[0.247s] Level 5:colcon.colcon_core.verb:set package 'to_place' build argument 'cmake_target_skip_unavailable' from command line to 'False'
[0.247s] Level 5:colcon.colcon_core.verb:set package 'to_place' build argument 'cmake_clean_cache' from command line to 'False'
[0.247s] Level 5:colcon.colcon_core.verb:set package 'to_place' build argument 'cmake_clean_first' from command line to 'False'
[0.247s] Level 5:colcon.colcon_core.verb:set package 'to_place' build argument 'cmake_force_configure' from command line to 'False'
[0.247s] Level 5:colcon.colcon_core.verb:set package 'to_place' build argument 'ament_cmake_args' from command line to 'None'
[0.247s] Level 5:colcon.colcon_core.verb:set package 'to_place' build argument 'catkin_cmake_args' from command line to 'None'
[0.247s] Level 5:colcon.colcon_core.verb:set package 'to_place' build argument 'catkin_skip_building_tests' from command line to 'False'
[0.247s] DEBUG:colcon.colcon_core.verb:Building package 'to_place' with the following arguments: {'ament_cmake_args': None, 'build_base': '/home/shrek/shrek_ws/build/to_place', 'catkin_cmake_args': None, 'catkin_skip_building_tests': False, 'cmake_args': None, 'cmake_clean_cache': False, 'cmake_clean_first': False, 'cmake_force_configure': False, 'cmake_target': None, 'cmake_target_skip_unavailable': False, 'install_base': '/home/shrek/shrek_ws/install/to_place', 'merge_install': False, 'path': '/home/shrek/shrek_ws/src/to_place', 'symlink_install': True, 'test_result_base': None}
[0.248s] Level 5:colcon.colcon_core.verb:set package 'diffdrive_arduino' build argument 'cmake_args' from command line to 'None'
[0.248s] Level 5:colcon.colcon_core.verb:set package 'diffdrive_arduino' build argument 'cmake_target' from command line to 'None'
[0.248s] Level 5:colcon.colcon_core.verb:set package 'diffdrive_arduino' build argument 'cmake_target_skip_unavailable' from command line to 'False'
[0.248s] Level 5:colcon.colcon_core.verb:set package 'diffdrive_arduino' build argument 'cmake_clean_cache' from command line to 'False'
[0.248s] Level 5:colcon.colcon_core.verb:set package 'diffdrive_arduino' build argument 'cmake_clean_first' from command line to 'False'
[0.248s] Level 5:colcon.colcon_core.verb:set package 'diffdrive_arduino' build argument 'cmake_force_configure' from command line to 'False'
[0.248s] Level 5:colcon.colcon_core.verb:set package 'diffdrive_arduino' build argument 'ament_cmake_args' from command line to 'None'
[0.248s] Level 5:colcon.colcon_core.verb:set package 'diffdrive_arduino' build argument 'catkin_cmake_args' from command line to 'None'
[0.248s] Level 5:colcon.colcon_core.verb:set package 'diffdrive_arduino' build argument 'catkin_skip_building_tests' from command line to 'False'
[0.248s] DEBUG:colcon.colcon_core.verb:Building package 'diffdrive_arduino' with the following arguments: {'ament_cmake_args': None, 'build_base': '/home/shrek/shrek_ws/build/diffdrive_arduino', 'catkin_cmake_args': None, 'catkin_skip_building_tests': False, 'cmake_args': None, 'cmake_clean_cache': False, 'cmake_clean_first': False, 'cmake_force_configure': False, 'cmake_target': None, 'cmake_target_skip_unavailable': False, 'install_base': '/home/shrek/shrek_ws/install/diffdrive_arduino', 'merge_install': False, 'path': '/home/shrek/shrek_ws/src/diffdrive_arduino', 'symlink_install': True, 'test_result_base': None}
[0.248s] Level 5:colcon.colcon_core.verb:set package 'gazebo_ros2_control_demos' build argument 'cmake_args' from command line to 'None'
[0.248s] Level 5:colcon.colcon_core.verb:set package 'gazebo_ros2_control_demos' build argument 'cmake_target' from command line to 'None'
[0.249s] Level 5:colcon.colcon_core.verb:set package 'gazebo_ros2_control_demos' build argument 'cmake_target_skip_unavailable' from command line to 'False'
[0.249s] Level 5:colcon.colcon_core.verb:set package 'gazebo_ros2_control_demos' build argument 'cmake_clean_cache' from command line to 'False'
[0.249s] Level 5:colcon.colcon_core.verb:set package 'gazebo_ros2_control_demos' build argument 'cmake_clean_first' from command line to 'False'
[0.249s] Level 5:colcon.colcon_core.verb:set package 'gazebo_ros2_control_demos' build argument 'cmake_force_configure' from command line to 'False'
[0.249s] Level 5:colcon.colcon_core.verb:set package 'gazebo_ros2_control_demos' build argument 'ament_cmake_args' from command line to 'None'
[0.249s] Level 5:colcon.colcon_core.verb:set package 'gazebo_ros2_control_demos' build argument 'catkin_cmake_args' from command line to 'None'
[0.249s] Level 5:colcon.colcon_core.verb:set package 'gazebo_ros2_control_demos' build argument 'catkin_skip_building_tests' from command line to 'False'
[0.249s] DEBUG:colcon.colcon_core.verb:Building package 'gazebo_ros2_control_demos' with the following arguments: {'ament_cmake_args': None, 'build_base': '/home/shrek/shrek_ws/build/gazebo_ros2_control_demos', 'catkin_cmake_args': None, 'catkin_skip_building_tests': False, 'cmake_args': None, 'cmake_clean_cache': False, 'cmake_clean_first': False, 'cmake_force_configure': False, 'cmake_target': None, 'cmake_target_skip_unavailable': False, 'install_base': '/home/shrek/shrek_ws/install/gazebo_ros2_control_demos', 'merge_install': False, 'path': '/home/shrek/shrek_ws/src/gazebo_ros2_control/gazebo_ros2_control_demos', 'symlink_install': True, 'test_result_base': None}
[0.249s] INFO:colcon.colcon_core.executor:Executing jobs using 'parallel' executor
[0.252s] DEBUG:colcon.colcon_parallel_executor.executor.parallel:run_until_complete
[0.252s] INFO:colcon.colcon_ros.task.ament_cmake.build:Building ROS package in '/home/shrek/shrek_ws/src/gazebo_ros2_control/gazebo_ros2_control' with build type 'ament_cmake'
[0.252s] INFO:colcon.colcon_cmake.task.cmake.build:Building CMake package in '/home/shrek/shrek_ws/src/gazebo_ros2_control/gazebo_ros2_control'
[0.256s] INFO:colcon.colcon_core.plugin_system:Skipping extension 'colcon_core.shell.bat': Not used on non-Windows systems
[0.256s] INFO:colcon.colcon_core.shell:Skip shell extension 'powershell' for command environment: Not usable outside of PowerShell
[0.256s] DEBUG:colcon.colcon_core.shell:Skip shell extension 'dsv' for command environment
[0.261s] INFO:colcon.colcon_ros.task.ament_cmake.build:Building ROS package in '/home/shrek/shrek_ws/src/serial' with build type 'ament_cmake'
[0.261s] INFO:colcon.colcon_cmake.task.cmake.build:Building CMake package in '/home/shrek/shrek_ws/src/serial'
[0.262s] INFO:colcon.colcon_core.shell:Skip shell extension 'powershell' for command environment: Not usable outside of PowerShell
[0.262s] DEBUG:colcon.colcon_core.shell:Skip shell extension 'dsv' for command environment
[0.268s] INFO:colcon.colcon_ros.task.ament_cmake.build:Building ROS package in '/home/shrek/shrek_ws/src/goalxy' with build type 'ament_cmake'
[0.268s] INFO:colcon.colcon_cmake.task.cmake.build:Building CMake package in '/home/shrek/shrek_ws/src/goalxy'
[0.270s] INFO:colcon.colcon_core.shell:Skip shell extension 'powershell' for command environment: Not usable outside of PowerShell
[0.270s] DEBUG:colcon.colcon_core.shell:Skip shell extension 'dsv' for command environment
[0.277s] INFO:colcon.colcon_ros.task.ament_cmake.build:Building ROS package in '/home/shrek/shrek_ws/src/my_bot' with build type 'ament_cmake'
[0.278s] INFO:colcon.colcon_cmake.task.cmake.build:Building CMake package in '/home/shrek/shrek_ws/src/my_bot'
[0.279s] INFO:colcon.colcon_core.shell:Skip shell extension 'powershell' for command environment: Not usable outside of PowerShell
[0.280s] DEBUG:colcon.colcon_core.shell:Skip shell extension 'dsv' for command environment
[0.288s] INFO:colcon.colcon_ros.task.ament_cmake.build:Building ROS package in '/home/shrek/shrek_ws/src/to_place' with build type 'ament_cmake'
[0.289s] INFO:colcon.colcon_cmake.task.cmake.build:Building CMake package in '/home/shrek/shrek_ws/src/to_place'
[0.290s] INFO:colcon.colcon_core.shell:Skip shell extension 'powershell' for command environment: Not usable outside of PowerShell
[0.290s] DEBUG:colcon.colcon_core.shell:Skip shell extension 'dsv' for command environment
[0.303s] DEBUG:colcon.colcon_core.event_handler.log_command:Invoking command in '/home/shrek/shrek_ws/build/gazebo_ros2_control': CMAKE_PREFIX_PATH=${CMAKE_PREFIX_PATH}:/opt/ros/foxy /usr/bin/cmake --build /home/shrek/shrek_ws/build/gazebo_ros2_control -- -j8 -l8
[0.307s] DEBUG:colcon.colcon_core.event_handler.log_command:Invoking command in '/home/shrek/shrek_ws/build/serial': CMAKE_PREFIX_PATH=${CMAKE_PREFIX_PATH}:/opt/ros/foxy /usr/bin/cmake --build /home/shrek/shrek_ws/build/serial -- -j8 -l8
[0.313s] DEBUG:colcon.colcon_core.event_handler.log_command:Invoking command in '/home/shrek/shrek_ws/build/goalxy': CMAKE_PREFIX_PATH=${CMAKE_PREFIX_PATH}:/opt/ros/foxy /usr/bin/cmake --build /home/shrek/shrek_ws/build/goalxy -- -j8 -l8
[0.318s] DEBUG:colcon.colcon_core.event_handler.log_command:Invoking command in '/home/shrek/shrek_ws/build/my_bot': CMAKE_PREFIX_PATH=${CMAKE_PREFIX_PATH}:/opt/ros/foxy /usr/bin/cmake --build /home/shrek/shrek_ws/build/my_bot -- -j8 -l8
[0.323s] DEBUG:colcon.colcon_core.event_handler.log_command:Invoking command in '/home/shrek/shrek_ws/build/to_place': CMAKE_PREFIX_PATH=${CMAKE_PREFIX_PATH}:/opt/ros/foxy /usr/bin/cmake --build /home/shrek/shrek_ws/build/to_place -- -j8 -l8
[0.356s] DEBUG:colcon.colcon_core.event_handler.log_command:Invoked command in '/home/shrek/shrek_ws/build/my_bot' returned '0': CMAKE_PREFIX_PATH=${CMAKE_PREFIX_PATH}:/opt/ros/foxy /usr/bin/cmake --build /home/shrek/shrek_ws/build/my_bot -- -j8 -l8
[0.363s] DEBUG:colcon.colcon_core.event_handler.log_command:Invoked command in '/home/shrek/shrek_ws/build/goalxy' returned '0': CMAKE_PREFIX_PATH=${CMAKE_PREFIX_PATH}:/opt/ros/foxy /usr/bin/cmake --build /home/shrek/shrek_ws/build/goalxy -- -j8 -l8
[0.377s] DEBUG:colcon.colcon_core.event_handler.log_command:Invoked command in '/home/shrek/shrek_ws/build/to_place' returned '0': CMAKE_PREFIX_PATH=${CMAKE_PREFIX_PATH}:/opt/ros/foxy /usr/bin/cmake --build /home/shrek/shrek_ws/build/to_place -- -j8 -l8
[0.405s] DEBUG:colcon.colcon_core.event_handler.log_command:Invoking command in '/home/shrek/shrek_ws/build/my_bot': CMAKE_PREFIX_PATH=${CMAKE_PREFIX_PATH}:/opt/ros/foxy /usr/bin/cmake --install /home/shrek/shrek_ws/build/my_bot
[0.410s] DEBUG:colcon.colcon_core.event_handler.log_command:Invoking command in '/home/shrek/shrek_ws/build/goalxy': CMAKE_PREFIX_PATH=${CMAKE_PREFIX_PATH}:/opt/ros/foxy /usr/bin/cmake --install /home/shrek/shrek_ws/build/goalxy
[0.416s] DEBUG:colcon.colcon_core.event_handler.log_command:Invoking command in '/home/shrek/shrek_ws/build/to_place': CMAKE_PREFIX_PATH=${CMAKE_PREFIX_PATH}:/opt/ros/foxy /usr/bin/cmake --install /home/shrek/shrek_ws/build/to_place
[0.421s] DEBUG:colcon.colcon_core.event_handler.log_command:Invoked command in '/home/shrek/shrek_ws/build/serial' returned '0': CMAKE_PREFIX_PATH=${CMAKE_PREFIX_PATH}:/opt/ros/foxy /usr/bin/cmake --build /home/shrek/shrek_ws/build/serial -- -j8 -l8
[0.430s] DEBUG:colcon.colcon_core.event_handler.log_command:Invoked command in '/home/shrek/shrek_ws/build/gazebo_ros2_control' returned '0': CMAKE_PREFIX_PATH=${CMAKE_PREFIX_PATH}:/opt/ros/foxy /usr/bin/cmake --build /home/shrek/shrek_ws/build/gazebo_ros2_control -- -j8 -l8
[0.434s] Level 1:colcon.colcon_core.environment:create_environment_scripts_only(goalxy)
[0.435s] DEBUG:colcon.colcon_core.event_handler.log_command:Invoked command in '/home/shrek/shrek_ws/build/goalxy' returned '0': CMAKE_PREFIX_PATH=${CMAKE_PREFIX_PATH}:/opt/ros/foxy /usr/bin/cmake --install /home/shrek/shrek_ws/build/goalxy
[0.441s] Level 1:colcon.colcon_core.environment:checking '/home/shrek/shrek_ws/install/goalxy' for CMake module files
[0.442s] Level 1:colcon.colcon_core.environment:checking '/home/shrek/shrek_ws/install/goalxy' for CMake config files
[0.442s] Level 1:colcon.colcon_core.shell:create_environment_hook('goalxy', 'cmake_prefix_path')
[0.444s] INFO:colcon.colcon_core.shell:Creating environment hook '/home/shrek/shrek_ws/install/goalxy/share/goalxy/hook/cmake_prefix_path.ps1'
[0.444s] INFO:colcon.colcon_core.shell:Creating environment descriptor '/home/shrek/shrek_ws/install/goalxy/share/goalxy/hook/cmake_prefix_path.dsv'
[0.445s] INFO:colcon.colcon_core.shell:Creating environment hook '/home/shrek/shrek_ws/install/goalxy/share/goalxy/hook/cmake_prefix_path.sh'
[0.445s] Level 1:colcon.colcon_core.environment:checking '/home/shrek/shrek_ws/install/goalxy/lib'
[0.446s] Level 1:colcon.colcon_core.environment:checking '/home/shrek/shrek_ws/install/goalxy/bin'
[0.446s] Level 1:colcon.colcon_core.environment:checking '/home/shrek/shrek_ws/install/goalxy/lib/pkgconfig/goalxy.pc'
[0.446s] Level 1:colcon.colcon_core.environment:checking '/home/shrek/shrek_ws/install/goalxy/lib/python3.8/site-packages'
[0.446s] Level 1:colcon.colcon_core.environment:checking '/home/shrek/shrek_ws/install/goalxy/bin'
[0.447s] INFO:colcon.colcon_core.shell:Creating package script '/home/shrek/shrek_ws/install/goalxy/share/goalxy/package.ps1'
[0.448s] INFO:colcon.colcon_core.shell:Creating package descriptor '/home/shrek/shrek_ws/install/goalxy/share/goalxy/package.dsv'
[0.449s] INFO:colcon.colcon_core.shell:Creating package script '/home/shrek/shrek_ws/install/goalxy/share/goalxy/package.sh'
[0.449s] INFO:colcon.colcon_core.shell:Creating package script '/home/shrek/shrek_ws/install/goalxy/share/goalxy/package.bash'
[0.450s] INFO:colcon.colcon_core.shell:Creating package script '/home/shrek/shrek_ws/install/goalxy/share/goalxy/package.zsh'
[0.450s] Level 1:colcon.colcon_core.environment:create_file_with_runtime_dependencies(/home/shrek/shrek_ws/install/goalxy/share/colcon-core/packages/goalxy)
[0.453s] Level 1:colcon.colcon_core.environment:create_environment_scripts_only(my_bot)
[0.454s] DEBUG:colcon.colcon_core.event_handler.log_command:Invoked command in '/home/shrek/shrek_ws/build/my_bot' returned '0': CMAKE_PREFIX_PATH=${CMAKE_PREFIX_PATH}:/opt/ros/foxy /usr/bin/cmake --install /home/shrek/shrek_ws/build/my_bot
[0.455s] Level 1:colcon.colcon_core.environment:checking '/home/shrek/shrek_ws/install/my_bot' for CMake module files
[0.456s] Level 1:colcon.colcon_core.environment:checking '/home/shrek/shrek_ws/install/my_bot' for CMake config files
[0.456s] Level 1:colcon.colcon_core.shell:create_environment_hook('my_bot', 'cmake_prefix_path')
[0.457s] INFO:colcon.colcon_core.shell:Creating environment hook '/home/shrek/shrek_ws/install/my_bot/share/my_bot/hook/cmake_prefix_path.ps1'
[0.458s] INFO:colcon.colcon_core.shell:Creating environment descriptor '/home/shrek/shrek_ws/install/my_bot/share/my_bot/hook/cmake_prefix_path.dsv'
[0.458s] INFO:colcon.colcon_core.shell:Creating environment hook '/home/shrek/shrek_ws/install/my_bot/share/my_bot/hook/cmake_prefix_path.sh'
[0.458s] Level 1:colcon.colcon_core.environment:checking '/home/shrek/shrek_ws/install/my_bot/bin'
[0.458s] Level 1:colcon.colcon_core.environment:checking '/home/shrek/shrek_ws/install/my_bot/lib/pkgconfig/my_bot.pc'
[0.459s] Level 1:colcon.colcon_core.environment:checking '/home/shrek/shrek_ws/install/my_bot/lib/python3.8/site-packages'
[0.459s] Level 1:colcon.colcon_core.environment:checking '/home/shrek/shrek_ws/install/my_bot/bin'
[0.460s] INFO:colcon.colcon_core.shell:Creating package script '/home/shrek/shrek_ws/install/my_bot/share/my_bot/package.ps1'
[0.460s] INFO:colcon.colcon_core.shell:Creating package descriptor '/home/shrek/shrek_ws/install/my_bot/share/my_bot/package.dsv'
[0.461s] INFO:colcon.colcon_core.shell:Creating package script '/home/shrek/shrek_ws/install/my_bot/share/my_bot/package.sh'
[0.461s] INFO:colcon.colcon_core.shell:Creating package script '/home/shrek/shrek_ws/install/my_bot/share/my_bot/package.bash'
[0.461s] INFO:colcon.colcon_core.shell:Creating package script '/home/shrek/shrek_ws/install/my_bot/share/my_bot/package.zsh'
[0.462s] Level 1:colcon.colcon_core.environment:create_file_with_runtime_dependencies(/home/shrek/shrek_ws/install/my_bot/share/colcon-core/packages/my_bot)
[0.467s] DEBUG:colcon.colcon_core.event_handler.log_command:Invoking command in '/home/shrek/shrek_ws/build/serial': CMAKE_PREFIX_PATH=${CMAKE_PREFIX_PATH}:/opt/ros/foxy /usr/bin/cmake --install /home/shrek/shrek_ws/build/serial
[0.473s] DEBUG:colcon.colcon_core.event_handler.log_command:Invoking command in '/home/shrek/shrek_ws/build/gazebo_ros2_control': CMAKE_PREFIX_PATH=${CMAKE_PREFIX_PATH}:/opt/ros/foxy /usr/bin/cmake --install /home/shrek/shrek_ws/build/gazebo_ros2_control
[0.474s] Level 1:colcon.colcon_core.environment:create_environment_scripts_only(to_place)
[0.477s] Level 1:colcon.colcon_core.environment:checking '/home/shrek/shrek_ws/install/to_place' for CMake module files
[0.478s] DEBUG:colcon.colcon_core.event_handler.log_command:Invoked command in '/home/shrek/shrek_ws/build/to_place' returned '0': CMAKE_PREFIX_PATH=${CMAKE_PREFIX_PATH}:/opt/ros/foxy /usr/bin/cmake --install /home/shrek/shrek_ws/build/to_place
[0.482s] Level 1:colcon.colcon_core.environment:checking '/home/shrek/shrek_ws/install/to_place' for CMake config files
[0.482s] Level 1:colcon.colcon_core.shell:create_environment_hook('to_place', 'cmake_prefix_path')
[0.484s] INFO:colcon.colcon_core.shell:Creating environment hook '/home/shrek/shrek_ws/install/to_place/share/to_place/hook/cmake_prefix_path.ps1'
[0.485s] INFO:colcon.colcon_core.shell:Creating environment descriptor '/home/shrek/shrek_ws/install/to_place/share/to_place/hook/cmake_prefix_path.dsv'
[0.486s] INFO:colcon.colcon_core.shell:Creating environment hook '/home/shrek/shrek_ws/install/to_place/share/to_place/hook/cmake_prefix_path.sh'
[0.487s] Level 1:colcon.colcon_core.environment:checking '/home/shrek/shrek_ws/install/to_place/lib'
[0.487s] Level 1:colcon.colcon_core.environment:checking '/home/shrek/shrek_ws/install/to_place/bin'
[0.487s] Level 1:colcon.colcon_core.environment:checking '/home/shrek/shrek_ws/install/to_place/lib/pkgconfig/to_place.pc'
[0.487s] Level 1:colcon.colcon_core.environment:checking '/home/shrek/shrek_ws/install/to_place/lib/python3.8/site-packages'
[0.488s] Level 1:colcon.colcon_core.environment:checking '/home/shrek/shrek_ws/install/to_place/bin'
[0.489s] INFO:colcon.colcon_core.shell:Creating package script '/home/shrek/shrek_ws/install/to_place/share/to_place/package.ps1'
[0.490s] INFO:colcon.colcon_core.shell:Creating package descriptor '/home/shrek/shrek_ws/install/to_place/share/to_place/package.dsv'
[0.490s] INFO:colcon.colcon_core.shell:Creating package script '/home/shrek/shrek_ws/install/to_place/share/to_place/package.sh'
[0.491s] INFO:colcon.colcon_core.shell:Creating package script '/home/shrek/shrek_ws/install/to_place/share/to_place/package.bash'
[0.491s] INFO:colcon.colcon_core.shell:Creating package script '/home/shrek/shrek_ws/install/to_place/share/to_place/package.zsh'
[0.492s] Level 1:colcon.colcon_core.environment:create_file_with_runtime_dependencies(/home/shrek/shrek_ws/install/to_place/share/colcon-core/packages/to_place)
[0.497s] Level 1:colcon.colcon_core.environment:create_environment_scripts_only(goalxy)
[0.499s] Level 1:colcon.colcon_core.environment:checking '/home/shrek/shrek_ws/install/goalxy' for CMake module files
[0.501s] Level 1:colcon.colcon_core.environment:checking '/home/shrek/shrek_ws/install/goalxy' for CMake config files
[0.501s] Level 1:colcon.colcon_core.shell:create_environment_hook('goalxy', 'cmake_prefix_path')
[0.502s] INFO:colcon.colcon_core.shell:Creating environment hook '/home/shrek/shrek_ws/install/goalxy/share/goalxy/hook/cmake_prefix_path.ps1'
[0.503s] INFO:colcon.colcon_core.shell:Creating environment descriptor '/home/shrek/shrek_ws/install/goalxy/share/goalxy/hook/cmake_prefix_path.dsv'
[0.503s] INFO:colcon.colcon_core.shell:Creating environment hook '/home/shrek/shrek_ws/install/goalxy/share/goalxy/hook/cmake_prefix_path.sh'
[0.504s] Level 1:colcon.colcon_core.environment:checking '/home/shrek/shrek_ws/install/goalxy/lib'
[0.504s] Level 1:colcon.colcon_core.environment:checking '/home/shrek/shrek_ws/install/goalxy/bin'
[0.504s] Level 1:colcon.colcon_core.environment:checking '/home/shrek/shrek_ws/install/goalxy/lib/pkgconfig/goalxy.pc'
[0.504s] Level 1:colcon.colcon_core.environment:checking '/home/shrek/shrek_ws/install/goalxy/lib/python3.8/site-packages'
[0.504s] Level 1:colcon.colcon_core.environment:checking '/home/shrek/shrek_ws/install/goalxy/bin'
[0.506s] INFO:colcon.colcon_core.shell:Creating package script '/home/shrek/shrek_ws/install/goalxy/share/goalxy/package.ps1'
[0.506s] INFO:colcon.colcon_core.shell:Creating package descriptor '/home/shrek/shrek_ws/install/goalxy/share/goalxy/package.dsv'
[0.507s] INFO:colcon.colcon_core.shell:Creating package script '/home/shrek/shrek_ws/install/goalxy/share/goalxy/package.sh'
[0.507s] INFO:colcon.colcon_core.shell:Creating package script '/home/shrek/shrek_ws/install/goalxy/share/goalxy/package.bash'
[0.507s] INFO:colcon.colcon_core.shell:Creating package script '/home/shrek/shrek_ws/install/goalxy/share/goalxy/package.zsh'
[0.508s] Level 1:colcon.colcon_core.environment:create_file_with_runtime_dependencies(/home/shrek/shrek_ws/install/goalxy/share/colcon-core/packages/goalxy)
[0.509s] Level 1:colcon.colcon_core.environment:create_environment_scripts_only(serial)
[0.512s] Level 1:colcon.colcon_core.environment:checking '/home/shrek/shrek_ws/install/serial' for CMake module files
[0.513s] DEBUG:colcon.colcon_core.event_handler.log_command:Invoked command in '/home/shrek/shrek_ws/build/serial' returned '0': CMAKE_PREFIX_PATH=${CMAKE_PREFIX_PATH}:/opt/ros/foxy /usr/bin/cmake --install /home/shrek/shrek_ws/build/serial
[0.513s] Level 1:colcon.colcon_core.environment:checking '/home/shrek/shrek_ws/install/serial' for CMake config files
[0.513s] Level 1:colcon.colcon_core.shell:create_environment_hook('serial', 'cmake_prefix_path')
[0.514s] INFO:colcon.colcon_core.shell:Creating environment hook '/home/shrek/shrek_ws/install/serial/share/serial/hook/cmake_prefix_path.ps1'
[0.515s] INFO:colcon.colcon_core.shell:Creating environment descriptor '/home/shrek/shrek_ws/install/serial/share/serial/hook/cmake_prefix_path.dsv'
[0.515s] INFO:colcon.colcon_core.shell:Creating environment hook '/home/shrek/shrek_ws/install/serial/share/serial/hook/cmake_prefix_path.sh'
[0.516s] Level 1:colcon.colcon_core.environment:checking '/home/shrek/shrek_ws/install/serial/lib'
[0.516s] Level 1:colcon.colcon_core.environment:checking '/home/shrek/shrek_ws/install/serial/bin'
[0.516s] Level 1:colcon.colcon_core.environment:checking '/home/shrek/shrek_ws/install/serial/lib/pkgconfig/serial.pc'
[0.516s] Level 1:colcon.colcon_core.environment:checking '/home/shrek/shrek_ws/install/serial/lib/python3.8/site-packages'
[0.516s] Level 1:colcon.colcon_core.environment:checking '/home/shrek/shrek_ws/install/serial/bin'
[0.517s] INFO:colcon.colcon_core.shell:Creating package script '/home/shrek/shrek_ws/install/serial/share/serial/package.ps1'
[0.517s] INFO:colcon.colcon_core.shell:Creating package descriptor '/home/shrek/shrek_ws/install/serial/share/serial/package.dsv'
[0.518s] INFO:colcon.colcon_core.shell:Creating package script '/home/shrek/shrek_ws/install/serial/share/serial/package.sh'
[0.518s] INFO:colcon.colcon_core.shell:Creating package script '/home/shrek/shrek_ws/install/serial/share/serial/package.bash'
[0.518s] INFO:colcon.colcon_core.shell:Creating package script '/home/shrek/shrek_ws/install/serial/share/serial/package.zsh'
[0.518s] Level 1:colcon.colcon_core.environment:create_file_with_runtime_dependencies(/home/shrek/shrek_ws/install/serial/share/colcon-core/packages/serial)
[0.522s] Level 1:colcon.colcon_core.environment:create_environment_scripts_only(my_bot)
[0.524s] Level 1:colcon.colcon_core.environment:checking '/home/shrek/shrek_ws/install/my_bot' for CMake module files
[0.524s] Level 1:colcon.colcon_core.environment:checking '/home/shrek/shrek_ws/install/my_bot' for CMake config files
[0.524s] Level 1:colcon.colcon_core.shell:create_environment_hook('my_bot', 'cmake_prefix_path')
[0.525s] INFO:colcon.colcon_core.shell:Creating environment hook '/home/shrek/shrek_ws/install/my_bot/share/my_bot/hook/cmake_prefix_path.ps1'
[0.526s] INFO:colcon.colcon_core.shell:Creating environment descriptor '/home/shrek/shrek_ws/install/my_bot/share/my_bot/hook/cmake_prefix_path.dsv'
[0.526s] INFO:colcon.colcon_core.shell:Creating environment hook '/home/shrek/shrek_ws/install/my_bot/share/my_bot/hook/cmake_prefix_path.sh'
[0.527s] Level 1:colcon.colcon_core.environment:checking '/home/shrek/shrek_ws/install/my_bot/bin'
[0.527s] Level 1:colcon.colcon_core.environment:checking '/home/shrek/shrek_ws/install/my_bot/lib/pkgconfig/my_bot.pc'
[0.527s] Level 1:colcon.colcon_core.environment:checking '/home/shrek/shrek_ws/install/my_bot/lib/python3.8/site-packages'
[0.527s] Level 1:colcon.colcon_core.environment:checking '/home/shrek/shrek_ws/install/my_bot/bin'
[0.528s] INFO:colcon.colcon_core.shell:Creating package script '/home/shrek/shrek_ws/install/my_bot/share/my_bot/package.ps1'
[0.529s] INFO:colcon.colcon_core.shell:Creating package descriptor '/home/shrek/shrek_ws/install/my_bot/share/my_bot/package.dsv'
[0.529s] INFO:colcon.colcon_core.shell:Creating package script '/home/shrek/shrek_ws/install/my_bot/share/my_bot/package.sh'
[0.530s] INFO:colcon.colcon_core.shell:Creating package script '/home/shrek/shrek_ws/install/my_bot/share/my_bot/package.bash'
[0.530s] INFO:colcon.colcon_core.shell:Creating package script '/home/shrek/shrek_ws/install/my_bot/share/my_bot/package.zsh'
[0.531s] Level 1:colcon.colcon_core.environment:create_file_with_runtime_dependencies(/home/shrek/shrek_ws/install/my_bot/share/colcon-core/packages/my_bot)
[0.532s] Level 1:colcon.colcon_core.environment:create_environment_scripts_only(gazebo_ros2_control)
[0.534s] Level 1:colcon.colcon_core.environment:checking '/home/shrek/shrek_ws/install/gazebo_ros2_control' for CMake module files
[0.535s] DEBUG:colcon.colcon_core.event_handler.log_command:Invoked command in '/home/shrek/shrek_ws/build/gazebo_ros2_control' returned '0': CMAKE_PREFIX_PATH=${CMAKE_PREFIX_PATH}:/opt/ros/foxy /usr/bin/cmake --install /home/shrek/shrek_ws/build/gazebo_ros2_control
[0.535s] Level 1:colcon.colcon_core.environment:checking '/home/shrek/shrek_ws/install/gazebo_ros2_control' for CMake config files
[0.535s] Level 1:colcon.colcon_core.shell:create_environment_hook('gazebo_ros2_control', 'cmake_prefix_path')
[0.536s] INFO:colcon.colcon_core.shell:Creating environment hook '/home/shrek/shrek_ws/install/gazebo_ros2_control/share/gazebo_ros2_control/hook/cmake_prefix_path.ps1'
[0.536s] INFO:colcon.colcon_core.shell:Creating environment descriptor '/home/shrek/shrek_ws/install/gazebo_ros2_control/share/gazebo_ros2_control/hook/cmake_prefix_path.dsv'
[0.537s] INFO:colcon.colcon_core.shell:Creating environment hook '/home/shrek/shrek_ws/install/gazebo_ros2_control/share/gazebo_ros2_control/hook/cmake_prefix_path.sh'
[0.537s] Level 1:colcon.colcon_core.environment:checking '/home/shrek/shrek_ws/install/gazebo_ros2_control/lib'
[0.537s] Level 1:colcon.colcon_core.shell:create_environment_hook('gazebo_ros2_control', 'ld_library_path_lib')
[0.538s] INFO:colcon.colcon_core.shell:Creating environment hook '/home/shrek/shrek_ws/install/gazebo_ros2_control/share/gazebo_ros2_control/hook/ld_library_path_lib.ps1'
[0.538s] INFO:colcon.colcon_core.shell:Creating environment descriptor '/home/shrek/shrek_ws/install/gazebo_ros2_control/share/gazebo_ros2_control/hook/ld_library_path_lib.dsv'
[0.539s] INFO:colcon.colcon_core.shell:Creating environment hook '/home/shrek/shrek_ws/install/gazebo_ros2_control/share/gazebo_ros2_control/hook/ld_library_path_lib.sh'
[0.539s] Level 1:colcon.colcon_core.environment:checking '/home/shrek/shrek_ws/install/gazebo_ros2_control/bin'
[0.539s] Level 1:colcon.colcon_core.environment:checking '/home/shrek/shrek_ws/install/gazebo_ros2_control/lib/pkgconfig/gazebo_ros2_control.pc'
[0.539s] Level 1:colcon.colcon_core.environment:checking '/home/shrek/shrek_ws/install/gazebo_ros2_control/lib/python3.8/site-packages'
[0.539s] Level 1:colcon.colcon_core.environment:checking '/home/shrek/shrek_ws/install/gazebo_ros2_control/bin'
[0.541s] INFO:colcon.colcon_core.shell:Creating package script '/home/shrek/shrek_ws/install/gazebo_ros2_control/share/gazebo_ros2_control/package.ps1'
[0.541s] INFO:colcon.colcon_core.shell:Creating package descriptor '/home/shrek/shrek_ws/install/gazebo_ros2_control/share/gazebo_ros2_control/package.dsv'
[0.542s] INFO:colcon.colcon_core.shell:Creating package script '/home/shrek/shrek_ws/install/gazebo_ros2_control/share/gazebo_ros2_control/package.sh'
[0.542s] INFO:colcon.colcon_core.shell:Creating package script '/home/shrek/shrek_ws/install/gazebo_ros2_control/share/gazebo_ros2_control/package.bash'
[0.542s] INFO:colcon.colcon_core.shell:Creating package script '/home/shrek/shrek_ws/install/gazebo_ros2_control/share/gazebo_ros2_control/package.zsh'
[0.543s] Level 1:colcon.colcon_core.environment:create_file_with_runtime_dependencies(/home/shrek/shrek_ws/install/gazebo_ros2_control/share/colcon-core/packages/gazebo_ros2_control)
[0.549s] Level 1:colcon.colcon_core.environment:create_environment_scripts_only(to_place)
[0.551s] Level 1:colcon.colcon_core.environment:checking '/home/shrek/shrek_ws/install/to_place' for CMake module files
[0.551s] Level 1:colcon.colcon_core.environment:checking '/home/shrek/shrek_ws/install/to_place' for CMake config files
[0.551s] Level 1:colcon.colcon_core.shell:create_environment_hook('to_place', 'cmake_prefix_path')
[0.552s] INFO:colcon.colcon_core.shell:Creating environment hook '/home/shrek/shrek_ws/install/to_place/share/to_place/hook/cmake_prefix_path.ps1'
[0.553s] INFO:colcon.colcon_core.shell:Creating environment descriptor '/home/shrek/shrek_ws/install/to_place/share/to_place/hook/cmake_prefix_path.dsv'
[0.554s] INFO:colcon.colcon_core.shell:Creating environment hook '/home/shrek/shrek_ws/install/to_place/share/to_place/hook/cmake_prefix_path.sh'
[0.554s] Level 1:colcon.colcon_core.environment:checking '/home/shrek/shrek_ws/install/to_place/lib'
[0.554s] Level 1:colcon.colcon_core.environment:checking '/home/shrek/shrek_ws/install/to_place/bin'
[0.554s] Level 1:colcon.colcon_core.environment:checking '/home/shrek/shrek_ws/install/to_place/lib/pkgconfig/to_place.pc'
[0.554s] Level 1:colcon.colcon_core.environment:checking '/home/shrek/shrek_ws/install/to_place/lib/python3.8/site-packages'
[0.555s] Level 1:colcon.colcon_core.environment:checking '/home/shrek/shrek_ws/install/to_place/bin'
[0.556s] INFO:colcon.colcon_core.shell:Creating package script '/home/shrek/shrek_ws/install/to_place/share/to_place/package.ps1'
[0.556s] INFO:colcon.colcon_core.shell:Creating package descriptor '/home/shrek/shrek_ws/install/to_place/share/to_place/package.dsv'
[0.557s] INFO:colcon.colcon_core.shell:Creating package script '/home/shrek/shrek_ws/install/to_place/share/to_place/package.sh'
[0.557s] INFO:colcon.colcon_core.shell:Creating package script '/home/shrek/shrek_ws/install/to_place/share/to_place/package.bash'
[0.557s] INFO:colcon.colcon_core.shell:Creating package script '/home/shrek/shrek_ws/install/to_place/share/to_place/package.zsh'
[0.557s] Level 1:colcon.colcon_core.environment:create_file_with_runtime_dependencies(/home/shrek/shrek_ws/install/to_place/share/colcon-core/packages/to_place)
[0.559s] Level 1:colcon.colcon_core.environment:create_environment_scripts_only(serial)
[0.560s] Level 1:colcon.colcon_core.environment:checking '/home/shrek/shrek_ws/install/serial' for CMake module files
[0.561s] Level 1:colcon.colcon_core.environment:checking '/home/shrek/shrek_ws/install/serial' for CMake config files
[0.561s] Level 1:colcon.colcon_core.shell:create_environment_hook('serial', 'cmake_prefix_path')
[0.562s] INFO:colcon.colcon_core.shell:Creating environment hook '/home/shrek/shrek_ws/install/serial/share/serial/hook/cmake_prefix_path.ps1'
[0.563s] INFO:colcon.colcon_core.shell:Creating environment descriptor '/home/shrek/shrek_ws/install/serial/share/serial/hook/cmake_prefix_path.dsv'
[0.563s] INFO:colcon.colcon_core.shell:Creating environment hook '/home/shrek/shrek_ws/install/serial/share/serial/hook/cmake_prefix_path.sh'
[0.563s] Level 1:colcon.colcon_core.environment:checking '/home/shrek/shrek_ws/install/serial/lib'
[0.563s] Level 1:colcon.colcon_core.environment:checking '/home/shrek/shrek_ws/install/serial/bin'
[0.564s] Level 1:colcon.colcon_core.environment:checking '/home/shrek/shrek_ws/install/serial/lib/pkgconfig/serial.pc'
[0.564s] Level 1:colcon.colcon_core.environment:checking '/home/shrek/shrek_ws/install/serial/lib/python3.8/site-packages'
[0.564s] Level 1:colcon.colcon_core.environment:checking '/home/shrek/shrek_ws/install/serial/bin'
[0.565s] INFO:colcon.colcon_core.shell:Creating package script '/home/shrek/shrek_ws/install/serial/share/serial/package.ps1'
[0.566s] INFO:colcon.colcon_core.shell:Creating package descriptor '/home/shrek/shrek_ws/install/serial/share/serial/package.dsv'
[0.567s] INFO:colcon.colcon_core.shell:Creating package script '/home/shrek/shrek_ws/install/serial/share/serial/package.sh'
[0.567s] INFO:colcon.colcon_core.shell:Creating package script '/home/shrek/shrek_ws/install/serial/share/serial/package.bash'
[0.568s] INFO:colcon.colcon_core.shell:Creating package script '/home/shrek/shrek_ws/install/serial/share/serial/package.zsh'
[0.568s] Level 1:colcon.colcon_core.environment:create_file_with_runtime_dependencies(/home/shrek/shrek_ws/install/serial/share/colcon-core/packages/serial)
[0.569s] INFO:colcon.colcon_ros.task.ament_cmake.build:Building ROS package in '/home/shrek/shrek_ws/src/diffdrive_arduino' with build type 'ament_cmake'
[0.569s] INFO:colcon.colcon_cmake.task.cmake.build:Building CMake package in '/home/shrek/shrek_ws/src/diffdrive_arduino'
[0.570s] INFO:colcon.colcon_core.shell:Skip shell extension 'powershell' for command environment: Not usable outside of PowerShell
[0.570s] DEBUG:colcon.colcon_core.shell:Skip shell extension 'dsv' for command environment
[0.580s] Level 1:colcon.colcon_core.environment:create_environment_scripts_only(gazebo_ros2_control)
[0.581s] Level 1:colcon.colcon_core.environment:checking '/home/shrek/shrek_ws/install/gazebo_ros2_control' for CMake module files
[0.582s] Level 1:colcon.colcon_core.environment:checking '/home/shrek/shrek_ws/install/gazebo_ros2_control' for CMake config files
[0.582s] Level 1:colcon.colcon_core.shell:create_environment_hook('gazebo_ros2_control', 'cmake_prefix_path')
[0.583s] INFO:colcon.colcon_core.shell:Creating environment hook '/home/shrek/shrek_ws/install/gazebo_ros2_control/share/gazebo_ros2_control/hook/cmake_prefix_path.ps1'
[0.584s] INFO:colcon.colcon_core.shell:Creating environment descriptor '/home/shrek/shrek_ws/install/gazebo_ros2_control/share/gazebo_ros2_control/hook/cmake_prefix_path.dsv'
[0.584s] INFO:colcon.colcon_core.shell:Creating environment hook '/home/shrek/shrek_ws/install/gazebo_ros2_control/share/gazebo_ros2_control/hook/cmake_prefix_path.sh'
[0.584s] Level 1:colcon.colcon_core.environment:checking '/home/shrek/shrek_ws/install/gazebo_ros2_control/lib'
[0.585s] Level 1:colcon.colcon_core.shell:create_environment_hook('gazebo_ros2_control', 'ld_library_path_lib')
[0.586s] INFO:colcon.colcon_core.shell:Creating environment hook '/home/shrek/shrek_ws/install/gazebo_ros2_control/share/gazebo_ros2_control/hook/ld_library_path_lib.ps1'
[0.586s] INFO:colcon.colcon_core.shell:Creating environment descriptor '/home/shrek/shrek_ws/install/gazebo_ros2_control/share/gazebo_ros2_control/hook/ld_library_path_lib.dsv'
[0.587s] INFO:colcon.colcon_core.shell:Creating environment hook '/home/shrek/shrek_ws/install/gazebo_ros2_control/share/gazebo_ros2_control/hook/ld_library_path_lib.sh'
[0.587s] Level 1:colcon.colcon_core.environment:checking '/home/shrek/shrek_ws/install/gazebo_ros2_control/bin'
[0.587s] Level 1:colcon.colcon_core.environment:checking '/home/shrek/shrek_ws/install/gazebo_ros2_control/lib/pkgconfig/gazebo_ros2_control.pc'
[0.587s] Level 1:colcon.colcon_core.environment:checking '/home/shrek/shrek_ws/install/gazebo_ros2_control/lib/python3.8/site-packages'
[0.587s] Level 1:colcon.colcon_core.environment:checking '/home/shrek/shrek_ws/install/gazebo_ros2_control/bin'
[0.589s] INFO:colcon.colcon_core.shell:Creating package script '/home/shrek/shrek_ws/install/gazebo_ros2_control/share/gazebo_ros2_control/package.ps1'
[0.589s] INFO:colcon.colcon_core.shell:Creating package descriptor '/home/shrek/shrek_ws/install/gazebo_ros2_control/share/gazebo_ros2_control/package.dsv'
[0.589s] INFO:colcon.colcon_core.shell:Creating package script '/home/shrek/shrek_ws/install/gazebo_ros2_control/share/gazebo_ros2_control/package.sh'
[0.590s] INFO:colcon.colcon_core.shell:Creating package script '/home/shrek/shrek_ws/install/gazebo_ros2_control/share/gazebo_ros2_control/package.bash'
[0.590s] INFO:colcon.colcon_core.shell:Creating package script '/home/shrek/shrek_ws/install/gazebo_ros2_control/share/gazebo_ros2_control/package.zsh'
[0.590s] Level 1:colcon.colcon_core.environment:create_file_with_runtime_dependencies(/home/shrek/shrek_ws/install/gazebo_ros2_control/share/colcon-core/packages/gazebo_ros2_control)
[0.591s] INFO:colcon.colcon_ros.task.ament_cmake.build:Building ROS package in '/home/shrek/shrek_ws/src/gazebo_ros2_control/gazebo_ros2_control_demos' with build type 'ament_cmake'
[0.591s] INFO:colcon.colcon_cmake.task.cmake.build:Building CMake package in '/home/shrek/shrek_ws/src/gazebo_ros2_control/gazebo_ros2_control_demos'
[0.593s] INFO:colcon.colcon_core.shell:Skip shell extension 'powershell' for command environment: Not usable outside of PowerShell
[0.593s] DEBUG:colcon.colcon_core.shell:Skip shell extension 'dsv' for command environment
[0.604s] DEBUG:colcon.colcon_core.event_handler.log_command:Invoking command in '/home/shrek/shrek_ws/build/diffdrive_arduino': CMAKE_PREFIX_PATH=/home/shrek/shrek_ws/install/serial:/home/shrek/shrek_ws/install/to_place:/home/shrek/shrek_ws/install/diffdrive_arduino:/home/shrek/shrek_ws/install/my_bot:/home/shrek/shrek_ws/install/goalxy:/home/shrek/shrek_ws/install/gazebo_ros2_control_demos:/home/shrek/shrek_ws/install/gazebo_ros2_control:/opt/ros/foxy /usr/bin/cmake --build /home/shrek/shrek_ws/build/diffdrive_arduino -- -j8 -l8
[0.608s] DEBUG:colcon.colcon_core.event_handler.log_command:Invoking command in '/home/shrek/shrek_ws/build/gazebo_ros2_control_demos': CMAKE_PREFIX_PATH=/home/shrek/shrek_ws/install/gazebo_ros2_control:/home/shrek/shrek_ws/install/to_place:/home/shrek/shrek_ws/install/diffdrive_arduino:/home/shrek/shrek_ws/install/serial:/home/shrek/shrek_ws/install/my_bot:/home/shrek/shrek_ws/install/goalxy:/home/shrek/shrek_ws/install/gazebo_ros2_control_demos:/opt/ros/foxy LD_LIBRARY_PATH=/home/shrek/shrek_ws/install/gazebo_ros2_control/lib:/home/shrek/shrek_ws/install/diffdrive_arduino/lib:/home/shrek/shrek_ws/install/serial/lib:/usr/lib/x86_64-linux-gnu/gazebo-11/plugins:/opt/ros/foxy/opt/yaml_cpp_vendor/lib:/opt/ros/foxy/opt/rviz_ogre_vendor/lib:/opt/ros/foxy/lib/x86_64-linux-gnu:/opt/ros/foxy/lib /usr/bin/cmake --build /home/shrek/shrek_ws/build/gazebo_ros2_control_demos -- -j8 -l8
[0.682s] DEBUG:colcon.colcon_core.event_handler.log_command:Invoked command in '/home/shrek/shrek_ws/build/diffdrive_arduino' returned '0': CMAKE_PREFIX_PATH=/home/shrek/shrek_ws/install/serial:/home/shrek/shrek_ws/install/to_place:/home/shrek/shrek_ws/install/diffdrive_arduino:/home/shrek/shrek_ws/install/my_bot:/home/shrek/shrek_ws/install/goalxy:/home/shrek/shrek_ws/install/gazebo_ros2_control_demos:/home/shrek/shrek_ws/install/gazebo_ros2_control:/opt/ros/foxy /usr/bin/cmake --build /home/shrek/shrek_ws/build/diffdrive_arduino -- -j8 -l8
[0.683s] DEBUG:colcon.colcon_core.event_handler.log_command:Invoked command in '/home/shrek/shrek_ws/build/gazebo_ros2_control_demos' returned '0': CMAKE_PREFIX_PATH=/home/shrek/shrek_ws/install/gazebo_ros2_control:/home/shrek/shrek_ws/install/to_place:/home/shrek/shrek_ws/install/diffdrive_arduino:/home/shrek/shrek_ws/install/serial:/home/shrek/shrek_ws/install/my_bot:/home/shrek/shrek_ws/install/goalxy:/home/shrek/shrek_ws/install/gazebo_ros2_control_demos:/opt/ros/foxy LD_LIBRARY_PATH=/home/shrek/shrek_ws/install/gazebo_ros2_control/lib:/home/shrek/shrek_ws/install/diffdrive_arduino/lib:/home/shrek/shrek_ws/install/serial/lib:/usr/lib/x86_64-linux-gnu/gazebo-11/plugins:/opt/ros/foxy/opt/yaml_cpp_vendor/lib:/opt/ros/foxy/opt/rviz_ogre_vendor/lib:/opt/ros/foxy/lib/x86_64-linux-gnu:/opt/ros/foxy/lib /usr/bin/cmake --build /home/shrek/shrek_ws/build/gazebo_ros2_control_demos -- -j8 -l8
[0.710s] DEBUG:colcon.colcon_core.event_handler.log_command:Invoking command in '/home/shrek/shrek_ws/build/diffdrive_arduino': CMAKE_PREFIX_PATH=/home/shrek/shrek_ws/install/serial:/home/shrek/shrek_ws/install/to_place:/home/shrek/shrek_ws/install/diffdrive_arduino:/home/shrek/shrek_ws/install/my_bot:/home/shrek/shrek_ws/install/goalxy:/home/shrek/shrek_ws/install/gazebo_ros2_control_demos:/home/shrek/shrek_ws/install/gazebo_ros2_control:/opt/ros/foxy /usr/bin/cmake --install /home/shrek/shrek_ws/build/diffdrive_arduino
[0.714s] DEBUG:colcon.colcon_core.event_handler.log_command:Invoking command in '/home/shrek/shrek_ws/build/gazebo_ros2_control_demos': CMAKE_PREFIX_PATH=/home/shrek/shrek_ws/install/gazebo_ros2_control:/home/shrek/shrek_ws/install/to_place:/home/shrek/shrek_ws/install/diffdrive_arduino:/home/shrek/shrek_ws/install/serial:/home/shrek/shrek_ws/install/my_bot:/home/shrek/shrek_ws/install/goalxy:/home/shrek/shrek_ws/install/gazebo_ros2_control_demos:/opt/ros/foxy LD_LIBRARY_PATH=/home/shrek/shrek_ws/install/gazebo_ros2_control/lib:/home/shrek/shrek_ws/install/diffdrive_arduino/lib:/home/shrek/shrek_ws/install/serial/lib:/usr/lib/x86_64-linux-gnu/gazebo-11/plugins:/opt/ros/foxy/opt/yaml_cpp_vendor/lib:/opt/ros/foxy/opt/rviz_ogre_vendor/lib:/opt/ros/foxy/lib/x86_64-linux-gnu:/opt/ros/foxy/lib /usr/bin/cmake --install /home/shrek/shrek_ws/build/gazebo_ros2_control_demos
[0.736s] Level 1:colcon.colcon_core.environment:create_environment_scripts_only(diffdrive_arduino)
[0.737s] DEBUG:colcon.colcon_core.event_handler.log_command:Invoked command in '/home/shrek/shrek_ws/build/diffdrive_arduino' returned '0': CMAKE_PREFIX_PATH=/home/shrek/shrek_ws/install/serial:/home/shrek/shrek_ws/install/to_place:/home/shrek/shrek_ws/install/diffdrive_arduino:/home/shrek/shrek_ws/install/my_bot:/home/shrek/shrek_ws/install/goalxy:/home/shrek/shrek_ws/install/gazebo_ros2_control_demos:/home/shrek/shrek_ws/install/gazebo_ros2_control:/opt/ros/foxy /usr/bin/cmake --install /home/shrek/shrek_ws/build/diffdrive_arduino
[0.741s] Level 1:colcon.colcon_core.environment:checking '/home/shrek/shrek_ws/install/diffdrive_arduino' for CMake module files
[0.742s] Level 1:colcon.colcon_core.environment:checking '/home/shrek/shrek_ws/install/diffdrive_arduino' for CMake config files
[0.742s] Level 1:colcon.colcon_core.shell:create_environment_hook('diffdrive_arduino', 'cmake_prefix_path')
[0.744s] INFO:colcon.colcon_core.shell:Creating environment hook '/home/shrek/shrek_ws/install/diffdrive_arduino/share/diffdrive_arduino/hook/cmake_prefix_path.ps1'
[0.744s] INFO:colcon.colcon_core.shell:Creating environment descriptor '/home/shrek/shrek_ws/install/diffdrive_arduino/share/diffdrive_arduino/hook/cmake_prefix_path.dsv'
[0.744s] INFO:colcon.colcon_core.shell:Creating environment hook '/home/shrek/shrek_ws/install/diffdrive_arduino/share/diffdrive_arduino/hook/cmake_prefix_path.sh'
[0.745s] Level 1:colcon.colcon_core.environment:checking '/home/shrek/shrek_ws/install/diffdrive_arduino/lib'
[0.745s] Level 1:colcon.colcon_core.shell:create_environment_hook('diffdrive_arduino', 'ld_library_path_lib')
[0.746s] INFO:colcon.colcon_core.shell:Creating environment hook '/home/shrek/shrek_ws/install/diffdrive_arduino/share/diffdrive_arduino/hook/ld_library_path_lib.ps1'
[0.746s] INFO:colcon.colcon_core.shell:Creating environment descriptor '/home/shrek/shrek_ws/install/diffdrive_arduino/share/diffdrive_arduino/hook/ld_library_path_lib.dsv'
[0.747s] INFO:colcon.colcon_core.shell:Creating environment hook '/home/shrek/shrek_ws/install/diffdrive_arduino/share/diffdrive_arduino/hook/ld_library_path_lib.sh'
[0.747s] Level 1:colcon.colcon_core.environment:checking '/home/shrek/shrek_ws/install/diffdrive_arduino/bin'
[0.747s] Level 1:colcon.colcon_core.environment:checking '/home/shrek/shrek_ws/install/diffdrive_arduino/lib/pkgconfig/diffdrive_arduino.pc'
[0.747s] Level 1:colcon.colcon_core.environment:checking '/home/shrek/shrek_ws/install/diffdrive_arduino/lib/python3.8/site-packages'
[0.747s] Level 1:colcon.colcon_core.environment:checking '/home/shrek/shrek_ws/install/diffdrive_arduino/bin'
[0.748s] INFO:colcon.colcon_core.shell:Creating package script '/home/shrek/shrek_ws/install/diffdrive_arduino/share/diffdrive_arduino/package.ps1'
[0.749s] INFO:colcon.colcon_core.shell:Creating package descriptor '/home/shrek/shrek_ws/install/diffdrive_arduino/share/diffdrive_arduino/package.dsv'
[0.749s] INFO:colcon.colcon_core.shell:Creating package script '/home/shrek/shrek_ws/install/diffdrive_arduino/share/diffdrive_arduino/package.sh'
[0.749s] INFO:colcon.colcon_core.shell:Creating package script '/home/shrek/shrek_ws/install/diffdrive_arduino/share/diffdrive_arduino/package.bash'
[0.750s] INFO:colcon.colcon_core.shell:Creating package script '/home/shrek/shrek_ws/install/diffdrive_arduino/share/diffdrive_arduino/package.zsh'
[0.750s] Level 1:colcon.colcon_core.environment:create_file_with_runtime_dependencies(/home/shrek/shrek_ws/install/diffdrive_arduino/share/colcon-core/packages/diffdrive_arduino)
[0.754s] Level 1:colcon.colcon_core.environment:create_environment_scripts_only(gazebo_ros2_control_demos)
[0.756s] Level 1:colcon.colcon_core.environment:checking '/home/shrek/shrek_ws/install/gazebo_ros2_control_demos' for CMake module files
[0.756s] DEBUG:colcon.colcon_core.event_handler.log_command:Invoked command in '/home/shrek/shrek_ws/build/gazebo_ros2_control_demos' returned '0': CMAKE_PREFIX_PATH=/home/shrek/shrek_ws/install/gazebo_ros2_control:/home/shrek/shrek_ws/install/to_place:/home/shrek/shrek_ws/install/diffdrive_arduino:/home/shrek/shrek_ws/install/serial:/home/shrek/shrek_ws/install/my_bot:/home/shrek/shrek_ws/install/goalxy:/home/shrek/shrek_ws/install/gazebo_ros2_control_demos:/opt/ros/foxy LD_LIBRARY_PATH=/home/shrek/shrek_ws/install/gazebo_ros2_control/lib:/home/shrek/shrek_ws/install/diffdrive_arduino/lib:/home/shrek/shrek_ws/install/serial/lib:/usr/lib/x86_64-linux-gnu/gazebo-11/plugins:/opt/ros/foxy/opt/yaml_cpp_vendor/lib:/opt/ros/foxy/opt/rviz_ogre_vendor/lib:/opt/ros/foxy/lib/x86_64-linux-gnu:/opt/ros/foxy/lib /usr/bin/cmake --install /home/shrek/shrek_ws/build/gazebo_ros2_control_demos
[0.757s] Level 1:colcon.colcon_core.environment:checking '/home/shrek/shrek_ws/install/gazebo_ros2_control_demos' for CMake config files
[0.757s] Level 1:colcon.colcon_core.shell:create_environment_hook('gazebo_ros2_control_demos', 'cmake_prefix_path')
[0.758s] INFO:colcon.colcon_core.shell:Creating environment hook '/home/shrek/shrek_ws/install/gazebo_ros2_control_demos/share/gazebo_ros2_control_demos/hook/cmake_prefix_path.ps1'
[0.758s] INFO:colcon.colcon_core.shell:Creating environment descriptor '/home/shrek/shrek_ws/install/gazebo_ros2_control_demos/share/gazebo_ros2_control_demos/hook/cmake_prefix_path.dsv'
[0.759s] INFO:colcon.colcon_core.shell:Creating environment hook '/home/shrek/shrek_ws/install/gazebo_ros2_control_demos/share/gazebo_ros2_control_demos/hook/cmake_prefix_path.sh'
[0.759s] Level 1:colcon.colcon_core.environment:checking '/home/shrek/shrek_ws/install/gazebo_ros2_control_demos/lib'
[0.759s] Level 1:colcon.colcon_core.environment:checking '/home/shrek/shrek_ws/install/gazebo_ros2_control_demos/bin'
[0.760s] Level 1:colcon.colcon_core.environment:checking '/home/shrek/shrek_ws/install/gazebo_ros2_control_demos/lib/pkgconfig/gazebo_ros2_control_demos.pc'
[0.760s] Level 1:colcon.colcon_core.environment:checking '/home/shrek/shrek_ws/install/gazebo_ros2_control_demos/lib/python3.8/site-packages'
[0.760s] Level 1:colcon.colcon_core.environment:checking '/home/shrek/shrek_ws/install/gazebo_ros2_control_demos/bin'
[0.761s] INFO:colcon.colcon_core.shell:Creating package script '/home/shrek/shrek_ws/install/gazebo_ros2_control_demos/share/gazebo_ros2_control_demos/package.ps1'
[0.761s] INFO:colcon.colcon_core.shell:Creating package descriptor '/home/shrek/shrek_ws/install/gazebo_ros2_control_demos/share/gazebo_ros2_control_demos/package.dsv'
[0.762s] INFO:colcon.colcon_core.shell:Creating package script '/home/shrek/shrek_ws/install/gazebo_ros2_control_demos/share/gazebo_ros2_control_demos/package.sh'
[0.762s] INFO:colcon.colcon_core.shell:Creating package script '/home/shrek/shrek_ws/install/gazebo_ros2_control_demos/share/gazebo_ros2_control_demos/package.bash'
[0.762s] INFO:colcon.colcon_core.shell:Creating package script '/home/shrek/shrek_ws/install/gazebo_ros2_control_demos/share/gazebo_ros2_control_demos/package.zsh'
[0.763s] Level 1:colcon.colcon_core.environment:create_file_with_runtime_dependencies(/home/shrek/shrek_ws/install/gazebo_ros2_control_demos/share/colcon-core/packages/gazebo_ros2_control_demos)
[0.778s] Level 1:colcon.colcon_core.environment:create_environment_scripts_only(diffdrive_arduino)
[0.780s] Level 1:colcon.colcon_core.environment:checking '/home/shrek/shrek_ws/install/diffdrive_arduino' for CMake module files
[0.780s] Level 1:colcon.colcon_core.environment:checking '/home/shrek/shrek_ws/install/diffdrive_arduino' for CMake config files
[0.781s] Level 1:colcon.colcon_core.shell:create_environment_hook('diffdrive_arduino', 'cmake_prefix_path')
[0.782s] INFO:colcon.colcon_core.shell:Creating environment hook '/home/shrek/shrek_ws/install/diffdrive_arduino/share/diffdrive_arduino/hook/cmake_prefix_path.ps1'
[0.783s] INFO:colcon.colcon_core.shell:Creating environment descriptor '/home/shrek/shrek_ws/install/diffdrive_arduino/share/diffdrive_arduino/hook/cmake_prefix_path.dsv'
[0.783s] INFO:colcon.colcon_core.shell:Creating environment hook '/home/shrek/shrek_ws/install/diffdrive_arduino/share/diffdrive_arduino/hook/cmake_prefix_path.sh'
[0.784s] Level 1:colcon.colcon_core.environment:checking '/home/shrek/shrek_ws/install/diffdrive_arduino/lib'
[0.784s] Level 1:colcon.colcon_core.shell:create_environment_hook('diffdrive_arduino', 'ld_library_path_lib')
[0.785s] INFO:colcon.colcon_core.shell:Creating environment hook '/home/shrek/shrek_ws/install/diffdrive_arduino/share/diffdrive_arduino/hook/ld_library_path_lib.ps1'
[0.786s] INFO:colcon.colcon_core.shell:Creating environment descriptor '/home/shrek/shrek_ws/install/diffdrive_arduino/share/diffdrive_arduino/hook/ld_library_path_lib.dsv'
[0.786s] INFO:colcon.colcon_core.shell:Creating environment hook '/home/shrek/shrek_ws/install/diffdrive_arduino/share/diffdrive_arduino/hook/ld_library_path_lib.sh'
[0.787s] Level 1:colcon.colcon_core.environment:checking '/home/shrek/shrek_ws/install/diffdrive_arduino/bin'
[0.787s] Level 1:colcon.colcon_core.environment:checking '/home/shrek/shrek_ws/install/diffdrive_arduino/lib/pkgconfig/diffdrive_arduino.pc'
[0.787s] Level 1:colcon.colcon_core.environment:checking '/home/shrek/shrek_ws/install/diffdrive_arduino/lib/python3.8/site-packages'
[0.787s] Level 1:colcon.colcon_core.environment:checking '/home/shrek/shrek_ws/install/diffdrive_arduino/bin'
[0.789s] INFO:colcon.colcon_core.shell:Creating package script '/home/shrek/shrek_ws/install/diffdrive_arduino/share/diffdrive_arduino/package.ps1'
[0.789s] INFO:colcon.colcon_core.shell:Creating package descriptor '/home/shrek/shrek_ws/install/diffdrive_arduino/share/diffdrive_arduino/package.dsv'
[0.790s] INFO:colcon.colcon_core.shell:Creating package script '/home/shrek/shrek_ws/install/diffdrive_arduino/share/diffdrive_arduino/package.sh'
[0.791s] INFO:colcon.colcon_core.shell:Creating package script '/home/shrek/shrek_ws/install/diffdrive_arduino/share/diffdrive_arduino/package.bash'
[0.791s] INFO:colcon.colcon_core.shell:Creating package script '/home/shrek/shrek_ws/install/diffdrive_arduino/share/diffdrive_arduino/package.zsh'
[0.791s] Level 1:colcon.colcon_core.environment:create_file_with_runtime_dependencies(/home/shrek/shrek_ws/install/diffdrive_arduino/share/colcon-core/packages/diffdrive_arduino)
[0.793s] Level 1:colcon.colcon_core.environment:create_environment_scripts_only(gazebo_ros2_control_demos)
[0.795s] Level 1:colcon.colcon_core.environment:checking '/home/shrek/shrek_ws/install/gazebo_ros2_control_demos' for CMake module files
[0.795s] Level 1:colcon.colcon_core.environment:checking '/home/shrek/shrek_ws/install/gazebo_ros2_control_demos' for CMake config files
[0.795s] Level 1:colcon.colcon_core.shell:create_environment_hook('gazebo_ros2_control_demos', 'cmake_prefix_path')
[0.796s] INFO:colcon.colcon_core.shell:Creating environment hook '/home/shrek/shrek_ws/install/gazebo_ros2_control_demos/share/gazebo_ros2_control_demos/hook/cmake_prefix_path.ps1'
[0.797s] INFO:colcon.colcon_core.shell:Creating environment descriptor '/home/shrek/shrek_ws/install/gazebo_ros2_control_demos/share/gazebo_ros2_control_demos/hook/cmake_prefix_path.dsv'
[0.797s] INFO:colcon.colcon_core.shell:Creating environment hook '/home/shrek/shrek_ws/install/gazebo_ros2_control_demos/share/gazebo_ros2_control_demos/hook/cmake_prefix_path.sh'
[0.797s] Level 1:colcon.colcon_core.environment:checking '/home/shrek/shrek_ws/install/gazebo_ros2_control_demos/lib'
[0.797s] Level 1:colcon.colcon_core.environment:checking '/home/shrek/shrek_ws/install/gazebo_ros2_control_demos/bin'
[0.797s] Level 1:colcon.colcon_core.environment:checking '/home/shrek/shrek_ws/install/gazebo_ros2_control_demos/lib/pkgconfig/gazebo_ros2_control_demos.pc'
[0.797s] Level 1:colcon.colcon_core.environment:checking '/home/shrek/shrek_ws/install/gazebo_ros2_control_demos/lib/python3.8/site-packages'
[0.797s] Level 1:colcon.colcon_core.environment:checking '/home/shrek/shrek_ws/install/gazebo_ros2_control_demos/bin'
[0.798s] INFO:colcon.colcon_core.shell:Creating package script '/home/shrek/shrek_ws/install/gazebo_ros2_control_demos/share/gazebo_ros2_control_demos/package.ps1'
[0.799s] INFO:colcon.colcon_core.shell:Creating package descriptor '/home/shrek/shrek_ws/install/gazebo_ros2_control_demos/share/gazebo_ros2_control_demos/package.dsv'
[0.799s] INFO:colcon.colcon_core.shell:Creating package script '/home/shrek/shrek_ws/install/gazebo_ros2_control_demos/share/gazebo_ros2_control_demos/package.sh'
[0.800s] INFO:colcon.colcon_core.shell:Creating package script '/home/shrek/shrek_ws/install/gazebo_ros2_control_demos/share/gazebo_ros2_control_demos/package.bash'
[0.800s] INFO:colcon.colcon_core.shell:Creating package script '/home/shrek/shrek_ws/install/gazebo_ros2_control_demos/share/gazebo_ros2_control_demos/package.zsh'
[0.800s] Level 1:colcon.colcon_core.environment:create_file_with_runtime_dependencies(/home/shrek/shrek_ws/install/gazebo_ros2_control_demos/share/colcon-core/packages/gazebo_ros2_control_demos)
[0.800s] DEBUG:colcon.colcon_parallel_executor.executor.parallel:closing loop
[0.801s] DEBUG:colcon.colcon_parallel_executor.executor.parallel:loop closed
[0.801s] DEBUG:colcon.colcon_parallel_executor.executor.parallel:run_until_complete finished with '0'
[0.801s] DEBUG:colcon.colcon_core.event_reactor:joining thread
[0.808s] INFO:colcon.colcon_core.plugin_system:Skipping extension 'colcon_notification.desktop_notification.terminal_notifier': Not used on non-Darwin systems
[0.808s] INFO:colcon.colcon_core.plugin_system:Skipping extension 'colcon_notification.desktop_notification.win32': Not used on non-Windows systems
[0.808s] INFO:colcon.colcon_notification.desktop_notification:Sending desktop notification using 'notify2'
[0.827s] DEBUG:colcon.colcon_core.event_reactor:joined thread
[0.828s] INFO:colcon.colcon_core.shell:Creating prefix script '/home/shrek/shrek_ws/install/local_setup.ps1'
[0.829s] INFO:colcon.colcon_core.shell:Creating prefix util module '/home/shrek/shrek_ws/install/_local_setup_util_ps1.py'
[0.831s] INFO:colcon.colcon_core.shell:Creating prefix chain script '/home/shrek/shrek_ws/install/setup.ps1'
[0.833s] INFO:colcon.colcon_core.shell:Creating prefix script '/home/shrek/shrek_ws/install/local_setup.sh'
[0.834s] INFO:colcon.colcon_core.shell:Creating prefix util module '/home/shrek/shrek_ws/install/_local_setup_util_sh.py'
[0.834s] INFO:colcon.colcon_core.shell:Creating prefix chain script '/home/shrek/shrek_ws/install/setup.sh'
[0.836s] INFO:colcon.colcon_core.shell:Creating prefix script '/home/shrek/shrek_ws/install/local_setup.bash'
[0.836s] INFO:colcon.colcon_core.shell:Creating prefix chain script '/home/shrek/shrek_ws/install/setup.bash'
[0.837s] INFO:colcon.colcon_core.shell:Creating prefix script '/home/shrek/shrek_ws/install/local_setup.zsh'
[0.838s] INFO:colcon.colcon_core.shell:Creating prefix chain script '/home/shrek/shrek_ws/install/setup.zsh'
