[0.036s] Invoking command in '/home/shrek/shrek_ws/build/to_place': CMAKE_PREFIX_PATH=${CMAKE_PREFIX_PATH}:/opt/ros/foxy /usr/bin/cmake --build /home/shrek/shrek_ws/build/to_place -- -j8 -l8
[0.066s] -- Found ament_cmake: 0.9.11 (/opt/ros/foxy/share/ament_cmake/cmake)
[0.095s] -- Using PYTHON_EXECUTABLE: /usr/bin/python3
[0.328s] -- Override CMake install command with custom implementation using symlinks instead of copying resources
[0.339s] -- Found ament_lint_auto: 0.9.7 (/opt/ros/foxy/share/ament_lint_auto/cmake)
[0.427s] -- Added test 'copyright' to check source files copyright and LICENSE
[0.435s] -- Added test 'flake8' to check Python code syntax and style conventions
[0.436s] -- Added test 'lint_cmake' to check CMake code style
[0.437s] -- Added test 'pep257' to check Python code against some of the style conventions in PEP 257
[0.442s] -- Added test 'xmllint' to check XML markup files
[0.444s] -- Configuring done
[0.446s] -- Generating done
[0.447s] -- Build files have been written to: /home/shrek/shrek_ws/build/to_place
[0.475s] Invoked command in '/home/shrek/shrek_ws/build/to_place' returned '0': CMAKE_PREFIX_PATH=${CMAKE_PREFIX_PATH}:/opt/ros/foxy /usr/bin/cmake --build /home/shrek/shrek_ws/build/to_place -- -j8 -l8
[0.504s] Invoking command in '/home/shrek/shrek_ws/build/to_place': CMAKE_PREFIX_PATH=${CMAKE_PREFIX_PATH}:/opt/ros/foxy /usr/bin/cmake --install /home/shrek/shrek_ws/build/to_place
[0.515s] -- Install configuration: ""
[0.516s] -- Execute custom install script
[0.516s] -- Up-to-date symlink: /home/shrek/shrek_ws/install/to_place/lib/to_place/toplace.py
[0.516s] -- Up-to-date symlink: /home/shrek/shrek_ws/install/to_place/share/ament_index/resource_index/package_run_dependencies/to_place
[0.516s] -- Up-to-date symlink: /home/shrek/shrek_ws/install/to_place/share/ament_index/resource_index/parent_prefix_path/to_place
[0.517s] -- Up-to-date symlink: /home/shrek/shrek_ws/install/to_place/share/to_place/environment/ament_prefix_path.sh
[0.517s] -- Up-to-date symlink: /home/shrek/shrek_ws/install/to_place/share/to_place/environment/ament_prefix_path.dsv
[0.517s] -- Up-to-date symlink: /home/shrek/shrek_ws/install/to_place/share/to_place/environment/path.sh
[0.518s] -- Up-to-date symlink: /home/shrek/shrek_ws/install/to_place/share/to_place/environment/path.dsv
[0.518s] -- Up-to-date symlink: /home/shrek/shrek_ws/install/to_place/share/to_place/local_setup.bash
[0.518s] -- Up-to-date symlink: /home/shrek/shrek_ws/install/to_place/share/to_place/local_setup.sh
[0.518s] -- Up-to-date symlink: /home/shrek/shrek_ws/install/to_place/share/to_place/local_setup.zsh
[0.519s] -- Up-to-date symlink: /home/shrek/shrek_ws/install/to_place/share/to_place/local_setup.dsv
[0.519s] -- Symlinking: /home/shrek/shrek_ws/install/to_place/share/to_place/package.dsv
[0.531s] -- Up-to-date symlink: /home/shrek/shrek_ws/install/to_place/share/ament_index/resource_index/packages/to_place
[0.532s] -- Up-to-date symlink: /home/shrek/shrek_ws/install/to_place/share/to_place/cmake/to_placeConfig.cmake
[0.532s] -- Up-to-date symlink: /home/shrek/shrek_ws/install/to_place/share/to_place/cmake/to_placeConfig-version.cmake
[0.532s] -- Up-to-date symlink: /home/shrek/shrek_ws/install/to_place/share/to_place/package.xml
[0.549s] Invoked command in '/home/shrek/shrek_ws/build/to_place' returned '0': CMAKE_PREFIX_PATH=${CMAKE_PREFIX_PATH}:/opt/ros/foxy /usr/bin/cmake --install /home/shrek/shrek_ws/build/to_place
