[0.258s] Invoking command in '/home/shrek/shrek_ws/build/goalxy': CMAKE_PREFIX_PATH=${CMAKE_PREFIX_PATH}:/opt/ros/foxy /usr/bin/cmake --build /home/shrek/shrek_ws/build/goalxy -- -j8 -l8
[0.303s] Invoked command in '/home/shrek/shrek_ws/build/goalxy' returned '0': CMAKE_PREFIX_PATH=${CMAKE_PREFIX_PATH}:/opt/ros/foxy /usr/bin/cmake --build /home/shrek/shrek_ws/build/goalxy -- -j8 -l8
[0.337s] Invoking command in '/home/shrek/shrek_ws/build/goalxy': CMAKE_PREFIX_PATH=${CMAKE_PREFIX_PATH}:/opt/ros/foxy /usr/bin/cmake --install /home/shrek/shrek_ws/build/goalxy
[0.355s] -- Install configuration: ""
[0.355s] -- Execute custom install script
[0.356s] -- Up-to-date symlink: /home/shrek/shrek_ws/install/goalxy/lib/goalxy/move.py
[0.357s] -- Up-to-date symlink: /home/shrek/shrek_ws/install/goalxy/share/ament_index/resource_index/package_run_dependencies/goalxy
[0.357s] -- Up-to-date symlink: /home/shrek/shrek_ws/install/goalxy/share/ament_index/resource_index/parent_prefix_path/goalxy
[0.357s] -- Up-to-date symlink: /home/shrek/shrek_ws/install/goalxy/share/goalxy/environment/ament_prefix_path.sh
[0.357s] -- Up-to-date symlink: /home/shrek/shrek_ws/install/goalxy/share/goalxy/environment/ament_prefix_path.dsv
[0.357s] -- Up-to-date symlink: /home/shrek/shrek_ws/install/goalxy/share/goalxy/environment/path.sh
[0.358s] -- Up-to-date symlink: /home/shrek/shrek_ws/install/goalxy/share/goalxy/environment/path.dsv
[0.358s] -- Up-to-date symlink: /home/shrek/shrek_ws/install/goalxy/share/goalxy/local_setup.bash
[0.358s] -- Up-to-date symlink: /home/shrek/shrek_ws/install/goalxy/share/goalxy/local_setup.sh
[0.358s] -- Up-to-date symlink: /home/shrek/shrek_ws/install/goalxy/share/goalxy/local_setup.zsh
[0.358s] -- Up-to-date symlink: /home/shrek/shrek_ws/install/goalxy/share/goalxy/local_setup.dsv
[0.358s] -- Symlinking: /home/shrek/shrek_ws/install/goalxy/share/goalxy/package.dsv
[0.368s] -- Up-to-date symlink: /home/shrek/shrek_ws/install/goalxy/share/ament_index/resource_index/packages/goalxy
[0.368s] -- Up-to-date symlink: /home/shrek/shrek_ws/install/goalxy/share/goalxy/cmake/goalxyConfig.cmake
[0.368s] -- Up-to-date symlink: /home/shrek/shrek_ws/install/goalxy/share/goalxy/cmake/goalxyConfig-version.cmake
[0.368s] -- Up-to-date symlink: /home/shrek/shrek_ws/install/goalxy/share/goalxy/package.xml
[0.373s] Invoked command in '/home/shrek/shrek_ws/build/goalxy' returned '0': CMAKE_PREFIX_PATH=${CMAKE_PREFIX_PATH}:/opt/ros/foxy /usr/bin/cmake --install /home/shrek/shrek_ws/build/goalxy
