[0.843s] Invoking command in '/home/shrek/shrek_ws/src/follow_waypoints': PYTHONPATH=/home/shrek/shrek_ws/build/follow_waypoints/prefix_override:/home/shrek/shrek_ws/install/follow_waypoints/lib/python3.8/site-packages:${PYTHONPATH} /usr/bin/python3 setup.py egg_info --egg-base ../../build/follow_waypoints build --build-base /home/shrek/shrek_ws/build/follow_waypoints/build install --record /home/shrek/shrek_ws/build/follow_waypoints/install.log --install-scripts $base/lib/follow_waypoints --single-version-externally-managed
[1.019s] running egg_info
[1.019s] writing ../../build/follow_waypoints/follow_waypoints.egg-info/PKG-INFO
[1.020s] writing dependency_links to ../../build/follow_waypoints/follow_waypoints.egg-info/dependency_links.txt
[1.020s] writing entry points to ../../build/follow_waypoints/follow_waypoints.egg-info/entry_points.txt
[1.020s] writing requirements to ../../build/follow_waypoints/follow_waypoints.egg-info/requires.txt
[1.020s] writing top-level names to ../../build/follow_waypoints/follow_waypoints.egg-info/top_level.txt
[1.049s] reading manifest file '../../build/follow_waypoints/follow_waypoints.egg-info/SOURCES.txt'
[1.049s] writing manifest file '../../build/follow_waypoints/follow_waypoints.egg-info/SOURCES.txt'
[1.049s] running build
[1.050s] running build_py
[1.050s] copying follow_waypoints/follow_waypoints.py -> /home/shrek/shrek_ws/build/follow_waypoints/build/lib/follow_waypoints
[1.050s] running install
[1.051s] running install_lib
[1.052s] copying /home/shrek/shrek_ws/build/follow_waypoints/build/lib/follow_waypoints/follow_waypoints.py -> /home/shrek/shrek_ws/install/follow_waypoints/lib/python3.8/site-packages/follow_waypoints
[1.052s] byte-compiling /home/shrek/shrek_ws/install/follow_waypoints/lib/python3.8/site-packages/follow_waypoints/follow_waypoints.py to follow_waypoints.cpython-38.pyc
[1.054s] running install_data
[1.055s] running install_egg_info
[1.056s] removing '/home/shrek/shrek_ws/install/follow_waypoints/lib/python3.8/site-packages/follow_waypoints-0.0.0-py3.8.egg-info' (and everything under it)
[1.056s] Copying ../../build/follow_waypoints/follow_waypoints.egg-info to /home/shrek/shrek_ws/install/follow_waypoints/lib/python3.8/site-packages/follow_waypoints-0.0.0-py3.8.egg-info
[1.057s] running install_scripts
[1.072s] Installing follow_waypoints_exe script to /home/shrek/shrek_ws/install/follow_waypoints/lib/follow_waypoints
[1.072s] writing list of installed files to '/home/shrek/shrek_ws/build/follow_waypoints/install.log'
[1.108s] Invoked command in '/home/shrek/shrek_ws/src/follow_waypoints' returned '0': PYTHONPATH=/home/shrek/shrek_ws/build/follow_waypoints/prefix_override:/home/shrek/shrek_ws/install/follow_waypoints/lib/python3.8/site-packages:${PYTHONPATH} /usr/bin/python3 setup.py egg_info --egg-base ../../build/follow_waypoints build --build-base /home/shrek/shrek_ws/build/follow_waypoints/build install --record /home/shrek/shrek_ws/build/follow_waypoints/install.log --install-scripts $base/lib/follow_waypoints --single-version-externally-managed
