[0.796s] Invoking command in '/home/shrek/shrek_ws/src/follow_waypoints': PYTHONPATH=/home/shrek/shrek_ws/build/follow_waypoints/prefix_override:/home/shrek/shrek_ws/install/follow_waypoints/lib/python3.8/site-packages:${PYTHONPATH} /usr/bin/python3 setup.py egg_info --egg-base ../../build/follow_waypoints build --build-base /home/shrek/shrek_ws/build/follow_waypoints/build install --record /home/shrek/shrek_ws/build/follow_waypoints/install.log --install-scripts $base/lib/follow_waypoints --single-version-externally-managed
[0.966s] running egg_info
[0.967s] writing ../../build/follow_waypoints/follow_waypoints.egg-info/PKG-INFO
[0.967s] writing dependency_links to ../../build/follow_waypoints/follow_waypoints.egg-info/dependency_links.txt
[0.967s] writing entry points to ../../build/follow_waypoints/follow_waypoints.egg-info/entry_points.txt
[0.967s] writing requirements to ../../build/follow_waypoints/follow_waypoints.egg-info/requires.txt
[0.967s] writing top-level names to ../../build/follow_waypoints/follow_waypoints.egg-info/top_level.txt
[0.994s] reading manifest file '../../build/follow_waypoints/follow_waypoints.egg-info/SOURCES.txt'
[0.995s] writing manifest file '../../build/follow_waypoints/follow_waypoints.egg-info/SOURCES.txt'
[0.995s] running build
[0.995s] running build_py
[0.995s] running install
[0.996s] running install_lib
[0.997s] running install_data
[0.997s] running install_egg_info
[0.999s] removing '/home/shrek/shrek_ws/install/follow_waypoints/lib/python3.8/site-packages/follow_waypoints-0.0.0-py3.8.egg-info' (and everything under it)
[0.999s] Copying ../../build/follow_waypoints/follow_waypoints.egg-info to /home/shrek/shrek_ws/install/follow_waypoints/lib/python3.8/site-packages/follow_waypoints-0.0.0-py3.8.egg-info
[1.000s] running install_scripts
[1.016s] Installing follow_waypoints_exe script to /home/shrek/shrek_ws/install/follow_waypoints/lib/follow_waypoints
[1.016s] writing list of installed files to '/home/shrek/shrek_ws/build/follow_waypoints/install.log'
[1.046s] Invoked command in '/home/shrek/shrek_ws/src/follow_waypoints' returned '0': PYTHONPATH=/home/shrek/shrek_ws/build/follow_waypoints/prefix_override:/home/shrek/shrek_ws/install/follow_waypoints/lib/python3.8/site-packages:${PYTHONPATH} /usr/bin/python3 setup.py egg_info --egg-base ../../build/follow_waypoints build --build-base /home/shrek/shrek_ws/build/follow_waypoints/build install --record /home/shrek/shrek_ws/build/follow_waypoints/install.log --install-scripts $base/lib/follow_waypoints --single-version-externally-managed
