[0.027s] Invoking command in '/home/shrek/shrek_ws/build/to_place': CMAKE_PREFIX_PATH=/opt/ros/foxy /usr/bin/cmake /home/shrek/shrek_ws/src/to_place -DAMENT_CMAKE_SYMLINK_INSTALL=1 -DCMAKE_INSTALL_PREFIX=/home/shrek/shrek_ws/install/to_place
[0.179s] -- The C compiler identification is GNU 9.4.0
[0.306s] -- The CXX compiler identification is GNU 9.4.0
[0.315s] -- Check for working C compiler: /usr/bin/cc
[0.406s] -- Check for working C compiler: /usr/bin/cc -- works
[0.408s] -- Detecting C compiler ABI info
[0.508s] -- Detecting C compiler ABI info - done
[0.524s] -- Detecting C compile features
[0.524s] -- Detecting C compile features - done
[0.529s] -- Check for working CXX compiler: /usr/bin/c++
[0.633s] -- Check for working CXX compiler: /usr/bin/c++ -- works
[0.635s] -- Detecting CXX compiler ABI info
[0.741s] -- Detecting CXX compiler ABI info - done
[0.757s] -- Detecting CXX compile features
[0.757s] -- Detecting CXX compile features - done
[0.761s] -- Found ament_cmake: 0.9.11 (/opt/ros/foxy/share/ament_cmake/cmake)
[0.794s] -- Found PythonInterp: /usr/bin/python3 (found suitable version "3.8.10", minimum required is "3") 
[0.794s] -- Using PYTHON_EXECUTABLE: /usr/bin/python3
[1.042s] -- Override CMake install command with custom implementation using symlinks instead of copying resources
[1.080s] -- Found ament_lint_auto: 0.9.7 (/opt/ros/foxy/share/ament_lint_auto/cmake)
[1.193s] -- Added test 'copyright' to check source files copyright and LICENSE
[1.196s] -- Added test 'flake8' to check Python code syntax and style conventions
[1.197s] -- Added test 'lint_cmake' to check CMake code style
[1.198s] -- Added test 'pep257' to check Python code against some of the style conventions in PEP 257
[1.200s] -- Added test 'xmllint' to check XML markup files
[1.204s] -- Configuring done
[1.207s] -- Generating done
[1.208s] -- Build files have been written to: /home/shrek/shrek_ws/build/to_place
[1.213s] Invoked command in '/home/shrek/shrek_ws/build/to_place' returned '0': CMAKE_PREFIX_PATH=/opt/ros/foxy /usr/bin/cmake /home/shrek/shrek_ws/src/to_place -DAMENT_CMAKE_SYMLINK_INSTALL=1 -DCMAKE_INSTALL_PREFIX=/home/shrek/shrek_ws/install/to_place
[1.217s] Invoking command in '/home/shrek/shrek_ws/build/to_place': CMAKE_PREFIX_PATH=/opt/ros/foxy /usr/bin/cmake --build /home/shrek/shrek_ws/build/to_place -- -j8 -l8
[1.270s] Invoked command in '/home/shrek/shrek_ws/build/to_place' returned '0': CMAKE_PREFIX_PATH=/opt/ros/foxy /usr/bin/cmake --build /home/shrek/shrek_ws/build/to_place -- -j8 -l8
[1.301s] Invoking command in '/home/shrek/shrek_ws/build/to_place': CMAKE_PREFIX_PATH=/opt/ros/foxy /usr/bin/cmake --install /home/shrek/shrek_ws/build/to_place
[1.313s] -- Install configuration: ""
[1.313s] -- Execute custom install script
[1.314s] -- Symlinking: /home/shrek/shrek_ws/install/to_place/share/ament_index/resource_index/package_run_dependencies/to_place
[1.330s] -- Symlinking: /home/shrek/shrek_ws/install/to_place/share/ament_index/resource_index/parent_prefix_path/to_place
[1.342s] -- Symlinking: /home/shrek/shrek_ws/install/to_place/share/to_place/environment/ament_prefix_path.sh
[1.354s] -- Symlinking: /home/shrek/shrek_ws/install/to_place/share/to_place/environment/ament_prefix_path.dsv
[1.369s] -- Symlinking: /home/shrek/shrek_ws/install/to_place/share/to_place/environment/path.sh
[1.384s] -- Symlinking: /home/shrek/shrek_ws/install/to_place/share/to_place/environment/path.dsv
[1.399s] -- Symlinking: /home/shrek/shrek_ws/install/to_place/share/to_place/local_setup.bash
[1.411s] -- Symlinking: /home/shrek/shrek_ws/install/to_place/share/to_place/local_setup.sh
[1.426s] -- Symlinking: /home/shrek/shrek_ws/install/to_place/share/to_place/local_setup.zsh
[1.438s] -- Symlinking: /home/shrek/shrek_ws/install/to_place/share/to_place/local_setup.dsv
[1.457s] -- Symlinking: /home/shrek/shrek_ws/install/to_place/share/to_place/package.dsv
[1.465s] -- Symlinking: /home/shrek/shrek_ws/install/to_place/share/ament_index/resource_index/packages/to_place
[1.476s] -- Symlinking: /home/shrek/shrek_ws/install/to_place/share/to_place/cmake/to_placeConfig.cmake
[1.488s] -- Symlinking: /home/shrek/shrek_ws/install/to_place/share/to_place/cmake/to_placeConfig-version.cmake
[1.501s] -- Symlinking: /home/shrek/shrek_ws/install/to_place/share/to_place/package.xml
[1.521s] Invoked command in '/home/shrek/shrek_ws/build/to_place' returned '0': CMAKE_PREFIX_PATH=/opt/ros/foxy /usr/bin/cmake --install /home/shrek/shrek_ws/build/to_place
