[0.052s] Invoking command in '/home/shrek/shrek_ws/build/gazebo_ros2_control': CMAKE_PREFIX_PATH=${CMAKE_PREFIX_PATH}:/opt/ros/foxy /usr/bin/cmake --build /home/shrek/shrek_ws/build/gazebo_ros2_control -- -j8 -l8
[0.588s] [100%] Built target gazebo_hardware_plugins
[0.588s] [100%] Built target gazebo_ros2_control
[0.643s] Invoked command in '/home/shrek/shrek_ws/build/gazebo_ros2_control' returned '0': CMAKE_PREFIX_PATH=${CMAKE_PREFIX_PATH}:/opt/ros/foxy /usr/bin/cmake --build /home/shrek/shrek_ws/build/gazebo_ros2_control -- -j8 -l8
[0.691s] Invoking command in '/home/shrek/shrek_ws/build/gazebo_ros2_control': CMAKE_PREFIX_PATH=${CMAKE_PREFIX_PATH}:/opt/ros/foxy /usr/bin/cmake --install /home/shrek/shrek_ws/build/gazebo_ros2_control
[0.702s] -- Install configuration: ""
[0.702s] -- Execute custom install script
[0.702s] -- Up-to-date symlink: /home/shrek/shrek_ws/install/gazebo_ros2_control/lib/libgazebo_ros2_control.so
[0.702s] -- Up-to-date symlink: /home/shrek/shrek_ws/install/gazebo_ros2_control/lib/libgazebo_hardware_plugins.so
[0.702s] -- Up-to-date symlink: /home/shrek/shrek_ws/install/gazebo_ros2_control/share/gazebo_ros2_control/environment/library_path.sh
[0.702s] -- Up-to-date symlink: /home/shrek/shrek_ws/install/gazebo_ros2_control/share/gazebo_ros2_control/environment/library_path.dsv
[0.703s] -- Up-to-date symlink: /home/shrek/shrek_ws/install/gazebo_ros2_control/include/gazebo_ros2_control/gazebo_ros2_control_plugin.hpp
[0.703s] -- Up-to-date symlink: /home/shrek/shrek_ws/install/gazebo_ros2_control/include/gazebo_ros2_control/gazebo_system.hpp
[0.703s] -- Up-to-date symlink: /home/shrek/shrek_ws/install/gazebo_ros2_control/include/gazebo_ros2_control/gazebo_system_interface.hpp
[0.704s] -- Up-to-date symlink: /home/shrek/shrek_ws/install/gazebo_ros2_control/share/gazebo_ros2_control//gazebo_hardware_plugins.xml
[0.704s] -- Up-to-date symlink: /home/shrek/shrek_ws/install/gazebo_ros2_control/share/ament_index/resource_index/package_run_dependencies/gazebo_ros2_control
[0.704s] -- Up-to-date symlink: /home/shrek/shrek_ws/install/gazebo_ros2_control/share/ament_index/resource_index/parent_prefix_path/gazebo_ros2_control
[0.704s] -- Up-to-date symlink: /home/shrek/shrek_ws/install/gazebo_ros2_control/share/gazebo_ros2_control/environment/ament_prefix_path.sh
[0.705s] -- Up-to-date symlink: /home/shrek/shrek_ws/install/gazebo_ros2_control/share/gazebo_ros2_control/environment/ament_prefix_path.dsv
[0.705s] -- Up-to-date symlink: /home/shrek/shrek_ws/install/gazebo_ros2_control/share/gazebo_ros2_control/environment/path.sh
[0.705s] -- Up-to-date symlink: /home/shrek/shrek_ws/install/gazebo_ros2_control/share/gazebo_ros2_control/environment/path.dsv
[0.706s] -- Up-to-date symlink: /home/shrek/shrek_ws/install/gazebo_ros2_control/share/gazebo_ros2_control/local_setup.bash
[0.706s] -- Up-to-date symlink: /home/shrek/shrek_ws/install/gazebo_ros2_control/share/gazebo_ros2_control/local_setup.sh
[0.706s] -- Up-to-date symlink: /home/shrek/shrek_ws/install/gazebo_ros2_control/share/gazebo_ros2_control/local_setup.zsh
[0.706s] -- Up-to-date symlink: /home/shrek/shrek_ws/install/gazebo_ros2_control/share/gazebo_ros2_control/local_setup.dsv
[0.707s] -- Symlinking: /home/shrek/shrek_ws/install/gazebo_ros2_control/share/gazebo_ros2_control/package.dsv
[0.718s] -- Up-to-date symlink: /home/shrek/shrek_ws/install/gazebo_ros2_control/share/ament_index/resource_index/packages/gazebo_ros2_control
[0.718s] -- Up-to-date symlink: /home/shrek/shrek_ws/install/gazebo_ros2_control/share/ament_index/resource_index/gazebo_ros2_control__pluginlib__plugin/gazebo_ros2_control
[0.719s] -- Up-to-date symlink: /home/shrek/shrek_ws/install/gazebo_ros2_control/share/gazebo_ros2_control/cmake/ament_cmake_export_include_directories-extras.cmake
[0.719s] -- Up-to-date symlink: /home/shrek/shrek_ws/install/gazebo_ros2_control/share/gazebo_ros2_control/cmake/ament_cmake_export_dependencies-extras.cmake
[0.719s] -- Up-to-date symlink: /home/shrek/shrek_ws/install/gazebo_ros2_control/share/gazebo_ros2_control/cmake/ament_cmake_export_libraries-extras.cmake
[0.720s] -- Up-to-date symlink: /home/shrek/shrek_ws/install/gazebo_ros2_control/share/gazebo_ros2_control/cmake/gazebo_ros2_controlConfig.cmake
[0.720s] -- Up-to-date symlink: /home/shrek/shrek_ws/install/gazebo_ros2_control/share/gazebo_ros2_control/cmake/gazebo_ros2_controlConfig-version.cmake
[0.720s] -- Up-to-date symlink: /home/shrek/shrek_ws/install/gazebo_ros2_control/share/gazebo_ros2_control/package.xml
[0.722s] Invoked command in '/home/shrek/shrek_ws/build/gazebo_ros2_control' returned '0': CMAKE_PREFIX_PATH=${CMAKE_PREFIX_PATH}:/opt/ros/foxy /usr/bin/cmake --install /home/shrek/shrek_ws/build/gazebo_ros2_control
