[0.037s] Invoking command in '/home/shrek/shrek_ws/build/diffdrive_arduino': AMENT_PREFIX_PATH=/home/shrek/shrek_ws/install/serial:${AMENT_PREFIX_PATH} CMAKE_PREFIX_PATH=/home/shrek/shrek_ws/install/serial:/opt/ros/foxy LD_LIBRARY_PATH=/home/shrek/shrek_ws/install/serial/lib:${LD_LIBRARY_PATH} /usr/bin/cmake --build /home/shrek/shrek_ws/build/diffdrive_arduino -- -j8 -l8
[0.126s] [ 85%] Built target fake_robot
[0.126s] [100%] Built target diffdrive_arduino
[0.140s] Invoked command in '/home/shrek/shrek_ws/build/diffdrive_arduino' returned '0': AMENT_PREFIX_PATH=/home/shrek/shrek_ws/install/serial:${AMENT_PREFIX_PATH} CMAKE_PREFIX_PATH=/home/shrek/shrek_ws/install/serial:/opt/ros/foxy LD_LIBRARY_PATH=/home/shrek/shrek_ws/install/serial/lib:${LD_LIBRARY_PATH} /usr/bin/cmake --build /home/shrek/shrek_ws/build/diffdrive_arduino -- -j8 -l8
[0.183s] Invoking command in '/home/shrek/shrek_ws/build/diffdrive_arduino': AMENT_PREFIX_PATH=/home/shrek/shrek_ws/install/serial:${AMENT_PREFIX_PATH} CMAKE_PREFIX_PATH=/home/shrek/shrek_ws/install/serial:/opt/ros/foxy LD_LIBRARY_PATH=/home/shrek/shrek_ws/install/serial/lib:${LD_LIBRARY_PATH} /usr/bin/cmake --install /home/shrek/shrek_ws/build/diffdrive_arduino
[0.199s] -- Install configuration: ""
[0.200s] -- Execute custom install script
[0.200s] -- Up-to-date symlink: /home/shrek/shrek_ws/install/diffdrive_arduino/share/diffdrive_arduino//robot_hardware.xml
[0.201s] -- Up-to-date symlink: /home/shrek/shrek_ws/install/diffdrive_arduino/share/diffdrive_arduino//fake_robot_hardware.xml
[0.201s] -- Up-to-date symlink: /home/shrek/shrek_ws/install/diffdrive_arduino/lib/libdiffdrive_arduino.so
[0.202s] -- Up-to-date symlink: /home/shrek/shrek_ws/install/diffdrive_arduino/lib/libfake_robot.so
[0.203s] -- Up-to-date symlink: /home/shrek/shrek_ws/install/diffdrive_arduino/share/diffdrive_arduino/controllers/robot_controller_example.yaml
[0.203s] -- Up-to-date symlink: /home/shrek/shrek_ws/install/diffdrive_arduino/share/diffdrive_arduino/fake_robot.launch.py
[0.203s] -- Up-to-date symlink: /home/shrek/shrek_ws/install/diffdrive_arduino/share/diffdrive_arduino/test_robot.launch.py
[0.204s] -- Up-to-date symlink: /home/shrek/shrek_ws/install/diffdrive_arduino/share/diffdrive_arduino/environment/library_path.sh
[0.204s] -- Up-to-date symlink: /home/shrek/shrek_ws/install/diffdrive_arduino/share/diffdrive_arduino/environment/library_path.dsv
[0.205s] -- Up-to-date symlink: /home/shrek/shrek_ws/install/diffdrive_arduino/share/ament_index/resource_index/package_run_dependencies/diffdrive_arduino
[0.205s] -- Up-to-date symlink: /home/shrek/shrek_ws/install/diffdrive_arduino/share/ament_index/resource_index/parent_prefix_path/diffdrive_arduino
[0.206s] -- Up-to-date symlink: /home/shrek/shrek_ws/install/diffdrive_arduino/share/diffdrive_arduino/environment/ament_prefix_path.sh
[0.206s] -- Up-to-date symlink: /home/shrek/shrek_ws/install/diffdrive_arduino/share/diffdrive_arduino/environment/ament_prefix_path.dsv
[0.207s] -- Up-to-date symlink: /home/shrek/shrek_ws/install/diffdrive_arduino/share/diffdrive_arduino/environment/path.sh
[0.207s] -- Up-to-date symlink: /home/shrek/shrek_ws/install/diffdrive_arduino/share/diffdrive_arduino/environment/path.dsv
[0.207s] -- Up-to-date symlink: /home/shrek/shrek_ws/install/diffdrive_arduino/share/diffdrive_arduino/local_setup.bash
[0.208s] -- Up-to-date symlink: /home/shrek/shrek_ws/install/diffdrive_arduino/share/diffdrive_arduino/local_setup.sh
[0.208s] -- Up-to-date symlink: /home/shrek/shrek_ws/install/diffdrive_arduino/share/diffdrive_arduino/local_setup.zsh
[0.208s] -- Up-to-date symlink: /home/shrek/shrek_ws/install/diffdrive_arduino/share/diffdrive_arduino/local_setup.dsv
[0.209s] -- Symlinking: /home/shrek/shrek_ws/install/diffdrive_arduino/share/diffdrive_arduino/package.dsv
[0.222s] -- Up-to-date symlink: /home/shrek/shrek_ws/install/diffdrive_arduino/share/ament_index/resource_index/packages/diffdrive_arduino
[0.223s] -- Up-to-date symlink: /home/shrek/shrek_ws/install/diffdrive_arduino/share/ament_index/resource_index/hardware_interface__pluginlib__plugin/diffdrive_arduino
[0.223s] -- Up-to-date symlink: /home/shrek/shrek_ws/install/diffdrive_arduino/share/diffdrive_arduino/cmake/ament_cmake_export_libraries-extras.cmake
[0.224s] -- Up-to-date symlink: /home/shrek/shrek_ws/install/diffdrive_arduino/share/diffdrive_arduino/cmake/ament_cmake_export_dependencies-extras.cmake
[0.224s] -- Up-to-date symlink: /home/shrek/shrek_ws/install/diffdrive_arduino/share/diffdrive_arduino/cmake/diffdrive_arduinoConfig.cmake
[0.225s] -- Up-to-date symlink: /home/shrek/shrek_ws/install/diffdrive_arduino/share/diffdrive_arduino/cmake/diffdrive_arduinoConfig-version.cmake
[0.225s] -- Up-to-date symlink: /home/shrek/shrek_ws/install/diffdrive_arduino/share/diffdrive_arduino/package.xml
[0.228s] Invoked command in '/home/shrek/shrek_ws/build/diffdrive_arduino' returned '0': AMENT_PREFIX_PATH=/home/shrek/shrek_ws/install/serial:${AMENT_PREFIX_PATH} CMAKE_PREFIX_PATH=/home/shrek/shrek_ws/install/serial:/opt/ros/foxy LD_LIBRARY_PATH=/home/shrek/shrek_ws/install/serial/lib:${LD_LIBRARY_PATH} /usr/bin/cmake --install /home/shrek/shrek_ws/build/diffdrive_arduino
