[0.903s] Invoking command in '/home/shrek/shrek_ws/src/follow_waypoints': PYTHONPATH=/home/shrek/shrek_ws/build/follow_waypoints/prefix_override:/home/shrek/shrek_ws/install/follow_waypoints/lib/python3.8/site-packages:${PYTHONPATH} /usr/bin/python3 setup.py egg_info --egg-base ../../build/follow_waypoints build --build-base /home/shrek/shrek_ws/build/follow_waypoints/build install --record /home/shrek/shrek_ws/build/follow_waypoints/install.log --install-scripts $base/lib/follow_waypoints --single-version-externally-managed
[1.109s] running egg_info
[1.109s] writing ../../build/follow_waypoints/follow_waypoints.egg-info/PKG-INFO
[1.110s] writing dependency_links to ../../build/follow_waypoints/follow_waypoints.egg-info/dependency_links.txt
[1.110s] writing entry points to ../../build/follow_waypoints/follow_waypoints.egg-info/entry_points.txt
[1.110s] writing requirements to ../../build/follow_waypoints/follow_waypoints.egg-info/requires.txt
[1.110s] writing top-level names to ../../build/follow_waypoints/follow_waypoints.egg-info/top_level.txt
[1.142s] reading manifest file '../../build/follow_waypoints/follow_waypoints.egg-info/SOURCES.txt'
[1.142s] writing manifest file '../../build/follow_waypoints/follow_waypoints.egg-info/SOURCES.txt'
[1.143s] running build
[1.143s] running build_py
[1.143s] copying follow_waypoints/basicfol.py -> /home/shrek/shrek_ws/build/follow_waypoints/build/lib/follow_waypoints
[1.143s] copying follow_waypoints/follow_waypoints.py -> /home/shrek/shrek_ws/build/follow_waypoints/build/lib/follow_waypoints
[1.143s] running install
[1.144s] running install_lib
[1.145s] copying /home/shrek/shrek_ws/build/follow_waypoints/build/lib/follow_waypoints/basicfol.py -> /home/shrek/shrek_ws/install/follow_waypoints/lib/python3.8/site-packages/follow_waypoints
[1.145s] copying /home/shrek/shrek_ws/build/follow_waypoints/build/lib/follow_waypoints/follow_waypoints.py -> /home/shrek/shrek_ws/install/follow_waypoints/lib/python3.8/site-packages/follow_waypoints
[1.146s] byte-compiling /home/shrek/shrek_ws/install/follow_waypoints/lib/python3.8/site-packages/follow_waypoints/basicfol.py to basicfol.cpython-38.pyc
[1.148s] byte-compiling /home/shrek/shrek_ws/install/follow_waypoints/lib/python3.8/site-packages/follow_waypoints/follow_waypoints.py to follow_waypoints.cpython-38.pyc
[1.149s] running install_data
[1.149s] copying config/follow_waypoints.yaml -> /home/shrek/shrek_ws/install/follow_waypoints/share/follow_waypoints/config
[1.150s] running install_egg_info
[1.151s] removing '/home/shrek/shrek_ws/install/follow_waypoints/lib/python3.8/site-packages/follow_waypoints-0.0.0-py3.8.egg-info' (and everything under it)
[1.151s] Copying ../../build/follow_waypoints/follow_waypoints.egg-info to /home/shrek/shrek_ws/install/follow_waypoints/lib/python3.8/site-packages/follow_waypoints-0.0.0-py3.8.egg-info
[1.152s] running install_scripts
[1.169s] Installing follow_waypoints_exe script to /home/shrek/shrek_ws/install/follow_waypoints/lib/follow_waypoints
[1.169s] writing list of installed files to '/home/shrek/shrek_ws/build/follow_waypoints/install.log'
[1.205s] Invoked command in '/home/shrek/shrek_ws/src/follow_waypoints' returned '0': PYTHONPATH=/home/shrek/shrek_ws/build/follow_waypoints/prefix_override:/home/shrek/shrek_ws/install/follow_waypoints/lib/python3.8/site-packages:${PYTHONPATH} /usr/bin/python3 setup.py egg_info --egg-base ../../build/follow_waypoints build --build-base /home/shrek/shrek_ws/build/follow_waypoints/build install --record /home/shrek/shrek_ws/build/follow_waypoints/install.log --install-scripts $base/lib/follow_waypoints --single-version-externally-managed
