[0.047s] Invoking command in '/home/shrek/shrek_ws/build/to_place': CMAKE_PREFIX_PATH=/opt/ros/foxy /usr/bin/cmake --build /home/shrek/shrek_ws/build/to_place -- -j8 -l8
[0.102s] Invoked command in '/home/shrek/shrek_ws/build/to_place' returned '0': CMAKE_PREFIX_PATH=/opt/ros/foxy /usr/bin/cmake --build /home/shrek/shrek_ws/build/to_place -- -j8 -l8
[0.148s] Invoking command in '/home/shrek/shrek_ws/build/to_place': CMAKE_PREFIX_PATH=/opt/ros/foxy /usr/bin/cmake --install /home/shrek/shrek_ws/build/to_place
[0.161s] -- Install configuration: ""
[0.162s] -- Execute custom install script
[0.162s] -- Up-to-date symlink: /home/shrek/shrek_ws/install/to_place/lib/to_place/toplace.py
[0.164s] -- Up-to-date symlink: /home/shrek/shrek_ws/install/to_place/share/ament_index/resource_index/package_run_dependencies/to_place
[0.164s] -- Up-to-date symlink: /home/shrek/shrek_ws/install/to_place/share/ament_index/resource_index/parent_prefix_path/to_place
[0.165s] -- Up-to-date symlink: /home/shrek/shrek_ws/install/to_place/share/to_place/environment/ament_prefix_path.sh
[0.165s] -- Up-to-date symlink: /home/shrek/shrek_ws/install/to_place/share/to_place/environment/ament_prefix_path.dsv
[0.166s] -- Up-to-date symlink: /home/shrek/shrek_ws/install/to_place/share/to_place/environment/path.sh
[0.166s] -- Up-to-date symlink: /home/shrek/shrek_ws/install/to_place/share/to_place/environment/path.dsv
[0.167s] -- Up-to-date symlink: /home/shrek/shrek_ws/install/to_place/share/to_place/local_setup.bash
[0.167s] -- Up-to-date symlink: /home/shrek/shrek_ws/install/to_place/share/to_place/local_setup.sh
[0.168s] -- Up-to-date symlink: /home/shrek/shrek_ws/install/to_place/share/to_place/local_setup.zsh
[0.169s] -- Up-to-date symlink: /home/shrek/shrek_ws/install/to_place/share/to_place/local_setup.dsv
[0.169s] -- Symlinking: /home/shrek/shrek_ws/install/to_place/share/to_place/package.dsv
[0.183s] -- Up-to-date symlink: /home/shrek/shrek_ws/install/to_place/share/ament_index/resource_index/packages/to_place
[0.184s] -- Up-to-date symlink: /home/shrek/shrek_ws/install/to_place/share/to_place/cmake/to_placeConfig.cmake
[0.184s] -- Up-to-date symlink: /home/shrek/shrek_ws/install/to_place/share/to_place/cmake/to_placeConfig-version.cmake
[0.185s] -- Up-to-date symlink: /home/shrek/shrek_ws/install/to_place/share/to_place/package.xml
[0.189s] Invoked command in '/home/shrek/shrek_ws/build/to_place' returned '0': CMAKE_PREFIX_PATH=/opt/ros/foxy /usr/bin/cmake --install /home/shrek/shrek_ws/build/to_place
