[0.134s] DEBUG:colcon:Command line arguments: ['/usr/bin/colcon', 'build']
[0.134s] DEBUG:colcon:Parsed command line arguments: Namespace(allow_overriding=[], ament_cmake_args=None, base_paths=['.'], build_base='build', catkin_cmake_args=None, catkin_skip_building_tests=False, cmake_args=None, cmake_clean_cache=False, cmake_clean_first=False, cmake_force_configure=False, cmake_target=None, cmake_target_skip_unavailable=False, continue_on_error=False, event_handlers=None, executor='parallel', ignore_user_meta=False, install_base='install', log_base=None, log_level=None, main=<bound method BuildVerb.main of <colcon_core.verb.build.BuildVerb object at 0x7f24fb9b1c40>>, merge_install=False, metas=['./colcon.meta'], packages_above=None, packages_above_and_dependencies=None, packages_above_depth=None, packages_end=None, packages_ignore=None, packages_ignore_regex=None, packages_select=None, packages_select_build_failed=False, packages_select_by_dep=None, packages_select_regex=None, packages_select_test_failures=False, packages_skip=None, packages_skip_build_finished=False, packages_skip_by_dep=None, packages_skip_regex=None, packages_skip_test_passed=False, packages_skip_up_to=None, packages_start=None, packages_up_to=None, packages_up_to_regex=None, parallel_workers=8, paths=None, symlink_install=False, test_result_base=None, verb_extension=<colcon_core.verb.build.BuildVerb object at 0x7f24fb9b1c40>, verb_name='build', verb_parser=<colcon_defaults.argument_parser.defaults.DefaultArgumentsDecorator object at 0x7f24fb9441f0>)
[0.156s] Level 1:colcon.colcon_core.package_discovery:discover_packages(colcon_meta) check parameters
[0.156s] Level 1:colcon.colcon_core.package_discovery:discover_packages(recursive) check parameters
[0.156s] Level 1:colcon.colcon_core.package_discovery:discover_packages(ignore) check parameters
[0.156s] Level 1:colcon.colcon_core.package_discovery:discover_packages(path) check parameters
[0.156s] Level 1:colcon.colcon_core.package_discovery:discover_packages(colcon_meta) discover
[0.156s] Level 1:colcon.colcon_core.package_discovery:discover_packages(recursive) discover
[0.156s] INFO:colcon.colcon_core.package_discovery:Crawling recursively for packages in '/home/shrek/shrek_ws'
[0.156s] Level 1:colcon.colcon_core.package_identification:_identify(.) by extensions ['ignore', 'ignore_ament_install']
[0.156s] Level 1:colcon.colcon_core.package_identification:_identify(.) by extension 'ignore'
[0.157s] Level 1:colcon.colcon_core.package_identification:_identify(.) by extension 'ignore_ament_install'
[0.157s] Level 1:colcon.colcon_core.package_identification:_identify(.) by extensions ['colcon_pkg']
[0.157s] Level 1:colcon.colcon_core.package_identification:_identify(.) by extension 'colcon_pkg'
[0.157s] Level 1:colcon.colcon_core.package_identification:_identify(.) by extensions ['colcon_meta']
[0.157s] Level 1:colcon.colcon_core.package_identification:_identify(.) by extension 'colcon_meta'
[0.157s] Level 1:colcon.colcon_core.package_identification:_identify(.) by extensions ['ros']
[0.157s] Level 1:colcon.colcon_core.package_identification:_identify(.) by extension 'ros'
[0.165s] Level 1:colcon.colcon_core.package_identification:_identify(.) by extensions ['cmake', 'python']
[0.165s] Level 1:colcon.colcon_core.package_identification:_identify(.) by extension 'cmake'
[0.165s] Level 1:colcon.colcon_core.package_identification:_identify(.) by extension 'python'
[0.165s] Level 1:colcon.colcon_core.package_identification:_identify(.) by extensions ['python_setup_py']
[0.165s] Level 1:colcon.colcon_core.package_identification:_identify(.) by extension 'python_setup_py'
[0.165s] Level 1:colcon.colcon_core.package_identification:_identify(build) by extensions ['ignore', 'ignore_ament_install']
[0.165s] Level 1:colcon.colcon_core.package_identification:_identify(build) by extension 'ignore'
[0.165s] Level 1:colcon.colcon_core.package_identification:_identify(build) ignored
[0.165s] Level 1:colcon.colcon_core.package_identification:_identify(install) by extensions ['ignore', 'ignore_ament_install']
[0.166s] Level 1:colcon.colcon_core.package_identification:_identify(install) by extension 'ignore'
[0.166s] Level 1:colcon.colcon_core.package_identification:_identify(install) ignored
[0.166s] Level 1:colcon.colcon_core.package_identification:_identify(log) by extensions ['ignore', 'ignore_ament_install']
[0.166s] Level 1:colcon.colcon_core.package_identification:_identify(log) by extension 'ignore'
[0.166s] Level 1:colcon.colcon_core.package_identification:_identify(log) ignored
[0.166s] Level 1:colcon.colcon_core.package_identification:_identify(src) by extensions ['ignore', 'ignore_ament_install']
[0.166s] Level 1:colcon.colcon_core.package_identification:_identify(src) by extension 'ignore'
[0.166s] Level 1:colcon.colcon_core.package_identification:_identify(src) by extension 'ignore_ament_install'
[0.166s] Level 1:colcon.colcon_core.package_identification:_identify(src) by extensions ['colcon_pkg']
[0.166s] Level 1:colcon.colcon_core.package_identification:_identify(src) by extension 'colcon_pkg'
[0.166s] Level 1:colcon.colcon_core.package_identification:_identify(src) by extensions ['colcon_meta']
[0.166s] Level 1:colcon.colcon_core.package_identification:_identify(src) by extension 'colcon_meta'
[0.166s] Level 1:colcon.colcon_core.package_identification:_identify(src) by extensions ['ros']
[0.166s] Level 1:colcon.colcon_core.package_identification:_identify(src) by extension 'ros'
[0.166s] Level 1:colcon.colcon_core.package_identification:_identify(src) by extensions ['cmake', 'python']
[0.166s] Level 1:colcon.colcon_core.package_identification:_identify(src) by extension 'cmake'
[0.166s] Level 1:colcon.colcon_core.package_identification:_identify(src) by extension 'python'
[0.166s] Level 1:colcon.colcon_core.package_identification:_identify(src) by extensions ['python_setup_py']
[0.166s] Level 1:colcon.colcon_core.package_identification:_identify(src) by extension 'python_setup_py'
[0.166s] Level 1:colcon.colcon_core.package_identification:_identify(src/diffdrive_arduino) by extensions ['ignore', 'ignore_ament_install']
[0.167s] Level 1:colcon.colcon_core.package_identification:_identify(src/diffdrive_arduino) by extension 'ignore'
[0.167s] Level 1:colcon.colcon_core.package_identification:_identify(src/diffdrive_arduino) by extension 'ignore_ament_install'
[0.167s] Level 1:colcon.colcon_core.package_identification:_identify(src/diffdrive_arduino) by extensions ['colcon_pkg']
[0.167s] Level 1:colcon.colcon_core.package_identification:_identify(src/diffdrive_arduino) by extension 'colcon_pkg'
[0.167s] Level 1:colcon.colcon_core.package_identification:_identify(src/diffdrive_arduino) by extensions ['colcon_meta']
[0.167s] Level 1:colcon.colcon_core.package_identification:_identify(src/diffdrive_arduino) by extension 'colcon_meta'
[0.167s] Level 1:colcon.colcon_core.package_identification:_identify(src/diffdrive_arduino) by extensions ['ros']
[0.167s] Level 1:colcon.colcon_core.package_identification:_identify(src/diffdrive_arduino) by extension 'ros'
[0.169s] DEBUG:colcon.colcon_core.package_identification:Package 'src/diffdrive_arduino' with type 'ros.ament_cmake' and name 'diffdrive_arduino'
[0.170s] Level 1:colcon.colcon_core.package_identification:_identify(src/follow_waypoints) by extensions ['ignore', 'ignore_ament_install']
[0.170s] Level 1:colcon.colcon_core.package_identification:_identify(src/follow_waypoints) by extension 'ignore'
[0.170s] Level 1:colcon.colcon_core.package_identification:_identify(src/follow_waypoints) by extension 'ignore_ament_install'
[0.170s] Level 1:colcon.colcon_core.package_identification:_identify(src/follow_waypoints) by extensions ['colcon_pkg']
[0.170s] Level 1:colcon.colcon_core.package_identification:_identify(src/follow_waypoints) by extension 'colcon_pkg'
[0.170s] Level 1:colcon.colcon_core.package_identification:_identify(src/follow_waypoints) by extensions ['colcon_meta']
[0.170s] Level 1:colcon.colcon_core.package_identification:_identify(src/follow_waypoints) by extension 'colcon_meta'
[0.170s] Level 1:colcon.colcon_core.package_identification:_identify(src/follow_waypoints) by extensions ['ros']
[0.170s] Level 1:colcon.colcon_core.package_identification:_identify(src/follow_waypoints) by extension 'ros'
[0.170s] DEBUG:colcon.colcon_core.package_identification:Package 'src/follow_waypoints' with type 'ros.ament_python' and name 'follow_waypoints'
[0.170s] Level 1:colcon.colcon_core.package_identification:_identify(src/gazebo_ros2_control) by extensions ['ignore', 'ignore_ament_install']
[0.170s] Level 1:colcon.colcon_core.package_identification:_identify(src/gazebo_ros2_control) by extension 'ignore'
[0.170s] Level 1:colcon.colcon_core.package_identification:_identify(src/gazebo_ros2_control) by extension 'ignore_ament_install'
[0.170s] Level 1:colcon.colcon_core.package_identification:_identify(src/gazebo_ros2_control) by extensions ['colcon_pkg']
[0.171s] Level 1:colcon.colcon_core.package_identification:_identify(src/gazebo_ros2_control) by extension 'colcon_pkg'
[0.171s] Level 1:colcon.colcon_core.package_identification:_identify(src/gazebo_ros2_control) by extensions ['colcon_meta']
[0.171s] Level 1:colcon.colcon_core.package_identification:_identify(src/gazebo_ros2_control) by extension 'colcon_meta'
[0.171s] Level 1:colcon.colcon_core.package_identification:_identify(src/gazebo_ros2_control) by extensions ['ros']
[0.171s] Level 1:colcon.colcon_core.package_identification:_identify(src/gazebo_ros2_control) by extension 'ros'
[0.171s] Level 1:colcon.colcon_core.package_identification:_identify(src/gazebo_ros2_control) by extensions ['cmake', 'python']
[0.171s] Level 1:colcon.colcon_core.package_identification:_identify(src/gazebo_ros2_control) by extension 'cmake'
[0.171s] Level 1:colcon.colcon_core.package_identification:_identify(src/gazebo_ros2_control) by extension 'python'
[0.171s] Level 1:colcon.colcon_core.package_identification:_identify(src/gazebo_ros2_control) by extensions ['python_setup_py']
[0.171s] Level 1:colcon.colcon_core.package_identification:_identify(src/gazebo_ros2_control) by extension 'python_setup_py'
[0.171s] Level 1:colcon.colcon_core.package_identification:_identify(src/gazebo_ros2_control/Docker) by extensions ['ignore', 'ignore_ament_install']
[0.171s] Level 1:colcon.colcon_core.package_identification:_identify(src/gazebo_ros2_control/Docker) by extension 'ignore'
[0.171s] Level 1:colcon.colcon_core.package_identification:_identify(src/gazebo_ros2_control/Docker) by extension 'ignore_ament_install'
[0.171s] Level 1:colcon.colcon_core.package_identification:_identify(src/gazebo_ros2_control/Docker) by extensions ['colcon_pkg']
[0.171s] Level 1:colcon.colcon_core.package_identification:_identify(src/gazebo_ros2_control/Docker) by extension 'colcon_pkg'
[0.171s] Level 1:colcon.colcon_core.package_identification:_identify(src/gazebo_ros2_control/Docker) by extensions ['colcon_meta']
[0.171s] Level 1:colcon.colcon_core.package_identification:_identify(src/gazebo_ros2_control/Docker) by extension 'colcon_meta'
[0.171s] Level 1:colcon.colcon_core.package_identification:_identify(src/gazebo_ros2_control/Docker) by extensions ['ros']
[0.171s] Level 1:colcon.colcon_core.package_identification:_identify(src/gazebo_ros2_control/Docker) by extension 'ros'
[0.171s] Level 1:colcon.colcon_core.package_identification:_identify(src/gazebo_ros2_control/Docker) by extensions ['cmake', 'python']
[0.171s] Level 1:colcon.colcon_core.package_identification:_identify(src/gazebo_ros2_control/Docker) by extension 'cmake'
[0.171s] Level 1:colcon.colcon_core.package_identification:_identify(src/gazebo_ros2_control/Docker) by extension 'python'
[0.171s] Level 1:colcon.colcon_core.package_identification:_identify(src/gazebo_ros2_control/Docker) by extensions ['python_setup_py']
[0.171s] Level 1:colcon.colcon_core.package_identification:_identify(src/gazebo_ros2_control/Docker) by extension 'python_setup_py'
[0.171s] Level 1:colcon.colcon_core.package_identification:_identify(src/gazebo_ros2_control/gazebo_ros2_control) by extensions ['ignore', 'ignore_ament_install']
[0.171s] Level 1:colcon.colcon_core.package_identification:_identify(src/gazebo_ros2_control/gazebo_ros2_control) by extension 'ignore'
[0.171s] Level 1:colcon.colcon_core.package_identification:_identify(src/gazebo_ros2_control/gazebo_ros2_control) by extension 'ignore_ament_install'
[0.172s] Level 1:colcon.colcon_core.package_identification:_identify(src/gazebo_ros2_control/gazebo_ros2_control) by extensions ['colcon_pkg']
[0.172s] Level 1:colcon.colcon_core.package_identification:_identify(src/gazebo_ros2_control/gazebo_ros2_control) by extension 'colcon_pkg'
[0.172s] Level 1:colcon.colcon_core.package_identification:_identify(src/gazebo_ros2_control/gazebo_ros2_control) by extensions ['colcon_meta']
[0.172s] Level 1:colcon.colcon_core.package_identification:_identify(src/gazebo_ros2_control/gazebo_ros2_control) by extension 'colcon_meta'
[0.172s] Level 1:colcon.colcon_core.package_identification:_identify(src/gazebo_ros2_control/gazebo_ros2_control) by extensions ['ros']
[0.172s] Level 1:colcon.colcon_core.package_identification:_identify(src/gazebo_ros2_control/gazebo_ros2_control) by extension 'ros'
[0.174s] DEBUG:colcon.colcon_core.package_identification:Package 'src/gazebo_ros2_control/gazebo_ros2_control' with type 'ros.ament_cmake' and name 'gazebo_ros2_control'
[0.174s] Level 1:colcon.colcon_core.package_identification:_identify(src/gazebo_ros2_control/gazebo_ros2_control_demos) by extensions ['ignore', 'ignore_ament_install']
[0.174s] Level 1:colcon.colcon_core.package_identification:_identify(src/gazebo_ros2_control/gazebo_ros2_control_demos) by extension 'ignore'
[0.174s] Level 1:colcon.colcon_core.package_identification:_identify(src/gazebo_ros2_control/gazebo_ros2_control_demos) by extension 'ignore_ament_install'
[0.174s] Level 1:colcon.colcon_core.package_identification:_identify(src/gazebo_ros2_control/gazebo_ros2_control_demos) by extensions ['colcon_pkg']
[0.174s] Level 1:colcon.colcon_core.package_identification:_identify(src/gazebo_ros2_control/gazebo_ros2_control_demos) by extension 'colcon_pkg'
[0.174s] Level 1:colcon.colcon_core.package_identification:_identify(src/gazebo_ros2_control/gazebo_ros2_control_demos) by extensions ['colcon_meta']
[0.174s] Level 1:colcon.colcon_core.package_identification:_identify(src/gazebo_ros2_control/gazebo_ros2_control_demos) by extension 'colcon_meta'
[0.174s] Level 1:colcon.colcon_core.package_identification:_identify(src/gazebo_ros2_control/gazebo_ros2_control_demos) by extensions ['ros']
[0.174s] Level 1:colcon.colcon_core.package_identification:_identify(src/gazebo_ros2_control/gazebo_ros2_control_demos) by extension 'ros'
[0.175s] DEBUG:colcon.colcon_core.package_identification:Package 'src/gazebo_ros2_control/gazebo_ros2_control_demos' with type 'ros.ament_cmake' and name 'gazebo_ros2_control_demos'
[0.175s] Level 1:colcon.colcon_core.package_identification:_identify(src/gazebo_ros2_control/img) by extensions ['ignore', 'ignore_ament_install']
[0.175s] Level 1:colcon.colcon_core.package_identification:_identify(src/gazebo_ros2_control/img) by extension 'ignore'
[0.175s] Level 1:colcon.colcon_core.package_identification:_identify(src/gazebo_ros2_control/img) by extension 'ignore_ament_install'
[0.175s] Level 1:colcon.colcon_core.package_identification:_identify(src/gazebo_ros2_control/img) by extensions ['colcon_pkg']
[0.175s] Level 1:colcon.colcon_core.package_identification:_identify(src/gazebo_ros2_control/img) by extension 'colcon_pkg'
[0.175s] Level 1:colcon.colcon_core.package_identification:_identify(src/gazebo_ros2_control/img) by extensions ['colcon_meta']
[0.175s] Level 1:colcon.colcon_core.package_identification:_identify(src/gazebo_ros2_control/img) by extension 'colcon_meta'
[0.175s] Level 1:colcon.colcon_core.package_identification:_identify(src/gazebo_ros2_control/img) by extensions ['ros']
[0.175s] Level 1:colcon.colcon_core.package_identification:_identify(src/gazebo_ros2_control/img) by extension 'ros'
[0.175s] Level 1:colcon.colcon_core.package_identification:_identify(src/gazebo_ros2_control/img) by extensions ['cmake', 'python']
[0.175s] Level 1:colcon.colcon_core.package_identification:_identify(src/gazebo_ros2_control/img) by extension 'cmake'
[0.175s] Level 1:colcon.colcon_core.package_identification:_identify(src/gazebo_ros2_control/img) by extension 'python'
[0.175s] Level 1:colcon.colcon_core.package_identification:_identify(src/gazebo_ros2_control/img) by extensions ['python_setup_py']
[0.175s] Level 1:colcon.colcon_core.package_identification:_identify(src/gazebo_ros2_control/img) by extension 'python_setup_py'
[0.175s] Level 1:colcon.colcon_core.package_identification:_identify(src/goalxy) by extensions ['ignore', 'ignore_ament_install']
[0.175s] Level 1:colcon.colcon_core.package_identification:_identify(src/goalxy) by extension 'ignore'
[0.175s] Level 1:colcon.colcon_core.package_identification:_identify(src/goalxy) by extension 'ignore_ament_install'
[0.175s] Level 1:colcon.colcon_core.package_identification:_identify(src/goalxy) by extensions ['colcon_pkg']
[0.176s] Level 1:colcon.colcon_core.package_identification:_identify(src/goalxy) by extension 'colcon_pkg'
[0.176s] Level 1:colcon.colcon_core.package_identification:_identify(src/goalxy) by extensions ['colcon_meta']
[0.176s] Level 1:colcon.colcon_core.package_identification:_identify(src/goalxy) by extension 'colcon_meta'
[0.176s] Level 1:colcon.colcon_core.package_identification:_identify(src/goalxy) by extensions ['ros']
[0.176s] Level 1:colcon.colcon_core.package_identification:_identify(src/goalxy) by extension 'ros'
[0.176s] DEBUG:colcon.colcon_core.package_identification:Package 'src/goalxy' with type 'ros.ament_cmake' and name 'goalxy'
[0.176s] Level 1:colcon.colcon_core.package_identification:_identify(src/my_bot) by extensions ['ignore', 'ignore_ament_install']
[0.176s] Level 1:colcon.colcon_core.package_identification:_identify(src/my_bot) by extension 'ignore'
[0.176s] Level 1:colcon.colcon_core.package_identification:_identify(src/my_bot) by extension 'ignore_ament_install'
[0.176s] Level 1:colcon.colcon_core.package_identification:_identify(src/my_bot) by extensions ['colcon_pkg']
[0.176s] Level 1:colcon.colcon_core.package_identification:_identify(src/my_bot) by extension 'colcon_pkg'
[0.176s] Level 1:colcon.colcon_core.package_identification:_identify(src/my_bot) by extensions ['colcon_meta']
[0.176s] Level 1:colcon.colcon_core.package_identification:_identify(src/my_bot) by extension 'colcon_meta'
[0.176s] Level 1:colcon.colcon_core.package_identification:_identify(src/my_bot) by extensions ['ros']
[0.176s] Level 1:colcon.colcon_core.package_identification:_identify(src/my_bot) by extension 'ros'
[0.177s] DEBUG:colcon.colcon_core.package_identification:Package 'src/my_bot' with type 'ros.ament_cmake' and name 'my_bot'
[0.177s] Level 1:colcon.colcon_core.package_identification:_identify(src/serial) by extensions ['ignore', 'ignore_ament_install']
[0.177s] Level 1:colcon.colcon_core.package_identification:_identify(src/serial) by extension 'ignore'
[0.177s] Level 1:colcon.colcon_core.package_identification:_identify(src/serial) by extension 'ignore_ament_install'
[0.177s] Level 1:colcon.colcon_core.package_identification:_identify(src/serial) by extensions ['colcon_pkg']
[0.177s] Level 1:colcon.colcon_core.package_identification:_identify(src/serial) by extension 'colcon_pkg'
[0.177s] Level 1:colcon.colcon_core.package_identification:_identify(src/serial) by extensions ['colcon_meta']
[0.177s] Level 1:colcon.colcon_core.package_identification:_identify(src/serial) by extension 'colcon_meta'
[0.177s] Level 1:colcon.colcon_core.package_identification:_identify(src/serial) by extensions ['ros']
[0.177s] Level 1:colcon.colcon_core.package_identification:_identify(src/serial) by extension 'ros'
[0.193s] DEBUG:colcon.colcon_core.package_identification:Package 'src/serial' with type 'ros.ament_cmake' and name 'serial'
[0.193s] Level 1:colcon.colcon_core.package_identification:_identify(src/to_place) by extensions ['ignore', 'ignore_ament_install']
[0.193s] Level 1:colcon.colcon_core.package_identification:_identify(src/to_place) by extension 'ignore'
[0.193s] Level 1:colcon.colcon_core.package_identification:_identify(src/to_place) by extension 'ignore_ament_install'
[0.193s] Level 1:colcon.colcon_core.package_identification:_identify(src/to_place) by extensions ['colcon_pkg']
[0.193s] Level 1:colcon.colcon_core.package_identification:_identify(src/to_place) by extension 'colcon_pkg'
[0.193s] Level 1:colcon.colcon_core.package_identification:_identify(src/to_place) by extensions ['colcon_meta']
[0.193s] Level 1:colcon.colcon_core.package_identification:_identify(src/to_place) by extension 'colcon_meta'
[0.193s] Level 1:colcon.colcon_core.package_identification:_identify(src/to_place) by extensions ['ros']
[0.193s] Level 1:colcon.colcon_core.package_identification:_identify(src/to_place) by extension 'ros'
[0.194s] DEBUG:colcon.colcon_core.package_identification:Package 'src/to_place' with type 'ros.ament_cmake' and name 'to_place'
[0.194s] Level 1:colcon.colcon_core.package_discovery:discover_packages(recursive) using defaults
[0.194s] Level 1:colcon.colcon_core.package_discovery:discover_packages(ignore) discover
[0.194s] Level 1:colcon.colcon_core.package_discovery:discover_packages(ignore) using defaults
[0.194s] Level 1:colcon.colcon_core.package_discovery:discover_packages(path) discover
[0.194s] Level 1:colcon.colcon_core.package_discovery:discover_packages(path) using defaults
[0.211s] Level 1:colcon.colcon_core.package_discovery:discover_packages(prefix_path) check parameters
[0.211s] Level 1:colcon.colcon_core.package_discovery:discover_packages(prefix_path) discover
[0.214s] DEBUG:colcon.colcon_installed_package_information.package_discovery:Found 9 installed packages in /home/shrek/shrek_ws/install
[0.216s] DEBUG:colcon.colcon_installed_package_information.package_discovery:Found 323 installed packages in /opt/ros/foxy
[0.217s] Level 1:colcon.colcon_core.package_discovery:discover_packages(prefix_path) using defaults
[0.276s] Level 5:colcon.colcon_core.verb:set package 'follow_waypoints' build argument 'cmake_args' from command line to 'None'
[0.276s] Level 5:colcon.colcon_core.verb:set package 'follow_waypoints' build argument 'cmake_target' from command line to 'None'
[0.276s] Level 5:colcon.colcon_core.verb:set package 'follow_waypoints' build argument 'cmake_target_skip_unavailable' from command line to 'False'
[0.276s] Level 5:colcon.colcon_core.verb:set package 'follow_waypoints' build argument 'cmake_clean_cache' from command line to 'False'
[0.276s] Level 5:colcon.colcon_core.verb:set package 'follow_waypoints' build argument 'cmake_clean_first' from command line to 'False'
[0.276s] Level 5:colcon.colcon_core.verb:set package 'follow_waypoints' build argument 'cmake_force_configure' from command line to 'False'
[0.276s] Level 5:colcon.colcon_core.verb:set package 'follow_waypoints' build argument 'ament_cmake_args' from command line to 'None'
[0.276s] Level 5:colcon.colcon_core.verb:set package 'follow_waypoints' build argument 'catkin_cmake_args' from command line to 'None'
[0.276s] Level 5:colcon.colcon_core.verb:set package 'follow_waypoints' build argument 'catkin_skip_building_tests' from command line to 'False'
[0.276s] DEBUG:colcon.colcon_core.verb:Building package 'follow_waypoints' with the following arguments: {'ament_cmake_args': None, 'build_base': '/home/shrek/shrek_ws/build/follow_waypoints', 'catkin_cmake_args': None, 'catkin_skip_building_tests': False, 'cmake_args': None, 'cmake_clean_cache': False, 'cmake_clean_first': False, 'cmake_force_configure': False, 'cmake_target': None, 'cmake_target_skip_unavailable': False, 'install_base': '/home/shrek/shrek_ws/install/follow_waypoints', 'merge_install': False, 'path': '/home/shrek/shrek_ws/src/follow_waypoints', 'symlink_install': False, 'test_result_base': None}
[0.277s] Level 5:colcon.colcon_core.verb:set package 'gazebo_ros2_control' build argument 'cmake_args' from command line to 'None'
[0.277s] Level 5:colcon.colcon_core.verb:set package 'gazebo_ros2_control' build argument 'cmake_target' from command line to 'None'
[0.277s] Level 5:colcon.colcon_core.verb:set package 'gazebo_ros2_control' build argument 'cmake_target_skip_unavailable' from command line to 'False'
[0.277s] Level 5:colcon.colcon_core.verb:set package 'gazebo_ros2_control' build argument 'cmake_clean_cache' from command line to 'False'
[0.277s] Level 5:colcon.colcon_core.verb:set package 'gazebo_ros2_control' build argument 'cmake_clean_first' from command line to 'False'
[0.277s] Level 5:colcon.colcon_core.verb:set package 'gazebo_ros2_control' build argument 'cmake_force_configure' from command line to 'False'
[0.277s] Level 5:colcon.colcon_core.verb:set package 'gazebo_ros2_control' build argument 'ament_cmake_args' from command line to 'None'
[0.277s] Level 5:colcon.colcon_core.verb:set package 'gazebo_ros2_control' build argument 'catkin_cmake_args' from command line to 'None'
[0.277s] Level 5:colcon.colcon_core.verb:set package 'gazebo_ros2_control' build argument 'catkin_skip_building_tests' from command line to 'False'
[0.278s] DEBUG:colcon.colcon_core.verb:Building package 'gazebo_ros2_control' with the following arguments: {'ament_cmake_args': None, 'build_base': '/home/shrek/shrek_ws/build/gazebo_ros2_control', 'catkin_cmake_args': None, 'catkin_skip_building_tests': False, 'cmake_args': None, 'cmake_clean_cache': False, 'cmake_clean_first': False, 'cmake_force_configure': False, 'cmake_target': None, 'cmake_target_skip_unavailable': False, 'install_base': '/home/shrek/shrek_ws/install/gazebo_ros2_control', 'merge_install': False, 'path': '/home/shrek/shrek_ws/src/gazebo_ros2_control/gazebo_ros2_control', 'symlink_install': False, 'test_result_base': None}
[0.278s] Level 5:colcon.colcon_core.verb:set package 'goalxy' build argument 'cmake_args' from command line to 'None'
[0.278s] Level 5:colcon.colcon_core.verb:set package 'goalxy' build argument 'cmake_target' from command line to 'None'
[0.278s] Level 5:colcon.colcon_core.verb:set package 'goalxy' build argument 'cmake_target_skip_unavailable' from command line to 'False'
[0.278s] Level 5:colcon.colcon_core.verb:set package 'goalxy' build argument 'cmake_clean_cache' from command line to 'False'
[0.278s] Level 5:colcon.colcon_core.verb:set package 'goalxy' build argument 'cmake_clean_first' from command line to 'False'
[0.279s] Level 5:colcon.colcon_core.verb:set package 'goalxy' build argument 'cmake_force_configure' from command line to 'False'
[0.279s] Level 5:colcon.colcon_core.verb:set package 'goalxy' build argument 'ament_cmake_args' from command line to 'None'
[0.279s] Level 5:colcon.colcon_core.verb:set package 'goalxy' build argument 'catkin_cmake_args' from command line to 'None'
[0.279s] Level 5:colcon.colcon_core.verb:set package 'goalxy' build argument 'catkin_skip_building_tests' from command line to 'False'
[0.279s] DEBUG:colcon.colcon_core.verb:Building package 'goalxy' with the following arguments: {'ament_cmake_args': None, 'build_base': '/home/shrek/shrek_ws/build/goalxy', 'catkin_cmake_args': None, 'catkin_skip_building_tests': False, 'cmake_args': None, 'cmake_clean_cache': False, 'cmake_clean_first': False, 'cmake_force_configure': False, 'cmake_target': None, 'cmake_target_skip_unavailable': False, 'install_base': '/home/shrek/shrek_ws/install/goalxy', 'merge_install': False, 'path': '/home/shrek/shrek_ws/src/goalxy', 'symlink_install': False, 'test_result_base': None}
[0.279s] Level 5:colcon.colcon_core.verb:set package 'my_bot' build argument 'cmake_args' from command line to 'None'
[0.279s] Level 5:colcon.colcon_core.verb:set package 'my_bot' build argument 'cmake_target' from command line to 'None'
[0.279s] Level 5:colcon.colcon_core.verb:set package 'my_bot' build argument 'cmake_target_skip_unavailable' from command line to 'False'
[0.279s] Level 5:colcon.colcon_core.verb:set package 'my_bot' build argument 'cmake_clean_cache' from command line to 'False'
[0.279s] Level 5:colcon.colcon_core.verb:set package 'my_bot' build argument 'cmake_clean_first' from command line to 'False'
[0.279s] Level 5:colcon.colcon_core.verb:set package 'my_bot' build argument 'cmake_force_configure' from command line to 'False'
[0.279s] Level 5:colcon.colcon_core.verb:set package 'my_bot' build argument 'ament_cmake_args' from command line to 'None'
[0.279s] Level 5:colcon.colcon_core.verb:set package 'my_bot' build argument 'catkin_cmake_args' from command line to 'None'
[0.279s] Level 5:colcon.colcon_core.verb:set package 'my_bot' build argument 'catkin_skip_building_tests' from command line to 'False'
[0.280s] DEBUG:colcon.colcon_core.verb:Building package 'my_bot' with the following arguments: {'ament_cmake_args': None, 'build_base': '/home/shrek/shrek_ws/build/my_bot', 'catkin_cmake_args': None, 'catkin_skip_building_tests': False, 'cmake_args': None, 'cmake_clean_cache': False, 'cmake_clean_first': False, 'cmake_force_configure': False, 'cmake_target': None, 'cmake_target_skip_unavailable': False, 'install_base': '/home/shrek/shrek_ws/install/my_bot', 'merge_install': False, 'path': '/home/shrek/shrek_ws/src/my_bot', 'symlink_install': False, 'test_result_base': None}
[0.280s] Level 5:colcon.colcon_core.verb:set package 'serial' build argument 'cmake_args' from command line to 'None'
[0.280s] Level 5:colcon.colcon_core.verb:set package 'serial' build argument 'cmake_target' from command line to 'None'
[0.280s] Level 5:colcon.colcon_core.verb:set package 'serial' build argument 'cmake_target_skip_unavailable' from command line to 'False'
[0.280s] Level 5:colcon.colcon_core.verb:set package 'serial' build argument 'cmake_clean_cache' from command line to 'False'
[0.280s] Level 5:colcon.colcon_core.verb:set package 'serial' build argument 'cmake_clean_first' from command line to 'False'
[0.280s] Level 5:colcon.colcon_core.verb:set package 'serial' build argument 'cmake_force_configure' from command line to 'False'
[0.280s] Level 5:colcon.colcon_core.verb:set package 'serial' build argument 'ament_cmake_args' from command line to 'None'
[0.280s] Level 5:colcon.colcon_core.verb:set package 'serial' build argument 'catkin_cmake_args' from command line to 'None'
[0.280s] Level 5:colcon.colcon_core.verb:set package 'serial' build argument 'catkin_skip_building_tests' from command line to 'False'
[0.280s] DEBUG:colcon.colcon_core.verb:Building package 'serial' with the following arguments: {'ament_cmake_args': None, 'build_base': '/home/shrek/shrek_ws/build/serial', 'catkin_cmake_args': None, 'catkin_skip_building_tests': False, 'cmake_args': None, 'cmake_clean_cache': False, 'cmake_clean_first': False, 'cmake_force_configure': False, 'cmake_target': None, 'cmake_target_skip_unavailable': False, 'install_base': '/home/shrek/shrek_ws/install/serial', 'merge_install': False, 'path': '/home/shrek/shrek_ws/src/serial', 'symlink_install': False, 'test_result_base': None}
[0.281s] Level 5:colcon.colcon_core.verb:set package 'to_place' build argument 'cmake_args' from command line to 'None'
[0.281s] Level 5:colcon.colcon_core.verb:set package 'to_place' build argument 'cmake_target' from command line to 'None'
[0.281s] Level 5:colcon.colcon_core.verb:set package 'to_place' build argument 'cmake_target_skip_unavailable' from command line to 'False'
[0.281s] Level 5:colcon.colcon_core.verb:set package 'to_place' build argument 'cmake_clean_cache' from command line to 'False'
[0.281s] Level 5:colcon.colcon_core.verb:set package 'to_place' build argument 'cmake_clean_first' from command line to 'False'
[0.281s] Level 5:colcon.colcon_core.verb:set package 'to_place' build argument 'cmake_force_configure' from command line to 'False'
[0.281s] Level 5:colcon.colcon_core.verb:set package 'to_place' build argument 'ament_cmake_args' from command line to 'None'
[0.281s] Level 5:colcon.colcon_core.verb:set package 'to_place' build argument 'catkin_cmake_args' from command line to 'None'
[0.281s] Level 5:colcon.colcon_core.verb:set package 'to_place' build argument 'catkin_skip_building_tests' from command line to 'False'
[0.281s] DEBUG:colcon.colcon_core.verb:Building package 'to_place' with the following arguments: {'ament_cmake_args': None, 'build_base': '/home/shrek/shrek_ws/build/to_place', 'catkin_cmake_args': None, 'catkin_skip_building_tests': False, 'cmake_args': None, 'cmake_clean_cache': False, 'cmake_clean_first': False, 'cmake_force_configure': False, 'cmake_target': None, 'cmake_target_skip_unavailable': False, 'install_base': '/home/shrek/shrek_ws/install/to_place', 'merge_install': False, 'path': '/home/shrek/shrek_ws/src/to_place', 'symlink_install': False, 'test_result_base': None}
[0.282s] Level 5:colcon.colcon_core.verb:set package 'diffdrive_arduino' build argument 'cmake_args' from command line to 'None'
[0.282s] Level 5:colcon.colcon_core.verb:set package 'diffdrive_arduino' build argument 'cmake_target' from command line to 'None'
[0.282s] Level 5:colcon.colcon_core.verb:set package 'diffdrive_arduino' build argument 'cmake_target_skip_unavailable' from command line to 'False'
[0.282s] Level 5:colcon.colcon_core.verb:set package 'diffdrive_arduino' build argument 'cmake_clean_cache' from command line to 'False'
[0.282s] Level 5:colcon.colcon_core.verb:set package 'diffdrive_arduino' build argument 'cmake_clean_first' from command line to 'False'
[0.282s] Level 5:colcon.colcon_core.verb:set package 'diffdrive_arduino' build argument 'cmake_force_configure' from command line to 'False'
[0.282s] Level 5:colcon.colcon_core.verb:set package 'diffdrive_arduino' build argument 'ament_cmake_args' from command line to 'None'
[0.282s] Level 5:colcon.colcon_core.verb:set package 'diffdrive_arduino' build argument 'catkin_cmake_args' from command line to 'None'
[0.282s] Level 5:colcon.colcon_core.verb:set package 'diffdrive_arduino' build argument 'catkin_skip_building_tests' from command line to 'False'
[0.282s] DEBUG:colcon.colcon_core.verb:Building package 'diffdrive_arduino' with the following arguments: {'ament_cmake_args': None, 'build_base': '/home/shrek/shrek_ws/build/diffdrive_arduino', 'catkin_cmake_args': None, 'catkin_skip_building_tests': False, 'cmake_args': None, 'cmake_clean_cache': False, 'cmake_clean_first': False, 'cmake_force_configure': False, 'cmake_target': None, 'cmake_target_skip_unavailable': False, 'install_base': '/home/shrek/shrek_ws/install/diffdrive_arduino', 'merge_install': False, 'path': '/home/shrek/shrek_ws/src/diffdrive_arduino', 'symlink_install': False, 'test_result_base': None}
[0.283s] Level 5:colcon.colcon_core.verb:set package 'gazebo_ros2_control_demos' build argument 'cmake_args' from command line to 'None'
[0.283s] Level 5:colcon.colcon_core.verb:set package 'gazebo_ros2_control_demos' build argument 'cmake_target' from command line to 'None'
[0.283s] Level 5:colcon.colcon_core.verb:set package 'gazebo_ros2_control_demos' build argument 'cmake_target_skip_unavailable' from command line to 'False'
[0.283s] Level 5:colcon.colcon_core.verb:set package 'gazebo_ros2_control_demos' build argument 'cmake_clean_cache' from command line to 'False'
[0.283s] Level 5:colcon.colcon_core.verb:set package 'gazebo_ros2_control_demos' build argument 'cmake_clean_first' from command line to 'False'
[0.283s] Level 5:colcon.colcon_core.verb:set package 'gazebo_ros2_control_demos' build argument 'cmake_force_configure' from command line to 'False'
[0.283s] Level 5:colcon.colcon_core.verb:set package 'gazebo_ros2_control_demos' build argument 'ament_cmake_args' from command line to 'None'
[0.283s] Level 5:colcon.colcon_core.verb:set package 'gazebo_ros2_control_demos' build argument 'catkin_cmake_args' from command line to 'None'
[0.283s] Level 5:colcon.colcon_core.verb:set package 'gazebo_ros2_control_demos' build argument 'catkin_skip_building_tests' from command line to 'False'
[0.283s] DEBUG:colcon.colcon_core.verb:Building package 'gazebo_ros2_control_demos' with the following arguments: {'ament_cmake_args': None, 'build_base': '/home/shrek/shrek_ws/build/gazebo_ros2_control_demos', 'catkin_cmake_args': None, 'catkin_skip_building_tests': False, 'cmake_args': None, 'cmake_clean_cache': False, 'cmake_clean_first': False, 'cmake_force_configure': False, 'cmake_target': None, 'cmake_target_skip_unavailable': False, 'install_base': '/home/shrek/shrek_ws/install/gazebo_ros2_control_demos', 'merge_install': False, 'path': '/home/shrek/shrek_ws/src/gazebo_ros2_control/gazebo_ros2_control_demos', 'symlink_install': False, 'test_result_base': None}
[0.284s] INFO:colcon.colcon_core.executor:Executing jobs using 'parallel' executor
[0.286s] DEBUG:colcon.colcon_parallel_executor.executor.parallel:run_until_complete
[0.287s] INFO:colcon.colcon_ros.task.ament_cmake.build:Building ROS package in '/home/shrek/shrek_ws/src/gazebo_ros2_control/gazebo_ros2_control' with build type 'ament_cmake'
[0.287s] INFO:colcon.colcon_cmake.task.cmake.build:Building CMake package in '/home/shrek/shrek_ws/src/gazebo_ros2_control/gazebo_ros2_control'
[0.291s] INFO:colcon.colcon_core.plugin_system:Skipping extension 'colcon_core.shell.bat': Not used on non-Windows systems
[0.292s] INFO:colcon.colcon_core.shell:Skip shell extension 'powershell' for command environment: Not usable outside of PowerShell
[0.292s] DEBUG:colcon.colcon_core.shell:Skip shell extension 'dsv' for command environment
[0.298s] INFO:colcon.colcon_ros.task.ament_cmake.build:Building ROS package in '/home/shrek/shrek_ws/src/serial' with build type 'ament_cmake'
[0.298s] INFO:colcon.colcon_cmake.task.cmake.build:Building CMake package in '/home/shrek/shrek_ws/src/serial'
[0.299s] INFO:colcon.colcon_core.shell:Skip shell extension 'powershell' for command environment: Not usable outside of PowerShell
[0.300s] DEBUG:colcon.colcon_core.shell:Skip shell extension 'dsv' for command environment
[0.305s] INFO:colcon.colcon_ros.task.ament_python.build:Building ROS package in '/home/shrek/shrek_ws/src/follow_waypoints' with build type 'ament_python'
[0.306s] Level 1:colcon.colcon_core.shell:create_environment_hook('follow_waypoints', 'ament_prefix_path')
[0.307s] INFO:colcon.colcon_core.shell:Creating environment hook '/home/shrek/shrek_ws/install/follow_waypoints/share/follow_waypoints/hook/ament_prefix_path.ps1'
[0.308s] INFO:colcon.colcon_core.shell:Creating environment descriptor '/home/shrek/shrek_ws/install/follow_waypoints/share/follow_waypoints/hook/ament_prefix_path.dsv'
[0.308s] INFO:colcon.colcon_core.shell:Creating environment hook '/home/shrek/shrek_ws/install/follow_waypoints/share/follow_waypoints/hook/ament_prefix_path.sh'
[0.310s] INFO:colcon.colcon_core.shell:Skip shell extension 'powershell' for command environment: Not usable outside of PowerShell
[0.310s] DEBUG:colcon.colcon_core.shell:Skip shell extension 'dsv' for command environment
[0.317s] INFO:colcon.colcon_ros.task.ament_cmake.build:Building ROS package in '/home/shrek/shrek_ws/src/goalxy' with build type 'ament_cmake'
[0.317s] INFO:colcon.colcon_cmake.task.cmake.build:Building CMake package in '/home/shrek/shrek_ws/src/goalxy'
[0.319s] INFO:colcon.colcon_core.shell:Skip shell extension 'powershell' for command environment: Not usable outside of PowerShell
[0.319s] DEBUG:colcon.colcon_core.shell:Skip shell extension 'dsv' for command environment
[0.325s] INFO:colcon.colcon_ros.task.ament_cmake.build:Building ROS package in '/home/shrek/shrek_ws/src/my_bot' with build type 'ament_cmake'
[0.325s] INFO:colcon.colcon_cmake.task.cmake.build:Building CMake package in '/home/shrek/shrek_ws/src/my_bot'
[0.327s] INFO:colcon.colcon_core.shell:Skip shell extension 'powershell' for command environment: Not usable outside of PowerShell
[0.327s] DEBUG:colcon.colcon_core.shell:Skip shell extension 'dsv' for command environment
[0.332s] INFO:colcon.colcon_ros.task.ament_cmake.build:Building ROS package in '/home/shrek/shrek_ws/src/to_place' with build type 'ament_cmake'
[0.332s] INFO:colcon.colcon_cmake.task.cmake.build:Building CMake package in '/home/shrek/shrek_ws/src/to_place'
[0.334s] INFO:colcon.colcon_core.shell:Skip shell extension 'powershell' for command environment: Not usable outside of PowerShell
[0.334s] DEBUG:colcon.colcon_core.shell:Skip shell extension 'dsv' for command environment
[0.347s] DEBUG:colcon.colcon_core.event_handler.log_command:Invoking command in '/home/shrek/shrek_ws/build/gazebo_ros2_control': CMAKE_PREFIX_PATH=${CMAKE_PREFIX_PATH}:/opt/ros/foxy /usr/bin/cmake --build /home/shrek/shrek_ws/build/gazebo_ros2_control -- -j8 -l8
[0.352s] DEBUG:colcon.colcon_core.event_handler.log_command:Invoking command in '/home/shrek/shrek_ws/build/serial': CMAKE_PREFIX_PATH=${CMAKE_PREFIX_PATH}:/opt/ros/foxy /usr/bin/cmake --build /home/shrek/shrek_ws/build/serial -- -j8 -l8
[0.560s] INFO:colcon.colcon_core.task.python.build:Building Python package in '/home/shrek/shrek_ws/src/follow_waypoints'
[0.563s] INFO:colcon.colcon_core.shell:Skip shell extension 'powershell' for command environment: Not usable outside of PowerShell
[0.563s] DEBUG:colcon.colcon_core.shell:Skip shell extension 'dsv' for command environment
[0.577s] DEBUG:colcon.colcon_core.event_handler.log_command:Invoking command in '/home/shrek/shrek_ws/build/goalxy': CMAKE_PREFIX_PATH=${CMAKE_PREFIX_PATH}:/opt/ros/foxy /usr/bin/cmake --build /home/shrek/shrek_ws/build/goalxy -- -j8 -l8
[0.580s] DEBUG:colcon.colcon_core.event_handler.log_command:Invoking command in '/home/shrek/shrek_ws/build/my_bot': CMAKE_PREFIX_PATH=${CMAKE_PREFIX_PATH}:/opt/ros/foxy /usr/bin/cmake --build /home/shrek/shrek_ws/build/my_bot -- -j8 -l8
[0.590s] DEBUG:colcon.colcon_core.event_handler.log_command:Invoking command in '/home/shrek/shrek_ws/build/to_place': CMAKE_PREFIX_PATH=${CMAKE_PREFIX_PATH}:/opt/ros/foxy /usr/bin/cmake --build /home/shrek/shrek_ws/build/to_place -- -j8 -l8
[0.592s] DEBUG:colcon.colcon_core.event_handler.log_command:Invoked command in '/home/shrek/shrek_ws/build/gazebo_ros2_control' returned '0': CMAKE_PREFIX_PATH=${CMAKE_PREFIX_PATH}:/opt/ros/foxy /usr/bin/cmake --build /home/shrek/shrek_ws/build/gazebo_ros2_control -- -j8 -l8
[0.597s] DEBUG:colcon.colcon_core.event_handler.log_command:Invoked command in '/home/shrek/shrek_ws/build/serial' returned '0': CMAKE_PREFIX_PATH=${CMAKE_PREFIX_PATH}:/opt/ros/foxy /usr/bin/cmake --build /home/shrek/shrek_ws/build/serial -- -j8 -l8
[0.622s] DEBUG:colcon.colcon_core.event_handler.log_command:Invoked command in '/home/shrek/shrek_ws/build/goalxy' returned '0': CMAKE_PREFIX_PATH=${CMAKE_PREFIX_PATH}:/opt/ros/foxy /usr/bin/cmake --build /home/shrek/shrek_ws/build/goalxy -- -j8 -l8
[0.644s] DEBUG:colcon.colcon_core.event_handler.log_command:Invoking command in '/home/shrek/shrek_ws/build/gazebo_ros2_control': CMAKE_PREFIX_PATH=${CMAKE_PREFIX_PATH}:/opt/ros/foxy /usr/bin/cmake --install /home/shrek/shrek_ws/build/gazebo_ros2_control
[0.649s] DEBUG:colcon.colcon_core.event_handler.log_command:Invoking command in '/home/shrek/shrek_ws/build/serial': CMAKE_PREFIX_PATH=${CMAKE_PREFIX_PATH}:/opt/ros/foxy /usr/bin/cmake --install /home/shrek/shrek_ws/build/serial
[0.651s] DEBUG:colcon.colcon_core.event_handler.log_command:Invoked command in '/home/shrek/shrek_ws/build/my_bot' returned '0': CMAKE_PREFIX_PATH=${CMAKE_PREFIX_PATH}:/opt/ros/foxy /usr/bin/cmake --build /home/shrek/shrek_ws/build/my_bot -- -j8 -l8
[0.661s] DEBUG:colcon.colcon_core.event_handler.log_command:Invoked command in '/home/shrek/shrek_ws/build/to_place' returned '0': CMAKE_PREFIX_PATH=${CMAKE_PREFIX_PATH}:/opt/ros/foxy /usr/bin/cmake --build /home/shrek/shrek_ws/build/to_place -- -j8 -l8
[0.669s] DEBUG:colcon.colcon_core.event_handler.log_command:Invoking command in '/home/shrek/shrek_ws/build/goalxy': CMAKE_PREFIX_PATH=${CMAKE_PREFIX_PATH}:/opt/ros/foxy /usr/bin/cmake --install /home/shrek/shrek_ws/build/goalxy
[0.688s] Level 1:colcon.colcon_core.environment:create_environment_scripts_only(gazebo_ros2_control)
[0.690s] DEBUG:colcon.colcon_core.event_handler.log_command:Invoking command in '/home/shrek/shrek_ws/build/my_bot': CMAKE_PREFIX_PATH=${CMAKE_PREFIX_PATH}:/opt/ros/foxy /usr/bin/cmake --install /home/shrek/shrek_ws/build/my_bot
[0.692s] DEBUG:colcon.colcon_core.event_handler.log_command:Invoked command in '/home/shrek/shrek_ws/build/gazebo_ros2_control' returned '0': CMAKE_PREFIX_PATH=${CMAKE_PREFIX_PATH}:/opt/ros/foxy /usr/bin/cmake --install /home/shrek/shrek_ws/build/gazebo_ros2_control
[0.702s] Level 1:colcon.colcon_core.environment:checking '/home/shrek/shrek_ws/install/gazebo_ros2_control' for CMake module files
[0.703s] Level 1:colcon.colcon_core.environment:checking '/home/shrek/shrek_ws/install/gazebo_ros2_control' for CMake config files
[0.703s] Level 1:colcon.colcon_core.shell:create_environment_hook('gazebo_ros2_control', 'cmake_prefix_path')
[0.705s] INFO:colcon.colcon_core.shell:Creating environment hook '/home/shrek/shrek_ws/install/gazebo_ros2_control/share/gazebo_ros2_control/hook/cmake_prefix_path.ps1'
[0.706s] INFO:colcon.colcon_core.shell:Creating environment descriptor '/home/shrek/shrek_ws/install/gazebo_ros2_control/share/gazebo_ros2_control/hook/cmake_prefix_path.dsv'
[0.706s] INFO:colcon.colcon_core.shell:Creating environment hook '/home/shrek/shrek_ws/install/gazebo_ros2_control/share/gazebo_ros2_control/hook/cmake_prefix_path.sh'
[0.706s] Level 1:colcon.colcon_core.environment:checking '/home/shrek/shrek_ws/install/gazebo_ros2_control/lib'
[0.707s] Level 1:colcon.colcon_core.shell:create_environment_hook('gazebo_ros2_control', 'ld_library_path_lib')
[0.708s] INFO:colcon.colcon_core.shell:Creating environment hook '/home/shrek/shrek_ws/install/gazebo_ros2_control/share/gazebo_ros2_control/hook/ld_library_path_lib.ps1'
[0.709s] INFO:colcon.colcon_core.shell:Creating environment descriptor '/home/shrek/shrek_ws/install/gazebo_ros2_control/share/gazebo_ros2_control/hook/ld_library_path_lib.dsv'
[0.710s] INFO:colcon.colcon_core.shell:Creating environment hook '/home/shrek/shrek_ws/install/gazebo_ros2_control/share/gazebo_ros2_control/hook/ld_library_path_lib.sh'
[0.710s] Level 1:colcon.colcon_core.environment:checking '/home/shrek/shrek_ws/install/gazebo_ros2_control/bin'
[0.710s] Level 1:colcon.colcon_core.environment:checking '/home/shrek/shrek_ws/install/gazebo_ros2_control/lib/pkgconfig/gazebo_ros2_control.pc'
[0.710s] Level 1:colcon.colcon_core.environment:checking '/home/shrek/shrek_ws/install/gazebo_ros2_control/lib/python3.8/site-packages'
[0.711s] Level 1:colcon.colcon_core.environment:checking '/home/shrek/shrek_ws/install/gazebo_ros2_control/bin'
[0.712s] INFO:colcon.colcon_core.shell:Creating package script '/home/shrek/shrek_ws/install/gazebo_ros2_control/share/gazebo_ros2_control/package.ps1'
[0.714s] INFO:colcon.colcon_core.shell:Creating package descriptor '/home/shrek/shrek_ws/install/gazebo_ros2_control/share/gazebo_ros2_control/package.dsv'
[0.714s] INFO:colcon.colcon_core.shell:Creating package script '/home/shrek/shrek_ws/install/gazebo_ros2_control/share/gazebo_ros2_control/package.sh'
[0.715s] INFO:colcon.colcon_core.shell:Creating package script '/home/shrek/shrek_ws/install/gazebo_ros2_control/share/gazebo_ros2_control/package.bash'
[0.715s] INFO:colcon.colcon_core.shell:Creating package script '/home/shrek/shrek_ws/install/gazebo_ros2_control/share/gazebo_ros2_control/package.zsh'
[0.716s] Level 1:colcon.colcon_core.environment:create_file_with_runtime_dependencies(/home/shrek/shrek_ws/install/gazebo_ros2_control/share/colcon-core/packages/gazebo_ros2_control)
[0.719s] Level 1:colcon.colcon_core.environment:create_environment_scripts_only(serial)
[0.721s] Level 1:colcon.colcon_core.environment:checking '/home/shrek/shrek_ws/install/serial' for CMake module files
[0.722s] DEBUG:colcon.colcon_core.event_handler.log_command:Invoked command in '/home/shrek/shrek_ws/build/serial' returned '0': CMAKE_PREFIX_PATH=${CMAKE_PREFIX_PATH}:/opt/ros/foxy /usr/bin/cmake --install /home/shrek/shrek_ws/build/serial
[0.722s] Level 1:colcon.colcon_core.environment:checking '/home/shrek/shrek_ws/install/serial' for CMake config files
[0.722s] Level 1:colcon.colcon_core.shell:create_environment_hook('serial', 'cmake_prefix_path')
[0.724s] INFO:colcon.colcon_core.shell:Creating environment hook '/home/shrek/shrek_ws/install/serial/share/serial/hook/cmake_prefix_path.ps1'
[0.725s] INFO:colcon.colcon_core.shell:Creating environment descriptor '/home/shrek/shrek_ws/install/serial/share/serial/hook/cmake_prefix_path.dsv'
[0.725s] INFO:colcon.colcon_core.shell:Creating environment hook '/home/shrek/shrek_ws/install/serial/share/serial/hook/cmake_prefix_path.sh'
[0.726s] Level 1:colcon.colcon_core.environment:checking '/home/shrek/shrek_ws/install/serial/lib'
[0.726s] Level 1:colcon.colcon_core.environment:checking '/home/shrek/shrek_ws/install/serial/bin'
[0.726s] Level 1:colcon.colcon_core.environment:checking '/home/shrek/shrek_ws/install/serial/lib/pkgconfig/serial.pc'
[0.726s] Level 1:colcon.colcon_core.environment:checking '/home/shrek/shrek_ws/install/serial/lib/python3.8/site-packages'
[0.727s] Level 1:colcon.colcon_core.environment:checking '/home/shrek/shrek_ws/install/serial/bin'
[0.729s] INFO:colcon.colcon_core.shell:Creating package script '/home/shrek/shrek_ws/install/serial/share/serial/package.ps1'
[0.730s] INFO:colcon.colcon_core.shell:Creating package descriptor '/home/shrek/shrek_ws/install/serial/share/serial/package.dsv'
[0.730s] INFO:colcon.colcon_core.shell:Creating package script '/home/shrek/shrek_ws/install/serial/share/serial/package.sh'
[0.731s] INFO:colcon.colcon_core.shell:Creating package script '/home/shrek/shrek_ws/install/serial/share/serial/package.bash'
[0.731s] INFO:colcon.colcon_core.shell:Creating package script '/home/shrek/shrek_ws/install/serial/share/serial/package.zsh'
[0.731s] Level 1:colcon.colcon_core.environment:create_file_with_runtime_dependencies(/home/shrek/shrek_ws/install/serial/share/colcon-core/packages/serial)
[0.739s] DEBUG:colcon.colcon_core.event_handler.log_command:Invoking command in '/home/shrek/shrek_ws/build/to_place': CMAKE_PREFIX_PATH=${CMAKE_PREFIX_PATH}:/opt/ros/foxy /usr/bin/cmake --install /home/shrek/shrek_ws/build/to_place
[0.741s] Level 1:colcon.colcon_core.environment:create_environment_scripts_only(my_bot)
[0.744s] Level 1:colcon.colcon_core.environment:checking '/home/shrek/shrek_ws/install/my_bot' for CMake module files
[0.745s] DEBUG:colcon.colcon_core.event_handler.log_command:Invoked command in '/home/shrek/shrek_ws/build/my_bot' returned '0': CMAKE_PREFIX_PATH=${CMAKE_PREFIX_PATH}:/opt/ros/foxy /usr/bin/cmake --install /home/shrek/shrek_ws/build/my_bot
[0.745s] Level 1:colcon.colcon_core.environment:checking '/home/shrek/shrek_ws/install/my_bot' for CMake config files
[0.745s] Level 1:colcon.colcon_core.shell:create_environment_hook('my_bot', 'cmake_prefix_path')
[0.747s] INFO:colcon.colcon_core.shell:Creating environment hook '/home/shrek/shrek_ws/install/my_bot/share/my_bot/hook/cmake_prefix_path.ps1'
[0.748s] INFO:colcon.colcon_core.shell:Creating environment descriptor '/home/shrek/shrek_ws/install/my_bot/share/my_bot/hook/cmake_prefix_path.dsv'
[0.749s] INFO:colcon.colcon_core.shell:Creating environment hook '/home/shrek/shrek_ws/install/my_bot/share/my_bot/hook/cmake_prefix_path.sh'
[0.751s] Level 1:colcon.colcon_core.environment:checking '/home/shrek/shrek_ws/install/my_bot/bin'
[0.751s] Level 1:colcon.colcon_core.environment:checking '/home/shrek/shrek_ws/install/my_bot/lib/pkgconfig/my_bot.pc'
[0.752s] Level 1:colcon.colcon_core.environment:checking '/home/shrek/shrek_ws/install/my_bot/lib/python3.8/site-packages'
[0.752s] Level 1:colcon.colcon_core.environment:checking '/home/shrek/shrek_ws/install/my_bot/bin'
[0.754s] INFO:colcon.colcon_core.shell:Creating package script '/home/shrek/shrek_ws/install/my_bot/share/my_bot/package.ps1'
[0.755s] INFO:colcon.colcon_core.shell:Creating package descriptor '/home/shrek/shrek_ws/install/my_bot/share/my_bot/package.dsv'
[0.755s] INFO:colcon.colcon_core.shell:Creating package script '/home/shrek/shrek_ws/install/my_bot/share/my_bot/package.sh'
[0.756s] INFO:colcon.colcon_core.shell:Creating package script '/home/shrek/shrek_ws/install/my_bot/share/my_bot/package.bash'
[0.756s] INFO:colcon.colcon_core.shell:Creating package script '/home/shrek/shrek_ws/install/my_bot/share/my_bot/package.zsh'
[0.756s] Level 1:colcon.colcon_core.environment:create_file_with_runtime_dependencies(/home/shrek/shrek_ws/install/my_bot/share/colcon-core/packages/my_bot)
[0.761s] Level 1:colcon.colcon_core.environment:create_environment_scripts_only(goalxy)
[0.763s] Level 1:colcon.colcon_core.environment:checking '/home/shrek/shrek_ws/install/goalxy' for CMake module files
[0.764s] DEBUG:colcon.colcon_core.event_handler.log_command:Invoked command in '/home/shrek/shrek_ws/build/goalxy' returned '0': CMAKE_PREFIX_PATH=${CMAKE_PREFIX_PATH}:/opt/ros/foxy /usr/bin/cmake --install /home/shrek/shrek_ws/build/goalxy
[0.765s] Level 1:colcon.colcon_core.environment:checking '/home/shrek/shrek_ws/install/goalxy' for CMake config files
[0.765s] Level 1:colcon.colcon_core.shell:create_environment_hook('goalxy', 'cmake_prefix_path')
[0.766s] INFO:colcon.colcon_core.shell:Creating environment hook '/home/shrek/shrek_ws/install/goalxy/share/goalxy/hook/cmake_prefix_path.ps1'
[0.767s] INFO:colcon.colcon_core.shell:Creating environment descriptor '/home/shrek/shrek_ws/install/goalxy/share/goalxy/hook/cmake_prefix_path.dsv'
[0.767s] INFO:colcon.colcon_core.shell:Creating environment hook '/home/shrek/shrek_ws/install/goalxy/share/goalxy/hook/cmake_prefix_path.sh'
[0.767s] Level 1:colcon.colcon_core.environment:checking '/home/shrek/shrek_ws/install/goalxy/lib'
[0.767s] Level 1:colcon.colcon_core.environment:checking '/home/shrek/shrek_ws/install/goalxy/bin'
[0.767s] Level 1:colcon.colcon_core.environment:checking '/home/shrek/shrek_ws/install/goalxy/lib/pkgconfig/goalxy.pc'
[0.768s] Level 1:colcon.colcon_core.environment:checking '/home/shrek/shrek_ws/install/goalxy/lib/python3.8/site-packages'
[0.768s] Level 1:colcon.colcon_core.environment:checking '/home/shrek/shrek_ws/install/goalxy/bin'
[0.769s] INFO:colcon.colcon_core.shell:Creating package script '/home/shrek/shrek_ws/install/goalxy/share/goalxy/package.ps1'
[0.769s] INFO:colcon.colcon_core.shell:Creating package descriptor '/home/shrek/shrek_ws/install/goalxy/share/goalxy/package.dsv'
[0.770s] INFO:colcon.colcon_core.shell:Creating package script '/home/shrek/shrek_ws/install/goalxy/share/goalxy/package.sh'
[0.770s] INFO:colcon.colcon_core.shell:Creating package script '/home/shrek/shrek_ws/install/goalxy/share/goalxy/package.bash'
[0.770s] INFO:colcon.colcon_core.shell:Creating package script '/home/shrek/shrek_ws/install/goalxy/share/goalxy/package.zsh'
[0.771s] Level 1:colcon.colcon_core.environment:create_file_with_runtime_dependencies(/home/shrek/shrek_ws/install/goalxy/share/colcon-core/packages/goalxy)
[0.777s] Level 1:colcon.colcon_core.environment:create_environment_scripts_only(gazebo_ros2_control)
[0.779s] Level 1:colcon.colcon_core.environment:checking '/home/shrek/shrek_ws/install/gazebo_ros2_control' for CMake module files
[0.779s] Level 1:colcon.colcon_core.environment:checking '/home/shrek/shrek_ws/install/gazebo_ros2_control' for CMake config files
[0.779s] Level 1:colcon.colcon_core.shell:create_environment_hook('gazebo_ros2_control', 'cmake_prefix_path')
[0.781s] INFO:colcon.colcon_core.shell:Creating environment hook '/home/shrek/shrek_ws/install/gazebo_ros2_control/share/gazebo_ros2_control/hook/cmake_prefix_path.ps1'
[0.781s] INFO:colcon.colcon_core.shell:Creating environment descriptor '/home/shrek/shrek_ws/install/gazebo_ros2_control/share/gazebo_ros2_control/hook/cmake_prefix_path.dsv'
[0.782s] INFO:colcon.colcon_core.shell:Creating environment hook '/home/shrek/shrek_ws/install/gazebo_ros2_control/share/gazebo_ros2_control/hook/cmake_prefix_path.sh'
[0.782s] Level 1:colcon.colcon_core.environment:checking '/home/shrek/shrek_ws/install/gazebo_ros2_control/lib'
[0.782s] Level 1:colcon.colcon_core.shell:create_environment_hook('gazebo_ros2_control', 'ld_library_path_lib')
[0.783s] INFO:colcon.colcon_core.shell:Creating environment hook '/home/shrek/shrek_ws/install/gazebo_ros2_control/share/gazebo_ros2_control/hook/ld_library_path_lib.ps1'
[0.783s] INFO:colcon.colcon_core.shell:Creating environment descriptor '/home/shrek/shrek_ws/install/gazebo_ros2_control/share/gazebo_ros2_control/hook/ld_library_path_lib.dsv'
[0.784s] INFO:colcon.colcon_core.shell:Creating environment hook '/home/shrek/shrek_ws/install/gazebo_ros2_control/share/gazebo_ros2_control/hook/ld_library_path_lib.sh'
[0.784s] Level 1:colcon.colcon_core.environment:checking '/home/shrek/shrek_ws/install/gazebo_ros2_control/bin'
[0.784s] Level 1:colcon.colcon_core.environment:checking '/home/shrek/shrek_ws/install/gazebo_ros2_control/lib/pkgconfig/gazebo_ros2_control.pc'
[0.784s] Level 1:colcon.colcon_core.environment:checking '/home/shrek/shrek_ws/install/gazebo_ros2_control/lib/python3.8/site-packages'
[0.784s] Level 1:colcon.colcon_core.environment:checking '/home/shrek/shrek_ws/install/gazebo_ros2_control/bin'
[0.785s] INFO:colcon.colcon_core.shell:Creating package script '/home/shrek/shrek_ws/install/gazebo_ros2_control/share/gazebo_ros2_control/package.ps1'
[0.786s] INFO:colcon.colcon_core.shell:Creating package descriptor '/home/shrek/shrek_ws/install/gazebo_ros2_control/share/gazebo_ros2_control/package.dsv'
[0.786s] INFO:colcon.colcon_core.shell:Creating package script '/home/shrek/shrek_ws/install/gazebo_ros2_control/share/gazebo_ros2_control/package.sh'
[0.787s] INFO:colcon.colcon_core.shell:Creating package script '/home/shrek/shrek_ws/install/gazebo_ros2_control/share/gazebo_ros2_control/package.bash'
[0.787s] INFO:colcon.colcon_core.shell:Creating package script '/home/shrek/shrek_ws/install/gazebo_ros2_control/share/gazebo_ros2_control/package.zsh'
[0.787s] Level 1:colcon.colcon_core.environment:create_file_with_runtime_dependencies(/home/shrek/shrek_ws/install/gazebo_ros2_control/share/colcon-core/packages/gazebo_ros2_control)
[0.789s] INFO:colcon.colcon_ros.task.ament_cmake.build:Building ROS package in '/home/shrek/shrek_ws/src/gazebo_ros2_control/gazebo_ros2_control_demos' with build type 'ament_cmake'
[0.789s] INFO:colcon.colcon_cmake.task.cmake.build:Building CMake package in '/home/shrek/shrek_ws/src/gazebo_ros2_control/gazebo_ros2_control_demos'
[0.791s] INFO:colcon.colcon_core.shell:Skip shell extension 'powershell' for command environment: Not usable outside of PowerShell
[0.791s] DEBUG:colcon.colcon_core.shell:Skip shell extension 'dsv' for command environment
[0.798s] Level 1:colcon.colcon_core.environment:create_environment_scripts_only(to_place)
[0.801s] Level 1:colcon.colcon_core.environment:checking '/home/shrek/shrek_ws/install/to_place' for CMake module files
[0.802s] DEBUG:colcon.colcon_core.event_handler.log_command:Invoked command in '/home/shrek/shrek_ws/build/to_place' returned '0': CMAKE_PREFIX_PATH=${CMAKE_PREFIX_PATH}:/opt/ros/foxy /usr/bin/cmake --install /home/shrek/shrek_ws/build/to_place
[0.803s] Level 1:colcon.colcon_core.environment:checking '/home/shrek/shrek_ws/install/to_place' for CMake config files
[0.803s] Level 1:colcon.colcon_core.shell:create_environment_hook('to_place', 'cmake_prefix_path')
[0.805s] INFO:colcon.colcon_core.shell:Creating environment hook '/home/shrek/shrek_ws/install/to_place/share/to_place/hook/cmake_prefix_path.ps1'
[0.806s] INFO:colcon.colcon_core.shell:Creating environment descriptor '/home/shrek/shrek_ws/install/to_place/share/to_place/hook/cmake_prefix_path.dsv'
[0.806s] INFO:colcon.colcon_core.shell:Creating environment hook '/home/shrek/shrek_ws/install/to_place/share/to_place/hook/cmake_prefix_path.sh'
[0.807s] Level 1:colcon.colcon_core.environment:checking '/home/shrek/shrek_ws/install/to_place/lib'
[0.807s] Level 1:colcon.colcon_core.environment:checking '/home/shrek/shrek_ws/install/to_place/bin'
[0.807s] Level 1:colcon.colcon_core.environment:checking '/home/shrek/shrek_ws/install/to_place/lib/pkgconfig/to_place.pc'
[0.807s] Level 1:colcon.colcon_core.environment:checking '/home/shrek/shrek_ws/install/to_place/lib/python3.8/site-packages'
[0.807s] Level 1:colcon.colcon_core.environment:checking '/home/shrek/shrek_ws/install/to_place/bin'
[0.809s] INFO:colcon.colcon_core.shell:Creating package script '/home/shrek/shrek_ws/install/to_place/share/to_place/package.ps1'
[0.809s] INFO:colcon.colcon_core.shell:Creating package descriptor '/home/shrek/shrek_ws/install/to_place/share/to_place/package.dsv'
[0.810s] INFO:colcon.colcon_core.shell:Creating package script '/home/shrek/shrek_ws/install/to_place/share/to_place/package.sh'
[0.810s] INFO:colcon.colcon_core.shell:Creating package script '/home/shrek/shrek_ws/install/to_place/share/to_place/package.bash'
[0.810s] INFO:colcon.colcon_core.shell:Creating package script '/home/shrek/shrek_ws/install/to_place/share/to_place/package.zsh'
[0.810s] Level 1:colcon.colcon_core.environment:create_file_with_runtime_dependencies(/home/shrek/shrek_ws/install/to_place/share/colcon-core/packages/to_place)
[0.814s] Level 1:colcon.colcon_core.environment:create_environment_scripts_only(serial)
[0.816s] Level 1:colcon.colcon_core.environment:checking '/home/shrek/shrek_ws/install/serial' for CMake module files
[0.817s] Level 1:colcon.colcon_core.environment:checking '/home/shrek/shrek_ws/install/serial' for CMake config files
[0.817s] Level 1:colcon.colcon_core.shell:create_environment_hook('serial', 'cmake_prefix_path')
[0.818s] INFO:colcon.colcon_core.shell:Creating environment hook '/home/shrek/shrek_ws/install/serial/share/serial/hook/cmake_prefix_path.ps1'
[0.819s] INFO:colcon.colcon_core.shell:Creating environment descriptor '/home/shrek/shrek_ws/install/serial/share/serial/hook/cmake_prefix_path.dsv'
[0.819s] INFO:colcon.colcon_core.shell:Creating environment hook '/home/shrek/shrek_ws/install/serial/share/serial/hook/cmake_prefix_path.sh'
[0.820s] Level 1:colcon.colcon_core.environment:checking '/home/shrek/shrek_ws/install/serial/lib'
[0.820s] Level 1:colcon.colcon_core.environment:checking '/home/shrek/shrek_ws/install/serial/bin'
[0.820s] Level 1:colcon.colcon_core.environment:checking '/home/shrek/shrek_ws/install/serial/lib/pkgconfig/serial.pc'
[0.820s] Level 1:colcon.colcon_core.environment:checking '/home/shrek/shrek_ws/install/serial/lib/python3.8/site-packages'
[0.820s] Level 1:colcon.colcon_core.environment:checking '/home/shrek/shrek_ws/install/serial/bin'
[0.822s] INFO:colcon.colcon_core.shell:Creating package script '/home/shrek/shrek_ws/install/serial/share/serial/package.ps1'
[0.823s] INFO:colcon.colcon_core.shell:Creating package descriptor '/home/shrek/shrek_ws/install/serial/share/serial/package.dsv'
[0.824s] INFO:colcon.colcon_core.shell:Creating package script '/home/shrek/shrek_ws/install/serial/share/serial/package.sh'
[0.824s] INFO:colcon.colcon_core.shell:Creating package script '/home/shrek/shrek_ws/install/serial/share/serial/package.bash'
[0.825s] INFO:colcon.colcon_core.shell:Creating package script '/home/shrek/shrek_ws/install/serial/share/serial/package.zsh'
[0.825s] Level 1:colcon.colcon_core.environment:create_file_with_runtime_dependencies(/home/shrek/shrek_ws/install/serial/share/colcon-core/packages/serial)
[0.826s] INFO:colcon.colcon_ros.task.ament_cmake.build:Building ROS package in '/home/shrek/shrek_ws/src/diffdrive_arduino' with build type 'ament_cmake'
[0.827s] INFO:colcon.colcon_cmake.task.cmake.build:Building CMake package in '/home/shrek/shrek_ws/src/diffdrive_arduino'
[0.828s] INFO:colcon.colcon_core.shell:Skip shell extension 'powershell' for command environment: Not usable outside of PowerShell
[0.828s] DEBUG:colcon.colcon_core.shell:Skip shell extension 'dsv' for command environment
[0.836s] Level 1:colcon.colcon_core.environment:create_environment_scripts_only(my_bot)
[0.838s] Level 1:colcon.colcon_core.environment:checking '/home/shrek/shrek_ws/install/my_bot' for CMake module files
[0.839s] Level 1:colcon.colcon_core.environment:checking '/home/shrek/shrek_ws/install/my_bot' for CMake config files
[0.839s] Level 1:colcon.colcon_core.shell:create_environment_hook('my_bot', 'cmake_prefix_path')
[0.840s] INFO:colcon.colcon_core.shell:Creating environment hook '/home/shrek/shrek_ws/install/my_bot/share/my_bot/hook/cmake_prefix_path.ps1'
[0.841s] INFO:colcon.colcon_core.shell:Creating environment descriptor '/home/shrek/shrek_ws/install/my_bot/share/my_bot/hook/cmake_prefix_path.dsv'
[0.841s] INFO:colcon.colcon_core.shell:Creating environment hook '/home/shrek/shrek_ws/install/my_bot/share/my_bot/hook/cmake_prefix_path.sh'
[0.841s] Level 1:colcon.colcon_core.environment:checking '/home/shrek/shrek_ws/install/my_bot/bin'
[0.841s] Level 1:colcon.colcon_core.environment:checking '/home/shrek/shrek_ws/install/my_bot/lib/pkgconfig/my_bot.pc'
[0.842s] Level 1:colcon.colcon_core.environment:checking '/home/shrek/shrek_ws/install/my_bot/lib/python3.8/site-packages'
[0.842s] Level 1:colcon.colcon_core.environment:checking '/home/shrek/shrek_ws/install/my_bot/bin'
[0.843s] INFO:colcon.colcon_core.shell:Creating package script '/home/shrek/shrek_ws/install/my_bot/share/my_bot/package.ps1'
[0.843s] INFO:colcon.colcon_core.shell:Creating package descriptor '/home/shrek/shrek_ws/install/my_bot/share/my_bot/package.dsv'
[0.843s] INFO:colcon.colcon_core.shell:Creating package script '/home/shrek/shrek_ws/install/my_bot/share/my_bot/package.sh'
[0.844s] INFO:colcon.colcon_core.shell:Creating package script '/home/shrek/shrek_ws/install/my_bot/share/my_bot/package.bash'
[0.844s] INFO:colcon.colcon_core.shell:Creating package script '/home/shrek/shrek_ws/install/my_bot/share/my_bot/package.zsh'
[0.844s] Level 1:colcon.colcon_core.environment:create_file_with_runtime_dependencies(/home/shrek/shrek_ws/install/my_bot/share/colcon-core/packages/my_bot)
[0.846s] Level 1:colcon.colcon_core.environment:create_environment_scripts_only(goalxy)
[0.848s] Level 1:colcon.colcon_core.environment:checking '/home/shrek/shrek_ws/install/goalxy' for CMake module files
[0.849s] Level 1:colcon.colcon_core.environment:checking '/home/shrek/shrek_ws/install/goalxy' for CMake config files
[0.849s] Level 1:colcon.colcon_core.shell:create_environment_hook('goalxy', 'cmake_prefix_path')
[0.850s] INFO:colcon.colcon_core.shell:Creating environment hook '/home/shrek/shrek_ws/install/goalxy/share/goalxy/hook/cmake_prefix_path.ps1'
[0.851s] INFO:colcon.colcon_core.shell:Creating environment descriptor '/home/shrek/shrek_ws/install/goalxy/share/goalxy/hook/cmake_prefix_path.dsv'
[0.851s] INFO:colcon.colcon_core.shell:Creating environment hook '/home/shrek/shrek_ws/install/goalxy/share/goalxy/hook/cmake_prefix_path.sh'
[0.852s] Level 1:colcon.colcon_core.environment:checking '/home/shrek/shrek_ws/install/goalxy/lib'
[0.852s] Level 1:colcon.colcon_core.environment:checking '/home/shrek/shrek_ws/install/goalxy/bin'
[0.852s] Level 1:colcon.colcon_core.environment:checking '/home/shrek/shrek_ws/install/goalxy/lib/pkgconfig/goalxy.pc'
[0.852s] Level 1:colcon.colcon_core.environment:checking '/home/shrek/shrek_ws/install/goalxy/lib/python3.8/site-packages'
[0.852s] Level 1:colcon.colcon_core.environment:checking '/home/shrek/shrek_ws/install/goalxy/bin'
[0.854s] INFO:colcon.colcon_core.shell:Creating package script '/home/shrek/shrek_ws/install/goalxy/share/goalxy/package.ps1'
[0.855s] INFO:colcon.colcon_core.shell:Creating package descriptor '/home/shrek/shrek_ws/install/goalxy/share/goalxy/package.dsv'
[0.855s] INFO:colcon.colcon_core.shell:Creating package script '/home/shrek/shrek_ws/install/goalxy/share/goalxy/package.sh'
[0.855s] INFO:colcon.colcon_core.shell:Creating package script '/home/shrek/shrek_ws/install/goalxy/share/goalxy/package.bash'
[0.856s] INFO:colcon.colcon_core.shell:Creating package script '/home/shrek/shrek_ws/install/goalxy/share/goalxy/package.zsh'
[0.856s] Level 1:colcon.colcon_core.environment:create_file_with_runtime_dependencies(/home/shrek/shrek_ws/install/goalxy/share/colcon-core/packages/goalxy)
[0.861s] DEBUG:colcon.colcon_core.event_handler.log_command:Invoking command in '/home/shrek/shrek_ws/build/gazebo_ros2_control_demos': CMAKE_PREFIX_PATH=/home/shrek/shrek_ws/install/gazebo_ros2_control:/home/shrek/shrek_ws/install/to_place:/home/shrek/shrek_ws/install/diffdrive_arduino:/home/shrek/shrek_ws/install/serial:/home/shrek/shrek_ws/install/my_bot:/home/shrek/shrek_ws/install/goalxy:/home/shrek/shrek_ws/install/gazebo_ros2_control_demos:/opt/ros/foxy LD_LIBRARY_PATH=/home/shrek/shrek_ws/install/gazebo_ros2_control/lib:/home/shrek/shrek_ws/install/diffdrive_arduino/lib:/home/shrek/shrek_ws/install/serial/lib:/usr/lib/x86_64-linux-gnu/gazebo-11/plugins:/opt/ros/foxy/opt/yaml_cpp_vendor/lib:/opt/ros/foxy/opt/rviz_ogre_vendor/lib:/opt/ros/foxy/lib/x86_64-linux-gnu:/opt/ros/foxy/lib /usr/bin/cmake --build /home/shrek/shrek_ws/build/gazebo_ros2_control_demos -- -j8 -l8
[0.863s] Level 1:colcon.colcon_core.environment:create_environment_scripts_only(to_place)
[0.864s] Level 1:colcon.colcon_core.environment:checking '/home/shrek/shrek_ws/install/to_place' for CMake module files
[0.865s] Level 1:colcon.colcon_core.environment:checking '/home/shrek/shrek_ws/install/to_place' for CMake config files
[0.865s] Level 1:colcon.colcon_core.shell:create_environment_hook('to_place', 'cmake_prefix_path')
[0.866s] INFO:colcon.colcon_core.shell:Creating environment hook '/home/shrek/shrek_ws/install/to_place/share/to_place/hook/cmake_prefix_path.ps1'
[0.867s] INFO:colcon.colcon_core.shell:Creating environment descriptor '/home/shrek/shrek_ws/install/to_place/share/to_place/hook/cmake_prefix_path.dsv'
[0.867s] INFO:colcon.colcon_core.shell:Creating environment hook '/home/shrek/shrek_ws/install/to_place/share/to_place/hook/cmake_prefix_path.sh'
[0.867s] Level 1:colcon.colcon_core.environment:checking '/home/shrek/shrek_ws/install/to_place/lib'
[0.868s] Level 1:colcon.colcon_core.environment:checking '/home/shrek/shrek_ws/install/to_place/bin'
[0.868s] Level 1:colcon.colcon_core.environment:checking '/home/shrek/shrek_ws/install/to_place/lib/pkgconfig/to_place.pc'
[0.868s] Level 1:colcon.colcon_core.environment:checking '/home/shrek/shrek_ws/install/to_place/lib/python3.8/site-packages'
[0.868s] Level 1:colcon.colcon_core.environment:checking '/home/shrek/shrek_ws/install/to_place/bin'
[0.870s] INFO:colcon.colcon_core.shell:Creating package script '/home/shrek/shrek_ws/install/to_place/share/to_place/package.ps1'
[0.871s] INFO:colcon.colcon_core.shell:Creating package descriptor '/home/shrek/shrek_ws/install/to_place/share/to_place/package.dsv'
[0.871s] INFO:colcon.colcon_core.shell:Creating package script '/home/shrek/shrek_ws/install/to_place/share/to_place/package.sh'
[0.872s] INFO:colcon.colcon_core.shell:Creating package script '/home/shrek/shrek_ws/install/to_place/share/to_place/package.bash'
[0.872s] INFO:colcon.colcon_core.shell:Creating package script '/home/shrek/shrek_ws/install/to_place/share/to_place/package.zsh'
[0.872s] Level 1:colcon.colcon_core.environment:create_file_with_runtime_dependencies(/home/shrek/shrek_ws/install/to_place/share/colcon-core/packages/to_place)
[0.878s] DEBUG:colcon.colcon_core.event_handler.log_command:Invoking command in '/home/shrek/shrek_ws/build/diffdrive_arduino': CMAKE_PREFIX_PATH=/home/shrek/shrek_ws/install/serial:/home/shrek/shrek_ws/install/to_place:/home/shrek/shrek_ws/install/diffdrive_arduino:/home/shrek/shrek_ws/install/my_bot:/home/shrek/shrek_ws/install/goalxy:/home/shrek/shrek_ws/install/gazebo_ros2_control_demos:/home/shrek/shrek_ws/install/gazebo_ros2_control:/opt/ros/foxy /usr/bin/cmake --build /home/shrek/shrek_ws/build/diffdrive_arduino -- -j8 -l8
[0.988s] DEBUG:colcon.colcon_core.event_handler.log_command:Invoked command in '/home/shrek/shrek_ws/build/diffdrive_arduino' returned '0': CMAKE_PREFIX_PATH=/home/shrek/shrek_ws/install/serial:/home/shrek/shrek_ws/install/to_place:/home/shrek/shrek_ws/install/diffdrive_arduino:/home/shrek/shrek_ws/install/my_bot:/home/shrek/shrek_ws/install/goalxy:/home/shrek/shrek_ws/install/gazebo_ros2_control_demos:/home/shrek/shrek_ws/install/gazebo_ros2_control:/opt/ros/foxy /usr/bin/cmake --build /home/shrek/shrek_ws/build/diffdrive_arduino -- -j8 -l8
[0.994s] DEBUG:colcon.colcon_core.event_handler.log_command:Invoked command in '/home/shrek/shrek_ws/build/gazebo_ros2_control_demos' returned '0': CMAKE_PREFIX_PATH=/home/shrek/shrek_ws/install/gazebo_ros2_control:/home/shrek/shrek_ws/install/to_place:/home/shrek/shrek_ws/install/diffdrive_arduino:/home/shrek/shrek_ws/install/serial:/home/shrek/shrek_ws/install/my_bot:/home/shrek/shrek_ws/install/goalxy:/home/shrek/shrek_ws/install/gazebo_ros2_control_demos:/opt/ros/foxy LD_LIBRARY_PATH=/home/shrek/shrek_ws/install/gazebo_ros2_control/lib:/home/shrek/shrek_ws/install/diffdrive_arduino/lib:/home/shrek/shrek_ws/install/serial/lib:/usr/lib/x86_64-linux-gnu/gazebo-11/plugins:/opt/ros/foxy/opt/yaml_cpp_vendor/lib:/opt/ros/foxy/opt/rviz_ogre_vendor/lib:/opt/ros/foxy/lib/x86_64-linux-gnu:/opt/ros/foxy/lib /usr/bin/cmake --build /home/shrek/shrek_ws/build/gazebo_ros2_control_demos -- -j8 -l8
[1.025s] DEBUG:colcon.colcon_core.event_handler.log_command:Invoking command in '/home/shrek/shrek_ws/build/diffdrive_arduino': CMAKE_PREFIX_PATH=/home/shrek/shrek_ws/install/serial:/home/shrek/shrek_ws/install/to_place:/home/shrek/shrek_ws/install/diffdrive_arduino:/home/shrek/shrek_ws/install/my_bot:/home/shrek/shrek_ws/install/goalxy:/home/shrek/shrek_ws/install/gazebo_ros2_control_demos:/home/shrek/shrek_ws/install/gazebo_ros2_control:/opt/ros/foxy /usr/bin/cmake --install /home/shrek/shrek_ws/build/diffdrive_arduino
[1.030s] DEBUG:colcon.colcon_core.event_handler.log_command:Invoking command in '/home/shrek/shrek_ws/build/gazebo_ros2_control_demos': CMAKE_PREFIX_PATH=/home/shrek/shrek_ws/install/gazebo_ros2_control:/home/shrek/shrek_ws/install/to_place:/home/shrek/shrek_ws/install/diffdrive_arduino:/home/shrek/shrek_ws/install/serial:/home/shrek/shrek_ws/install/my_bot:/home/shrek/shrek_ws/install/goalxy:/home/shrek/shrek_ws/install/gazebo_ros2_control_demos:/opt/ros/foxy LD_LIBRARY_PATH=/home/shrek/shrek_ws/install/gazebo_ros2_control/lib:/home/shrek/shrek_ws/install/diffdrive_arduino/lib:/home/shrek/shrek_ws/install/serial/lib:/usr/lib/x86_64-linux-gnu/gazebo-11/plugins:/opt/ros/foxy/opt/yaml_cpp_vendor/lib:/opt/ros/foxy/opt/rviz_ogre_vendor/lib:/opt/ros/foxy/lib/x86_64-linux-gnu:/opt/ros/foxy/lib /usr/bin/cmake --install /home/shrek/shrek_ws/build/gazebo_ros2_control_demos
[1.053s] Level 1:colcon.colcon_core.environment:create_environment_scripts_only(diffdrive_arduino)
[1.056s] Level 1:colcon.colcon_core.environment:checking '/home/shrek/shrek_ws/install/diffdrive_arduino' for CMake module files
[1.057s] DEBUG:colcon.colcon_core.event_handler.log_command:Invoked command in '/home/shrek/shrek_ws/build/diffdrive_arduino' returned '0': CMAKE_PREFIX_PATH=/home/shrek/shrek_ws/install/serial:/home/shrek/shrek_ws/install/to_place:/home/shrek/shrek_ws/install/diffdrive_arduino:/home/shrek/shrek_ws/install/my_bot:/home/shrek/shrek_ws/install/goalxy:/home/shrek/shrek_ws/install/gazebo_ros2_control_demos:/home/shrek/shrek_ws/install/gazebo_ros2_control:/opt/ros/foxy /usr/bin/cmake --install /home/shrek/shrek_ws/build/diffdrive_arduino
[1.058s] Level 1:colcon.colcon_core.environment:checking '/home/shrek/shrek_ws/install/diffdrive_arduino' for CMake config files
[1.058s] Level 1:colcon.colcon_core.shell:create_environment_hook('diffdrive_arduino', 'cmake_prefix_path')
[1.059s] INFO:colcon.colcon_core.shell:Creating environment hook '/home/shrek/shrek_ws/install/diffdrive_arduino/share/diffdrive_arduino/hook/cmake_prefix_path.ps1'
[1.060s] INFO:colcon.colcon_core.shell:Creating environment descriptor '/home/shrek/shrek_ws/install/diffdrive_arduino/share/diffdrive_arduino/hook/cmake_prefix_path.dsv'
[1.061s] INFO:colcon.colcon_core.shell:Creating environment hook '/home/shrek/shrek_ws/install/diffdrive_arduino/share/diffdrive_arduino/hook/cmake_prefix_path.sh'
[1.061s] Level 1:colcon.colcon_core.environment:checking '/home/shrek/shrek_ws/install/diffdrive_arduino/lib'
[1.061s] Level 1:colcon.colcon_core.shell:create_environment_hook('diffdrive_arduino', 'ld_library_path_lib')
[1.062s] INFO:colcon.colcon_core.shell:Creating environment hook '/home/shrek/shrek_ws/install/diffdrive_arduino/share/diffdrive_arduino/hook/ld_library_path_lib.ps1'
[1.063s] INFO:colcon.colcon_core.shell:Creating environment descriptor '/home/shrek/shrek_ws/install/diffdrive_arduino/share/diffdrive_arduino/hook/ld_library_path_lib.dsv'
[1.063s] INFO:colcon.colcon_core.shell:Creating environment hook '/home/shrek/shrek_ws/install/diffdrive_arduino/share/diffdrive_arduino/hook/ld_library_path_lib.sh'
[1.063s] Level 1:colcon.colcon_core.environment:checking '/home/shrek/shrek_ws/install/diffdrive_arduino/bin'
[1.063s] Level 1:colcon.colcon_core.environment:checking '/home/shrek/shrek_ws/install/diffdrive_arduino/lib/pkgconfig/diffdrive_arduino.pc'
[1.063s] Level 1:colcon.colcon_core.environment:checking '/home/shrek/shrek_ws/install/diffdrive_arduino/lib/python3.8/site-packages'
[1.064s] Level 1:colcon.colcon_core.environment:checking '/home/shrek/shrek_ws/install/diffdrive_arduino/bin'
[1.065s] INFO:colcon.colcon_core.shell:Creating package script '/home/shrek/shrek_ws/install/diffdrive_arduino/share/diffdrive_arduino/package.ps1'
[1.065s] INFO:colcon.colcon_core.shell:Creating package descriptor '/home/shrek/shrek_ws/install/diffdrive_arduino/share/diffdrive_arduino/package.dsv'
[1.065s] INFO:colcon.colcon_core.shell:Creating package script '/home/shrek/shrek_ws/install/diffdrive_arduino/share/diffdrive_arduino/package.sh'
[1.066s] INFO:colcon.colcon_core.shell:Creating package script '/home/shrek/shrek_ws/install/diffdrive_arduino/share/diffdrive_arduino/package.bash'
[1.066s] INFO:colcon.colcon_core.shell:Creating package script '/home/shrek/shrek_ws/install/diffdrive_arduino/share/diffdrive_arduino/package.zsh'
[1.066s] Level 1:colcon.colcon_core.environment:create_file_with_runtime_dependencies(/home/shrek/shrek_ws/install/diffdrive_arduino/share/colcon-core/packages/diffdrive_arduino)
[1.072s] Level 1:colcon.colcon_core.environment:create_environment_scripts_only(gazebo_ros2_control_demos)
[1.075s] Level 1:colcon.colcon_core.environment:checking '/home/shrek/shrek_ws/install/gazebo_ros2_control_demos' for CMake module files
[1.076s] DEBUG:colcon.colcon_core.event_handler.log_command:Invoking command in '/home/shrek/shrek_ws/src/follow_waypoints': PYTHONPATH=/home/shrek/shrek_ws/build/follow_waypoints/prefix_override:/home/shrek/shrek_ws/install/follow_waypoints/lib/python3.8/site-packages:${PYTHONPATH} /usr/bin/python3 setup.py egg_info --egg-base ../../build/follow_waypoints build --build-base /home/shrek/shrek_ws/build/follow_waypoints/build install --record /home/shrek/shrek_ws/build/follow_waypoints/install.log --install-scripts $base/lib/follow_waypoints --single-version-externally-managed
[1.077s] DEBUG:colcon.colcon_core.event_handler.log_command:Invoked command in '/home/shrek/shrek_ws/build/gazebo_ros2_control_demos' returned '0': CMAKE_PREFIX_PATH=/home/shrek/shrek_ws/install/gazebo_ros2_control:/home/shrek/shrek_ws/install/to_place:/home/shrek/shrek_ws/install/diffdrive_arduino:/home/shrek/shrek_ws/install/serial:/home/shrek/shrek_ws/install/my_bot:/home/shrek/shrek_ws/install/goalxy:/home/shrek/shrek_ws/install/gazebo_ros2_control_demos:/opt/ros/foxy LD_LIBRARY_PATH=/home/shrek/shrek_ws/install/gazebo_ros2_control/lib:/home/shrek/shrek_ws/install/diffdrive_arduino/lib:/home/shrek/shrek_ws/install/serial/lib:/usr/lib/x86_64-linux-gnu/gazebo-11/plugins:/opt/ros/foxy/opt/yaml_cpp_vendor/lib:/opt/ros/foxy/opt/rviz_ogre_vendor/lib:/opt/ros/foxy/lib/x86_64-linux-gnu:/opt/ros/foxy/lib /usr/bin/cmake --install /home/shrek/shrek_ws/build/gazebo_ros2_control_demos
[1.077s] Level 1:colcon.colcon_core.environment:checking '/home/shrek/shrek_ws/install/gazebo_ros2_control_demos' for CMake config files
[1.077s] Level 1:colcon.colcon_core.shell:create_environment_hook('gazebo_ros2_control_demos', 'cmake_prefix_path')
[1.079s] INFO:colcon.colcon_core.shell:Creating environment hook '/home/shrek/shrek_ws/install/gazebo_ros2_control_demos/share/gazebo_ros2_control_demos/hook/cmake_prefix_path.ps1'
[1.080s] INFO:colcon.colcon_core.shell:Creating environment descriptor '/home/shrek/shrek_ws/install/gazebo_ros2_control_demos/share/gazebo_ros2_control_demos/hook/cmake_prefix_path.dsv'
[1.080s] INFO:colcon.colcon_core.shell:Creating environment hook '/home/shrek/shrek_ws/install/gazebo_ros2_control_demos/share/gazebo_ros2_control_demos/hook/cmake_prefix_path.sh'
[1.081s] Level 1:colcon.colcon_core.environment:checking '/home/shrek/shrek_ws/install/gazebo_ros2_control_demos/lib'
[1.081s] Level 1:colcon.colcon_core.environment:checking '/home/shrek/shrek_ws/install/gazebo_ros2_control_demos/bin'
[1.081s] Level 1:colcon.colcon_core.environment:checking '/home/shrek/shrek_ws/install/gazebo_ros2_control_demos/lib/pkgconfig/gazebo_ros2_control_demos.pc'
[1.081s] Level 1:colcon.colcon_core.environment:checking '/home/shrek/shrek_ws/install/gazebo_ros2_control_demos/lib/python3.8/site-packages'
[1.082s] Level 1:colcon.colcon_core.environment:checking '/home/shrek/shrek_ws/install/gazebo_ros2_control_demos/bin'
[1.083s] INFO:colcon.colcon_core.shell:Creating package script '/home/shrek/shrek_ws/install/gazebo_ros2_control_demos/share/gazebo_ros2_control_demos/package.ps1'
[1.083s] INFO:colcon.colcon_core.shell:Creating package descriptor '/home/shrek/shrek_ws/install/gazebo_ros2_control_demos/share/gazebo_ros2_control_demos/package.dsv'
[1.084s] INFO:colcon.colcon_core.shell:Creating package script '/home/shrek/shrek_ws/install/gazebo_ros2_control_demos/share/gazebo_ros2_control_demos/package.sh'
[1.084s] INFO:colcon.colcon_core.shell:Creating package script '/home/shrek/shrek_ws/install/gazebo_ros2_control_demos/share/gazebo_ros2_control_demos/package.bash'
[1.084s] INFO:colcon.colcon_core.shell:Creating package script '/home/shrek/shrek_ws/install/gazebo_ros2_control_demos/share/gazebo_ros2_control_demos/package.zsh'
[1.085s] Level 1:colcon.colcon_core.environment:create_file_with_runtime_dependencies(/home/shrek/shrek_ws/install/gazebo_ros2_control_demos/share/colcon-core/packages/gazebo_ros2_control_demos)
[1.092s] Level 1:colcon.colcon_core.environment:create_environment_scripts_only(diffdrive_arduino)
[1.095s] Level 1:colcon.colcon_core.environment:checking '/home/shrek/shrek_ws/install/diffdrive_arduino' for CMake module files
[1.096s] Level 1:colcon.colcon_core.environment:checking '/home/shrek/shrek_ws/install/diffdrive_arduino' for CMake config files
[1.096s] Level 1:colcon.colcon_core.shell:create_environment_hook('diffdrive_arduino', 'cmake_prefix_path')
[1.098s] INFO:colcon.colcon_core.shell:Creating environment hook '/home/shrek/shrek_ws/install/diffdrive_arduino/share/diffdrive_arduino/hook/cmake_prefix_path.ps1'
[1.098s] INFO:colcon.colcon_core.shell:Creating environment descriptor '/home/shrek/shrek_ws/install/diffdrive_arduino/share/diffdrive_arduino/hook/cmake_prefix_path.dsv'
[1.098s] INFO:colcon.colcon_core.shell:Creating environment hook '/home/shrek/shrek_ws/install/diffdrive_arduino/share/diffdrive_arduino/hook/cmake_prefix_path.sh'
[1.099s] Level 1:colcon.colcon_core.environment:checking '/home/shrek/shrek_ws/install/diffdrive_arduino/lib'
[1.099s] Level 1:colcon.colcon_core.shell:create_environment_hook('diffdrive_arduino', 'ld_library_path_lib')
[1.100s] INFO:colcon.colcon_core.shell:Creating environment hook '/home/shrek/shrek_ws/install/diffdrive_arduino/share/diffdrive_arduino/hook/ld_library_path_lib.ps1'
[1.101s] INFO:colcon.colcon_core.shell:Creating environment descriptor '/home/shrek/shrek_ws/install/diffdrive_arduino/share/diffdrive_arduino/hook/ld_library_path_lib.dsv'
[1.101s] INFO:colcon.colcon_core.shell:Creating environment hook '/home/shrek/shrek_ws/install/diffdrive_arduino/share/diffdrive_arduino/hook/ld_library_path_lib.sh'
[1.101s] Level 1:colcon.colcon_core.environment:checking '/home/shrek/shrek_ws/install/diffdrive_arduino/bin'
[1.101s] Level 1:colcon.colcon_core.environment:checking '/home/shrek/shrek_ws/install/diffdrive_arduino/lib/pkgconfig/diffdrive_arduino.pc'
[1.102s] Level 1:colcon.colcon_core.environment:checking '/home/shrek/shrek_ws/install/diffdrive_arduino/lib/python3.8/site-packages'
[1.102s] Level 1:colcon.colcon_core.environment:checking '/home/shrek/shrek_ws/install/diffdrive_arduino/bin'
[1.103s] INFO:colcon.colcon_core.shell:Creating package script '/home/shrek/shrek_ws/install/diffdrive_arduino/share/diffdrive_arduino/package.ps1'
[1.104s] INFO:colcon.colcon_core.shell:Creating package descriptor '/home/shrek/shrek_ws/install/diffdrive_arduino/share/diffdrive_arduino/package.dsv'
[1.104s] INFO:colcon.colcon_core.shell:Creating package script '/home/shrek/shrek_ws/install/diffdrive_arduino/share/diffdrive_arduino/package.sh'
[1.104s] INFO:colcon.colcon_core.shell:Creating package script '/home/shrek/shrek_ws/install/diffdrive_arduino/share/diffdrive_arduino/package.bash'
[1.105s] INFO:colcon.colcon_core.shell:Creating package script '/home/shrek/shrek_ws/install/diffdrive_arduino/share/diffdrive_arduino/package.zsh'
[1.105s] Level 1:colcon.colcon_core.environment:create_file_with_runtime_dependencies(/home/shrek/shrek_ws/install/diffdrive_arduino/share/colcon-core/packages/diffdrive_arduino)
[1.112s] Level 1:colcon.colcon_core.environment:create_environment_scripts_only(gazebo_ros2_control_demos)
[1.113s] Level 1:colcon.colcon_core.environment:checking '/home/shrek/shrek_ws/install/gazebo_ros2_control_demos' for CMake module files
[1.114s] Level 1:colcon.colcon_core.environment:checking '/home/shrek/shrek_ws/install/gazebo_ros2_control_demos' for CMake config files
[1.114s] Level 1:colcon.colcon_core.shell:create_environment_hook('gazebo_ros2_control_demos', 'cmake_prefix_path')
[1.115s] INFO:colcon.colcon_core.shell:Creating environment hook '/home/shrek/shrek_ws/install/gazebo_ros2_control_demos/share/gazebo_ros2_control_demos/hook/cmake_prefix_path.ps1'
[1.116s] INFO:colcon.colcon_core.shell:Creating environment descriptor '/home/shrek/shrek_ws/install/gazebo_ros2_control_demos/share/gazebo_ros2_control_demos/hook/cmake_prefix_path.dsv'
[1.116s] INFO:colcon.colcon_core.shell:Creating environment hook '/home/shrek/shrek_ws/install/gazebo_ros2_control_demos/share/gazebo_ros2_control_demos/hook/cmake_prefix_path.sh'
[1.116s] Level 1:colcon.colcon_core.environment:checking '/home/shrek/shrek_ws/install/gazebo_ros2_control_demos/lib'
[1.117s] Level 1:colcon.colcon_core.environment:checking '/home/shrek/shrek_ws/install/gazebo_ros2_control_demos/bin'
[1.117s] Level 1:colcon.colcon_core.environment:checking '/home/shrek/shrek_ws/install/gazebo_ros2_control_demos/lib/pkgconfig/gazebo_ros2_control_demos.pc'
[1.117s] Level 1:colcon.colcon_core.environment:checking '/home/shrek/shrek_ws/install/gazebo_ros2_control_demos/lib/python3.8/site-packages'
[1.117s] Level 1:colcon.colcon_core.environment:checking '/home/shrek/shrek_ws/install/gazebo_ros2_control_demos/bin'
[1.119s] INFO:colcon.colcon_core.shell:Creating package script '/home/shrek/shrek_ws/install/gazebo_ros2_control_demos/share/gazebo_ros2_control_demos/package.ps1'
[1.120s] INFO:colcon.colcon_core.shell:Creating package descriptor '/home/shrek/shrek_ws/install/gazebo_ros2_control_demos/share/gazebo_ros2_control_demos/package.dsv'
[1.120s] INFO:colcon.colcon_core.shell:Creating package script '/home/shrek/shrek_ws/install/gazebo_ros2_control_demos/share/gazebo_ros2_control_demos/package.sh'
[1.121s] INFO:colcon.colcon_core.shell:Creating package script '/home/shrek/shrek_ws/install/gazebo_ros2_control_demos/share/gazebo_ros2_control_demos/package.bash'
[1.121s] INFO:colcon.colcon_core.shell:Creating package script '/home/shrek/shrek_ws/install/gazebo_ros2_control_demos/share/gazebo_ros2_control_demos/package.zsh'
[1.122s] Level 1:colcon.colcon_core.environment:create_file_with_runtime_dependencies(/home/shrek/shrek_ws/install/gazebo_ros2_control_demos/share/colcon-core/packages/gazebo_ros2_control_demos)
[1.329s] Level 1:colcon.colcon_core.environment:checking '/home/shrek/shrek_ws/install/follow_waypoints' for CMake module files
[1.330s] DEBUG:colcon.colcon_core.event_handler.log_command:Invoked command in '/home/shrek/shrek_ws/src/follow_waypoints' returned '0': PYTHONPATH=/home/shrek/shrek_ws/build/follow_waypoints/prefix_override:/home/shrek/shrek_ws/install/follow_waypoints/lib/python3.8/site-packages:${PYTHONPATH} /usr/bin/python3 setup.py egg_info --egg-base ../../build/follow_waypoints build --build-base /home/shrek/shrek_ws/build/follow_waypoints/build install --record /home/shrek/shrek_ws/build/follow_waypoints/install.log --install-scripts $base/lib/follow_waypoints --single-version-externally-managed
[1.330s] Level 1:colcon.colcon_core.environment:checking '/home/shrek/shrek_ws/install/follow_waypoints' for CMake config files
[1.331s] Level 1:colcon.colcon_core.environment:checking '/home/shrek/shrek_ws/install/follow_waypoints/lib'
[1.331s] Level 1:colcon.colcon_core.environment:checking '/home/shrek/shrek_ws/install/follow_waypoints/bin'
[1.331s] Level 1:colcon.colcon_core.environment:checking '/home/shrek/shrek_ws/install/follow_waypoints/lib/pkgconfig/follow_waypoints.pc'
[1.331s] Level 1:colcon.colcon_core.environment:checking '/home/shrek/shrek_ws/install/follow_waypoints/lib/python3.8/site-packages'
[1.331s] Level 1:colcon.colcon_core.shell:create_environment_hook('follow_waypoints', 'pythonpath')
[1.333s] INFO:colcon.colcon_core.shell:Creating environment hook '/home/shrek/shrek_ws/install/follow_waypoints/share/follow_waypoints/hook/pythonpath.ps1'
[1.334s] INFO:colcon.colcon_core.shell:Creating environment descriptor '/home/shrek/shrek_ws/install/follow_waypoints/share/follow_waypoints/hook/pythonpath.dsv'
[1.334s] INFO:colcon.colcon_core.shell:Creating environment hook '/home/shrek/shrek_ws/install/follow_waypoints/share/follow_waypoints/hook/pythonpath.sh'
[1.335s] Level 1:colcon.colcon_core.environment:checking '/home/shrek/shrek_ws/install/follow_waypoints/bin'
[1.335s] Level 1:colcon.colcon_core.environment:create_environment_scripts_only(follow_waypoints)
[1.337s] INFO:colcon.colcon_core.shell:Creating package script '/home/shrek/shrek_ws/install/follow_waypoints/share/follow_waypoints/package.ps1'
[1.337s] INFO:colcon.colcon_core.shell:Creating package descriptor '/home/shrek/shrek_ws/install/follow_waypoints/share/follow_waypoints/package.dsv'
[1.337s] INFO:colcon.colcon_core.shell:Creating package script '/home/shrek/shrek_ws/install/follow_waypoints/share/follow_waypoints/package.sh'
[1.338s] INFO:colcon.colcon_core.shell:Creating package script '/home/shrek/shrek_ws/install/follow_waypoints/share/follow_waypoints/package.bash'
[1.338s] INFO:colcon.colcon_core.shell:Creating package script '/home/shrek/shrek_ws/install/follow_waypoints/share/follow_waypoints/package.zsh'
[1.338s] Level 1:colcon.colcon_core.environment:create_file_with_runtime_dependencies(/home/shrek/shrek_ws/install/follow_waypoints/share/colcon-core/packages/follow_waypoints)
[1.338s] DEBUG:colcon.colcon_parallel_executor.executor.parallel:closing loop
[1.339s] DEBUG:colcon.colcon_parallel_executor.executor.parallel:loop closed
[1.339s] DEBUG:colcon.colcon_parallel_executor.executor.parallel:run_until_complete finished with '0'
[1.339s] DEBUG:colcon.colcon_core.event_reactor:joining thread
[1.345s] INFO:colcon.colcon_core.plugin_system:Skipping extension 'colcon_notification.desktop_notification.terminal_notifier': Not used on non-Darwin systems
[1.345s] INFO:colcon.colcon_core.plugin_system:Skipping extension 'colcon_notification.desktop_notification.win32': Not used on non-Windows systems
[1.346s] INFO:colcon.colcon_notification.desktop_notification:Sending desktop notification using 'notify2'
[1.366s] DEBUG:colcon.colcon_core.event_reactor:joined thread
[1.368s] INFO:colcon.colcon_core.shell:Creating prefix script '/home/shrek/shrek_ws/install/local_setup.ps1'
[1.370s] INFO:colcon.colcon_core.shell:Creating prefix util module '/home/shrek/shrek_ws/install/_local_setup_util_ps1.py'
[1.371s] INFO:colcon.colcon_core.shell:Creating prefix chain script '/home/shrek/shrek_ws/install/setup.ps1'
[1.373s] INFO:colcon.colcon_core.shell:Creating prefix script '/home/shrek/shrek_ws/install/local_setup.sh'
[1.373s] INFO:colcon.colcon_core.shell:Creating prefix util module '/home/shrek/shrek_ws/install/_local_setup_util_sh.py'
[1.373s] INFO:colcon.colcon_core.shell:Creating prefix chain script '/home/shrek/shrek_ws/install/setup.sh'
[1.374s] INFO:colcon.colcon_core.shell:Creating prefix script '/home/shrek/shrek_ws/install/local_setup.bash'
[1.375s] INFO:colcon.colcon_core.shell:Creating prefix chain script '/home/shrek/shrek_ws/install/setup.bash'
[1.376s] INFO:colcon.colcon_core.shell:Creating prefix script '/home/shrek/shrek_ws/install/local_setup.zsh'
[1.376s] INFO:colcon.colcon_core.shell:Creating prefix chain script '/home/shrek/shrek_ws/install/setup.zsh'
