[0.027s] Invoking command in '/home/shrek/shrek_ws/build/my_bot': CMAKE_PREFIX_PATH=/opt/ros/foxy /usr/bin/cmake /home/shrek/shrek_ws/src/my_bot -DAMENT_CMAKE_SYMLINK_INSTALL=1 -DCMAKE_INSTALL_PREFIX=/home/shrek/shrek_ws/install/my_bot
[0.186s] -- The C compiler identification is GNU 9.4.0
[0.311s] -- The CXX compiler identification is GNU 9.4.0
[0.319s] -- Check for working C compiler: /usr/bin/cc
[0.405s] -- Check for working C compiler: /usr/bin/cc -- works
[0.406s] -- Detecting C compiler ABI info
[0.496s] -- Detecting C compiler ABI info - done
[0.512s] -- Detecting C compile features
[0.513s] -- Detecting C compile features - done
[0.516s] -- Check for working CXX compiler: /usr/bin/c++
[0.612s] -- Check for working CXX compiler: /usr/bin/c++ -- works
[0.614s] -- Detecting CXX compiler ABI info
[0.712s] -- Detecting CXX compiler ABI info - done
[0.726s] -- Detecting CXX compile features
[0.726s] -- Detecting CXX compile features - done
[0.731s] -- Found ament_cmake: 0.9.11 (/opt/ros/foxy/share/ament_cmake/cmake)
[0.766s] -- Found PythonInterp: /usr/bin/python3 (found suitable version "3.8.10", minimum required is "3") 
[0.767s] -- Using PYTHON_EXECUTABLE: /usr/bin/python3
[0.974s] -- Override CMake install command with custom implementation using symlinks instead of copying resources
[1.008s] -- Found ament_lint_auto: 0.9.7 (/opt/ros/foxy/share/ament_lint_auto/cmake)
[1.101s] -- Added test 'copyright' to check source files copyright and LICENSE
[1.108s] -- Added test 'flake8' to check Python code syntax and style conventions
[1.109s] -- Added test 'lint_cmake' to check CMake code style
[1.110s] -- Added test 'pep257' to check Python code against some of the style conventions in PEP 257
[1.114s] -- Added test 'xmllint' to check XML markup files
[1.117s] -- Configuring done
[1.119s] -- Generating done
[1.120s] -- Build files have been written to: /home/shrek/shrek_ws/build/my_bot
[1.124s] Invoked command in '/home/shrek/shrek_ws/build/my_bot' returned '0': CMAKE_PREFIX_PATH=/opt/ros/foxy /usr/bin/cmake /home/shrek/shrek_ws/src/my_bot -DAMENT_CMAKE_SYMLINK_INSTALL=1 -DCMAKE_INSTALL_PREFIX=/home/shrek/shrek_ws/install/my_bot
[1.129s] Invoking command in '/home/shrek/shrek_ws/build/my_bot': CMAKE_PREFIX_PATH=/opt/ros/foxy /usr/bin/cmake --build /home/shrek/shrek_ws/build/my_bot -- -j8 -l8
[1.179s] Invoked command in '/home/shrek/shrek_ws/build/my_bot' returned '0': CMAKE_PREFIX_PATH=/opt/ros/foxy /usr/bin/cmake --build /home/shrek/shrek_ws/build/my_bot -- -j8 -l8
[1.223s] Invoking command in '/home/shrek/shrek_ws/build/my_bot': CMAKE_PREFIX_PATH=/opt/ros/foxy /usr/bin/cmake --install /home/shrek/shrek_ws/build/my_bot
[1.234s] -- Install configuration: ""
[1.235s] -- Execute custom install script
[1.236s] -- Symlinking: /home/shrek/shrek_ws/install/my_bot/share/my_bot/config/empty.yaml
[1.248s] -- Symlinking: /home/shrek/shrek_ws/install/my_bot/share/my_bot/description/robot.urdf.xacro
[1.259s] -- Symlinking: /home/shrek/shrek_ws/install/my_bot/share/my_bot/launch/rsp.launch.py
[1.270s] -- Symlinking: /home/shrek/shrek_ws/install/my_bot/share/my_bot/worlds/empty.world
[1.280s] -- Symlinking: /home/shrek/shrek_ws/install/my_bot/share/ament_index/resource_index/package_run_dependencies/my_bot
[1.290s] -- Symlinking: /home/shrek/shrek_ws/install/my_bot/share/ament_index/resource_index/parent_prefix_path/my_bot
[1.301s] -- Symlinking: /home/shrek/shrek_ws/install/my_bot/share/my_bot/environment/ament_prefix_path.sh
[1.311s] -- Symlinking: /home/shrek/shrek_ws/install/my_bot/share/my_bot/environment/ament_prefix_path.dsv
[1.322s] -- Symlinking: /home/shrek/shrek_ws/install/my_bot/share/my_bot/environment/path.sh
[1.333s] -- Symlinking: /home/shrek/shrek_ws/install/my_bot/share/my_bot/environment/path.dsv
[1.344s] -- Symlinking: /home/shrek/shrek_ws/install/my_bot/share/my_bot/local_setup.bash
[1.355s] -- Symlinking: /home/shrek/shrek_ws/install/my_bot/share/my_bot/local_setup.sh
[1.369s] -- Symlinking: /home/shrek/shrek_ws/install/my_bot/share/my_bot/local_setup.zsh
[1.383s] -- Symlinking: /home/shrek/shrek_ws/install/my_bot/share/my_bot/local_setup.dsv
[1.396s] -- Symlinking: /home/shrek/shrek_ws/install/my_bot/share/my_bot/package.dsv
[1.406s] -- Symlinking: /home/shrek/shrek_ws/install/my_bot/share/ament_index/resource_index/packages/my_bot
[1.417s] -- Symlinking: /home/shrek/shrek_ws/install/my_bot/share/my_bot/cmake/my_botConfig.cmake
[1.431s] -- Symlinking: /home/shrek/shrek_ws/install/my_bot/share/my_bot/cmake/my_botConfig-version.cmake
[1.442s] -- Symlinking: /home/shrek/shrek_ws/install/my_bot/share/my_bot/package.xml
[1.458s] Invoked command in '/home/shrek/shrek_ws/build/my_bot' returned '0': CMAKE_PREFIX_PATH=/opt/ros/foxy /usr/bin/cmake --install /home/shrek/shrek_ws/build/my_bot
