[0.182s] DEBUG:colcon:Command line arguments: ['/usr/bin/colcon', 'build', '--symlink-install']
[0.182s] DEBUG:colcon:Parsed command line arguments: Namespace(allow_overriding=[], ament_cmake_args=None, base_paths=['.'], build_base='build', catkin_cmake_args=None, catkin_skip_building_tests=False, cmake_args=None, cmake_clean_cache=False, cmake_clean_first=False, cmake_force_configure=False, cmake_target=None, cmake_target_skip_unavailable=False, continue_on_error=False, event_handlers=None, executor='parallel', ignore_user_meta=False, install_base='install', log_base=None, log_level=None, main=<bound method BuildVerb.main of <colcon_core.verb.build.BuildVerb object at 0x7f872a074a00>>, merge_install=False, metas=['./colcon.meta'], packages_above=None, packages_above_and_dependencies=None, packages_above_depth=None, packages_end=None, packages_ignore=None, packages_ignore_regex=None, packages_select=None, packages_select_build_failed=False, packages_select_by_dep=None, packages_select_regex=None, packages_select_test_failures=False, packages_skip=None, packages_skip_build_finished=False, packages_skip_by_dep=None, packages_skip_regex=None, packages_skip_test_passed=False, packages_skip_up_to=None, packages_start=None, packages_up_to=None, packages_up_to_regex=None, parallel_workers=8, paths=None, symlink_install=True, test_result_base=None, verb_extension=<colcon_core.verb.build.BuildVerb object at 0x7f872a074a00>, verb_name='build', verb_parser=<colcon_defaults.argument_parser.defaults.DefaultArgumentsDecorator object at 0x7f872a074f70>)
[0.210s] Level 1:colcon.colcon_core.package_discovery:discover_packages(colcon_meta) check parameters
[0.210s] Level 1:colcon.colcon_core.package_discovery:discover_packages(recursive) check parameters
[0.210s] Level 1:colcon.colcon_core.package_discovery:discover_packages(ignore) check parameters
[0.210s] Level 1:colcon.colcon_core.package_discovery:discover_packages(path) check parameters
[0.210s] Level 1:colcon.colcon_core.package_discovery:discover_packages(colcon_meta) discover
[0.210s] Level 1:colcon.colcon_core.package_discovery:discover_packages(recursive) discover
[0.210s] INFO:colcon.colcon_core.package_discovery:Crawling recursively for packages in '/home/shrek/shrek_ws'
[0.210s] Level 1:colcon.colcon_core.package_identification:_identify(.) by extensions ['ignore', 'ignore_ament_install']
[0.210s] Level 1:colcon.colcon_core.package_identification:_identify(.) by extension 'ignore'
[0.210s] Level 1:colcon.colcon_core.package_identification:_identify(.) by extension 'ignore_ament_install'
[0.211s] Level 1:colcon.colcon_core.package_identification:_identify(.) by extensions ['colcon_pkg']
[0.211s] Level 1:colcon.colcon_core.package_identification:_identify(.) by extension 'colcon_pkg'
[0.211s] Level 1:colcon.colcon_core.package_identification:_identify(.) by extensions ['colcon_meta']
[0.211s] Level 1:colcon.colcon_core.package_identification:_identify(.) by extension 'colcon_meta'
[0.211s] Level 1:colcon.colcon_core.package_identification:_identify(.) by extensions ['ros']
[0.211s] Level 1:colcon.colcon_core.package_identification:_identify(.) by extension 'ros'
[0.223s] Level 1:colcon.colcon_core.package_identification:_identify(.) by extensions ['cmake', 'python']
[0.223s] Level 1:colcon.colcon_core.package_identification:_identify(.) by extension 'cmake'
[0.223s] Level 1:colcon.colcon_core.package_identification:_identify(.) by extension 'python'
[0.223s] Level 1:colcon.colcon_core.package_identification:_identify(.) by extensions ['python_setup_py']
[0.223s] Level 1:colcon.colcon_core.package_identification:_identify(.) by extension 'python_setup_py'
[0.223s] Level 1:colcon.colcon_core.package_identification:_identify(build) by extensions ['ignore', 'ignore_ament_install']
[0.224s] Level 1:colcon.colcon_core.package_identification:_identify(build) by extension 'ignore'
[0.224s] Level 1:colcon.colcon_core.package_identification:_identify(build) ignored
[0.224s] Level 1:colcon.colcon_core.package_identification:_identify(install) by extensions ['ignore', 'ignore_ament_install']
[0.224s] Level 1:colcon.colcon_core.package_identification:_identify(install) by extension 'ignore'
[0.224s] Level 1:colcon.colcon_core.package_identification:_identify(install) ignored
[0.224s] Level 1:colcon.colcon_core.package_identification:_identify(log) by extensions ['ignore', 'ignore_ament_install']
[0.224s] Level 1:colcon.colcon_core.package_identification:_identify(log) by extension 'ignore'
[0.224s] Level 1:colcon.colcon_core.package_identification:_identify(log) ignored
[0.224s] Level 1:colcon.colcon_core.package_identification:_identify(src) by extensions ['ignore', 'ignore_ament_install']
[0.224s] Level 1:colcon.colcon_core.package_identification:_identify(src) by extension 'ignore'
[0.224s] Level 1:colcon.colcon_core.package_identification:_identify(src) by extension 'ignore_ament_install'
[0.225s] Level 1:colcon.colcon_core.package_identification:_identify(src) by extensions ['colcon_pkg']
[0.225s] Level 1:colcon.colcon_core.package_identification:_identify(src) by extension 'colcon_pkg'
[0.225s] Level 1:colcon.colcon_core.package_identification:_identify(src) by extensions ['colcon_meta']
[0.225s] Level 1:colcon.colcon_core.package_identification:_identify(src) by extension 'colcon_meta'
[0.225s] Level 1:colcon.colcon_core.package_identification:_identify(src) by extensions ['ros']
[0.225s] Level 1:colcon.colcon_core.package_identification:_identify(src) by extension 'ros'
[0.225s] Level 1:colcon.colcon_core.package_identification:_identify(src) by extensions ['cmake', 'python']
[0.225s] Level 1:colcon.colcon_core.package_identification:_identify(src) by extension 'cmake'
[0.225s] Level 1:colcon.colcon_core.package_identification:_identify(src) by extension 'python'
[0.225s] Level 1:colcon.colcon_core.package_identification:_identify(src) by extensions ['python_setup_py']
[0.225s] Level 1:colcon.colcon_core.package_identification:_identify(src) by extension 'python_setup_py'
[0.225s] Level 1:colcon.colcon_core.package_identification:_identify(src/diffdrive_arduino) by extensions ['ignore', 'ignore_ament_install']
[0.225s] Level 1:colcon.colcon_core.package_identification:_identify(src/diffdrive_arduino) by extension 'ignore'
[0.225s] Level 1:colcon.colcon_core.package_identification:_identify(src/diffdrive_arduino) by extension 'ignore_ament_install'
[0.225s] Level 1:colcon.colcon_core.package_identification:_identify(src/diffdrive_arduino) by extensions ['colcon_pkg']
[0.225s] Level 1:colcon.colcon_core.package_identification:_identify(src/diffdrive_arduino) by extension 'colcon_pkg'
[0.225s] Level 1:colcon.colcon_core.package_identification:_identify(src/diffdrive_arduino) by extensions ['colcon_meta']
[0.225s] Level 1:colcon.colcon_core.package_identification:_identify(src/diffdrive_arduino) by extension 'colcon_meta'
[0.226s] Level 1:colcon.colcon_core.package_identification:_identify(src/diffdrive_arduino) by extensions ['ros']
[0.226s] Level 1:colcon.colcon_core.package_identification:_identify(src/diffdrive_arduino) by extension 'ros'
[0.229s] DEBUG:colcon.colcon_core.package_identification:Package 'src/diffdrive_arduino' with type 'ros.ament_cmake' and name 'diffdrive_arduino'
[0.229s] Level 1:colcon.colcon_core.package_identification:_identify(src/gazebo_ros2_control) by extensions ['ignore', 'ignore_ament_install']
[0.229s] Level 1:colcon.colcon_core.package_identification:_identify(src/gazebo_ros2_control) by extension 'ignore'
[0.229s] Level 1:colcon.colcon_core.package_identification:_identify(src/gazebo_ros2_control) by extension 'ignore_ament_install'
[0.229s] Level 1:colcon.colcon_core.package_identification:_identify(src/gazebo_ros2_control) by extensions ['colcon_pkg']
[0.229s] Level 1:colcon.colcon_core.package_identification:_identify(src/gazebo_ros2_control) by extension 'colcon_pkg'
[0.229s] Level 1:colcon.colcon_core.package_identification:_identify(src/gazebo_ros2_control) by extensions ['colcon_meta']
[0.229s] Level 1:colcon.colcon_core.package_identification:_identify(src/gazebo_ros2_control) by extension 'colcon_meta'
[0.229s] Level 1:colcon.colcon_core.package_identification:_identify(src/gazebo_ros2_control) by extensions ['ros']
[0.229s] Level 1:colcon.colcon_core.package_identification:_identify(src/gazebo_ros2_control) by extension 'ros'
[0.230s] Level 1:colcon.colcon_core.package_identification:_identify(src/gazebo_ros2_control) by extensions ['cmake', 'python']
[0.230s] Level 1:colcon.colcon_core.package_identification:_identify(src/gazebo_ros2_control) by extension 'cmake'
[0.230s] Level 1:colcon.colcon_core.package_identification:_identify(src/gazebo_ros2_control) by extension 'python'
[0.230s] Level 1:colcon.colcon_core.package_identification:_identify(src/gazebo_ros2_control) by extensions ['python_setup_py']
[0.230s] Level 1:colcon.colcon_core.package_identification:_identify(src/gazebo_ros2_control) by extension 'python_setup_py'
[0.230s] Level 1:colcon.colcon_core.package_identification:_identify(src/gazebo_ros2_control/Docker) by extensions ['ignore', 'ignore_ament_install']
[0.230s] Level 1:colcon.colcon_core.package_identification:_identify(src/gazebo_ros2_control/Docker) by extension 'ignore'
[0.230s] Level 1:colcon.colcon_core.package_identification:_identify(src/gazebo_ros2_control/Docker) by extension 'ignore_ament_install'
[0.230s] Level 1:colcon.colcon_core.package_identification:_identify(src/gazebo_ros2_control/Docker) by extensions ['colcon_pkg']
[0.230s] Level 1:colcon.colcon_core.package_identification:_identify(src/gazebo_ros2_control/Docker) by extension 'colcon_pkg'
[0.230s] Level 1:colcon.colcon_core.package_identification:_identify(src/gazebo_ros2_control/Docker) by extensions ['colcon_meta']
[0.230s] Level 1:colcon.colcon_core.package_identification:_identify(src/gazebo_ros2_control/Docker) by extension 'colcon_meta'
[0.230s] Level 1:colcon.colcon_core.package_identification:_identify(src/gazebo_ros2_control/Docker) by extensions ['ros']
[0.230s] Level 1:colcon.colcon_core.package_identification:_identify(src/gazebo_ros2_control/Docker) by extension 'ros'
[0.230s] Level 1:colcon.colcon_core.package_identification:_identify(src/gazebo_ros2_control/Docker) by extensions ['cmake', 'python']
[0.230s] Level 1:colcon.colcon_core.package_identification:_identify(src/gazebo_ros2_control/Docker) by extension 'cmake'
[0.231s] Level 1:colcon.colcon_core.package_identification:_identify(src/gazebo_ros2_control/Docker) by extension 'python'
[0.231s] Level 1:colcon.colcon_core.package_identification:_identify(src/gazebo_ros2_control/Docker) by extensions ['python_setup_py']
[0.231s] Level 1:colcon.colcon_core.package_identification:_identify(src/gazebo_ros2_control/Docker) by extension 'python_setup_py'
[0.231s] Level 1:colcon.colcon_core.package_identification:_identify(src/gazebo_ros2_control/gazebo_ros2_control) by extensions ['ignore', 'ignore_ament_install']
[0.231s] Level 1:colcon.colcon_core.package_identification:_identify(src/gazebo_ros2_control/gazebo_ros2_control) by extension 'ignore'
[0.231s] Level 1:colcon.colcon_core.package_identification:_identify(src/gazebo_ros2_control/gazebo_ros2_control) by extension 'ignore_ament_install'
[0.231s] Level 1:colcon.colcon_core.package_identification:_identify(src/gazebo_ros2_control/gazebo_ros2_control) by extensions ['colcon_pkg']
[0.231s] Level 1:colcon.colcon_core.package_identification:_identify(src/gazebo_ros2_control/gazebo_ros2_control) by extension 'colcon_pkg'
[0.231s] Level 1:colcon.colcon_core.package_identification:_identify(src/gazebo_ros2_control/gazebo_ros2_control) by extensions ['colcon_meta']
[0.231s] Level 1:colcon.colcon_core.package_identification:_identify(src/gazebo_ros2_control/gazebo_ros2_control) by extension 'colcon_meta'
[0.231s] Level 1:colcon.colcon_core.package_identification:_identify(src/gazebo_ros2_control/gazebo_ros2_control) by extensions ['ros']
[0.231s] Level 1:colcon.colcon_core.package_identification:_identify(src/gazebo_ros2_control/gazebo_ros2_control) by extension 'ros'
[0.233s] DEBUG:colcon.colcon_core.package_identification:Package 'src/gazebo_ros2_control/gazebo_ros2_control' with type 'ros.ament_cmake' and name 'gazebo_ros2_control'
[0.233s] Level 1:colcon.colcon_core.package_identification:_identify(src/gazebo_ros2_control/gazebo_ros2_control_demos) by extensions ['ignore', 'ignore_ament_install']
[0.234s] Level 1:colcon.colcon_core.package_identification:_identify(src/gazebo_ros2_control/gazebo_ros2_control_demos) by extension 'ignore'
[0.234s] Level 1:colcon.colcon_core.package_identification:_identify(src/gazebo_ros2_control/gazebo_ros2_control_demos) by extension 'ignore_ament_install'
[0.234s] Level 1:colcon.colcon_core.package_identification:_identify(src/gazebo_ros2_control/gazebo_ros2_control_demos) by extensions ['colcon_pkg']
[0.234s] Level 1:colcon.colcon_core.package_identification:_identify(src/gazebo_ros2_control/gazebo_ros2_control_demos) by extension 'colcon_pkg'
[0.234s] Level 1:colcon.colcon_core.package_identification:_identify(src/gazebo_ros2_control/gazebo_ros2_control_demos) by extensions ['colcon_meta']
[0.234s] Level 1:colcon.colcon_core.package_identification:_identify(src/gazebo_ros2_control/gazebo_ros2_control_demos) by extension 'colcon_meta'
[0.234s] Level 1:colcon.colcon_core.package_identification:_identify(src/gazebo_ros2_control/gazebo_ros2_control_demos) by extensions ['ros']
[0.234s] Level 1:colcon.colcon_core.package_identification:_identify(src/gazebo_ros2_control/gazebo_ros2_control_demos) by extension 'ros'
[0.235s] DEBUG:colcon.colcon_core.package_identification:Package 'src/gazebo_ros2_control/gazebo_ros2_control_demos' with type 'ros.ament_cmake' and name 'gazebo_ros2_control_demos'
[0.236s] Level 1:colcon.colcon_core.package_identification:_identify(src/gazebo_ros2_control/img) by extensions ['ignore', 'ignore_ament_install']
[0.236s] Level 1:colcon.colcon_core.package_identification:_identify(src/gazebo_ros2_control/img) by extension 'ignore'
[0.236s] Level 1:colcon.colcon_core.package_identification:_identify(src/gazebo_ros2_control/img) by extension 'ignore_ament_install'
[0.236s] Level 1:colcon.colcon_core.package_identification:_identify(src/gazebo_ros2_control/img) by extensions ['colcon_pkg']
[0.236s] Level 1:colcon.colcon_core.package_identification:_identify(src/gazebo_ros2_control/img) by extension 'colcon_pkg'
[0.236s] Level 1:colcon.colcon_core.package_identification:_identify(src/gazebo_ros2_control/img) by extensions ['colcon_meta']
[0.236s] Level 1:colcon.colcon_core.package_identification:_identify(src/gazebo_ros2_control/img) by extension 'colcon_meta'
[0.236s] Level 1:colcon.colcon_core.package_identification:_identify(src/gazebo_ros2_control/img) by extensions ['ros']
[0.236s] Level 1:colcon.colcon_core.package_identification:_identify(src/gazebo_ros2_control/img) by extension 'ros'
[0.236s] Level 1:colcon.colcon_core.package_identification:_identify(src/gazebo_ros2_control/img) by extensions ['cmake', 'python']
[0.236s] Level 1:colcon.colcon_core.package_identification:_identify(src/gazebo_ros2_control/img) by extension 'cmake'
[0.236s] Level 1:colcon.colcon_core.package_identification:_identify(src/gazebo_ros2_control/img) by extension 'python'
[0.236s] Level 1:colcon.colcon_core.package_identification:_identify(src/gazebo_ros2_control/img) by extensions ['python_setup_py']
[0.236s] Level 1:colcon.colcon_core.package_identification:_identify(src/gazebo_ros2_control/img) by extension 'python_setup_py'
[0.236s] Level 1:colcon.colcon_core.package_identification:_identify(src/goalxy) by extensions ['ignore', 'ignore_ament_install']
[0.237s] Level 1:colcon.colcon_core.package_identification:_identify(src/goalxy) by extension 'ignore'
[0.237s] Level 1:colcon.colcon_core.package_identification:_identify(src/goalxy) by extension 'ignore_ament_install'
[0.237s] Level 1:colcon.colcon_core.package_identification:_identify(src/goalxy) by extensions ['colcon_pkg']
[0.237s] Level 1:colcon.colcon_core.package_identification:_identify(src/goalxy) by extension 'colcon_pkg'
[0.237s] Level 1:colcon.colcon_core.package_identification:_identify(src/goalxy) by extensions ['colcon_meta']
[0.237s] Level 1:colcon.colcon_core.package_identification:_identify(src/goalxy) by extension 'colcon_meta'
[0.237s] Level 1:colcon.colcon_core.package_identification:_identify(src/goalxy) by extensions ['ros']
[0.237s] Level 1:colcon.colcon_core.package_identification:_identify(src/goalxy) by extension 'ros'
[0.238s] DEBUG:colcon.colcon_core.package_identification:Package 'src/goalxy' with type 'ros.ament_cmake' and name 'goalxy'
[0.238s] Level 1:colcon.colcon_core.package_identification:_identify(src/my_bot) by extensions ['ignore', 'ignore_ament_install']
[0.238s] Level 1:colcon.colcon_core.package_identification:_identify(src/my_bot) by extension 'ignore'
[0.238s] Level 1:colcon.colcon_core.package_identification:_identify(src/my_bot) by extension 'ignore_ament_install'
[0.238s] Level 1:colcon.colcon_core.package_identification:_identify(src/my_bot) by extensions ['colcon_pkg']
[0.238s] Level 1:colcon.colcon_core.package_identification:_identify(src/my_bot) by extension 'colcon_pkg'
[0.238s] Level 1:colcon.colcon_core.package_identification:_identify(src/my_bot) by extensions ['colcon_meta']
[0.238s] Level 1:colcon.colcon_core.package_identification:_identify(src/my_bot) by extension 'colcon_meta'
[0.238s] Level 1:colcon.colcon_core.package_identification:_identify(src/my_bot) by extensions ['ros']
[0.238s] Level 1:colcon.colcon_core.package_identification:_identify(src/my_bot) by extension 'ros'
[0.239s] DEBUG:colcon.colcon_core.package_identification:Package 'src/my_bot' with type 'ros.ament_cmake' and name 'my_bot'
[0.239s] Level 1:colcon.colcon_core.package_identification:_identify(src/serial) by extensions ['ignore', 'ignore_ament_install']
[0.239s] Level 1:colcon.colcon_core.package_identification:_identify(src/serial) by extension 'ignore'
[0.239s] Level 1:colcon.colcon_core.package_identification:_identify(src/serial) by extension 'ignore_ament_install'
[0.239s] Level 1:colcon.colcon_core.package_identification:_identify(src/serial) by extensions ['colcon_pkg']
[0.239s] Level 1:colcon.colcon_core.package_identification:_identify(src/serial) by extension 'colcon_pkg'
[0.239s] Level 1:colcon.colcon_core.package_identification:_identify(src/serial) by extensions ['colcon_meta']
[0.239s] Level 1:colcon.colcon_core.package_identification:_identify(src/serial) by extension 'colcon_meta'
[0.239s] Level 1:colcon.colcon_core.package_identification:_identify(src/serial) by extensions ['ros']
[0.239s] Level 1:colcon.colcon_core.package_identification:_identify(src/serial) by extension 'ros'
[0.240s] DEBUG:colcon.colcon_core.package_identification:Package 'src/serial' with type 'ros.ament_cmake' and name 'serial'
[0.240s] Level 1:colcon.colcon_core.package_identification:_identify(src/to_place) by extensions ['ignore', 'ignore_ament_install']
[0.240s] Level 1:colcon.colcon_core.package_identification:_identify(src/to_place) by extension 'ignore'
[0.240s] Level 1:colcon.colcon_core.package_identification:_identify(src/to_place) by extension 'ignore_ament_install'
[0.240s] Level 1:colcon.colcon_core.package_identification:_identify(src/to_place) by extensions ['colcon_pkg']
[0.240s] Level 1:colcon.colcon_core.package_identification:_identify(src/to_place) by extension 'colcon_pkg'
[0.241s] Level 1:colcon.colcon_core.package_identification:_identify(src/to_place) by extensions ['colcon_meta']
[0.241s] Level 1:colcon.colcon_core.package_identification:_identify(src/to_place) by extension 'colcon_meta'
[0.241s] Level 1:colcon.colcon_core.package_identification:_identify(src/to_place) by extensions ['ros']
[0.241s] Level 1:colcon.colcon_core.package_identification:_identify(src/to_place) by extension 'ros'
[0.253s] DEBUG:colcon.colcon_core.package_identification:Package 'src/to_place' with type 'ros.ament_cmake' and name 'to_place'
[0.253s] Level 1:colcon.colcon_core.package_discovery:discover_packages(recursive) using defaults
[0.253s] Level 1:colcon.colcon_core.package_discovery:discover_packages(ignore) discover
[0.253s] Level 1:colcon.colcon_core.package_discovery:discover_packages(ignore) using defaults
[0.253s] Level 1:colcon.colcon_core.package_discovery:discover_packages(path) discover
[0.253s] Level 1:colcon.colcon_core.package_discovery:discover_packages(path) using defaults
[0.276s] Level 1:colcon.colcon_core.package_discovery:discover_packages(prefix_path) check parameters
[0.276s] Level 1:colcon.colcon_core.package_discovery:discover_packages(prefix_path) discover
[0.280s] DEBUG:colcon.colcon_installed_package_information.package_discovery:Found 8 installed packages in /home/shrek/shrek_ws/install
[0.282s] DEBUG:colcon.colcon_installed_package_information.package_discovery:Found 288 installed packages in /opt/ros/foxy
[0.284s] Level 1:colcon.colcon_core.package_discovery:discover_packages(prefix_path) using defaults
[0.368s] Level 5:colcon.colcon_core.verb:set package 'gazebo_ros2_control' build argument 'cmake_args' from command line to 'None'
[0.368s] Level 5:colcon.colcon_core.verb:set package 'gazebo_ros2_control' build argument 'cmake_target' from command line to 'None'
[0.368s] Level 5:colcon.colcon_core.verb:set package 'gazebo_ros2_control' build argument 'cmake_target_skip_unavailable' from command line to 'False'
[0.368s] Level 5:colcon.colcon_core.verb:set package 'gazebo_ros2_control' build argument 'cmake_clean_cache' from command line to 'False'
[0.368s] Level 5:colcon.colcon_core.verb:set package 'gazebo_ros2_control' build argument 'cmake_clean_first' from command line to 'False'
[0.368s] Level 5:colcon.colcon_core.verb:set package 'gazebo_ros2_control' build argument 'cmake_force_configure' from command line to 'False'
[0.368s] Level 5:colcon.colcon_core.verb:set package 'gazebo_ros2_control' build argument 'ament_cmake_args' from command line to 'None'
[0.368s] Level 5:colcon.colcon_core.verb:set package 'gazebo_ros2_control' build argument 'catkin_cmake_args' from command line to 'None'
[0.368s] Level 5:colcon.colcon_core.verb:set package 'gazebo_ros2_control' build argument 'catkin_skip_building_tests' from command line to 'False'
[0.368s] DEBUG:colcon.colcon_core.verb:Building package 'gazebo_ros2_control' with the following arguments: {'ament_cmake_args': None, 'build_base': '/home/shrek/shrek_ws/build/gazebo_ros2_control', 'catkin_cmake_args': None, 'catkin_skip_building_tests': False, 'cmake_args': None, 'cmake_clean_cache': False, 'cmake_clean_first': False, 'cmake_force_configure': False, 'cmake_target': None, 'cmake_target_skip_unavailable': False, 'install_base': '/home/shrek/shrek_ws/install/gazebo_ros2_control', 'merge_install': False, 'path': '/home/shrek/shrek_ws/src/gazebo_ros2_control/gazebo_ros2_control', 'symlink_install': True, 'test_result_base': None}
[0.369s] Level 5:colcon.colcon_core.verb:set package 'goalxy' build argument 'cmake_args' from command line to 'None'
[0.370s] Level 5:colcon.colcon_core.verb:set package 'goalxy' build argument 'cmake_target' from command line to 'None'
[0.370s] Level 5:colcon.colcon_core.verb:set package 'goalxy' build argument 'cmake_target_skip_unavailable' from command line to 'False'
[0.370s] Level 5:colcon.colcon_core.verb:set package 'goalxy' build argument 'cmake_clean_cache' from command line to 'False'
[0.370s] Level 5:colcon.colcon_core.verb:set package 'goalxy' build argument 'cmake_clean_first' from command line to 'False'
[0.370s] Level 5:colcon.colcon_core.verb:set package 'goalxy' build argument 'cmake_force_configure' from command line to 'False'
[0.370s] Level 5:colcon.colcon_core.verb:set package 'goalxy' build argument 'ament_cmake_args' from command line to 'None'
[0.370s] Level 5:colcon.colcon_core.verb:set package 'goalxy' build argument 'catkin_cmake_args' from command line to 'None'
[0.370s] Level 5:colcon.colcon_core.verb:set package 'goalxy' build argument 'catkin_skip_building_tests' from command line to 'False'
[0.370s] DEBUG:colcon.colcon_core.verb:Building package 'goalxy' with the following arguments: {'ament_cmake_args': None, 'build_base': '/home/shrek/shrek_ws/build/goalxy', 'catkin_cmake_args': None, 'catkin_skip_building_tests': False, 'cmake_args': None, 'cmake_clean_cache': False, 'cmake_clean_first': False, 'cmake_force_configure': False, 'cmake_target': None, 'cmake_target_skip_unavailable': False, 'install_base': '/home/shrek/shrek_ws/install/goalxy', 'merge_install': False, 'path': '/home/shrek/shrek_ws/src/goalxy', 'symlink_install': True, 'test_result_base': None}
[0.371s] Level 5:colcon.colcon_core.verb:set package 'my_bot' build argument 'cmake_args' from command line to 'None'
[0.371s] Level 5:colcon.colcon_core.verb:set package 'my_bot' build argument 'cmake_target' from command line to 'None'
[0.371s] Level 5:colcon.colcon_core.verb:set package 'my_bot' build argument 'cmake_target_skip_unavailable' from command line to 'False'
[0.371s] Level 5:colcon.colcon_core.verb:set package 'my_bot' build argument 'cmake_clean_cache' from command line to 'False'
[0.371s] Level 5:colcon.colcon_core.verb:set package 'my_bot' build argument 'cmake_clean_first' from command line to 'False'
[0.371s] Level 5:colcon.colcon_core.verb:set package 'my_bot' build argument 'cmake_force_configure' from command line to 'False'
[0.371s] Level 5:colcon.colcon_core.verb:set package 'my_bot' build argument 'ament_cmake_args' from command line to 'None'
[0.371s] Level 5:colcon.colcon_core.verb:set package 'my_bot' build argument 'catkin_cmake_args' from command line to 'None'
[0.371s] Level 5:colcon.colcon_core.verb:set package 'my_bot' build argument 'catkin_skip_building_tests' from command line to 'False'
[0.371s] DEBUG:colcon.colcon_core.verb:Building package 'my_bot' with the following arguments: {'ament_cmake_args': None, 'build_base': '/home/shrek/shrek_ws/build/my_bot', 'catkin_cmake_args': None, 'catkin_skip_building_tests': False, 'cmake_args': None, 'cmake_clean_cache': False, 'cmake_clean_first': False, 'cmake_force_configure': False, 'cmake_target': None, 'cmake_target_skip_unavailable': False, 'install_base': '/home/shrek/shrek_ws/install/my_bot', 'merge_install': False, 'path': '/home/shrek/shrek_ws/src/my_bot', 'symlink_install': True, 'test_result_base': None}
[0.372s] Level 5:colcon.colcon_core.verb:set package 'serial' build argument 'cmake_args' from command line to 'None'
[0.372s] Level 5:colcon.colcon_core.verb:set package 'serial' build argument 'cmake_target' from command line to 'None'
[0.372s] Level 5:colcon.colcon_core.verb:set package 'serial' build argument 'cmake_target_skip_unavailable' from command line to 'False'
[0.372s] Level 5:colcon.colcon_core.verb:set package 'serial' build argument 'cmake_clean_cache' from command line to 'False'
[0.372s] Level 5:colcon.colcon_core.verb:set package 'serial' build argument 'cmake_clean_first' from command line to 'False'
[0.372s] Level 5:colcon.colcon_core.verb:set package 'serial' build argument 'cmake_force_configure' from command line to 'False'
[0.372s] Level 5:colcon.colcon_core.verb:set package 'serial' build argument 'ament_cmake_args' from command line to 'None'
[0.372s] Level 5:colcon.colcon_core.verb:set package 'serial' build argument 'catkin_cmake_args' from command line to 'None'
[0.372s] Level 5:colcon.colcon_core.verb:set package 'serial' build argument 'catkin_skip_building_tests' from command line to 'False'
[0.372s] DEBUG:colcon.colcon_core.verb:Building package 'serial' with the following arguments: {'ament_cmake_args': None, 'build_base': '/home/shrek/shrek_ws/build/serial', 'catkin_cmake_args': None, 'catkin_skip_building_tests': False, 'cmake_args': None, 'cmake_clean_cache': False, 'cmake_clean_first': False, 'cmake_force_configure': False, 'cmake_target': None, 'cmake_target_skip_unavailable': False, 'install_base': '/home/shrek/shrek_ws/install/serial', 'merge_install': False, 'path': '/home/shrek/shrek_ws/src/serial', 'symlink_install': True, 'test_result_base': None}
[0.373s] Level 5:colcon.colcon_core.verb:set package 'to_place' build argument 'cmake_args' from command line to 'None'
[0.374s] Level 5:colcon.colcon_core.verb:set package 'to_place' build argument 'cmake_target' from command line to 'None'
[0.374s] Level 5:colcon.colcon_core.verb:set package 'to_place' build argument 'cmake_target_skip_unavailable' from command line to 'False'
[0.374s] Level 5:colcon.colcon_core.verb:set package 'to_place' build argument 'cmake_clean_cache' from command line to 'False'
[0.374s] Level 5:colcon.colcon_core.verb:set package 'to_place' build argument 'cmake_clean_first' from command line to 'False'
[0.374s] Level 5:colcon.colcon_core.verb:set package 'to_place' build argument 'cmake_force_configure' from command line to 'False'
[0.374s] Level 5:colcon.colcon_core.verb:set package 'to_place' build argument 'ament_cmake_args' from command line to 'None'
[0.374s] Level 5:colcon.colcon_core.verb:set package 'to_place' build argument 'catkin_cmake_args' from command line to 'None'
[0.374s] Level 5:colcon.colcon_core.verb:set package 'to_place' build argument 'catkin_skip_building_tests' from command line to 'False'
[0.374s] DEBUG:colcon.colcon_core.verb:Building package 'to_place' with the following arguments: {'ament_cmake_args': None, 'build_base': '/home/shrek/shrek_ws/build/to_place', 'catkin_cmake_args': None, 'catkin_skip_building_tests': False, 'cmake_args': None, 'cmake_clean_cache': False, 'cmake_clean_first': False, 'cmake_force_configure': False, 'cmake_target': None, 'cmake_target_skip_unavailable': False, 'install_base': '/home/shrek/shrek_ws/install/to_place', 'merge_install': False, 'path': '/home/shrek/shrek_ws/src/to_place', 'symlink_install': True, 'test_result_base': None}
[0.375s] Level 5:colcon.colcon_core.verb:set package 'diffdrive_arduino' build argument 'cmake_args' from command line to 'None'
[0.375s] Level 5:colcon.colcon_core.verb:set package 'diffdrive_arduino' build argument 'cmake_target' from command line to 'None'
[0.375s] Level 5:colcon.colcon_core.verb:set package 'diffdrive_arduino' build argument 'cmake_target_skip_unavailable' from command line to 'False'
[0.375s] Level 5:colcon.colcon_core.verb:set package 'diffdrive_arduino' build argument 'cmake_clean_cache' from command line to 'False'
[0.375s] Level 5:colcon.colcon_core.verb:set package 'diffdrive_arduino' build argument 'cmake_clean_first' from command line to 'False'
[0.375s] Level 5:colcon.colcon_core.verb:set package 'diffdrive_arduino' build argument 'cmake_force_configure' from command line to 'False'
[0.375s] Level 5:colcon.colcon_core.verb:set package 'diffdrive_arduino' build argument 'ament_cmake_args' from command line to 'None'
[0.375s] Level 5:colcon.colcon_core.verb:set package 'diffdrive_arduino' build argument 'catkin_cmake_args' from command line to 'None'
[0.375s] Level 5:colcon.colcon_core.verb:set package 'diffdrive_arduino' build argument 'catkin_skip_building_tests' from command line to 'False'
[0.375s] DEBUG:colcon.colcon_core.verb:Building package 'diffdrive_arduino' with the following arguments: {'ament_cmake_args': None, 'build_base': '/home/shrek/shrek_ws/build/diffdrive_arduino', 'catkin_cmake_args': None, 'catkin_skip_building_tests': False, 'cmake_args': None, 'cmake_clean_cache': False, 'cmake_clean_first': False, 'cmake_force_configure': False, 'cmake_target': None, 'cmake_target_skip_unavailable': False, 'install_base': '/home/shrek/shrek_ws/install/diffdrive_arduino', 'merge_install': False, 'path': '/home/shrek/shrek_ws/src/diffdrive_arduino', 'symlink_install': True, 'test_result_base': None}
[0.376s] Level 5:colcon.colcon_core.verb:set package 'gazebo_ros2_control_demos' build argument 'cmake_args' from command line to 'None'
[0.376s] Level 5:colcon.colcon_core.verb:set package 'gazebo_ros2_control_demos' build argument 'cmake_target' from command line to 'None'
[0.376s] Level 5:colcon.colcon_core.verb:set package 'gazebo_ros2_control_demos' build argument 'cmake_target_skip_unavailable' from command line to 'False'
[0.376s] Level 5:colcon.colcon_core.verb:set package 'gazebo_ros2_control_demos' build argument 'cmake_clean_cache' from command line to 'False'
[0.376s] Level 5:colcon.colcon_core.verb:set package 'gazebo_ros2_control_demos' build argument 'cmake_clean_first' from command line to 'False'
[0.376s] Level 5:colcon.colcon_core.verb:set package 'gazebo_ros2_control_demos' build argument 'cmake_force_configure' from command line to 'False'
[0.376s] Level 5:colcon.colcon_core.verb:set package 'gazebo_ros2_control_demos' build argument 'ament_cmake_args' from command line to 'None'
[0.376s] Level 5:colcon.colcon_core.verb:set package 'gazebo_ros2_control_demos' build argument 'catkin_cmake_args' from command line to 'None'
[0.377s] Level 5:colcon.colcon_core.verb:set package 'gazebo_ros2_control_demos' build argument 'catkin_skip_building_tests' from command line to 'False'
[0.377s] DEBUG:colcon.colcon_core.verb:Building package 'gazebo_ros2_control_demos' with the following arguments: {'ament_cmake_args': None, 'build_base': '/home/shrek/shrek_ws/build/gazebo_ros2_control_demos', 'catkin_cmake_args': None, 'catkin_skip_building_tests': False, 'cmake_args': None, 'cmake_clean_cache': False, 'cmake_clean_first': False, 'cmake_force_configure': False, 'cmake_target': None, 'cmake_target_skip_unavailable': False, 'install_base': '/home/shrek/shrek_ws/install/gazebo_ros2_control_demos', 'merge_install': False, 'path': '/home/shrek/shrek_ws/src/gazebo_ros2_control/gazebo_ros2_control_demos', 'symlink_install': True, 'test_result_base': None}
[0.377s] INFO:colcon.colcon_core.executor:Executing jobs using 'parallel' executor
[0.381s] DEBUG:colcon.colcon_parallel_executor.executor.parallel:run_until_complete
[0.381s] INFO:colcon.colcon_ros.task.ament_cmake.build:Building ROS package in '/home/shrek/shrek_ws/src/gazebo_ros2_control/gazebo_ros2_control' with build type 'ament_cmake'
[0.382s] INFO:colcon.colcon_cmake.task.cmake.build:Building CMake package in '/home/shrek/shrek_ws/src/gazebo_ros2_control/gazebo_ros2_control'
[0.387s] INFO:colcon.colcon_core.plugin_system:Skipping extension 'colcon_core.shell.bat': Not used on non-Windows systems
[0.387s] INFO:colcon.colcon_core.shell:Skip shell extension 'powershell' for command environment: Not usable outside of PowerShell
[0.387s] DEBUG:colcon.colcon_core.shell:Skip shell extension 'dsv' for command environment
[0.394s] INFO:colcon.colcon_ros.task.ament_cmake.build:Building ROS package in '/home/shrek/shrek_ws/src/serial' with build type 'ament_cmake'
[0.394s] INFO:colcon.colcon_cmake.task.cmake.build:Building CMake package in '/home/shrek/shrek_ws/src/serial'
[0.396s] INFO:colcon.colcon_core.shell:Skip shell extension 'powershell' for command environment: Not usable outside of PowerShell
[0.396s] DEBUG:colcon.colcon_core.shell:Skip shell extension 'dsv' for command environment
[0.407s] INFO:colcon.colcon_ros.task.ament_cmake.build:Building ROS package in '/home/shrek/shrek_ws/src/goalxy' with build type 'ament_cmake'
[0.407s] INFO:colcon.colcon_cmake.task.cmake.build:Building CMake package in '/home/shrek/shrek_ws/src/goalxy'
[0.409s] INFO:colcon.colcon_core.shell:Skip shell extension 'powershell' for command environment: Not usable outside of PowerShell
[0.409s] DEBUG:colcon.colcon_core.shell:Skip shell extension 'dsv' for command environment
[0.417s] INFO:colcon.colcon_ros.task.ament_cmake.build:Building ROS package in '/home/shrek/shrek_ws/src/my_bot' with build type 'ament_cmake'
[0.417s] INFO:colcon.colcon_cmake.task.cmake.build:Building CMake package in '/home/shrek/shrek_ws/src/my_bot'
[0.419s] INFO:colcon.colcon_core.shell:Skip shell extension 'powershell' for command environment: Not usable outside of PowerShell
[0.419s] DEBUG:colcon.colcon_core.shell:Skip shell extension 'dsv' for command environment
[0.426s] INFO:colcon.colcon_ros.task.ament_cmake.build:Building ROS package in '/home/shrek/shrek_ws/src/to_place' with build type 'ament_cmake'
[0.426s] INFO:colcon.colcon_cmake.task.cmake.build:Building CMake package in '/home/shrek/shrek_ws/src/to_place'
[0.428s] INFO:colcon.colcon_core.shell:Skip shell extension 'powershell' for command environment: Not usable outside of PowerShell
[0.428s] DEBUG:colcon.colcon_core.shell:Skip shell extension 'dsv' for command environment
[0.446s] DEBUG:colcon.colcon_core.event_handler.log_command:Invoking command in '/home/shrek/shrek_ws/build/gazebo_ros2_control': CMAKE_PREFIX_PATH=${CMAKE_PREFIX_PATH}:/opt/ros/foxy /usr/bin/cmake --build /home/shrek/shrek_ws/build/gazebo_ros2_control -- -j8 -l8
[0.453s] DEBUG:colcon.colcon_core.event_handler.log_command:Invoking command in '/home/shrek/shrek_ws/build/serial': CMAKE_PREFIX_PATH=${CMAKE_PREFIX_PATH}:/opt/ros/foxy /usr/bin/cmake --build /home/shrek/shrek_ws/build/serial -- -j8 -l8
[0.458s] DEBUG:colcon.colcon_core.event_handler.log_command:Invoking command in '/home/shrek/shrek_ws/build/goalxy': CMAKE_PREFIX_PATH=${CMAKE_PREFIX_PATH}:/opt/ros/foxy /usr/bin/cmake --build /home/shrek/shrek_ws/build/goalxy -- -j8 -l8
[0.467s] DEBUG:colcon.colcon_core.event_handler.log_command:Invoking command in '/home/shrek/shrek_ws/build/my_bot': CMAKE_PREFIX_PATH=${CMAKE_PREFIX_PATH}:/opt/ros/foxy /usr/bin/cmake --build /home/shrek/shrek_ws/build/my_bot -- -j8 -l8
[0.477s] DEBUG:colcon.colcon_core.event_handler.log_command:Invoking command in '/home/shrek/shrek_ws/build/to_place': CMAKE_PREFIX_PATH=${CMAKE_PREFIX_PATH}:/opt/ros/foxy /usr/bin/cmake --build /home/shrek/shrek_ws/build/to_place -- -j8 -l8
[0.516s] DEBUG:colcon.colcon_core.event_handler.log_command:Invoked command in '/home/shrek/shrek_ws/build/goalxy' returned '0': CMAKE_PREFIX_PATH=${CMAKE_PREFIX_PATH}:/opt/ros/foxy /usr/bin/cmake --build /home/shrek/shrek_ws/build/goalxy -- -j8 -l8
[0.533s] DEBUG:colcon.colcon_core.event_handler.log_command:Invoked command in '/home/shrek/shrek_ws/build/my_bot' returned '0': CMAKE_PREFIX_PATH=${CMAKE_PREFIX_PATH}:/opt/ros/foxy /usr/bin/cmake --build /home/shrek/shrek_ws/build/my_bot -- -j8 -l8
[0.545s] DEBUG:colcon.colcon_core.event_handler.log_command:Invoked command in '/home/shrek/shrek_ws/build/to_place' returned '0': CMAKE_PREFIX_PATH=${CMAKE_PREFIX_PATH}:/opt/ros/foxy /usr/bin/cmake --build /home/shrek/shrek_ws/build/to_place -- -j8 -l8
[0.584s] DEBUG:colcon.colcon_core.event_handler.log_command:Invoking command in '/home/shrek/shrek_ws/build/goalxy': CMAKE_PREFIX_PATH=${CMAKE_PREFIX_PATH}:/opt/ros/foxy /usr/bin/cmake --install /home/shrek/shrek_ws/build/goalxy
[0.592s] DEBUG:colcon.colcon_core.event_handler.log_command:Invoking command in '/home/shrek/shrek_ws/build/my_bot': CMAKE_PREFIX_PATH=${CMAKE_PREFIX_PATH}:/opt/ros/foxy /usr/bin/cmake --install /home/shrek/shrek_ws/build/my_bot
[0.597s] DEBUG:colcon.colcon_core.event_handler.log_command:Invoking command in '/home/shrek/shrek_ws/build/to_place': CMAKE_PREFIX_PATH=${CMAKE_PREFIX_PATH}:/opt/ros/foxy /usr/bin/cmake --install /home/shrek/shrek_ws/build/to_place
[0.601s] DEBUG:colcon.colcon_core.event_handler.log_command:Invoked command in '/home/shrek/shrek_ws/build/serial' returned '0': CMAKE_PREFIX_PATH=${CMAKE_PREFIX_PATH}:/opt/ros/foxy /usr/bin/cmake --build /home/shrek/shrek_ws/build/serial -- -j8 -l8
[0.607s] DEBUG:colcon.colcon_core.event_handler.log_command:Invoked command in '/home/shrek/shrek_ws/build/gazebo_ros2_control' returned '0': CMAKE_PREFIX_PATH=${CMAKE_PREFIX_PATH}:/opt/ros/foxy /usr/bin/cmake --build /home/shrek/shrek_ws/build/gazebo_ros2_control -- -j8 -l8
[0.619s] Level 1:colcon.colcon_core.environment:create_environment_scripts_only(goalxy)
[0.620s] DEBUG:colcon.colcon_core.event_handler.log_command:Invoked command in '/home/shrek/shrek_ws/build/goalxy' returned '0': CMAKE_PREFIX_PATH=${CMAKE_PREFIX_PATH}:/opt/ros/foxy /usr/bin/cmake --install /home/shrek/shrek_ws/build/goalxy
[0.631s] Level 1:colcon.colcon_core.environment:checking '/home/shrek/shrek_ws/install/goalxy' for CMake module files
[0.632s] Level 1:colcon.colcon_core.environment:checking '/home/shrek/shrek_ws/install/goalxy' for CMake config files
[0.632s] Level 1:colcon.colcon_core.shell:create_environment_hook('goalxy', 'cmake_prefix_path')
[0.634s] INFO:colcon.colcon_core.shell:Creating environment hook '/home/shrek/shrek_ws/install/goalxy/share/goalxy/hook/cmake_prefix_path.ps1'
[0.635s] INFO:colcon.colcon_core.shell:Creating environment descriptor '/home/shrek/shrek_ws/install/goalxy/share/goalxy/hook/cmake_prefix_path.dsv'
[0.635s] INFO:colcon.colcon_core.shell:Creating environment hook '/home/shrek/shrek_ws/install/goalxy/share/goalxy/hook/cmake_prefix_path.sh'
[0.636s] Level 1:colcon.colcon_core.environment:checking '/home/shrek/shrek_ws/install/goalxy/lib'
[0.636s] Level 1:colcon.colcon_core.environment:checking '/home/shrek/shrek_ws/install/goalxy/bin'
[0.637s] Level 1:colcon.colcon_core.environment:checking '/home/shrek/shrek_ws/install/goalxy/lib/pkgconfig/goalxy.pc'
[0.637s] Level 1:colcon.colcon_core.environment:checking '/home/shrek/shrek_ws/install/goalxy/lib/python3.8/site-packages'
[0.637s] Level 1:colcon.colcon_core.environment:checking '/home/shrek/shrek_ws/install/goalxy/bin'
[0.639s] INFO:colcon.colcon_core.shell:Creating package script '/home/shrek/shrek_ws/install/goalxy/share/goalxy/package.ps1'
[0.640s] INFO:colcon.colcon_core.shell:Creating package descriptor '/home/shrek/shrek_ws/install/goalxy/share/goalxy/package.dsv'
[0.640s] INFO:colcon.colcon_core.shell:Creating package script '/home/shrek/shrek_ws/install/goalxy/share/goalxy/package.sh'
[0.641s] INFO:colcon.colcon_core.shell:Creating package script '/home/shrek/shrek_ws/install/goalxy/share/goalxy/package.bash'
[0.642s] INFO:colcon.colcon_core.shell:Creating package script '/home/shrek/shrek_ws/install/goalxy/share/goalxy/package.zsh'
[0.643s] Level 1:colcon.colcon_core.environment:create_file_with_runtime_dependencies(/home/shrek/shrek_ws/install/goalxy/share/colcon-core/packages/goalxy)
[0.651s] DEBUG:colcon.colcon_core.event_handler.log_command:Invoking command in '/home/shrek/shrek_ws/build/serial': CMAKE_PREFIX_PATH=${CMAKE_PREFIX_PATH}:/opt/ros/foxy /usr/bin/cmake --install /home/shrek/shrek_ws/build/serial
[0.657s] DEBUG:colcon.colcon_core.event_handler.log_command:Invoking command in '/home/shrek/shrek_ws/build/gazebo_ros2_control': CMAKE_PREFIX_PATH=${CMAKE_PREFIX_PATH}:/opt/ros/foxy /usr/bin/cmake --install /home/shrek/shrek_ws/build/gazebo_ros2_control
[0.658s] Level 1:colcon.colcon_core.environment:create_environment_scripts_only(my_bot)
[0.661s] Level 1:colcon.colcon_core.environment:checking '/home/shrek/shrek_ws/install/my_bot' for CMake module files
[0.663s] DEBUG:colcon.colcon_core.event_handler.log_command:Invoked command in '/home/shrek/shrek_ws/build/my_bot' returned '0': CMAKE_PREFIX_PATH=${CMAKE_PREFIX_PATH}:/opt/ros/foxy /usr/bin/cmake --install /home/shrek/shrek_ws/build/my_bot
[0.665s] Level 1:colcon.colcon_core.environment:checking '/home/shrek/shrek_ws/install/my_bot' for CMake config files
[0.666s] Level 1:colcon.colcon_core.shell:create_environment_hook('my_bot', 'cmake_prefix_path')
[0.669s] INFO:colcon.colcon_core.shell:Creating environment hook '/home/shrek/shrek_ws/install/my_bot/share/my_bot/hook/cmake_prefix_path.ps1'
[0.671s] INFO:colcon.colcon_core.shell:Creating environment descriptor '/home/shrek/shrek_ws/install/my_bot/share/my_bot/hook/cmake_prefix_path.dsv'
[0.674s] INFO:colcon.colcon_core.shell:Creating environment hook '/home/shrek/shrek_ws/install/my_bot/share/my_bot/hook/cmake_prefix_path.sh'
[0.675s] Level 1:colcon.colcon_core.environment:checking '/home/shrek/shrek_ws/install/my_bot/bin'
[0.675s] Level 1:colcon.colcon_core.environment:checking '/home/shrek/shrek_ws/install/my_bot/lib/pkgconfig/my_bot.pc'
[0.676s] Level 1:colcon.colcon_core.environment:checking '/home/shrek/shrek_ws/install/my_bot/lib/python3.8/site-packages'
[0.676s] Level 1:colcon.colcon_core.environment:checking '/home/shrek/shrek_ws/install/my_bot/bin'
[0.677s] INFO:colcon.colcon_core.shell:Creating package script '/home/shrek/shrek_ws/install/my_bot/share/my_bot/package.ps1'
[0.678s] INFO:colcon.colcon_core.shell:Creating package descriptor '/home/shrek/shrek_ws/install/my_bot/share/my_bot/package.dsv'
[0.679s] INFO:colcon.colcon_core.shell:Creating package script '/home/shrek/shrek_ws/install/my_bot/share/my_bot/package.sh'
[0.679s] INFO:colcon.colcon_core.shell:Creating package script '/home/shrek/shrek_ws/install/my_bot/share/my_bot/package.bash'
[0.680s] INFO:colcon.colcon_core.shell:Creating package script '/home/shrek/shrek_ws/install/my_bot/share/my_bot/package.zsh'
[0.680s] Level 1:colcon.colcon_core.environment:create_file_with_runtime_dependencies(/home/shrek/shrek_ws/install/my_bot/share/colcon-core/packages/my_bot)
[0.684s] Level 1:colcon.colcon_core.environment:create_environment_scripts_only(to_place)
[0.688s] Level 1:colcon.colcon_core.environment:checking '/home/shrek/shrek_ws/install/to_place' for CMake module files
[0.688s] DEBUG:colcon.colcon_core.event_handler.log_command:Invoked command in '/home/shrek/shrek_ws/build/to_place' returned '0': CMAKE_PREFIX_PATH=${CMAKE_PREFIX_PATH}:/opt/ros/foxy /usr/bin/cmake --install /home/shrek/shrek_ws/build/to_place
[0.691s] Level 1:colcon.colcon_core.environment:checking '/home/shrek/shrek_ws/install/to_place' for CMake config files
[0.691s] Level 1:colcon.colcon_core.shell:create_environment_hook('to_place', 'cmake_prefix_path')
[0.693s] INFO:colcon.colcon_core.shell:Creating environment hook '/home/shrek/shrek_ws/install/to_place/share/to_place/hook/cmake_prefix_path.ps1'
[0.694s] INFO:colcon.colcon_core.shell:Creating environment descriptor '/home/shrek/shrek_ws/install/to_place/share/to_place/hook/cmake_prefix_path.dsv'
[0.694s] INFO:colcon.colcon_core.shell:Creating environment hook '/home/shrek/shrek_ws/install/to_place/share/to_place/hook/cmake_prefix_path.sh'
[0.695s] Level 1:colcon.colcon_core.environment:checking '/home/shrek/shrek_ws/install/to_place/lib'
[0.695s] Level 1:colcon.colcon_core.environment:checking '/home/shrek/shrek_ws/install/to_place/bin'
[0.695s] Level 1:colcon.colcon_core.environment:checking '/home/shrek/shrek_ws/install/to_place/lib/pkgconfig/to_place.pc'
[0.696s] Level 1:colcon.colcon_core.environment:checking '/home/shrek/shrek_ws/install/to_place/lib/python3.8/site-packages'
[0.696s] Level 1:colcon.colcon_core.environment:checking '/home/shrek/shrek_ws/install/to_place/bin'
[0.698s] INFO:colcon.colcon_core.shell:Creating package script '/home/shrek/shrek_ws/install/to_place/share/to_place/package.ps1'
[0.699s] INFO:colcon.colcon_core.shell:Creating package descriptor '/home/shrek/shrek_ws/install/to_place/share/to_place/package.dsv'
[0.699s] INFO:colcon.colcon_core.shell:Creating package script '/home/shrek/shrek_ws/install/to_place/share/to_place/package.sh'
[0.700s] INFO:colcon.colcon_core.shell:Creating package script '/home/shrek/shrek_ws/install/to_place/share/to_place/package.bash'
[0.700s] INFO:colcon.colcon_core.shell:Creating package script '/home/shrek/shrek_ws/install/to_place/share/to_place/package.zsh'
[0.701s] Level 1:colcon.colcon_core.environment:create_file_with_runtime_dependencies(/home/shrek/shrek_ws/install/to_place/share/colcon-core/packages/to_place)
[0.706s] Level 1:colcon.colcon_core.environment:create_environment_scripts_only(gazebo_ros2_control)
[0.709s] Level 1:colcon.colcon_core.environment:checking '/home/shrek/shrek_ws/install/gazebo_ros2_control' for CMake module files
[0.710s] DEBUG:colcon.colcon_core.event_handler.log_command:Invoked command in '/home/shrek/shrek_ws/build/gazebo_ros2_control' returned '0': CMAKE_PREFIX_PATH=${CMAKE_PREFIX_PATH}:/opt/ros/foxy /usr/bin/cmake --install /home/shrek/shrek_ws/build/gazebo_ros2_control
[0.711s] Level 1:colcon.colcon_core.environment:checking '/home/shrek/shrek_ws/install/gazebo_ros2_control' for CMake config files
[0.711s] Level 1:colcon.colcon_core.shell:create_environment_hook('gazebo_ros2_control', 'cmake_prefix_path')
[0.713s] INFO:colcon.colcon_core.shell:Creating environment hook '/home/shrek/shrek_ws/install/gazebo_ros2_control/share/gazebo_ros2_control/hook/cmake_prefix_path.ps1'
[0.713s] INFO:colcon.colcon_core.shell:Creating environment descriptor '/home/shrek/shrek_ws/install/gazebo_ros2_control/share/gazebo_ros2_control/hook/cmake_prefix_path.dsv'
[0.714s] INFO:colcon.colcon_core.shell:Creating environment hook '/home/shrek/shrek_ws/install/gazebo_ros2_control/share/gazebo_ros2_control/hook/cmake_prefix_path.sh'
[0.715s] Level 1:colcon.colcon_core.environment:checking '/home/shrek/shrek_ws/install/gazebo_ros2_control/lib'
[0.715s] Level 1:colcon.colcon_core.shell:create_environment_hook('gazebo_ros2_control', 'ld_library_path_lib')
[0.716s] INFO:colcon.colcon_core.shell:Creating environment hook '/home/shrek/shrek_ws/install/gazebo_ros2_control/share/gazebo_ros2_control/hook/ld_library_path_lib.ps1'
[0.717s] INFO:colcon.colcon_core.shell:Creating environment descriptor '/home/shrek/shrek_ws/install/gazebo_ros2_control/share/gazebo_ros2_control/hook/ld_library_path_lib.dsv'
[0.718s] INFO:colcon.colcon_core.shell:Creating environment hook '/home/shrek/shrek_ws/install/gazebo_ros2_control/share/gazebo_ros2_control/hook/ld_library_path_lib.sh'
[0.718s] Level 1:colcon.colcon_core.environment:checking '/home/shrek/shrek_ws/install/gazebo_ros2_control/bin'
[0.718s] Level 1:colcon.colcon_core.environment:checking '/home/shrek/shrek_ws/install/gazebo_ros2_control/lib/pkgconfig/gazebo_ros2_control.pc'
[0.719s] Level 1:colcon.colcon_core.environment:checking '/home/shrek/shrek_ws/install/gazebo_ros2_control/lib/python3.8/site-packages'
[0.719s] Level 1:colcon.colcon_core.environment:checking '/home/shrek/shrek_ws/install/gazebo_ros2_control/bin'
[0.721s] INFO:colcon.colcon_core.shell:Creating package script '/home/shrek/shrek_ws/install/gazebo_ros2_control/share/gazebo_ros2_control/package.ps1'
[0.722s] INFO:colcon.colcon_core.shell:Creating package descriptor '/home/shrek/shrek_ws/install/gazebo_ros2_control/share/gazebo_ros2_control/package.dsv'
[0.722s] INFO:colcon.colcon_core.shell:Creating package script '/home/shrek/shrek_ws/install/gazebo_ros2_control/share/gazebo_ros2_control/package.sh'
[0.723s] INFO:colcon.colcon_core.shell:Creating package script '/home/shrek/shrek_ws/install/gazebo_ros2_control/share/gazebo_ros2_control/package.bash'
[0.723s] INFO:colcon.colcon_core.shell:Creating package script '/home/shrek/shrek_ws/install/gazebo_ros2_control/share/gazebo_ros2_control/package.zsh'
[0.724s] Level 1:colcon.colcon_core.environment:create_file_with_runtime_dependencies(/home/shrek/shrek_ws/install/gazebo_ros2_control/share/colcon-core/packages/gazebo_ros2_control)
[0.727s] Level 1:colcon.colcon_core.environment:create_environment_scripts_only(serial)
[0.729s] Level 1:colcon.colcon_core.environment:checking '/home/shrek/shrek_ws/install/serial' for CMake module files
[0.730s] DEBUG:colcon.colcon_core.event_handler.log_command:Invoked command in '/home/shrek/shrek_ws/build/serial' returned '0': CMAKE_PREFIX_PATH=${CMAKE_PREFIX_PATH}:/opt/ros/foxy /usr/bin/cmake --install /home/shrek/shrek_ws/build/serial
[0.731s] Level 1:colcon.colcon_core.environment:checking '/home/shrek/shrek_ws/install/serial' for CMake config files
[0.731s] Level 1:colcon.colcon_core.shell:create_environment_hook('serial', 'cmake_prefix_path')
[0.733s] INFO:colcon.colcon_core.shell:Creating environment hook '/home/shrek/shrek_ws/install/serial/share/serial/hook/cmake_prefix_path.ps1'
[0.734s] INFO:colcon.colcon_core.shell:Creating environment descriptor '/home/shrek/shrek_ws/install/serial/share/serial/hook/cmake_prefix_path.dsv'
[0.734s] INFO:colcon.colcon_core.shell:Creating environment hook '/home/shrek/shrek_ws/install/serial/share/serial/hook/cmake_prefix_path.sh'
[0.735s] Level 1:colcon.colcon_core.environment:checking '/home/shrek/shrek_ws/install/serial/lib'
[0.735s] Level 1:colcon.colcon_core.environment:checking '/home/shrek/shrek_ws/install/serial/bin'
[0.735s] Level 1:colcon.colcon_core.environment:checking '/home/shrek/shrek_ws/install/serial/lib/pkgconfig/serial.pc'
[0.736s] Level 1:colcon.colcon_core.environment:checking '/home/shrek/shrek_ws/install/serial/lib/python3.8/site-packages'
[0.736s] Level 1:colcon.colcon_core.environment:checking '/home/shrek/shrek_ws/install/serial/bin'
[0.737s] INFO:colcon.colcon_core.shell:Creating package script '/home/shrek/shrek_ws/install/serial/share/serial/package.ps1'
[0.738s] INFO:colcon.colcon_core.shell:Creating package descriptor '/home/shrek/shrek_ws/install/serial/share/serial/package.dsv'
[0.738s] INFO:colcon.colcon_core.shell:Creating package script '/home/shrek/shrek_ws/install/serial/share/serial/package.sh'
[0.739s] INFO:colcon.colcon_core.shell:Creating package script '/home/shrek/shrek_ws/install/serial/share/serial/package.bash'
[0.739s] INFO:colcon.colcon_core.shell:Creating package script '/home/shrek/shrek_ws/install/serial/share/serial/package.zsh'
[0.740s] Level 1:colcon.colcon_core.environment:create_file_with_runtime_dependencies(/home/shrek/shrek_ws/install/serial/share/colcon-core/packages/serial)
[0.745s] Level 1:colcon.colcon_core.environment:create_environment_scripts_only(goalxy)
[0.747s] Level 1:colcon.colcon_core.environment:checking '/home/shrek/shrek_ws/install/goalxy' for CMake module files
[0.748s] Level 1:colcon.colcon_core.environment:checking '/home/shrek/shrek_ws/install/goalxy' for CMake config files
[0.748s] Level 1:colcon.colcon_core.shell:create_environment_hook('goalxy', 'cmake_prefix_path')
[0.750s] INFO:colcon.colcon_core.shell:Creating environment hook '/home/shrek/shrek_ws/install/goalxy/share/goalxy/hook/cmake_prefix_path.ps1'
[0.751s] INFO:colcon.colcon_core.shell:Creating environment descriptor '/home/shrek/shrek_ws/install/goalxy/share/goalxy/hook/cmake_prefix_path.dsv'
[0.751s] INFO:colcon.colcon_core.shell:Creating environment hook '/home/shrek/shrek_ws/install/goalxy/share/goalxy/hook/cmake_prefix_path.sh'
[0.752s] Level 1:colcon.colcon_core.environment:checking '/home/shrek/shrek_ws/install/goalxy/lib'
[0.752s] Level 1:colcon.colcon_core.environment:checking '/home/shrek/shrek_ws/install/goalxy/bin'
[0.752s] Level 1:colcon.colcon_core.environment:checking '/home/shrek/shrek_ws/install/goalxy/lib/pkgconfig/goalxy.pc'
[0.753s] Level 1:colcon.colcon_core.environment:checking '/home/shrek/shrek_ws/install/goalxy/lib/python3.8/site-packages'
[0.753s] Level 1:colcon.colcon_core.environment:checking '/home/shrek/shrek_ws/install/goalxy/bin'
[0.755s] INFO:colcon.colcon_core.shell:Creating package script '/home/shrek/shrek_ws/install/goalxy/share/goalxy/package.ps1'
[0.756s] INFO:colcon.colcon_core.shell:Creating package descriptor '/home/shrek/shrek_ws/install/goalxy/share/goalxy/package.dsv'
[0.756s] INFO:colcon.colcon_core.shell:Creating package script '/home/shrek/shrek_ws/install/goalxy/share/goalxy/package.sh'
[0.757s] INFO:colcon.colcon_core.shell:Creating package script '/home/shrek/shrek_ws/install/goalxy/share/goalxy/package.bash'
[0.757s] INFO:colcon.colcon_core.shell:Creating package script '/home/shrek/shrek_ws/install/goalxy/share/goalxy/package.zsh'
[0.758s] Level 1:colcon.colcon_core.environment:create_file_with_runtime_dependencies(/home/shrek/shrek_ws/install/goalxy/share/colcon-core/packages/goalxy)
[0.761s] Level 1:colcon.colcon_core.environment:create_environment_scripts_only(my_bot)
[0.763s] Level 1:colcon.colcon_core.environment:checking '/home/shrek/shrek_ws/install/my_bot' for CMake module files
[0.764s] Level 1:colcon.colcon_core.environment:checking '/home/shrek/shrek_ws/install/my_bot' for CMake config files
[0.764s] Level 1:colcon.colcon_core.shell:create_environment_hook('my_bot', 'cmake_prefix_path')
[0.766s] INFO:colcon.colcon_core.shell:Creating environment hook '/home/shrek/shrek_ws/install/my_bot/share/my_bot/hook/cmake_prefix_path.ps1'
[0.766s] INFO:colcon.colcon_core.shell:Creating environment descriptor '/home/shrek/shrek_ws/install/my_bot/share/my_bot/hook/cmake_prefix_path.dsv'
[0.767s] INFO:colcon.colcon_core.shell:Creating environment hook '/home/shrek/shrek_ws/install/my_bot/share/my_bot/hook/cmake_prefix_path.sh'
[0.767s] Level 1:colcon.colcon_core.environment:checking '/home/shrek/shrek_ws/install/my_bot/bin'
[0.767s] Level 1:colcon.colcon_core.environment:checking '/home/shrek/shrek_ws/install/my_bot/lib/pkgconfig/my_bot.pc'
[0.768s] Level 1:colcon.colcon_core.environment:checking '/home/shrek/shrek_ws/install/my_bot/lib/python3.8/site-packages'
[0.768s] Level 1:colcon.colcon_core.environment:checking '/home/shrek/shrek_ws/install/my_bot/bin'
[0.769s] INFO:colcon.colcon_core.shell:Creating package script '/home/shrek/shrek_ws/install/my_bot/share/my_bot/package.ps1'
[0.770s] INFO:colcon.colcon_core.shell:Creating package descriptor '/home/shrek/shrek_ws/install/my_bot/share/my_bot/package.dsv'
[0.771s] INFO:colcon.colcon_core.shell:Creating package script '/home/shrek/shrek_ws/install/my_bot/share/my_bot/package.sh'
[0.771s] INFO:colcon.colcon_core.shell:Creating package script '/home/shrek/shrek_ws/install/my_bot/share/my_bot/package.bash'
[0.772s] INFO:colcon.colcon_core.shell:Creating package script '/home/shrek/shrek_ws/install/my_bot/share/my_bot/package.zsh'
[0.772s] Level 1:colcon.colcon_core.environment:create_file_with_runtime_dependencies(/home/shrek/shrek_ws/install/my_bot/share/colcon-core/packages/my_bot)
[0.776s] Level 1:colcon.colcon_core.environment:create_environment_scripts_only(to_place)
[0.778s] Level 1:colcon.colcon_core.environment:checking '/home/shrek/shrek_ws/install/to_place' for CMake module files
[0.779s] Level 1:colcon.colcon_core.environment:checking '/home/shrek/shrek_ws/install/to_place' for CMake config files
[0.779s] Level 1:colcon.colcon_core.shell:create_environment_hook('to_place', 'cmake_prefix_path')
[0.781s] INFO:colcon.colcon_core.shell:Creating environment hook '/home/shrek/shrek_ws/install/to_place/share/to_place/hook/cmake_prefix_path.ps1'
[0.781s] INFO:colcon.colcon_core.shell:Creating environment descriptor '/home/shrek/shrek_ws/install/to_place/share/to_place/hook/cmake_prefix_path.dsv'
[0.782s] INFO:colcon.colcon_core.shell:Creating environment hook '/home/shrek/shrek_ws/install/to_place/share/to_place/hook/cmake_prefix_path.sh'
[0.782s] Level 1:colcon.colcon_core.environment:checking '/home/shrek/shrek_ws/install/to_place/lib'
[0.782s] Level 1:colcon.colcon_core.environment:checking '/home/shrek/shrek_ws/install/to_place/bin'
[0.782s] Level 1:colcon.colcon_core.environment:checking '/home/shrek/shrek_ws/install/to_place/lib/pkgconfig/to_place.pc'
[0.783s] Level 1:colcon.colcon_core.environment:checking '/home/shrek/shrek_ws/install/to_place/lib/python3.8/site-packages'
[0.783s] Level 1:colcon.colcon_core.environment:checking '/home/shrek/shrek_ws/install/to_place/bin'
[0.785s] INFO:colcon.colcon_core.shell:Creating package script '/home/shrek/shrek_ws/install/to_place/share/to_place/package.ps1'
[0.786s] INFO:colcon.colcon_core.shell:Creating package descriptor '/home/shrek/shrek_ws/install/to_place/share/to_place/package.dsv'
[0.787s] INFO:colcon.colcon_core.shell:Creating package script '/home/shrek/shrek_ws/install/to_place/share/to_place/package.sh'
[0.787s] INFO:colcon.colcon_core.shell:Creating package script '/home/shrek/shrek_ws/install/to_place/share/to_place/package.bash'
[0.788s] INFO:colcon.colcon_core.shell:Creating package script '/home/shrek/shrek_ws/install/to_place/share/to_place/package.zsh'
[0.788s] Level 1:colcon.colcon_core.environment:create_file_with_runtime_dependencies(/home/shrek/shrek_ws/install/to_place/share/colcon-core/packages/to_place)
[0.790s] Level 1:colcon.colcon_core.environment:create_environment_scripts_only(gazebo_ros2_control)
[0.793s] Level 1:colcon.colcon_core.environment:checking '/home/shrek/shrek_ws/install/gazebo_ros2_control' for CMake module files
[0.794s] Level 1:colcon.colcon_core.environment:checking '/home/shrek/shrek_ws/install/gazebo_ros2_control' for CMake config files
[0.794s] Level 1:colcon.colcon_core.shell:create_environment_hook('gazebo_ros2_control', 'cmake_prefix_path')
[0.796s] INFO:colcon.colcon_core.shell:Creating environment hook '/home/shrek/shrek_ws/install/gazebo_ros2_control/share/gazebo_ros2_control/hook/cmake_prefix_path.ps1'
[0.796s] INFO:colcon.colcon_core.shell:Creating environment descriptor '/home/shrek/shrek_ws/install/gazebo_ros2_control/share/gazebo_ros2_control/hook/cmake_prefix_path.dsv'
[0.796s] INFO:colcon.colcon_core.shell:Creating environment hook '/home/shrek/shrek_ws/install/gazebo_ros2_control/share/gazebo_ros2_control/hook/cmake_prefix_path.sh'
[0.797s] Level 1:colcon.colcon_core.environment:checking '/home/shrek/shrek_ws/install/gazebo_ros2_control/lib'
[0.797s] Level 1:colcon.colcon_core.shell:create_environment_hook('gazebo_ros2_control', 'ld_library_path_lib')
[0.799s] INFO:colcon.colcon_core.shell:Creating environment hook '/home/shrek/shrek_ws/install/gazebo_ros2_control/share/gazebo_ros2_control/hook/ld_library_path_lib.ps1'
[0.799s] INFO:colcon.colcon_core.shell:Creating environment descriptor '/home/shrek/shrek_ws/install/gazebo_ros2_control/share/gazebo_ros2_control/hook/ld_library_path_lib.dsv'
[0.799s] INFO:colcon.colcon_core.shell:Creating environment hook '/home/shrek/shrek_ws/install/gazebo_ros2_control/share/gazebo_ros2_control/hook/ld_library_path_lib.sh'
[0.800s] Level 1:colcon.colcon_core.environment:checking '/home/shrek/shrek_ws/install/gazebo_ros2_control/bin'
[0.800s] Level 1:colcon.colcon_core.environment:checking '/home/shrek/shrek_ws/install/gazebo_ros2_control/lib/pkgconfig/gazebo_ros2_control.pc'
[0.800s] Level 1:colcon.colcon_core.environment:checking '/home/shrek/shrek_ws/install/gazebo_ros2_control/lib/python3.8/site-packages'
[0.801s] Level 1:colcon.colcon_core.environment:checking '/home/shrek/shrek_ws/install/gazebo_ros2_control/bin'
[0.803s] INFO:colcon.colcon_core.shell:Creating package script '/home/shrek/shrek_ws/install/gazebo_ros2_control/share/gazebo_ros2_control/package.ps1'
[0.804s] INFO:colcon.colcon_core.shell:Creating package descriptor '/home/shrek/shrek_ws/install/gazebo_ros2_control/share/gazebo_ros2_control/package.dsv'
[0.804s] INFO:colcon.colcon_core.shell:Creating package script '/home/shrek/shrek_ws/install/gazebo_ros2_control/share/gazebo_ros2_control/package.sh'
[0.805s] INFO:colcon.colcon_core.shell:Creating package script '/home/shrek/shrek_ws/install/gazebo_ros2_control/share/gazebo_ros2_control/package.bash'
[0.805s] INFO:colcon.colcon_core.shell:Creating package script '/home/shrek/shrek_ws/install/gazebo_ros2_control/share/gazebo_ros2_control/package.zsh'
[0.806s] Level 1:colcon.colcon_core.environment:create_file_with_runtime_dependencies(/home/shrek/shrek_ws/install/gazebo_ros2_control/share/colcon-core/packages/gazebo_ros2_control)
[0.806s] INFO:colcon.colcon_ros.task.ament_cmake.build:Building ROS package in '/home/shrek/shrek_ws/src/gazebo_ros2_control/gazebo_ros2_control_demos' with build type 'ament_cmake'
[0.806s] INFO:colcon.colcon_cmake.task.cmake.build:Building CMake package in '/home/shrek/shrek_ws/src/gazebo_ros2_control/gazebo_ros2_control_demos'
[0.808s] INFO:colcon.colcon_core.shell:Skip shell extension 'powershell' for command environment: Not usable outside of PowerShell
[0.808s] DEBUG:colcon.colcon_core.shell:Skip shell extension 'dsv' for command environment
[0.819s] Level 1:colcon.colcon_core.environment:create_environment_scripts_only(serial)
[0.821s] Level 1:colcon.colcon_core.environment:checking '/home/shrek/shrek_ws/install/serial' for CMake module files
[0.822s] Level 1:colcon.colcon_core.environment:checking '/home/shrek/shrek_ws/install/serial' for CMake config files
[0.822s] Level 1:colcon.colcon_core.shell:create_environment_hook('serial', 'cmake_prefix_path')
[0.824s] INFO:colcon.colcon_core.shell:Creating environment hook '/home/shrek/shrek_ws/install/serial/share/serial/hook/cmake_prefix_path.ps1'
[0.825s] INFO:colcon.colcon_core.shell:Creating environment descriptor '/home/shrek/shrek_ws/install/serial/share/serial/hook/cmake_prefix_path.dsv'
[0.825s] INFO:colcon.colcon_core.shell:Creating environment hook '/home/shrek/shrek_ws/install/serial/share/serial/hook/cmake_prefix_path.sh'
[0.826s] Level 1:colcon.colcon_core.environment:checking '/home/shrek/shrek_ws/install/serial/lib'
[0.826s] Level 1:colcon.colcon_core.environment:checking '/home/shrek/shrek_ws/install/serial/bin'
[0.826s] Level 1:colcon.colcon_core.environment:checking '/home/shrek/shrek_ws/install/serial/lib/pkgconfig/serial.pc'
[0.826s] Level 1:colcon.colcon_core.environment:checking '/home/shrek/shrek_ws/install/serial/lib/python3.8/site-packages'
[0.827s] Level 1:colcon.colcon_core.environment:checking '/home/shrek/shrek_ws/install/serial/bin'
[0.828s] INFO:colcon.colcon_core.shell:Creating package script '/home/shrek/shrek_ws/install/serial/share/serial/package.ps1'
[0.829s] INFO:colcon.colcon_core.shell:Creating package descriptor '/home/shrek/shrek_ws/install/serial/share/serial/package.dsv'
[0.829s] INFO:colcon.colcon_core.shell:Creating package script '/home/shrek/shrek_ws/install/serial/share/serial/package.sh'
[0.830s] INFO:colcon.colcon_core.shell:Creating package script '/home/shrek/shrek_ws/install/serial/share/serial/package.bash'
[0.830s] INFO:colcon.colcon_core.shell:Creating package script '/home/shrek/shrek_ws/install/serial/share/serial/package.zsh'
[0.831s] Level 1:colcon.colcon_core.environment:create_file_with_runtime_dependencies(/home/shrek/shrek_ws/install/serial/share/colcon-core/packages/serial)
[0.832s] INFO:colcon.colcon_ros.task.ament_cmake.build:Building ROS package in '/home/shrek/shrek_ws/src/diffdrive_arduino' with build type 'ament_cmake'
[0.832s] INFO:colcon.colcon_cmake.task.cmake.build:Building CMake package in '/home/shrek/shrek_ws/src/diffdrive_arduino'
[0.834s] INFO:colcon.colcon_core.shell:Skip shell extension 'powershell' for command environment: Not usable outside of PowerShell
[0.834s] DEBUG:colcon.colcon_core.shell:Skip shell extension 'dsv' for command environment
[0.849s] DEBUG:colcon.colcon_core.event_handler.log_command:Invoking command in '/home/shrek/shrek_ws/build/gazebo_ros2_control_demos': CMAKE_PREFIX_PATH=/home/shrek/shrek_ws/install/gazebo_ros2_control:/home/shrek/shrek_ws/install/to_place:/home/shrek/shrek_ws/install/diffdrive_arduino:/home/shrek/shrek_ws/install/serial:/home/shrek/shrek_ws/install/my_bot:/home/shrek/shrek_ws/install/goalxy:/home/shrek/shrek_ws/install/gazebo_ros2_control_demos:/opt/ros/foxy LD_LIBRARY_PATH=/home/shrek/shrek_ws/install/gazebo_ros2_control/lib:/home/shrek/shrek_ws/install/diffdrive_arduino/lib:/home/shrek/shrek_ws/install/serial/lib:/usr/lib/x86_64-linux-gnu/gazebo-11/plugins:/opt/ros/foxy/opt/yaml_cpp_vendor/lib:/opt/ros/foxy/opt/rviz_ogre_vendor/lib:/opt/ros/foxy/lib/x86_64-linux-gnu:/opt/ros/foxy/lib /usr/bin/cmake --build /home/shrek/shrek_ws/build/gazebo_ros2_control_demos -- -j8 -l8
[0.858s] DEBUG:colcon.colcon_core.event_handler.log_command:Invoking command in '/home/shrek/shrek_ws/build/diffdrive_arduino': CMAKE_PREFIX_PATH=/home/shrek/shrek_ws/install/serial:/home/shrek/shrek_ws/install/to_place:/home/shrek/shrek_ws/install/diffdrive_arduino:/home/shrek/shrek_ws/install/my_bot:/home/shrek/shrek_ws/install/goalxy:/home/shrek/shrek_ws/install/gazebo_ros2_control_demos:/home/shrek/shrek_ws/install/gazebo_ros2_control:/opt/ros/foxy /usr/bin/cmake --build /home/shrek/shrek_ws/build/diffdrive_arduino -- -j8 -l8
[0.954s] DEBUG:colcon.colcon_core.event_handler.log_command:Invoked command in '/home/shrek/shrek_ws/build/gazebo_ros2_control_demos' returned '0': CMAKE_PREFIX_PATH=/home/shrek/shrek_ws/install/gazebo_ros2_control:/home/shrek/shrek_ws/install/to_place:/home/shrek/shrek_ws/install/diffdrive_arduino:/home/shrek/shrek_ws/install/serial:/home/shrek/shrek_ws/install/my_bot:/home/shrek/shrek_ws/install/goalxy:/home/shrek/shrek_ws/install/gazebo_ros2_control_demos:/opt/ros/foxy LD_LIBRARY_PATH=/home/shrek/shrek_ws/install/gazebo_ros2_control/lib:/home/shrek/shrek_ws/install/diffdrive_arduino/lib:/home/shrek/shrek_ws/install/serial/lib:/usr/lib/x86_64-linux-gnu/gazebo-11/plugins:/opt/ros/foxy/opt/yaml_cpp_vendor/lib:/opt/ros/foxy/opt/rviz_ogre_vendor/lib:/opt/ros/foxy/lib/x86_64-linux-gnu:/opt/ros/foxy/lib /usr/bin/cmake --build /home/shrek/shrek_ws/build/gazebo_ros2_control_demos -- -j8 -l8
[0.967s] DEBUG:colcon.colcon_core.event_handler.log_command:Invoked command in '/home/shrek/shrek_ws/build/diffdrive_arduino' returned '0': CMAKE_PREFIX_PATH=/home/shrek/shrek_ws/install/serial:/home/shrek/shrek_ws/install/to_place:/home/shrek/shrek_ws/install/diffdrive_arduino:/home/shrek/shrek_ws/install/my_bot:/home/shrek/shrek_ws/install/goalxy:/home/shrek/shrek_ws/install/gazebo_ros2_control_demos:/home/shrek/shrek_ws/install/gazebo_ros2_control:/opt/ros/foxy /usr/bin/cmake --build /home/shrek/shrek_ws/build/diffdrive_arduino -- -j8 -l8
[0.995s] DEBUG:colcon.colcon_core.event_handler.log_command:Invoking command in '/home/shrek/shrek_ws/build/gazebo_ros2_control_demos': CMAKE_PREFIX_PATH=/home/shrek/shrek_ws/install/gazebo_ros2_control:/home/shrek/shrek_ws/install/to_place:/home/shrek/shrek_ws/install/diffdrive_arduino:/home/shrek/shrek_ws/install/serial:/home/shrek/shrek_ws/install/my_bot:/home/shrek/shrek_ws/install/goalxy:/home/shrek/shrek_ws/install/gazebo_ros2_control_demos:/opt/ros/foxy LD_LIBRARY_PATH=/home/shrek/shrek_ws/install/gazebo_ros2_control/lib:/home/shrek/shrek_ws/install/diffdrive_arduino/lib:/home/shrek/shrek_ws/install/serial/lib:/usr/lib/x86_64-linux-gnu/gazebo-11/plugins:/opt/ros/foxy/opt/yaml_cpp_vendor/lib:/opt/ros/foxy/opt/rviz_ogre_vendor/lib:/opt/ros/foxy/lib/x86_64-linux-gnu:/opt/ros/foxy/lib /usr/bin/cmake --install /home/shrek/shrek_ws/build/gazebo_ros2_control_demos
[1.004s] DEBUG:colcon.colcon_core.event_handler.log_command:Invoking command in '/home/shrek/shrek_ws/build/diffdrive_arduino': CMAKE_PREFIX_PATH=/home/shrek/shrek_ws/install/serial:/home/shrek/shrek_ws/install/to_place:/home/shrek/shrek_ws/install/diffdrive_arduino:/home/shrek/shrek_ws/install/my_bot:/home/shrek/shrek_ws/install/goalxy:/home/shrek/shrek_ws/install/gazebo_ros2_control_demos:/home/shrek/shrek_ws/install/gazebo_ros2_control:/opt/ros/foxy /usr/bin/cmake --install /home/shrek/shrek_ws/build/diffdrive_arduino
[1.028s] Level 1:colcon.colcon_core.environment:create_environment_scripts_only(gazebo_ros2_control_demos)
[1.031s] Level 1:colcon.colcon_core.environment:checking '/home/shrek/shrek_ws/install/gazebo_ros2_control_demos' for CMake module files
[1.032s] DEBUG:colcon.colcon_core.event_handler.log_command:Invoked command in '/home/shrek/shrek_ws/build/gazebo_ros2_control_demos' returned '0': CMAKE_PREFIX_PATH=/home/shrek/shrek_ws/install/gazebo_ros2_control:/home/shrek/shrek_ws/install/to_place:/home/shrek/shrek_ws/install/diffdrive_arduino:/home/shrek/shrek_ws/install/serial:/home/shrek/shrek_ws/install/my_bot:/home/shrek/shrek_ws/install/goalxy:/home/shrek/shrek_ws/install/gazebo_ros2_control_demos:/opt/ros/foxy LD_LIBRARY_PATH=/home/shrek/shrek_ws/install/gazebo_ros2_control/lib:/home/shrek/shrek_ws/install/diffdrive_arduino/lib:/home/shrek/shrek_ws/install/serial/lib:/usr/lib/x86_64-linux-gnu/gazebo-11/plugins:/opt/ros/foxy/opt/yaml_cpp_vendor/lib:/opt/ros/foxy/opt/rviz_ogre_vendor/lib:/opt/ros/foxy/lib/x86_64-linux-gnu:/opt/ros/foxy/lib /usr/bin/cmake --install /home/shrek/shrek_ws/build/gazebo_ros2_control_demos
[1.032s] Level 1:colcon.colcon_core.environment:checking '/home/shrek/shrek_ws/install/gazebo_ros2_control_demos' for CMake config files
[1.034s] Level 1:colcon.colcon_core.shell:create_environment_hook('gazebo_ros2_control_demos', 'cmake_prefix_path')
[1.038s] INFO:colcon.colcon_core.shell:Creating environment hook '/home/shrek/shrek_ws/install/gazebo_ros2_control_demos/share/gazebo_ros2_control_demos/hook/cmake_prefix_path.ps1'
[1.040s] INFO:colcon.colcon_core.shell:Creating environment descriptor '/home/shrek/shrek_ws/install/gazebo_ros2_control_demos/share/gazebo_ros2_control_demos/hook/cmake_prefix_path.dsv'
[1.040s] INFO:colcon.colcon_core.shell:Creating environment hook '/home/shrek/shrek_ws/install/gazebo_ros2_control_demos/share/gazebo_ros2_control_demos/hook/cmake_prefix_path.sh'
[1.041s] Level 1:colcon.colcon_core.environment:checking '/home/shrek/shrek_ws/install/gazebo_ros2_control_demos/lib'
[1.041s] Level 1:colcon.colcon_core.environment:checking '/home/shrek/shrek_ws/install/gazebo_ros2_control_demos/bin'
[1.041s] Level 1:colcon.colcon_core.environment:checking '/home/shrek/shrek_ws/install/gazebo_ros2_control_demos/lib/pkgconfig/gazebo_ros2_control_demos.pc'
[1.042s] Level 1:colcon.colcon_core.environment:checking '/home/shrek/shrek_ws/install/gazebo_ros2_control_demos/lib/python3.8/site-packages'
[1.042s] Level 1:colcon.colcon_core.environment:checking '/home/shrek/shrek_ws/install/gazebo_ros2_control_demos/bin'
[1.044s] INFO:colcon.colcon_core.shell:Creating package script '/home/shrek/shrek_ws/install/gazebo_ros2_control_demos/share/gazebo_ros2_control_demos/package.ps1'
[1.044s] INFO:colcon.colcon_core.shell:Creating package descriptor '/home/shrek/shrek_ws/install/gazebo_ros2_control_demos/share/gazebo_ros2_control_demos/package.dsv'
[1.045s] INFO:colcon.colcon_core.shell:Creating package script '/home/shrek/shrek_ws/install/gazebo_ros2_control_demos/share/gazebo_ros2_control_demos/package.sh'
[1.045s] INFO:colcon.colcon_core.shell:Creating package script '/home/shrek/shrek_ws/install/gazebo_ros2_control_demos/share/gazebo_ros2_control_demos/package.bash'
[1.046s] INFO:colcon.colcon_core.shell:Creating package script '/home/shrek/shrek_ws/install/gazebo_ros2_control_demos/share/gazebo_ros2_control_demos/package.zsh'
[1.046s] Level 1:colcon.colcon_core.environment:create_file_with_runtime_dependencies(/home/shrek/shrek_ws/install/gazebo_ros2_control_demos/share/colcon-core/packages/gazebo_ros2_control_demos)
[1.050s] Level 1:colcon.colcon_core.environment:create_environment_scripts_only(diffdrive_arduino)
[1.053s] Level 1:colcon.colcon_core.environment:checking '/home/shrek/shrek_ws/install/diffdrive_arduino' for CMake module files
[1.054s] DEBUG:colcon.colcon_core.event_handler.log_command:Invoked command in '/home/shrek/shrek_ws/build/diffdrive_arduino' returned '0': CMAKE_PREFIX_PATH=/home/shrek/shrek_ws/install/serial:/home/shrek/shrek_ws/install/to_place:/home/shrek/shrek_ws/install/diffdrive_arduino:/home/shrek/shrek_ws/install/my_bot:/home/shrek/shrek_ws/install/goalxy:/home/shrek/shrek_ws/install/gazebo_ros2_control_demos:/home/shrek/shrek_ws/install/gazebo_ros2_control:/opt/ros/foxy /usr/bin/cmake --install /home/shrek/shrek_ws/build/diffdrive_arduino
[1.054s] Level 1:colcon.colcon_core.environment:checking '/home/shrek/shrek_ws/install/diffdrive_arduino' for CMake config files
[1.055s] Level 1:colcon.colcon_core.shell:create_environment_hook('diffdrive_arduino', 'cmake_prefix_path')
[1.057s] INFO:colcon.colcon_core.shell:Creating environment hook '/home/shrek/shrek_ws/install/diffdrive_arduino/share/diffdrive_arduino/hook/cmake_prefix_path.ps1'
[1.058s] INFO:colcon.colcon_core.shell:Creating environment descriptor '/home/shrek/shrek_ws/install/diffdrive_arduino/share/diffdrive_arduino/hook/cmake_prefix_path.dsv'
[1.058s] INFO:colcon.colcon_core.shell:Creating environment hook '/home/shrek/shrek_ws/install/diffdrive_arduino/share/diffdrive_arduino/hook/cmake_prefix_path.sh'
[1.059s] Level 1:colcon.colcon_core.environment:checking '/home/shrek/shrek_ws/install/diffdrive_arduino/lib'
[1.059s] Level 1:colcon.colcon_core.shell:create_environment_hook('diffdrive_arduino', 'ld_library_path_lib')
[1.062s] INFO:colcon.colcon_core.shell:Creating environment hook '/home/shrek/shrek_ws/install/diffdrive_arduino/share/diffdrive_arduino/hook/ld_library_path_lib.ps1'
[1.063s] INFO:colcon.colcon_core.shell:Creating environment descriptor '/home/shrek/shrek_ws/install/diffdrive_arduino/share/diffdrive_arduino/hook/ld_library_path_lib.dsv'
[1.063s] INFO:colcon.colcon_core.shell:Creating environment hook '/home/shrek/shrek_ws/install/diffdrive_arduino/share/diffdrive_arduino/hook/ld_library_path_lib.sh'
[1.064s] Level 1:colcon.colcon_core.environment:checking '/home/shrek/shrek_ws/install/diffdrive_arduino/bin'
[1.064s] Level 1:colcon.colcon_core.environment:checking '/home/shrek/shrek_ws/install/diffdrive_arduino/lib/pkgconfig/diffdrive_arduino.pc'
[1.065s] Level 1:colcon.colcon_core.environment:checking '/home/shrek/shrek_ws/install/diffdrive_arduino/lib/python3.8/site-packages'
[1.065s] Level 1:colcon.colcon_core.environment:checking '/home/shrek/shrek_ws/install/diffdrive_arduino/bin'
[1.069s] INFO:colcon.colcon_core.shell:Creating package script '/home/shrek/shrek_ws/install/diffdrive_arduino/share/diffdrive_arduino/package.ps1'
[1.070s] INFO:colcon.colcon_core.shell:Creating package descriptor '/home/shrek/shrek_ws/install/diffdrive_arduino/share/diffdrive_arduino/package.dsv'
[1.070s] INFO:colcon.colcon_core.shell:Creating package script '/home/shrek/shrek_ws/install/diffdrive_arduino/share/diffdrive_arduino/package.sh'
[1.071s] INFO:colcon.colcon_core.shell:Creating package script '/home/shrek/shrek_ws/install/diffdrive_arduino/share/diffdrive_arduino/package.bash'
[1.072s] INFO:colcon.colcon_core.shell:Creating package script '/home/shrek/shrek_ws/install/diffdrive_arduino/share/diffdrive_arduino/package.zsh'
[1.073s] Level 1:colcon.colcon_core.environment:create_file_with_runtime_dependencies(/home/shrek/shrek_ws/install/diffdrive_arduino/share/colcon-core/packages/diffdrive_arduino)
[1.088s] Level 1:colcon.colcon_core.environment:create_environment_scripts_only(gazebo_ros2_control_demos)
[1.091s] Level 1:colcon.colcon_core.environment:checking '/home/shrek/shrek_ws/install/gazebo_ros2_control_demos' for CMake module files
[1.091s] Level 1:colcon.colcon_core.environment:checking '/home/shrek/shrek_ws/install/gazebo_ros2_control_demos' for CMake config files
[1.092s] Level 1:colcon.colcon_core.shell:create_environment_hook('gazebo_ros2_control_demos', 'cmake_prefix_path')
[1.093s] INFO:colcon.colcon_core.shell:Creating environment hook '/home/shrek/shrek_ws/install/gazebo_ros2_control_demos/share/gazebo_ros2_control_demos/hook/cmake_prefix_path.ps1'
[1.094s] INFO:colcon.colcon_core.shell:Creating environment descriptor '/home/shrek/shrek_ws/install/gazebo_ros2_control_demos/share/gazebo_ros2_control_demos/hook/cmake_prefix_path.dsv'
[1.095s] INFO:colcon.colcon_core.shell:Creating environment hook '/home/shrek/shrek_ws/install/gazebo_ros2_control_demos/share/gazebo_ros2_control_demos/hook/cmake_prefix_path.sh'
[1.096s] Level 1:colcon.colcon_core.environment:checking '/home/shrek/shrek_ws/install/gazebo_ros2_control_demos/lib'
[1.096s] Level 1:colcon.colcon_core.environment:checking '/home/shrek/shrek_ws/install/gazebo_ros2_control_demos/bin'
[1.097s] Level 1:colcon.colcon_core.environment:checking '/home/shrek/shrek_ws/install/gazebo_ros2_control_demos/lib/pkgconfig/gazebo_ros2_control_demos.pc'
[1.097s] Level 1:colcon.colcon_core.environment:checking '/home/shrek/shrek_ws/install/gazebo_ros2_control_demos/lib/python3.8/site-packages'
[1.097s] Level 1:colcon.colcon_core.environment:checking '/home/shrek/shrek_ws/install/gazebo_ros2_control_demos/bin'
[1.099s] INFO:colcon.colcon_core.shell:Creating package script '/home/shrek/shrek_ws/install/gazebo_ros2_control_demos/share/gazebo_ros2_control_demos/package.ps1'
[1.099s] INFO:colcon.colcon_core.shell:Creating package descriptor '/home/shrek/shrek_ws/install/gazebo_ros2_control_demos/share/gazebo_ros2_control_demos/package.dsv'
[1.100s] INFO:colcon.colcon_core.shell:Creating package script '/home/shrek/shrek_ws/install/gazebo_ros2_control_demos/share/gazebo_ros2_control_demos/package.sh'
[1.101s] INFO:colcon.colcon_core.shell:Creating package script '/home/shrek/shrek_ws/install/gazebo_ros2_control_demos/share/gazebo_ros2_control_demos/package.bash'
[1.101s] INFO:colcon.colcon_core.shell:Creating package script '/home/shrek/shrek_ws/install/gazebo_ros2_control_demos/share/gazebo_ros2_control_demos/package.zsh'
[1.102s] Level 1:colcon.colcon_core.environment:create_file_with_runtime_dependencies(/home/shrek/shrek_ws/install/gazebo_ros2_control_demos/share/colcon-core/packages/gazebo_ros2_control_demos)
[1.111s] Level 1:colcon.colcon_core.environment:create_environment_scripts_only(diffdrive_arduino)
[1.113s] Level 1:colcon.colcon_core.environment:checking '/home/shrek/shrek_ws/install/diffdrive_arduino' for CMake module files
[1.114s] Level 1:colcon.colcon_core.environment:checking '/home/shrek/shrek_ws/install/diffdrive_arduino' for CMake config files
[1.114s] Level 1:colcon.colcon_core.shell:create_environment_hook('diffdrive_arduino', 'cmake_prefix_path')
[1.116s] INFO:colcon.colcon_core.shell:Creating environment hook '/home/shrek/shrek_ws/install/diffdrive_arduino/share/diffdrive_arduino/hook/cmake_prefix_path.ps1'
[1.116s] INFO:colcon.colcon_core.shell:Creating environment descriptor '/home/shrek/shrek_ws/install/diffdrive_arduino/share/diffdrive_arduino/hook/cmake_prefix_path.dsv'
[1.117s] INFO:colcon.colcon_core.shell:Creating environment hook '/home/shrek/shrek_ws/install/diffdrive_arduino/share/diffdrive_arduino/hook/cmake_prefix_path.sh'
[1.118s] Level 1:colcon.colcon_core.environment:checking '/home/shrek/shrek_ws/install/diffdrive_arduino/lib'
[1.118s] Level 1:colcon.colcon_core.shell:create_environment_hook('diffdrive_arduino', 'ld_library_path_lib')
[1.120s] INFO:colcon.colcon_core.shell:Creating environment hook '/home/shrek/shrek_ws/install/diffdrive_arduino/share/diffdrive_arduino/hook/ld_library_path_lib.ps1'
[1.120s] INFO:colcon.colcon_core.shell:Creating environment descriptor '/home/shrek/shrek_ws/install/diffdrive_arduino/share/diffdrive_arduino/hook/ld_library_path_lib.dsv'
[1.121s] INFO:colcon.colcon_core.shell:Creating environment hook '/home/shrek/shrek_ws/install/diffdrive_arduino/share/diffdrive_arduino/hook/ld_library_path_lib.sh'
[1.121s] Level 1:colcon.colcon_core.environment:checking '/home/shrek/shrek_ws/install/diffdrive_arduino/bin'
[1.121s] Level 1:colcon.colcon_core.environment:checking '/home/shrek/shrek_ws/install/diffdrive_arduino/lib/pkgconfig/diffdrive_arduino.pc'
[1.122s] Level 1:colcon.colcon_core.environment:checking '/home/shrek/shrek_ws/install/diffdrive_arduino/lib/python3.8/site-packages'
[1.122s] Level 1:colcon.colcon_core.environment:checking '/home/shrek/shrek_ws/install/diffdrive_arduino/bin'
[1.124s] INFO:colcon.colcon_core.shell:Creating package script '/home/shrek/shrek_ws/install/diffdrive_arduino/share/diffdrive_arduino/package.ps1'
[1.125s] INFO:colcon.colcon_core.shell:Creating package descriptor '/home/shrek/shrek_ws/install/diffdrive_arduino/share/diffdrive_arduino/package.dsv'
[1.125s] INFO:colcon.colcon_core.shell:Creating package script '/home/shrek/shrek_ws/install/diffdrive_arduino/share/diffdrive_arduino/package.sh'
[1.126s] INFO:colcon.colcon_core.shell:Creating package script '/home/shrek/shrek_ws/install/diffdrive_arduino/share/diffdrive_arduino/package.bash'
[1.126s] INFO:colcon.colcon_core.shell:Creating package script '/home/shrek/shrek_ws/install/diffdrive_arduino/share/diffdrive_arduino/package.zsh'
[1.127s] Level 1:colcon.colcon_core.environment:create_file_with_runtime_dependencies(/home/shrek/shrek_ws/install/diffdrive_arduino/share/colcon-core/packages/diffdrive_arduino)
[1.127s] DEBUG:colcon.colcon_parallel_executor.executor.parallel:closing loop
[1.127s] DEBUG:colcon.colcon_parallel_executor.executor.parallel:loop closed
[1.127s] DEBUG:colcon.colcon_parallel_executor.executor.parallel:run_until_complete finished with '0'
[1.128s] DEBUG:colcon.colcon_core.event_reactor:joining thread
[1.137s] INFO:colcon.colcon_core.plugin_system:Skipping extension 'colcon_notification.desktop_notification.terminal_notifier': Not used on non-Darwin systems
[1.137s] INFO:colcon.colcon_core.plugin_system:Skipping extension 'colcon_notification.desktop_notification.win32': Not used on non-Windows systems
[1.137s] INFO:colcon.colcon_notification.desktop_notification:Sending desktop notification using 'notify2'
[1.165s] DEBUG:colcon.colcon_core.event_reactor:joined thread
[1.167s] INFO:colcon.colcon_core.shell:Creating prefix script '/home/shrek/shrek_ws/install/local_setup.ps1'
[1.169s] INFO:colcon.colcon_core.shell:Creating prefix util module '/home/shrek/shrek_ws/install/_local_setup_util_ps1.py'
[1.170s] INFO:colcon.colcon_core.shell:Creating prefix chain script '/home/shrek/shrek_ws/install/setup.ps1'
[1.173s] INFO:colcon.colcon_core.shell:Creating prefix script '/home/shrek/shrek_ws/install/local_setup.sh'
[1.173s] INFO:colcon.colcon_core.shell:Creating prefix util module '/home/shrek/shrek_ws/install/_local_setup_util_sh.py'
[1.174s] INFO:colcon.colcon_core.shell:Creating prefix chain script '/home/shrek/shrek_ws/install/setup.sh'
[1.176s] INFO:colcon.colcon_core.shell:Creating prefix script '/home/shrek/shrek_ws/install/local_setup.bash'
[1.177s] INFO:colcon.colcon_core.shell:Creating prefix chain script '/home/shrek/shrek_ws/install/setup.bash'
[1.178s] INFO:colcon.colcon_core.shell:Creating prefix script '/home/shrek/shrek_ws/install/local_setup.zsh'
[1.178s] INFO:colcon.colcon_core.shell:Creating prefix chain script '/home/shrek/shrek_ws/install/setup.zsh'
