[0.116s] DEBUG:colcon:Command line arguments: ['/usr/bin/colcon', 'build', '--symlink-install']
[0.116s] DEBUG:colcon:Parsed command line arguments: Namespace(allow_overriding=[], ament_cmake_args=None, base_paths=['.'], build_base='build', catkin_cmake_args=None, catkin_skip_building_tests=False, cmake_args=None, cmake_clean_cache=False, cmake_clean_first=False, cmake_force_configure=False, cmake_target=None, cmake_target_skip_unavailable=False, continue_on_error=False, event_handlers=None, executor='parallel', ignore_user_meta=False, install_base='install', log_base=None, log_level=None, main=<bound method BuildVerb.main of <colcon_core.verb.build.BuildVerb object at 0x7feed0378be0>>, merge_install=False, metas=['./colcon.meta'], packages_above=None, packages_above_and_dependencies=None, packages_above_depth=None, packages_end=None, packages_ignore=None, packages_ignore_regex=None, packages_select=None, packages_select_build_failed=False, packages_select_by_dep=None, packages_select_regex=None, packages_select_test_failures=False, packages_skip=None, packages_skip_build_finished=False, packages_skip_by_dep=None, packages_skip_regex=None, packages_skip_test_passed=False, packages_skip_up_to=None, packages_start=None, packages_up_to=None, packages_up_to_regex=None, parallel_workers=8, paths=None, symlink_install=True, test_result_base=None, verb_extension=<colcon_core.verb.build.BuildVerb object at 0x7feed0378be0>, verb_name='build', verb_parser=<colcon_defaults.argument_parser.defaults.DefaultArgumentsDecorator object at 0x7feed030b190>)
[0.134s] Level 1:colcon.colcon_core.package_discovery:discover_packages(colcon_meta) check parameters
[0.134s] Level 1:colcon.colcon_core.package_discovery:discover_packages(recursive) check parameters
[0.134s] Level 1:colcon.colcon_core.package_discovery:discover_packages(ignore) check parameters
[0.134s] Level 1:colcon.colcon_core.package_discovery:discover_packages(path) check parameters
[0.134s] Level 1:colcon.colcon_core.package_discovery:discover_packages(colcon_meta) discover
[0.134s] Level 1:colcon.colcon_core.package_discovery:discover_packages(recursive) discover
[0.134s] INFO:colcon.colcon_core.package_discovery:Crawling recursively for packages in '/home/shrek/shrek_ws'
[0.134s] Level 1:colcon.colcon_core.package_identification:_identify(.) by extensions ['ignore', 'ignore_ament_install']
[0.134s] Level 1:colcon.colcon_core.package_identification:_identify(.) by extension 'ignore'
[0.134s] Level 1:colcon.colcon_core.package_identification:_identify(.) by extension 'ignore_ament_install'
[0.135s] Level 1:colcon.colcon_core.package_identification:_identify(.) by extensions ['colcon_pkg']
[0.135s] Level 1:colcon.colcon_core.package_identification:_identify(.) by extension 'colcon_pkg'
[0.135s] Level 1:colcon.colcon_core.package_identification:_identify(.) by extensions ['colcon_meta']
[0.135s] Level 1:colcon.colcon_core.package_identification:_identify(.) by extension 'colcon_meta'
[0.135s] Level 1:colcon.colcon_core.package_identification:_identify(.) by extensions ['ros']
[0.135s] Level 1:colcon.colcon_core.package_identification:_identify(.) by extension 'ros'
[0.142s] Level 1:colcon.colcon_core.package_identification:_identify(.) by extensions ['cmake', 'python']
[0.142s] Level 1:colcon.colcon_core.package_identification:_identify(.) by extension 'cmake'
[0.142s] Level 1:colcon.colcon_core.package_identification:_identify(.) by extension 'python'
[0.142s] Level 1:colcon.colcon_core.package_identification:_identify(.) by extensions ['python_setup_py']
[0.142s] Level 1:colcon.colcon_core.package_identification:_identify(.) by extension 'python_setup_py'
[0.143s] Level 1:colcon.colcon_core.package_identification:_identify(build) by extensions ['ignore', 'ignore_ament_install']
[0.143s] Level 1:colcon.colcon_core.package_identification:_identify(build) by extension 'ignore'
[0.143s] Level 1:colcon.colcon_core.package_identification:_identify(build) ignored
[0.143s] Level 1:colcon.colcon_core.package_identification:_identify(install) by extensions ['ignore', 'ignore_ament_install']
[0.143s] Level 1:colcon.colcon_core.package_identification:_identify(install) by extension 'ignore'
[0.143s] Level 1:colcon.colcon_core.package_identification:_identify(install) ignored
[0.143s] Level 1:colcon.colcon_core.package_identification:_identify(log) by extensions ['ignore', 'ignore_ament_install']
[0.143s] Level 1:colcon.colcon_core.package_identification:_identify(log) by extension 'ignore'
[0.143s] Level 1:colcon.colcon_core.package_identification:_identify(log) ignored
[0.143s] Level 1:colcon.colcon_core.package_identification:_identify(src) by extensions ['ignore', 'ignore_ament_install']
[0.143s] Level 1:colcon.colcon_core.package_identification:_identify(src) by extension 'ignore'
[0.143s] Level 1:colcon.colcon_core.package_identification:_identify(src) by extension 'ignore_ament_install'
[0.143s] Level 1:colcon.colcon_core.package_identification:_identify(src) by extensions ['colcon_pkg']
[0.143s] Level 1:colcon.colcon_core.package_identification:_identify(src) by extension 'colcon_pkg'
[0.143s] Level 1:colcon.colcon_core.package_identification:_identify(src) by extensions ['colcon_meta']
[0.143s] Level 1:colcon.colcon_core.package_identification:_identify(src) by extension 'colcon_meta'
[0.143s] Level 1:colcon.colcon_core.package_identification:_identify(src) by extensions ['ros']
[0.143s] Level 1:colcon.colcon_core.package_identification:_identify(src) by extension 'ros'
[0.144s] Level 1:colcon.colcon_core.package_identification:_identify(src) by extensions ['cmake', 'python']
[0.144s] Level 1:colcon.colcon_core.package_identification:_identify(src) by extension 'cmake'
[0.144s] Level 1:colcon.colcon_core.package_identification:_identify(src) by extension 'python'
[0.144s] Level 1:colcon.colcon_core.package_identification:_identify(src) by extensions ['python_setup_py']
[0.144s] Level 1:colcon.colcon_core.package_identification:_identify(src) by extension 'python_setup_py'
[0.144s] Level 1:colcon.colcon_core.package_identification:_identify(src/diffdrive_arduino) by extensions ['ignore', 'ignore_ament_install']
[0.144s] Level 1:colcon.colcon_core.package_identification:_identify(src/diffdrive_arduino) by extension 'ignore'
[0.144s] Level 1:colcon.colcon_core.package_identification:_identify(src/diffdrive_arduino) by extension 'ignore_ament_install'
[0.144s] Level 1:colcon.colcon_core.package_identification:_identify(src/diffdrive_arduino) by extensions ['colcon_pkg']
[0.144s] Level 1:colcon.colcon_core.package_identification:_identify(src/diffdrive_arduino) by extension 'colcon_pkg'
[0.144s] Level 1:colcon.colcon_core.package_identification:_identify(src/diffdrive_arduino) by extensions ['colcon_meta']
[0.144s] Level 1:colcon.colcon_core.package_identification:_identify(src/diffdrive_arduino) by extension 'colcon_meta'
[0.144s] Level 1:colcon.colcon_core.package_identification:_identify(src/diffdrive_arduino) by extensions ['ros']
[0.144s] Level 1:colcon.colcon_core.package_identification:_identify(src/diffdrive_arduino) by extension 'ros'
[0.146s] DEBUG:colcon.colcon_core.package_identification:Package 'src/diffdrive_arduino' with type 'ros.ament_cmake' and name 'diffdrive_arduino'
[0.146s] Level 1:colcon.colcon_core.package_identification:_identify(src/gazebo_ros2_control) by extensions ['ignore', 'ignore_ament_install']
[0.146s] Level 1:colcon.colcon_core.package_identification:_identify(src/gazebo_ros2_control) by extension 'ignore'
[0.146s] Level 1:colcon.colcon_core.package_identification:_identify(src/gazebo_ros2_control) by extension 'ignore_ament_install'
[0.146s] Level 1:colcon.colcon_core.package_identification:_identify(src/gazebo_ros2_control) by extensions ['colcon_pkg']
[0.146s] Level 1:colcon.colcon_core.package_identification:_identify(src/gazebo_ros2_control) by extension 'colcon_pkg'
[0.146s] Level 1:colcon.colcon_core.package_identification:_identify(src/gazebo_ros2_control) by extensions ['colcon_meta']
[0.146s] Level 1:colcon.colcon_core.package_identification:_identify(src/gazebo_ros2_control) by extension 'colcon_meta'
[0.146s] Level 1:colcon.colcon_core.package_identification:_identify(src/gazebo_ros2_control) by extensions ['ros']
[0.146s] Level 1:colcon.colcon_core.package_identification:_identify(src/gazebo_ros2_control) by extension 'ros'
[0.147s] Level 1:colcon.colcon_core.package_identification:_identify(src/gazebo_ros2_control) by extensions ['cmake', 'python']
[0.147s] Level 1:colcon.colcon_core.package_identification:_identify(src/gazebo_ros2_control) by extension 'cmake'
[0.147s] Level 1:colcon.colcon_core.package_identification:_identify(src/gazebo_ros2_control) by extension 'python'
[0.147s] Level 1:colcon.colcon_core.package_identification:_identify(src/gazebo_ros2_control) by extensions ['python_setup_py']
[0.147s] Level 1:colcon.colcon_core.package_identification:_identify(src/gazebo_ros2_control) by extension 'python_setup_py'
[0.147s] Level 1:colcon.colcon_core.package_identification:_identify(src/gazebo_ros2_control/Docker) by extensions ['ignore', 'ignore_ament_install']
[0.147s] Level 1:colcon.colcon_core.package_identification:_identify(src/gazebo_ros2_control/Docker) by extension 'ignore'
[0.147s] Level 1:colcon.colcon_core.package_identification:_identify(src/gazebo_ros2_control/Docker) by extension 'ignore_ament_install'
[0.147s] Level 1:colcon.colcon_core.package_identification:_identify(src/gazebo_ros2_control/Docker) by extensions ['colcon_pkg']
[0.147s] Level 1:colcon.colcon_core.package_identification:_identify(src/gazebo_ros2_control/Docker) by extension 'colcon_pkg'
[0.147s] Level 1:colcon.colcon_core.package_identification:_identify(src/gazebo_ros2_control/Docker) by extensions ['colcon_meta']
[0.147s] Level 1:colcon.colcon_core.package_identification:_identify(src/gazebo_ros2_control/Docker) by extension 'colcon_meta'
[0.147s] Level 1:colcon.colcon_core.package_identification:_identify(src/gazebo_ros2_control/Docker) by extensions ['ros']
[0.147s] Level 1:colcon.colcon_core.package_identification:_identify(src/gazebo_ros2_control/Docker) by extension 'ros'
[0.147s] Level 1:colcon.colcon_core.package_identification:_identify(src/gazebo_ros2_control/Docker) by extensions ['cmake', 'python']
[0.147s] Level 1:colcon.colcon_core.package_identification:_identify(src/gazebo_ros2_control/Docker) by extension 'cmake'
[0.147s] Level 1:colcon.colcon_core.package_identification:_identify(src/gazebo_ros2_control/Docker) by extension 'python'
[0.147s] Level 1:colcon.colcon_core.package_identification:_identify(src/gazebo_ros2_control/Docker) by extensions ['python_setup_py']
[0.147s] Level 1:colcon.colcon_core.package_identification:_identify(src/gazebo_ros2_control/Docker) by extension 'python_setup_py'
[0.147s] Level 1:colcon.colcon_core.package_identification:_identify(src/gazebo_ros2_control/gazebo_ros2_control) by extensions ['ignore', 'ignore_ament_install']
[0.147s] Level 1:colcon.colcon_core.package_identification:_identify(src/gazebo_ros2_control/gazebo_ros2_control) by extension 'ignore'
[0.147s] Level 1:colcon.colcon_core.package_identification:_identify(src/gazebo_ros2_control/gazebo_ros2_control) by extension 'ignore_ament_install'
[0.147s] Level 1:colcon.colcon_core.package_identification:_identify(src/gazebo_ros2_control/gazebo_ros2_control) by extensions ['colcon_pkg']
[0.147s] Level 1:colcon.colcon_core.package_identification:_identify(src/gazebo_ros2_control/gazebo_ros2_control) by extension 'colcon_pkg'
[0.148s] Level 1:colcon.colcon_core.package_identification:_identify(src/gazebo_ros2_control/gazebo_ros2_control) by extensions ['colcon_meta']
[0.148s] Level 1:colcon.colcon_core.package_identification:_identify(src/gazebo_ros2_control/gazebo_ros2_control) by extension 'colcon_meta'
[0.148s] Level 1:colcon.colcon_core.package_identification:_identify(src/gazebo_ros2_control/gazebo_ros2_control) by extensions ['ros']
[0.148s] Level 1:colcon.colcon_core.package_identification:_identify(src/gazebo_ros2_control/gazebo_ros2_control) by extension 'ros'
[0.149s] DEBUG:colcon.colcon_core.package_identification:Package 'src/gazebo_ros2_control/gazebo_ros2_control' with type 'ros.ament_cmake' and name 'gazebo_ros2_control'
[0.149s] Level 1:colcon.colcon_core.package_identification:_identify(src/gazebo_ros2_control/gazebo_ros2_control_demos) by extensions ['ignore', 'ignore_ament_install']
[0.149s] Level 1:colcon.colcon_core.package_identification:_identify(src/gazebo_ros2_control/gazebo_ros2_control_demos) by extension 'ignore'
[0.149s] Level 1:colcon.colcon_core.package_identification:_identify(src/gazebo_ros2_control/gazebo_ros2_control_demos) by extension 'ignore_ament_install'
[0.149s] Level 1:colcon.colcon_core.package_identification:_identify(src/gazebo_ros2_control/gazebo_ros2_control_demos) by extensions ['colcon_pkg']
[0.149s] Level 1:colcon.colcon_core.package_identification:_identify(src/gazebo_ros2_control/gazebo_ros2_control_demos) by extension 'colcon_pkg'
[0.150s] Level 1:colcon.colcon_core.package_identification:_identify(src/gazebo_ros2_control/gazebo_ros2_control_demos) by extensions ['colcon_meta']
[0.150s] Level 1:colcon.colcon_core.package_identification:_identify(src/gazebo_ros2_control/gazebo_ros2_control_demos) by extension 'colcon_meta'
[0.150s] Level 1:colcon.colcon_core.package_identification:_identify(src/gazebo_ros2_control/gazebo_ros2_control_demos) by extensions ['ros']
[0.150s] Level 1:colcon.colcon_core.package_identification:_identify(src/gazebo_ros2_control/gazebo_ros2_control_demos) by extension 'ros'
[0.150s] DEBUG:colcon.colcon_core.package_identification:Package 'src/gazebo_ros2_control/gazebo_ros2_control_demos' with type 'ros.ament_cmake' and name 'gazebo_ros2_control_demos'
[0.150s] Level 1:colcon.colcon_core.package_identification:_identify(src/gazebo_ros2_control/img) by extensions ['ignore', 'ignore_ament_install']
[0.150s] Level 1:colcon.colcon_core.package_identification:_identify(src/gazebo_ros2_control/img) by extension 'ignore'
[0.150s] Level 1:colcon.colcon_core.package_identification:_identify(src/gazebo_ros2_control/img) by extension 'ignore_ament_install'
[0.150s] Level 1:colcon.colcon_core.package_identification:_identify(src/gazebo_ros2_control/img) by extensions ['colcon_pkg']
[0.150s] Level 1:colcon.colcon_core.package_identification:_identify(src/gazebo_ros2_control/img) by extension 'colcon_pkg'
[0.151s] Level 1:colcon.colcon_core.package_identification:_identify(src/gazebo_ros2_control/img) by extensions ['colcon_meta']
[0.151s] Level 1:colcon.colcon_core.package_identification:_identify(src/gazebo_ros2_control/img) by extension 'colcon_meta'
[0.151s] Level 1:colcon.colcon_core.package_identification:_identify(src/gazebo_ros2_control/img) by extensions ['ros']
[0.151s] Level 1:colcon.colcon_core.package_identification:_identify(src/gazebo_ros2_control/img) by extension 'ros'
[0.151s] Level 1:colcon.colcon_core.package_identification:_identify(src/gazebo_ros2_control/img) by extensions ['cmake', 'python']
[0.151s] Level 1:colcon.colcon_core.package_identification:_identify(src/gazebo_ros2_control/img) by extension 'cmake'
[0.151s] Level 1:colcon.colcon_core.package_identification:_identify(src/gazebo_ros2_control/img) by extension 'python'
[0.151s] Level 1:colcon.colcon_core.package_identification:_identify(src/gazebo_ros2_control/img) by extensions ['python_setup_py']
[0.151s] Level 1:colcon.colcon_core.package_identification:_identify(src/gazebo_ros2_control/img) by extension 'python_setup_py'
[0.151s] Level 1:colcon.colcon_core.package_identification:_identify(src/goalxy) by extensions ['ignore', 'ignore_ament_install']
[0.151s] Level 1:colcon.colcon_core.package_identification:_identify(src/goalxy) by extension 'ignore'
[0.151s] Level 1:colcon.colcon_core.package_identification:_identify(src/goalxy) by extension 'ignore_ament_install'
[0.151s] Level 1:colcon.colcon_core.package_identification:_identify(src/goalxy) by extensions ['colcon_pkg']
[0.151s] Level 1:colcon.colcon_core.package_identification:_identify(src/goalxy) by extension 'colcon_pkg'
[0.151s] Level 1:colcon.colcon_core.package_identification:_identify(src/goalxy) by extensions ['colcon_meta']
[0.151s] Level 1:colcon.colcon_core.package_identification:_identify(src/goalxy) by extension 'colcon_meta'
[0.151s] Level 1:colcon.colcon_core.package_identification:_identify(src/goalxy) by extensions ['ros']
[0.151s] Level 1:colcon.colcon_core.package_identification:_identify(src/goalxy) by extension 'ros'
[0.151s] DEBUG:colcon.colcon_core.package_identification:Package 'src/goalxy' with type 'ros.ament_cmake' and name 'goalxy'
[0.152s] Level 1:colcon.colcon_core.package_identification:_identify(src/my_bot) by extensions ['ignore', 'ignore_ament_install']
[0.152s] Level 1:colcon.colcon_core.package_identification:_identify(src/my_bot) by extension 'ignore'
[0.152s] Level 1:colcon.colcon_core.package_identification:_identify(src/my_bot) by extension 'ignore_ament_install'
[0.152s] Level 1:colcon.colcon_core.package_identification:_identify(src/my_bot) by extensions ['colcon_pkg']
[0.152s] Level 1:colcon.colcon_core.package_identification:_identify(src/my_bot) by extension 'colcon_pkg'
[0.152s] Level 1:colcon.colcon_core.package_identification:_identify(src/my_bot) by extensions ['colcon_meta']
[0.152s] Level 1:colcon.colcon_core.package_identification:_identify(src/my_bot) by extension 'colcon_meta'
[0.152s] Level 1:colcon.colcon_core.package_identification:_identify(src/my_bot) by extensions ['ros']
[0.152s] Level 1:colcon.colcon_core.package_identification:_identify(src/my_bot) by extension 'ros'
[0.152s] DEBUG:colcon.colcon_core.package_identification:Package 'src/my_bot' with type 'ros.ament_cmake' and name 'my_bot'
[0.152s] Level 1:colcon.colcon_core.package_identification:_identify(src/serial) by extensions ['ignore', 'ignore_ament_install']
[0.152s] Level 1:colcon.colcon_core.package_identification:_identify(src/serial) by extension 'ignore'
[0.152s] Level 1:colcon.colcon_core.package_identification:_identify(src/serial) by extension 'ignore_ament_install'
[0.152s] Level 1:colcon.colcon_core.package_identification:_identify(src/serial) by extensions ['colcon_pkg']
[0.152s] Level 1:colcon.colcon_core.package_identification:_identify(src/serial) by extension 'colcon_pkg'
[0.152s] Level 1:colcon.colcon_core.package_identification:_identify(src/serial) by extensions ['colcon_meta']
[0.152s] Level 1:colcon.colcon_core.package_identification:_identify(src/serial) by extension 'colcon_meta'
[0.153s] Level 1:colcon.colcon_core.package_identification:_identify(src/serial) by extensions ['ros']
[0.153s] Level 1:colcon.colcon_core.package_identification:_identify(src/serial) by extension 'ros'
[0.153s] DEBUG:colcon.colcon_core.package_identification:Package 'src/serial' with type 'ros.ament_cmake' and name 'serial'
[0.153s] Level 1:colcon.colcon_core.package_identification:_identify(src/to_place) by extensions ['ignore', 'ignore_ament_install']
[0.153s] Level 1:colcon.colcon_core.package_identification:_identify(src/to_place) by extension 'ignore'
[0.153s] Level 1:colcon.colcon_core.package_identification:_identify(src/to_place) by extension 'ignore_ament_install'
[0.153s] Level 1:colcon.colcon_core.package_identification:_identify(src/to_place) by extensions ['colcon_pkg']
[0.153s] Level 1:colcon.colcon_core.package_identification:_identify(src/to_place) by extension 'colcon_pkg'
[0.153s] Level 1:colcon.colcon_core.package_identification:_identify(src/to_place) by extensions ['colcon_meta']
[0.153s] Level 1:colcon.colcon_core.package_identification:_identify(src/to_place) by extension 'colcon_meta'
[0.153s] Level 1:colcon.colcon_core.package_identification:_identify(src/to_place) by extensions ['ros']
[0.153s] Level 1:colcon.colcon_core.package_identification:_identify(src/to_place) by extension 'ros'
[0.165s] DEBUG:colcon.colcon_core.package_identification:Package 'src/to_place' with type 'ros.ament_cmake' and name 'to_place'
[0.165s] Level 1:colcon.colcon_core.package_discovery:discover_packages(recursive) using defaults
[0.165s] Level 1:colcon.colcon_core.package_discovery:discover_packages(ignore) discover
[0.165s] Level 1:colcon.colcon_core.package_discovery:discover_packages(ignore) using defaults
[0.165s] Level 1:colcon.colcon_core.package_discovery:discover_packages(path) discover
[0.165s] Level 1:colcon.colcon_core.package_discovery:discover_packages(path) using defaults
[0.186s] Level 1:colcon.colcon_core.package_discovery:discover_packages(prefix_path) check parameters
[0.186s] Level 1:colcon.colcon_core.package_discovery:discover_packages(prefix_path) discover
[0.188s] DEBUG:colcon.colcon_installed_package_information.package_discovery:Found 8 installed packages in /home/shrek/shrek_ws/install
[0.189s] DEBUG:colcon.colcon_installed_package_information.package_discovery:Found 288 installed packages in /opt/ros/foxy
[0.191s] Level 1:colcon.colcon_core.package_discovery:discover_packages(prefix_path) using defaults
[0.244s] Level 5:colcon.colcon_core.verb:set package 'gazebo_ros2_control' build argument 'cmake_args' from command line to 'None'
[0.244s] Level 5:colcon.colcon_core.verb:set package 'gazebo_ros2_control' build argument 'cmake_target' from command line to 'None'
[0.244s] Level 5:colcon.colcon_core.verb:set package 'gazebo_ros2_control' build argument 'cmake_target_skip_unavailable' from command line to 'False'
[0.245s] Level 5:colcon.colcon_core.verb:set package 'gazebo_ros2_control' build argument 'cmake_clean_cache' from command line to 'False'
[0.245s] Level 5:colcon.colcon_core.verb:set package 'gazebo_ros2_control' build argument 'cmake_clean_first' from command line to 'False'
[0.245s] Level 5:colcon.colcon_core.verb:set package 'gazebo_ros2_control' build argument 'cmake_force_configure' from command line to 'False'
[0.245s] Level 5:colcon.colcon_core.verb:set package 'gazebo_ros2_control' build argument 'ament_cmake_args' from command line to 'None'
[0.245s] Level 5:colcon.colcon_core.verb:set package 'gazebo_ros2_control' build argument 'catkin_cmake_args' from command line to 'None'
[0.245s] Level 5:colcon.colcon_core.verb:set package 'gazebo_ros2_control' build argument 'catkin_skip_building_tests' from command line to 'False'
[0.245s] DEBUG:colcon.colcon_core.verb:Building package 'gazebo_ros2_control' with the following arguments: {'ament_cmake_args': None, 'build_base': '/home/shrek/shrek_ws/build/gazebo_ros2_control', 'catkin_cmake_args': None, 'catkin_skip_building_tests': False, 'cmake_args': None, 'cmake_clean_cache': False, 'cmake_clean_first': False, 'cmake_force_configure': False, 'cmake_target': None, 'cmake_target_skip_unavailable': False, 'install_base': '/home/shrek/shrek_ws/install/gazebo_ros2_control', 'merge_install': False, 'path': '/home/shrek/shrek_ws/src/gazebo_ros2_control/gazebo_ros2_control', 'symlink_install': True, 'test_result_base': None}
[0.246s] Level 5:colcon.colcon_core.verb:set package 'goalxy' build argument 'cmake_args' from command line to 'None'
[0.246s] Level 5:colcon.colcon_core.verb:set package 'goalxy' build argument 'cmake_target' from command line to 'None'
[0.246s] Level 5:colcon.colcon_core.verb:set package 'goalxy' build argument 'cmake_target_skip_unavailable' from command line to 'False'
[0.246s] Level 5:colcon.colcon_core.verb:set package 'goalxy' build argument 'cmake_clean_cache' from command line to 'False'
[0.246s] Level 5:colcon.colcon_core.verb:set package 'goalxy' build argument 'cmake_clean_first' from command line to 'False'
[0.246s] Level 5:colcon.colcon_core.verb:set package 'goalxy' build argument 'cmake_force_configure' from command line to 'False'
[0.246s] Level 5:colcon.colcon_core.verb:set package 'goalxy' build argument 'ament_cmake_args' from command line to 'None'
[0.246s] Level 5:colcon.colcon_core.verb:set package 'goalxy' build argument 'catkin_cmake_args' from command line to 'None'
[0.246s] Level 5:colcon.colcon_core.verb:set package 'goalxy' build argument 'catkin_skip_building_tests' from command line to 'False'
[0.246s] DEBUG:colcon.colcon_core.verb:Building package 'goalxy' with the following arguments: {'ament_cmake_args': None, 'build_base': '/home/shrek/shrek_ws/build/goalxy', 'catkin_cmake_args': None, 'catkin_skip_building_tests': False, 'cmake_args': None, 'cmake_clean_cache': False, 'cmake_clean_first': False, 'cmake_force_configure': False, 'cmake_target': None, 'cmake_target_skip_unavailable': False, 'install_base': '/home/shrek/shrek_ws/install/goalxy', 'merge_install': False, 'path': '/home/shrek/shrek_ws/src/goalxy', 'symlink_install': True, 'test_result_base': None}
[0.247s] Level 5:colcon.colcon_core.verb:set package 'my_bot' build argument 'cmake_args' from command line to 'None'
[0.247s] Level 5:colcon.colcon_core.verb:set package 'my_bot' build argument 'cmake_target' from command line to 'None'
[0.247s] Level 5:colcon.colcon_core.verb:set package 'my_bot' build argument 'cmake_target_skip_unavailable' from command line to 'False'
[0.247s] Level 5:colcon.colcon_core.verb:set package 'my_bot' build argument 'cmake_clean_cache' from command line to 'False'
[0.247s] Level 5:colcon.colcon_core.verb:set package 'my_bot' build argument 'cmake_clean_first' from command line to 'False'
[0.247s] Level 5:colcon.colcon_core.verb:set package 'my_bot' build argument 'cmake_force_configure' from command line to 'False'
[0.247s] Level 5:colcon.colcon_core.verb:set package 'my_bot' build argument 'ament_cmake_args' from command line to 'None'
[0.247s] Level 5:colcon.colcon_core.verb:set package 'my_bot' build argument 'catkin_cmake_args' from command line to 'None'
[0.247s] Level 5:colcon.colcon_core.verb:set package 'my_bot' build argument 'catkin_skip_building_tests' from command line to 'False'
[0.247s] DEBUG:colcon.colcon_core.verb:Building package 'my_bot' with the following arguments: {'ament_cmake_args': None, 'build_base': '/home/shrek/shrek_ws/build/my_bot', 'catkin_cmake_args': None, 'catkin_skip_building_tests': False, 'cmake_args': None, 'cmake_clean_cache': False, 'cmake_clean_first': False, 'cmake_force_configure': False, 'cmake_target': None, 'cmake_target_skip_unavailable': False, 'install_base': '/home/shrek/shrek_ws/install/my_bot', 'merge_install': False, 'path': '/home/shrek/shrek_ws/src/my_bot', 'symlink_install': True, 'test_result_base': None}
[0.248s] Level 5:colcon.colcon_core.verb:set package 'serial' build argument 'cmake_args' from command line to 'None'
[0.248s] Level 5:colcon.colcon_core.verb:set package 'serial' build argument 'cmake_target' from command line to 'None'
[0.248s] Level 5:colcon.colcon_core.verb:set package 'serial' build argument 'cmake_target_skip_unavailable' from command line to 'False'
[0.248s] Level 5:colcon.colcon_core.verb:set package 'serial' build argument 'cmake_clean_cache' from command line to 'False'
[0.248s] Level 5:colcon.colcon_core.verb:set package 'serial' build argument 'cmake_clean_first' from command line to 'False'
[0.248s] Level 5:colcon.colcon_core.verb:set package 'serial' build argument 'cmake_force_configure' from command line to 'False'
[0.248s] Level 5:colcon.colcon_core.verb:set package 'serial' build argument 'ament_cmake_args' from command line to 'None'
[0.248s] Level 5:colcon.colcon_core.verb:set package 'serial' build argument 'catkin_cmake_args' from command line to 'None'
[0.248s] Level 5:colcon.colcon_core.verb:set package 'serial' build argument 'catkin_skip_building_tests' from command line to 'False'
[0.248s] DEBUG:colcon.colcon_core.verb:Building package 'serial' with the following arguments: {'ament_cmake_args': None, 'build_base': '/home/shrek/shrek_ws/build/serial', 'catkin_cmake_args': None, 'catkin_skip_building_tests': False, 'cmake_args': None, 'cmake_clean_cache': False, 'cmake_clean_first': False, 'cmake_force_configure': False, 'cmake_target': None, 'cmake_target_skip_unavailable': False, 'install_base': '/home/shrek/shrek_ws/install/serial', 'merge_install': False, 'path': '/home/shrek/shrek_ws/src/serial', 'symlink_install': True, 'test_result_base': None}
[0.249s] Level 5:colcon.colcon_core.verb:set package 'to_place' build argument 'cmake_args' from command line to 'None'
[0.249s] Level 5:colcon.colcon_core.verb:set package 'to_place' build argument 'cmake_target' from command line to 'None'
[0.249s] Level 5:colcon.colcon_core.verb:set package 'to_place' build argument 'cmake_target_skip_unavailable' from command line to 'False'
[0.249s] Level 5:colcon.colcon_core.verb:set package 'to_place' build argument 'cmake_clean_cache' from command line to 'False'
[0.249s] Level 5:colcon.colcon_core.verb:set package 'to_place' build argument 'cmake_clean_first' from command line to 'False'
[0.249s] Level 5:colcon.colcon_core.verb:set package 'to_place' build argument 'cmake_force_configure' from command line to 'False'
[0.249s] Level 5:colcon.colcon_core.verb:set package 'to_place' build argument 'ament_cmake_args' from command line to 'None'
[0.249s] Level 5:colcon.colcon_core.verb:set package 'to_place' build argument 'catkin_cmake_args' from command line to 'None'
[0.249s] Level 5:colcon.colcon_core.verb:set package 'to_place' build argument 'catkin_skip_building_tests' from command line to 'False'
[0.249s] DEBUG:colcon.colcon_core.verb:Building package 'to_place' with the following arguments: {'ament_cmake_args': None, 'build_base': '/home/shrek/shrek_ws/build/to_place', 'catkin_cmake_args': None, 'catkin_skip_building_tests': False, 'cmake_args': None, 'cmake_clean_cache': False, 'cmake_clean_first': False, 'cmake_force_configure': False, 'cmake_target': None, 'cmake_target_skip_unavailable': False, 'install_base': '/home/shrek/shrek_ws/install/to_place', 'merge_install': False, 'path': '/home/shrek/shrek_ws/src/to_place', 'symlink_install': True, 'test_result_base': None}
[0.249s] Level 5:colcon.colcon_core.verb:set package 'diffdrive_arduino' build argument 'cmake_args' from command line to 'None'
[0.250s] Level 5:colcon.colcon_core.verb:set package 'diffdrive_arduino' build argument 'cmake_target' from command line to 'None'
[0.250s] Level 5:colcon.colcon_core.verb:set package 'diffdrive_arduino' build argument 'cmake_target_skip_unavailable' from command line to 'False'
[0.250s] Level 5:colcon.colcon_core.verb:set package 'diffdrive_arduino' build argument 'cmake_clean_cache' from command line to 'False'
[0.250s] Level 5:colcon.colcon_core.verb:set package 'diffdrive_arduino' build argument 'cmake_clean_first' from command line to 'False'
[0.250s] Level 5:colcon.colcon_core.verb:set package 'diffdrive_arduino' build argument 'cmake_force_configure' from command line to 'False'
[0.250s] Level 5:colcon.colcon_core.verb:set package 'diffdrive_arduino' build argument 'ament_cmake_args' from command line to 'None'
[0.250s] Level 5:colcon.colcon_core.verb:set package 'diffdrive_arduino' build argument 'catkin_cmake_args' from command line to 'None'
[0.250s] Level 5:colcon.colcon_core.verb:set package 'diffdrive_arduino' build argument 'catkin_skip_building_tests' from command line to 'False'
[0.250s] DEBUG:colcon.colcon_core.verb:Building package 'diffdrive_arduino' with the following arguments: {'ament_cmake_args': None, 'build_base': '/home/shrek/shrek_ws/build/diffdrive_arduino', 'catkin_cmake_args': None, 'catkin_skip_building_tests': False, 'cmake_args': None, 'cmake_clean_cache': False, 'cmake_clean_first': False, 'cmake_force_configure': False, 'cmake_target': None, 'cmake_target_skip_unavailable': False, 'install_base': '/home/shrek/shrek_ws/install/diffdrive_arduino', 'merge_install': False, 'path': '/home/shrek/shrek_ws/src/diffdrive_arduino', 'symlink_install': True, 'test_result_base': None}
[0.250s] Level 5:colcon.colcon_core.verb:set package 'gazebo_ros2_control_demos' build argument 'cmake_args' from command line to 'None'
[0.250s] Level 5:colcon.colcon_core.verb:set package 'gazebo_ros2_control_demos' build argument 'cmake_target' from command line to 'None'
[0.250s] Level 5:colcon.colcon_core.verb:set package 'gazebo_ros2_control_demos' build argument 'cmake_target_skip_unavailable' from command line to 'False'
[0.250s] Level 5:colcon.colcon_core.verb:set package 'gazebo_ros2_control_demos' build argument 'cmake_clean_cache' from command line to 'False'
[0.250s] Level 5:colcon.colcon_core.verb:set package 'gazebo_ros2_control_demos' build argument 'cmake_clean_first' from command line to 'False'
[0.250s] Level 5:colcon.colcon_core.verb:set package 'gazebo_ros2_control_demos' build argument 'cmake_force_configure' from command line to 'False'
[0.250s] Level 5:colcon.colcon_core.verb:set package 'gazebo_ros2_control_demos' build argument 'ament_cmake_args' from command line to 'None'
[0.251s] Level 5:colcon.colcon_core.verb:set package 'gazebo_ros2_control_demos' build argument 'catkin_cmake_args' from command line to 'None'
[0.251s] Level 5:colcon.colcon_core.verb:set package 'gazebo_ros2_control_demos' build argument 'catkin_skip_building_tests' from command line to 'False'
[0.251s] DEBUG:colcon.colcon_core.verb:Building package 'gazebo_ros2_control_demos' with the following arguments: {'ament_cmake_args': None, 'build_base': '/home/shrek/shrek_ws/build/gazebo_ros2_control_demos', 'catkin_cmake_args': None, 'catkin_skip_building_tests': False, 'cmake_args': None, 'cmake_clean_cache': False, 'cmake_clean_first': False, 'cmake_force_configure': False, 'cmake_target': None, 'cmake_target_skip_unavailable': False, 'install_base': '/home/shrek/shrek_ws/install/gazebo_ros2_control_demos', 'merge_install': False, 'path': '/home/shrek/shrek_ws/src/gazebo_ros2_control/gazebo_ros2_control_demos', 'symlink_install': True, 'test_result_base': None}
[0.251s] INFO:colcon.colcon_core.executor:Executing jobs using 'parallel' executor
[0.254s] DEBUG:colcon.colcon_parallel_executor.executor.parallel:run_until_complete
[0.254s] INFO:colcon.colcon_ros.task.ament_cmake.build:Building ROS package in '/home/shrek/shrek_ws/src/gazebo_ros2_control/gazebo_ros2_control' with build type 'ament_cmake'
[0.254s] INFO:colcon.colcon_cmake.task.cmake.build:Building CMake package in '/home/shrek/shrek_ws/src/gazebo_ros2_control/gazebo_ros2_control'
[0.258s] INFO:colcon.colcon_core.plugin_system:Skipping extension 'colcon_core.shell.bat': Not used on non-Windows systems
[0.258s] INFO:colcon.colcon_core.shell:Skip shell extension 'powershell' for command environment: Not usable outside of PowerShell
[0.258s] DEBUG:colcon.colcon_core.shell:Skip shell extension 'dsv' for command environment
[0.263s] INFO:colcon.colcon_ros.task.ament_cmake.build:Building ROS package in '/home/shrek/shrek_ws/src/serial' with build type 'ament_cmake'
[0.263s] INFO:colcon.colcon_cmake.task.cmake.build:Building CMake package in '/home/shrek/shrek_ws/src/serial'
[0.264s] INFO:colcon.colcon_core.shell:Skip shell extension 'powershell' for command environment: Not usable outside of PowerShell
[0.264s] DEBUG:colcon.colcon_core.shell:Skip shell extension 'dsv' for command environment
[0.270s] INFO:colcon.colcon_ros.task.ament_cmake.build:Building ROS package in '/home/shrek/shrek_ws/src/goalxy' with build type 'ament_cmake'
[0.270s] INFO:colcon.colcon_cmake.task.cmake.build:Building CMake package in '/home/shrek/shrek_ws/src/goalxy'
[0.271s] INFO:colcon.colcon_core.shell:Skip shell extension 'powershell' for command environment: Not usable outside of PowerShell
[0.272s] DEBUG:colcon.colcon_core.shell:Skip shell extension 'dsv' for command environment
[0.277s] INFO:colcon.colcon_ros.task.ament_cmake.build:Building ROS package in '/home/shrek/shrek_ws/src/my_bot' with build type 'ament_cmake'
[0.278s] INFO:colcon.colcon_cmake.task.cmake.build:Building CMake package in '/home/shrek/shrek_ws/src/my_bot'
[0.279s] INFO:colcon.colcon_core.shell:Skip shell extension 'powershell' for command environment: Not usable outside of PowerShell
[0.279s] DEBUG:colcon.colcon_core.shell:Skip shell extension 'dsv' for command environment
[0.285s] INFO:colcon.colcon_ros.task.ament_cmake.build:Building ROS package in '/home/shrek/shrek_ws/src/to_place' with build type 'ament_cmake'
[0.285s] INFO:colcon.colcon_cmake.task.cmake.build:Building CMake package in '/home/shrek/shrek_ws/src/to_place'
[0.287s] INFO:colcon.colcon_core.shell:Skip shell extension 'powershell' for command environment: Not usable outside of PowerShell
[0.287s] DEBUG:colcon.colcon_core.shell:Skip shell extension 'dsv' for command environment
[0.299s] DEBUG:colcon.colcon_core.event_handler.log_command:Invoking command in '/home/shrek/shrek_ws/build/gazebo_ros2_control': CMAKE_PREFIX_PATH=${CMAKE_PREFIX_PATH}:/opt/ros/foxy /usr/bin/cmake --build /home/shrek/shrek_ws/build/gazebo_ros2_control -- -j8 -l8
[0.305s] DEBUG:colcon.colcon_core.event_handler.log_command:Invoking command in '/home/shrek/shrek_ws/build/serial': CMAKE_PREFIX_PATH=${CMAKE_PREFIX_PATH}:/opt/ros/foxy /usr/bin/cmake --build /home/shrek/shrek_ws/build/serial -- -j8 -l8
[0.309s] DEBUG:colcon.colcon_core.event_handler.log_command:Invoking command in '/home/shrek/shrek_ws/build/goalxy': CMAKE_PREFIX_PATH=${CMAKE_PREFIX_PATH}:/opt/ros/foxy /usr/bin/cmake --build /home/shrek/shrek_ws/build/goalxy -- -j8 -l8
[0.315s] DEBUG:colcon.colcon_core.event_handler.log_command:Invoking command in '/home/shrek/shrek_ws/build/my_bot': CMAKE_PREFIX_PATH=${CMAKE_PREFIX_PATH}:/opt/ros/foxy /usr/bin/cmake --build /home/shrek/shrek_ws/build/my_bot -- -j8 -l8
[0.323s] DEBUG:colcon.colcon_core.event_handler.log_command:Invoking command in '/home/shrek/shrek_ws/build/to_place': CMAKE_PREFIX_PATH=${CMAKE_PREFIX_PATH}:/opt/ros/foxy /usr/bin/cmake --build /home/shrek/shrek_ws/build/to_place -- -j8 -l8
[0.354s] DEBUG:colcon.colcon_core.event_handler.log_command:Invoked command in '/home/shrek/shrek_ws/build/goalxy' returned '0': CMAKE_PREFIX_PATH=${CMAKE_PREFIX_PATH}:/opt/ros/foxy /usr/bin/cmake --build /home/shrek/shrek_ws/build/goalxy -- -j8 -l8
[0.364s] DEBUG:colcon.colcon_core.event_handler.log_command:Invoked command in '/home/shrek/shrek_ws/build/my_bot' returned '0': CMAKE_PREFIX_PATH=${CMAKE_PREFIX_PATH}:/opt/ros/foxy /usr/bin/cmake --build /home/shrek/shrek_ws/build/my_bot -- -j8 -l8
[0.369s] DEBUG:colcon.colcon_core.event_handler.log_command:Invoked command in '/home/shrek/shrek_ws/build/to_place' returned '0': CMAKE_PREFIX_PATH=${CMAKE_PREFIX_PATH}:/opt/ros/foxy /usr/bin/cmake --build /home/shrek/shrek_ws/build/to_place -- -j8 -l8
[0.403s] DEBUG:colcon.colcon_core.event_handler.log_command:Invoking command in '/home/shrek/shrek_ws/build/goalxy': CMAKE_PREFIX_PATH=${CMAKE_PREFIX_PATH}:/opt/ros/foxy /usr/bin/cmake --install /home/shrek/shrek_ws/build/goalxy
[0.406s] DEBUG:colcon.colcon_core.event_handler.log_command:Invoking command in '/home/shrek/shrek_ws/build/my_bot': CMAKE_PREFIX_PATH=${CMAKE_PREFIX_PATH}:/opt/ros/foxy /usr/bin/cmake --install /home/shrek/shrek_ws/build/my_bot
[0.410s] DEBUG:colcon.colcon_core.event_handler.log_command:Invoking command in '/home/shrek/shrek_ws/build/to_place': CMAKE_PREFIX_PATH=${CMAKE_PREFIX_PATH}:/opt/ros/foxy /usr/bin/cmake --install /home/shrek/shrek_ws/build/to_place
[0.414s] DEBUG:colcon.colcon_core.event_handler.log_command:Invoked command in '/home/shrek/shrek_ws/build/serial' returned '0': CMAKE_PREFIX_PATH=${CMAKE_PREFIX_PATH}:/opt/ros/foxy /usr/bin/cmake --build /home/shrek/shrek_ws/build/serial -- -j8 -l8
[0.426s] DEBUG:colcon.colcon_core.event_handler.log_command:Invoked command in '/home/shrek/shrek_ws/build/gazebo_ros2_control' returned '0': CMAKE_PREFIX_PATH=${CMAKE_PREFIX_PATH}:/opt/ros/foxy /usr/bin/cmake --build /home/shrek/shrek_ws/build/gazebo_ros2_control -- -j8 -l8
[0.430s] Level 1:colcon.colcon_core.environment:create_environment_scripts_only(goalxy)
[0.432s] DEBUG:colcon.colcon_core.event_handler.log_command:Invoked command in '/home/shrek/shrek_ws/build/goalxy' returned '0': CMAKE_PREFIX_PATH=${CMAKE_PREFIX_PATH}:/opt/ros/foxy /usr/bin/cmake --install /home/shrek/shrek_ws/build/goalxy
[0.439s] Level 1:colcon.colcon_core.environment:checking '/home/shrek/shrek_ws/install/goalxy' for CMake module files
[0.439s] Level 1:colcon.colcon_core.environment:checking '/home/shrek/shrek_ws/install/goalxy' for CMake config files
[0.439s] Level 1:colcon.colcon_core.shell:create_environment_hook('goalxy', 'cmake_prefix_path')
[0.441s] INFO:colcon.colcon_core.shell:Creating environment hook '/home/shrek/shrek_ws/install/goalxy/share/goalxy/hook/cmake_prefix_path.ps1'
[0.442s] INFO:colcon.colcon_core.shell:Creating environment descriptor '/home/shrek/shrek_ws/install/goalxy/share/goalxy/hook/cmake_prefix_path.dsv'
[0.442s] INFO:colcon.colcon_core.shell:Creating environment hook '/home/shrek/shrek_ws/install/goalxy/share/goalxy/hook/cmake_prefix_path.sh'
[0.443s] Level 1:colcon.colcon_core.environment:checking '/home/shrek/shrek_ws/install/goalxy/lib'
[0.444s] Level 1:colcon.colcon_core.environment:checking '/home/shrek/shrek_ws/install/goalxy/bin'
[0.444s] Level 1:colcon.colcon_core.environment:checking '/home/shrek/shrek_ws/install/goalxy/lib/pkgconfig/goalxy.pc'
[0.444s] Level 1:colcon.colcon_core.environment:checking '/home/shrek/shrek_ws/install/goalxy/lib/python3.8/site-packages'
[0.444s] Level 1:colcon.colcon_core.environment:checking '/home/shrek/shrek_ws/install/goalxy/bin'
[0.445s] INFO:colcon.colcon_core.shell:Creating package script '/home/shrek/shrek_ws/install/goalxy/share/goalxy/package.ps1'
[0.446s] INFO:colcon.colcon_core.shell:Creating package descriptor '/home/shrek/shrek_ws/install/goalxy/share/goalxy/package.dsv'
[0.447s] INFO:colcon.colcon_core.shell:Creating package script '/home/shrek/shrek_ws/install/goalxy/share/goalxy/package.sh'
[0.447s] INFO:colcon.colcon_core.shell:Creating package script '/home/shrek/shrek_ws/install/goalxy/share/goalxy/package.bash'
[0.448s] INFO:colcon.colcon_core.shell:Creating package script '/home/shrek/shrek_ws/install/goalxy/share/goalxy/package.zsh'
[0.449s] Level 1:colcon.colcon_core.environment:create_file_with_runtime_dependencies(/home/shrek/shrek_ws/install/goalxy/share/colcon-core/packages/goalxy)
[0.455s] DEBUG:colcon.colcon_core.event_handler.log_command:Invoking command in '/home/shrek/shrek_ws/build/serial': CMAKE_PREFIX_PATH=${CMAKE_PREFIX_PATH}:/opt/ros/foxy /usr/bin/cmake --install /home/shrek/shrek_ws/build/serial
[0.459s] DEBUG:colcon.colcon_core.event_handler.log_command:Invoking command in '/home/shrek/shrek_ws/build/gazebo_ros2_control': CMAKE_PREFIX_PATH=${CMAKE_PREFIX_PATH}:/opt/ros/foxy /usr/bin/cmake --install /home/shrek/shrek_ws/build/gazebo_ros2_control
[0.460s] Level 1:colcon.colcon_core.environment:create_environment_scripts_only(my_bot)
[0.463s] Level 1:colcon.colcon_core.environment:checking '/home/shrek/shrek_ws/install/my_bot' for CMake module files
[0.464s] DEBUG:colcon.colcon_core.event_handler.log_command:Invoked command in '/home/shrek/shrek_ws/build/my_bot' returned '0': CMAKE_PREFIX_PATH=${CMAKE_PREFIX_PATH}:/opt/ros/foxy /usr/bin/cmake --install /home/shrek/shrek_ws/build/my_bot
[0.465s] Level 1:colcon.colcon_core.environment:checking '/home/shrek/shrek_ws/install/my_bot' for CMake config files
[0.469s] Level 1:colcon.colcon_core.shell:create_environment_hook('my_bot', 'cmake_prefix_path')
[0.470s] INFO:colcon.colcon_core.shell:Creating environment hook '/home/shrek/shrek_ws/install/my_bot/share/my_bot/hook/cmake_prefix_path.ps1'
[0.472s] INFO:colcon.colcon_core.shell:Creating environment descriptor '/home/shrek/shrek_ws/install/my_bot/share/my_bot/hook/cmake_prefix_path.dsv'
[0.473s] INFO:colcon.colcon_core.shell:Creating environment hook '/home/shrek/shrek_ws/install/my_bot/share/my_bot/hook/cmake_prefix_path.sh'
[0.474s] Level 1:colcon.colcon_core.environment:checking '/home/shrek/shrek_ws/install/my_bot/bin'
[0.474s] Level 1:colcon.colcon_core.environment:checking '/home/shrek/shrek_ws/install/my_bot/lib/pkgconfig/my_bot.pc'
[0.475s] Level 1:colcon.colcon_core.environment:checking '/home/shrek/shrek_ws/install/my_bot/lib/python3.8/site-packages'
[0.475s] Level 1:colcon.colcon_core.environment:checking '/home/shrek/shrek_ws/install/my_bot/bin'
[0.477s] INFO:colcon.colcon_core.shell:Creating package script '/home/shrek/shrek_ws/install/my_bot/share/my_bot/package.ps1'
[0.478s] INFO:colcon.colcon_core.shell:Creating package descriptor '/home/shrek/shrek_ws/install/my_bot/share/my_bot/package.dsv'
[0.479s] INFO:colcon.colcon_core.shell:Creating package script '/home/shrek/shrek_ws/install/my_bot/share/my_bot/package.sh'
[0.479s] INFO:colcon.colcon_core.shell:Creating package script '/home/shrek/shrek_ws/install/my_bot/share/my_bot/package.bash'
[0.480s] INFO:colcon.colcon_core.shell:Creating package script '/home/shrek/shrek_ws/install/my_bot/share/my_bot/package.zsh'
[0.480s] Level 1:colcon.colcon_core.environment:create_file_with_runtime_dependencies(/home/shrek/shrek_ws/install/my_bot/share/colcon-core/packages/my_bot)
[0.484s] Level 1:colcon.colcon_core.environment:create_environment_scripts_only(to_place)
[0.487s] Level 1:colcon.colcon_core.environment:checking '/home/shrek/shrek_ws/install/to_place' for CMake module files
[0.488s] DEBUG:colcon.colcon_core.event_handler.log_command:Invoked command in '/home/shrek/shrek_ws/build/to_place' returned '0': CMAKE_PREFIX_PATH=${CMAKE_PREFIX_PATH}:/opt/ros/foxy /usr/bin/cmake --install /home/shrek/shrek_ws/build/to_place
[0.489s] Level 1:colcon.colcon_core.environment:checking '/home/shrek/shrek_ws/install/to_place' for CMake config files
[0.489s] Level 1:colcon.colcon_core.shell:create_environment_hook('to_place', 'cmake_prefix_path')
[0.491s] INFO:colcon.colcon_core.shell:Creating environment hook '/home/shrek/shrek_ws/install/to_place/share/to_place/hook/cmake_prefix_path.ps1'
[0.492s] INFO:colcon.colcon_core.shell:Creating environment descriptor '/home/shrek/shrek_ws/install/to_place/share/to_place/hook/cmake_prefix_path.dsv'
[0.493s] INFO:colcon.colcon_core.shell:Creating environment hook '/home/shrek/shrek_ws/install/to_place/share/to_place/hook/cmake_prefix_path.sh'
[0.493s] Level 1:colcon.colcon_core.environment:checking '/home/shrek/shrek_ws/install/to_place/lib'
[0.493s] Level 1:colcon.colcon_core.environment:checking '/home/shrek/shrek_ws/install/to_place/bin'
[0.493s] Level 1:colcon.colcon_core.environment:checking '/home/shrek/shrek_ws/install/to_place/lib/pkgconfig/to_place.pc'
[0.494s] Level 1:colcon.colcon_core.environment:checking '/home/shrek/shrek_ws/install/to_place/lib/python3.8/site-packages'
[0.494s] Level 1:colcon.colcon_core.environment:checking '/home/shrek/shrek_ws/install/to_place/bin'
[0.496s] INFO:colcon.colcon_core.shell:Creating package script '/home/shrek/shrek_ws/install/to_place/share/to_place/package.ps1'
[0.496s] INFO:colcon.colcon_core.shell:Creating package descriptor '/home/shrek/shrek_ws/install/to_place/share/to_place/package.dsv'
[0.496s] INFO:colcon.colcon_core.shell:Creating package script '/home/shrek/shrek_ws/install/to_place/share/to_place/package.sh'
[0.497s] INFO:colcon.colcon_core.shell:Creating package script '/home/shrek/shrek_ws/install/to_place/share/to_place/package.bash'
[0.497s] INFO:colcon.colcon_core.shell:Creating package script '/home/shrek/shrek_ws/install/to_place/share/to_place/package.zsh'
[0.497s] Level 1:colcon.colcon_core.environment:create_file_with_runtime_dependencies(/home/shrek/shrek_ws/install/to_place/share/colcon-core/packages/to_place)
[0.502s] Level 1:colcon.colcon_core.environment:create_environment_scripts_only(goalxy)
[0.504s] Level 1:colcon.colcon_core.environment:checking '/home/shrek/shrek_ws/install/goalxy' for CMake module files
[0.505s] Level 1:colcon.colcon_core.environment:checking '/home/shrek/shrek_ws/install/goalxy' for CMake config files
[0.505s] Level 1:colcon.colcon_core.shell:create_environment_hook('goalxy', 'cmake_prefix_path')
[0.506s] INFO:colcon.colcon_core.shell:Creating environment hook '/home/shrek/shrek_ws/install/goalxy/share/goalxy/hook/cmake_prefix_path.ps1'
[0.506s] INFO:colcon.colcon_core.shell:Creating environment descriptor '/home/shrek/shrek_ws/install/goalxy/share/goalxy/hook/cmake_prefix_path.dsv'
[0.507s] INFO:colcon.colcon_core.shell:Creating environment hook '/home/shrek/shrek_ws/install/goalxy/share/goalxy/hook/cmake_prefix_path.sh'
[0.507s] Level 1:colcon.colcon_core.environment:checking '/home/shrek/shrek_ws/install/goalxy/lib'
[0.507s] Level 1:colcon.colcon_core.environment:checking '/home/shrek/shrek_ws/install/goalxy/bin'
[0.507s] Level 1:colcon.colcon_core.environment:checking '/home/shrek/shrek_ws/install/goalxy/lib/pkgconfig/goalxy.pc'
[0.507s] Level 1:colcon.colcon_core.environment:checking '/home/shrek/shrek_ws/install/goalxy/lib/python3.8/site-packages'
[0.507s] Level 1:colcon.colcon_core.environment:checking '/home/shrek/shrek_ws/install/goalxy/bin'
[0.509s] INFO:colcon.colcon_core.shell:Creating package script '/home/shrek/shrek_ws/install/goalxy/share/goalxy/package.ps1'
[0.509s] INFO:colcon.colcon_core.shell:Creating package descriptor '/home/shrek/shrek_ws/install/goalxy/share/goalxy/package.dsv'
[0.509s] INFO:colcon.colcon_core.shell:Creating package script '/home/shrek/shrek_ws/install/goalxy/share/goalxy/package.sh'
[0.510s] INFO:colcon.colcon_core.shell:Creating package script '/home/shrek/shrek_ws/install/goalxy/share/goalxy/package.bash'
[0.510s] INFO:colcon.colcon_core.shell:Creating package script '/home/shrek/shrek_ws/install/goalxy/share/goalxy/package.zsh'
[0.510s] Level 1:colcon.colcon_core.environment:create_file_with_runtime_dependencies(/home/shrek/shrek_ws/install/goalxy/share/colcon-core/packages/goalxy)
[0.512s] Level 1:colcon.colcon_core.environment:create_environment_scripts_only(serial)
[0.514s] Level 1:colcon.colcon_core.environment:checking '/home/shrek/shrek_ws/install/serial' for CMake module files
[0.515s] DEBUG:colcon.colcon_core.event_handler.log_command:Invoked command in '/home/shrek/shrek_ws/build/serial' returned '0': CMAKE_PREFIX_PATH=${CMAKE_PREFIX_PATH}:/opt/ros/foxy /usr/bin/cmake --install /home/shrek/shrek_ws/build/serial
[0.516s] Level 1:colcon.colcon_core.environment:checking '/home/shrek/shrek_ws/install/serial' for CMake config files
[0.516s] Level 1:colcon.colcon_core.shell:create_environment_hook('serial', 'cmake_prefix_path')
[0.518s] INFO:colcon.colcon_core.shell:Creating environment hook '/home/shrek/shrek_ws/install/serial/share/serial/hook/cmake_prefix_path.ps1'
[0.518s] INFO:colcon.colcon_core.shell:Creating environment descriptor '/home/shrek/shrek_ws/install/serial/share/serial/hook/cmake_prefix_path.dsv'
[0.519s] INFO:colcon.colcon_core.shell:Creating environment hook '/home/shrek/shrek_ws/install/serial/share/serial/hook/cmake_prefix_path.sh'
[0.519s] Level 1:colcon.colcon_core.environment:checking '/home/shrek/shrek_ws/install/serial/lib'
[0.520s] Level 1:colcon.colcon_core.environment:checking '/home/shrek/shrek_ws/install/serial/bin'
[0.520s] Level 1:colcon.colcon_core.environment:checking '/home/shrek/shrek_ws/install/serial/lib/pkgconfig/serial.pc'
[0.520s] Level 1:colcon.colcon_core.environment:checking '/home/shrek/shrek_ws/install/serial/lib/python3.8/site-packages'
[0.520s] Level 1:colcon.colcon_core.environment:checking '/home/shrek/shrek_ws/install/serial/bin'
[0.521s] INFO:colcon.colcon_core.shell:Creating package script '/home/shrek/shrek_ws/install/serial/share/serial/package.ps1'
[0.522s] INFO:colcon.colcon_core.shell:Creating package descriptor '/home/shrek/shrek_ws/install/serial/share/serial/package.dsv'
[0.522s] INFO:colcon.colcon_core.shell:Creating package script '/home/shrek/shrek_ws/install/serial/share/serial/package.sh'
[0.522s] INFO:colcon.colcon_core.shell:Creating package script '/home/shrek/shrek_ws/install/serial/share/serial/package.bash'
[0.523s] INFO:colcon.colcon_core.shell:Creating package script '/home/shrek/shrek_ws/install/serial/share/serial/package.zsh'
[0.523s] Level 1:colcon.colcon_core.environment:create_file_with_runtime_dependencies(/home/shrek/shrek_ws/install/serial/share/colcon-core/packages/serial)
[0.526s] Level 1:colcon.colcon_core.environment:create_environment_scripts_only(gazebo_ros2_control)
[0.528s] Level 1:colcon.colcon_core.environment:checking '/home/shrek/shrek_ws/install/gazebo_ros2_control' for CMake module files
[0.529s] DEBUG:colcon.colcon_core.event_handler.log_command:Invoked command in '/home/shrek/shrek_ws/build/gazebo_ros2_control' returned '0': CMAKE_PREFIX_PATH=${CMAKE_PREFIX_PATH}:/opt/ros/foxy /usr/bin/cmake --install /home/shrek/shrek_ws/build/gazebo_ros2_control
[0.529s] Level 1:colcon.colcon_core.environment:checking '/home/shrek/shrek_ws/install/gazebo_ros2_control' for CMake config files
[0.529s] Level 1:colcon.colcon_core.shell:create_environment_hook('gazebo_ros2_control', 'cmake_prefix_path')
[0.530s] INFO:colcon.colcon_core.shell:Creating environment hook '/home/shrek/shrek_ws/install/gazebo_ros2_control/share/gazebo_ros2_control/hook/cmake_prefix_path.ps1'
[0.531s] INFO:colcon.colcon_core.shell:Creating environment descriptor '/home/shrek/shrek_ws/install/gazebo_ros2_control/share/gazebo_ros2_control/hook/cmake_prefix_path.dsv'
[0.531s] INFO:colcon.colcon_core.shell:Creating environment hook '/home/shrek/shrek_ws/install/gazebo_ros2_control/share/gazebo_ros2_control/hook/cmake_prefix_path.sh'
[0.532s] Level 1:colcon.colcon_core.environment:checking '/home/shrek/shrek_ws/install/gazebo_ros2_control/lib'
[0.532s] Level 1:colcon.colcon_core.shell:create_environment_hook('gazebo_ros2_control', 'ld_library_path_lib')
[0.533s] INFO:colcon.colcon_core.shell:Creating environment hook '/home/shrek/shrek_ws/install/gazebo_ros2_control/share/gazebo_ros2_control/hook/ld_library_path_lib.ps1'
[0.533s] INFO:colcon.colcon_core.shell:Creating environment descriptor '/home/shrek/shrek_ws/install/gazebo_ros2_control/share/gazebo_ros2_control/hook/ld_library_path_lib.dsv'
[0.533s] INFO:colcon.colcon_core.shell:Creating environment hook '/home/shrek/shrek_ws/install/gazebo_ros2_control/share/gazebo_ros2_control/hook/ld_library_path_lib.sh'
[0.533s] Level 1:colcon.colcon_core.environment:checking '/home/shrek/shrek_ws/install/gazebo_ros2_control/bin'
[0.534s] Level 1:colcon.colcon_core.environment:checking '/home/shrek/shrek_ws/install/gazebo_ros2_control/lib/pkgconfig/gazebo_ros2_control.pc'
[0.534s] Level 1:colcon.colcon_core.environment:checking '/home/shrek/shrek_ws/install/gazebo_ros2_control/lib/python3.8/site-packages'
[0.534s] Level 1:colcon.colcon_core.environment:checking '/home/shrek/shrek_ws/install/gazebo_ros2_control/bin'
[0.535s] INFO:colcon.colcon_core.shell:Creating package script '/home/shrek/shrek_ws/install/gazebo_ros2_control/share/gazebo_ros2_control/package.ps1'
[0.536s] INFO:colcon.colcon_core.shell:Creating package descriptor '/home/shrek/shrek_ws/install/gazebo_ros2_control/share/gazebo_ros2_control/package.dsv'
[0.536s] INFO:colcon.colcon_core.shell:Creating package script '/home/shrek/shrek_ws/install/gazebo_ros2_control/share/gazebo_ros2_control/package.sh'
[0.536s] INFO:colcon.colcon_core.shell:Creating package script '/home/shrek/shrek_ws/install/gazebo_ros2_control/share/gazebo_ros2_control/package.bash'
[0.537s] INFO:colcon.colcon_core.shell:Creating package script '/home/shrek/shrek_ws/install/gazebo_ros2_control/share/gazebo_ros2_control/package.zsh'
[0.537s] Level 1:colcon.colcon_core.environment:create_file_with_runtime_dependencies(/home/shrek/shrek_ws/install/gazebo_ros2_control/share/colcon-core/packages/gazebo_ros2_control)
[0.542s] Level 1:colcon.colcon_core.environment:create_environment_scripts_only(my_bot)
[0.544s] Level 1:colcon.colcon_core.environment:checking '/home/shrek/shrek_ws/install/my_bot' for CMake module files
[0.544s] Level 1:colcon.colcon_core.environment:checking '/home/shrek/shrek_ws/install/my_bot' for CMake config files
[0.545s] Level 1:colcon.colcon_core.shell:create_environment_hook('my_bot', 'cmake_prefix_path')
[0.546s] INFO:colcon.colcon_core.shell:Creating environment hook '/home/shrek/shrek_ws/install/my_bot/share/my_bot/hook/cmake_prefix_path.ps1'
[0.546s] INFO:colcon.colcon_core.shell:Creating environment descriptor '/home/shrek/shrek_ws/install/my_bot/share/my_bot/hook/cmake_prefix_path.dsv'
[0.547s] INFO:colcon.colcon_core.shell:Creating environment hook '/home/shrek/shrek_ws/install/my_bot/share/my_bot/hook/cmake_prefix_path.sh'
[0.547s] Level 1:colcon.colcon_core.environment:checking '/home/shrek/shrek_ws/install/my_bot/bin'
[0.547s] Level 1:colcon.colcon_core.environment:checking '/home/shrek/shrek_ws/install/my_bot/lib/pkgconfig/my_bot.pc'
[0.548s] Level 1:colcon.colcon_core.environment:checking '/home/shrek/shrek_ws/install/my_bot/lib/python3.8/site-packages'
[0.548s] Level 1:colcon.colcon_core.environment:checking '/home/shrek/shrek_ws/install/my_bot/bin'
[0.549s] INFO:colcon.colcon_core.shell:Creating package script '/home/shrek/shrek_ws/install/my_bot/share/my_bot/package.ps1'
[0.549s] INFO:colcon.colcon_core.shell:Creating package descriptor '/home/shrek/shrek_ws/install/my_bot/share/my_bot/package.dsv'
[0.550s] INFO:colcon.colcon_core.shell:Creating package script '/home/shrek/shrek_ws/install/my_bot/share/my_bot/package.sh'
[0.550s] INFO:colcon.colcon_core.shell:Creating package script '/home/shrek/shrek_ws/install/my_bot/share/my_bot/package.bash'
[0.551s] INFO:colcon.colcon_core.shell:Creating package script '/home/shrek/shrek_ws/install/my_bot/share/my_bot/package.zsh'
[0.551s] Level 1:colcon.colcon_core.environment:create_file_with_runtime_dependencies(/home/shrek/shrek_ws/install/my_bot/share/colcon-core/packages/my_bot)
[0.553s] Level 1:colcon.colcon_core.environment:create_environment_scripts_only(to_place)
[0.555s] Level 1:colcon.colcon_core.environment:checking '/home/shrek/shrek_ws/install/to_place' for CMake module files
[0.556s] Level 1:colcon.colcon_core.environment:checking '/home/shrek/shrek_ws/install/to_place' for CMake config files
[0.556s] Level 1:colcon.colcon_core.shell:create_environment_hook('to_place', 'cmake_prefix_path')
[0.557s] INFO:colcon.colcon_core.shell:Creating environment hook '/home/shrek/shrek_ws/install/to_place/share/to_place/hook/cmake_prefix_path.ps1'
[0.557s] INFO:colcon.colcon_core.shell:Creating environment descriptor '/home/shrek/shrek_ws/install/to_place/share/to_place/hook/cmake_prefix_path.dsv'
[0.557s] INFO:colcon.colcon_core.shell:Creating environment hook '/home/shrek/shrek_ws/install/to_place/share/to_place/hook/cmake_prefix_path.sh'
[0.558s] Level 1:colcon.colcon_core.environment:checking '/home/shrek/shrek_ws/install/to_place/lib'
[0.558s] Level 1:colcon.colcon_core.environment:checking '/home/shrek/shrek_ws/install/to_place/bin'
[0.558s] Level 1:colcon.colcon_core.environment:checking '/home/shrek/shrek_ws/install/to_place/lib/pkgconfig/to_place.pc'
[0.558s] Level 1:colcon.colcon_core.environment:checking '/home/shrek/shrek_ws/install/to_place/lib/python3.8/site-packages'
[0.558s] Level 1:colcon.colcon_core.environment:checking '/home/shrek/shrek_ws/install/to_place/bin'
[0.559s] INFO:colcon.colcon_core.shell:Creating package script '/home/shrek/shrek_ws/install/to_place/share/to_place/package.ps1'
[0.560s] INFO:colcon.colcon_core.shell:Creating package descriptor '/home/shrek/shrek_ws/install/to_place/share/to_place/package.dsv'
[0.560s] INFO:colcon.colcon_core.shell:Creating package script '/home/shrek/shrek_ws/install/to_place/share/to_place/package.sh'
[0.561s] INFO:colcon.colcon_core.shell:Creating package script '/home/shrek/shrek_ws/install/to_place/share/to_place/package.bash'
[0.561s] INFO:colcon.colcon_core.shell:Creating package script '/home/shrek/shrek_ws/install/to_place/share/to_place/package.zsh'
[0.561s] Level 1:colcon.colcon_core.environment:create_file_with_runtime_dependencies(/home/shrek/shrek_ws/install/to_place/share/colcon-core/packages/to_place)
[0.563s] Level 1:colcon.colcon_core.environment:create_environment_scripts_only(serial)
[0.564s] Level 1:colcon.colcon_core.environment:checking '/home/shrek/shrek_ws/install/serial' for CMake module files
[0.565s] Level 1:colcon.colcon_core.environment:checking '/home/shrek/shrek_ws/install/serial' for CMake config files
[0.565s] Level 1:colcon.colcon_core.shell:create_environment_hook('serial', 'cmake_prefix_path')
[0.566s] INFO:colcon.colcon_core.shell:Creating environment hook '/home/shrek/shrek_ws/install/serial/share/serial/hook/cmake_prefix_path.ps1'
[0.566s] INFO:colcon.colcon_core.shell:Creating environment descriptor '/home/shrek/shrek_ws/install/serial/share/serial/hook/cmake_prefix_path.dsv'
[0.566s] INFO:colcon.colcon_core.shell:Creating environment hook '/home/shrek/shrek_ws/install/serial/share/serial/hook/cmake_prefix_path.sh'
[0.567s] Level 1:colcon.colcon_core.environment:checking '/home/shrek/shrek_ws/install/serial/lib'
[0.567s] Level 1:colcon.colcon_core.environment:checking '/home/shrek/shrek_ws/install/serial/bin'
[0.567s] Level 1:colcon.colcon_core.environment:checking '/home/shrek/shrek_ws/install/serial/lib/pkgconfig/serial.pc'
[0.567s] Level 1:colcon.colcon_core.environment:checking '/home/shrek/shrek_ws/install/serial/lib/python3.8/site-packages'
[0.567s] Level 1:colcon.colcon_core.environment:checking '/home/shrek/shrek_ws/install/serial/bin'
[0.568s] INFO:colcon.colcon_core.shell:Creating package script '/home/shrek/shrek_ws/install/serial/share/serial/package.ps1'
[0.569s] INFO:colcon.colcon_core.shell:Creating package descriptor '/home/shrek/shrek_ws/install/serial/share/serial/package.dsv'
[0.569s] INFO:colcon.colcon_core.shell:Creating package script '/home/shrek/shrek_ws/install/serial/share/serial/package.sh'
[0.569s] INFO:colcon.colcon_core.shell:Creating package script '/home/shrek/shrek_ws/install/serial/share/serial/package.bash'
[0.569s] INFO:colcon.colcon_core.shell:Creating package script '/home/shrek/shrek_ws/install/serial/share/serial/package.zsh'
[0.570s] Level 1:colcon.colcon_core.environment:create_file_with_runtime_dependencies(/home/shrek/shrek_ws/install/serial/share/colcon-core/packages/serial)
[0.570s] INFO:colcon.colcon_ros.task.ament_cmake.build:Building ROS package in '/home/shrek/shrek_ws/src/diffdrive_arduino' with build type 'ament_cmake'
[0.570s] INFO:colcon.colcon_cmake.task.cmake.build:Building CMake package in '/home/shrek/shrek_ws/src/diffdrive_arduino'
[0.571s] INFO:colcon.colcon_core.shell:Skip shell extension 'powershell' for command environment: Not usable outside of PowerShell
[0.571s] DEBUG:colcon.colcon_core.shell:Skip shell extension 'dsv' for command environment
[0.579s] Level 1:colcon.colcon_core.environment:create_environment_scripts_only(gazebo_ros2_control)
[0.581s] Level 1:colcon.colcon_core.environment:checking '/home/shrek/shrek_ws/install/gazebo_ros2_control' for CMake module files
[0.582s] Level 1:colcon.colcon_core.environment:checking '/home/shrek/shrek_ws/install/gazebo_ros2_control' for CMake config files
[0.582s] Level 1:colcon.colcon_core.shell:create_environment_hook('gazebo_ros2_control', 'cmake_prefix_path')
[0.583s] INFO:colcon.colcon_core.shell:Creating environment hook '/home/shrek/shrek_ws/install/gazebo_ros2_control/share/gazebo_ros2_control/hook/cmake_prefix_path.ps1'
[0.584s] INFO:colcon.colcon_core.shell:Creating environment descriptor '/home/shrek/shrek_ws/install/gazebo_ros2_control/share/gazebo_ros2_control/hook/cmake_prefix_path.dsv'
[0.584s] INFO:colcon.colcon_core.shell:Creating environment hook '/home/shrek/shrek_ws/install/gazebo_ros2_control/share/gazebo_ros2_control/hook/cmake_prefix_path.sh'
[0.585s] Level 1:colcon.colcon_core.environment:checking '/home/shrek/shrek_ws/install/gazebo_ros2_control/lib'
[0.585s] Level 1:colcon.colcon_core.shell:create_environment_hook('gazebo_ros2_control', 'ld_library_path_lib')
[0.586s] INFO:colcon.colcon_core.shell:Creating environment hook '/home/shrek/shrek_ws/install/gazebo_ros2_control/share/gazebo_ros2_control/hook/ld_library_path_lib.ps1'
[0.586s] INFO:colcon.colcon_core.shell:Creating environment descriptor '/home/shrek/shrek_ws/install/gazebo_ros2_control/share/gazebo_ros2_control/hook/ld_library_path_lib.dsv'
[0.586s] INFO:colcon.colcon_core.shell:Creating environment hook '/home/shrek/shrek_ws/install/gazebo_ros2_control/share/gazebo_ros2_control/hook/ld_library_path_lib.sh'
[0.587s] Level 1:colcon.colcon_core.environment:checking '/home/shrek/shrek_ws/install/gazebo_ros2_control/bin'
[0.587s] Level 1:colcon.colcon_core.environment:checking '/home/shrek/shrek_ws/install/gazebo_ros2_control/lib/pkgconfig/gazebo_ros2_control.pc'
[0.587s] Level 1:colcon.colcon_core.environment:checking '/home/shrek/shrek_ws/install/gazebo_ros2_control/lib/python3.8/site-packages'
[0.587s] Level 1:colcon.colcon_core.environment:checking '/home/shrek/shrek_ws/install/gazebo_ros2_control/bin'
[0.588s] INFO:colcon.colcon_core.shell:Creating package script '/home/shrek/shrek_ws/install/gazebo_ros2_control/share/gazebo_ros2_control/package.ps1'
[0.589s] INFO:colcon.colcon_core.shell:Creating package descriptor '/home/shrek/shrek_ws/install/gazebo_ros2_control/share/gazebo_ros2_control/package.dsv'
[0.589s] INFO:colcon.colcon_core.shell:Creating package script '/home/shrek/shrek_ws/install/gazebo_ros2_control/share/gazebo_ros2_control/package.sh'
[0.589s] INFO:colcon.colcon_core.shell:Creating package script '/home/shrek/shrek_ws/install/gazebo_ros2_control/share/gazebo_ros2_control/package.bash'
[0.590s] INFO:colcon.colcon_core.shell:Creating package script '/home/shrek/shrek_ws/install/gazebo_ros2_control/share/gazebo_ros2_control/package.zsh'
[0.590s] Level 1:colcon.colcon_core.environment:create_file_with_runtime_dependencies(/home/shrek/shrek_ws/install/gazebo_ros2_control/share/colcon-core/packages/gazebo_ros2_control)
[0.591s] INFO:colcon.colcon_ros.task.ament_cmake.build:Building ROS package in '/home/shrek/shrek_ws/src/gazebo_ros2_control/gazebo_ros2_control_demos' with build type 'ament_cmake'
[0.591s] INFO:colcon.colcon_cmake.task.cmake.build:Building CMake package in '/home/shrek/shrek_ws/src/gazebo_ros2_control/gazebo_ros2_control_demos'
[0.592s] INFO:colcon.colcon_core.shell:Skip shell extension 'powershell' for command environment: Not usable outside of PowerShell
[0.592s] DEBUG:colcon.colcon_core.shell:Skip shell extension 'dsv' for command environment
[0.604s] DEBUG:colcon.colcon_core.event_handler.log_command:Invoking command in '/home/shrek/shrek_ws/build/diffdrive_arduino': CMAKE_PREFIX_PATH=/home/shrek/shrek_ws/install/serial:/home/shrek/shrek_ws/install/to_place:/home/shrek/shrek_ws/install/diffdrive_arduino:/home/shrek/shrek_ws/install/my_bot:/home/shrek/shrek_ws/install/goalxy:/home/shrek/shrek_ws/install/gazebo_ros2_control_demos:/home/shrek/shrek_ws/install/gazebo_ros2_control:/opt/ros/foxy /usr/bin/cmake --build /home/shrek/shrek_ws/build/diffdrive_arduino -- -j8 -l8
[0.609s] DEBUG:colcon.colcon_core.event_handler.log_command:Invoking command in '/home/shrek/shrek_ws/build/gazebo_ros2_control_demos': CMAKE_PREFIX_PATH=/home/shrek/shrek_ws/install/gazebo_ros2_control:/home/shrek/shrek_ws/install/to_place:/home/shrek/shrek_ws/install/diffdrive_arduino:/home/shrek/shrek_ws/install/serial:/home/shrek/shrek_ws/install/my_bot:/home/shrek/shrek_ws/install/goalxy:/home/shrek/shrek_ws/install/gazebo_ros2_control_demos:/opt/ros/foxy LD_LIBRARY_PATH=/home/shrek/shrek_ws/install/gazebo_ros2_control/lib:/home/shrek/shrek_ws/install/diffdrive_arduino/lib:/home/shrek/shrek_ws/install/serial/lib:/usr/lib/x86_64-linux-gnu/gazebo-11/plugins:/opt/ros/foxy/opt/yaml_cpp_vendor/lib:/opt/ros/foxy/opt/rviz_ogre_vendor/lib:/opt/ros/foxy/lib/x86_64-linux-gnu:/opt/ros/foxy/lib /usr/bin/cmake --build /home/shrek/shrek_ws/build/gazebo_ros2_control_demos -- -j8 -l8
[0.684s] DEBUG:colcon.colcon_core.event_handler.log_command:Invoked command in '/home/shrek/shrek_ws/build/diffdrive_arduino' returned '0': CMAKE_PREFIX_PATH=/home/shrek/shrek_ws/install/serial:/home/shrek/shrek_ws/install/to_place:/home/shrek/shrek_ws/install/diffdrive_arduino:/home/shrek/shrek_ws/install/my_bot:/home/shrek/shrek_ws/install/goalxy:/home/shrek/shrek_ws/install/gazebo_ros2_control_demos:/home/shrek/shrek_ws/install/gazebo_ros2_control:/opt/ros/foxy /usr/bin/cmake --build /home/shrek/shrek_ws/build/diffdrive_arduino -- -j8 -l8
[0.687s] DEBUG:colcon.colcon_core.event_handler.log_command:Invoked command in '/home/shrek/shrek_ws/build/gazebo_ros2_control_demos' returned '0': CMAKE_PREFIX_PATH=/home/shrek/shrek_ws/install/gazebo_ros2_control:/home/shrek/shrek_ws/install/to_place:/home/shrek/shrek_ws/install/diffdrive_arduino:/home/shrek/shrek_ws/install/serial:/home/shrek/shrek_ws/install/my_bot:/home/shrek/shrek_ws/install/goalxy:/home/shrek/shrek_ws/install/gazebo_ros2_control_demos:/opt/ros/foxy LD_LIBRARY_PATH=/home/shrek/shrek_ws/install/gazebo_ros2_control/lib:/home/shrek/shrek_ws/install/diffdrive_arduino/lib:/home/shrek/shrek_ws/install/serial/lib:/usr/lib/x86_64-linux-gnu/gazebo-11/plugins:/opt/ros/foxy/opt/yaml_cpp_vendor/lib:/opt/ros/foxy/opt/rviz_ogre_vendor/lib:/opt/ros/foxy/lib/x86_64-linux-gnu:/opt/ros/foxy/lib /usr/bin/cmake --build /home/shrek/shrek_ws/build/gazebo_ros2_control_demos -- -j8 -l8
[0.715s] DEBUG:colcon.colcon_core.event_handler.log_command:Invoking command in '/home/shrek/shrek_ws/build/diffdrive_arduino': CMAKE_PREFIX_PATH=/home/shrek/shrek_ws/install/serial:/home/shrek/shrek_ws/install/to_place:/home/shrek/shrek_ws/install/diffdrive_arduino:/home/shrek/shrek_ws/install/my_bot:/home/shrek/shrek_ws/install/goalxy:/home/shrek/shrek_ws/install/gazebo_ros2_control_demos:/home/shrek/shrek_ws/install/gazebo_ros2_control:/opt/ros/foxy /usr/bin/cmake --install /home/shrek/shrek_ws/build/diffdrive_arduino
[0.719s] DEBUG:colcon.colcon_core.event_handler.log_command:Invoking command in '/home/shrek/shrek_ws/build/gazebo_ros2_control_demos': CMAKE_PREFIX_PATH=/home/shrek/shrek_ws/install/gazebo_ros2_control:/home/shrek/shrek_ws/install/to_place:/home/shrek/shrek_ws/install/diffdrive_arduino:/home/shrek/shrek_ws/install/serial:/home/shrek/shrek_ws/install/my_bot:/home/shrek/shrek_ws/install/goalxy:/home/shrek/shrek_ws/install/gazebo_ros2_control_demos:/opt/ros/foxy LD_LIBRARY_PATH=/home/shrek/shrek_ws/install/gazebo_ros2_control/lib:/home/shrek/shrek_ws/install/diffdrive_arduino/lib:/home/shrek/shrek_ws/install/serial/lib:/usr/lib/x86_64-linux-gnu/gazebo-11/plugins:/opt/ros/foxy/opt/yaml_cpp_vendor/lib:/opt/ros/foxy/opt/rviz_ogre_vendor/lib:/opt/ros/foxy/lib/x86_64-linux-gnu:/opt/ros/foxy/lib /usr/bin/cmake --install /home/shrek/shrek_ws/build/gazebo_ros2_control_demos
[0.741s] Level 1:colcon.colcon_core.environment:create_environment_scripts_only(diffdrive_arduino)
[0.741s] DEBUG:colcon.colcon_core.event_handler.log_command:Invoked command in '/home/shrek/shrek_ws/build/diffdrive_arduino' returned '0': CMAKE_PREFIX_PATH=/home/shrek/shrek_ws/install/serial:/home/shrek/shrek_ws/install/to_place:/home/shrek/shrek_ws/install/diffdrive_arduino:/home/shrek/shrek_ws/install/my_bot:/home/shrek/shrek_ws/install/goalxy:/home/shrek/shrek_ws/install/gazebo_ros2_control_demos:/home/shrek/shrek_ws/install/gazebo_ros2_control:/opt/ros/foxy /usr/bin/cmake --install /home/shrek/shrek_ws/build/diffdrive_arduino
[0.744s] Level 1:colcon.colcon_core.environment:checking '/home/shrek/shrek_ws/install/diffdrive_arduino' for CMake module files
[0.745s] Level 1:colcon.colcon_core.environment:checking '/home/shrek/shrek_ws/install/diffdrive_arduino' for CMake config files
[0.745s] Level 1:colcon.colcon_core.shell:create_environment_hook('diffdrive_arduino', 'cmake_prefix_path')
[0.747s] INFO:colcon.colcon_core.shell:Creating environment hook '/home/shrek/shrek_ws/install/diffdrive_arduino/share/diffdrive_arduino/hook/cmake_prefix_path.ps1'
[0.748s] INFO:colcon.colcon_core.shell:Creating environment descriptor '/home/shrek/shrek_ws/install/diffdrive_arduino/share/diffdrive_arduino/hook/cmake_prefix_path.dsv'
[0.748s] INFO:colcon.colcon_core.shell:Creating environment hook '/home/shrek/shrek_ws/install/diffdrive_arduino/share/diffdrive_arduino/hook/cmake_prefix_path.sh'
[0.749s] Level 1:colcon.colcon_core.environment:checking '/home/shrek/shrek_ws/install/diffdrive_arduino/lib'
[0.749s] Level 1:colcon.colcon_core.shell:create_environment_hook('diffdrive_arduino', 'ld_library_path_lib')
[0.751s] INFO:colcon.colcon_core.shell:Creating environment hook '/home/shrek/shrek_ws/install/diffdrive_arduino/share/diffdrive_arduino/hook/ld_library_path_lib.ps1'
[0.751s] INFO:colcon.colcon_core.shell:Creating environment descriptor '/home/shrek/shrek_ws/install/diffdrive_arduino/share/diffdrive_arduino/hook/ld_library_path_lib.dsv'
[0.752s] INFO:colcon.colcon_core.shell:Creating environment hook '/home/shrek/shrek_ws/install/diffdrive_arduino/share/diffdrive_arduino/hook/ld_library_path_lib.sh'
[0.752s] Level 1:colcon.colcon_core.environment:checking '/home/shrek/shrek_ws/install/diffdrive_arduino/bin'
[0.752s] Level 1:colcon.colcon_core.environment:checking '/home/shrek/shrek_ws/install/diffdrive_arduino/lib/pkgconfig/diffdrive_arduino.pc'
[0.752s] Level 1:colcon.colcon_core.environment:checking '/home/shrek/shrek_ws/install/diffdrive_arduino/lib/python3.8/site-packages'
[0.753s] Level 1:colcon.colcon_core.environment:checking '/home/shrek/shrek_ws/install/diffdrive_arduino/bin'
[0.754s] INFO:colcon.colcon_core.shell:Creating package script '/home/shrek/shrek_ws/install/diffdrive_arduino/share/diffdrive_arduino/package.ps1'
[0.754s] INFO:colcon.colcon_core.shell:Creating package descriptor '/home/shrek/shrek_ws/install/diffdrive_arduino/share/diffdrive_arduino/package.dsv'
[0.754s] INFO:colcon.colcon_core.shell:Creating package script '/home/shrek/shrek_ws/install/diffdrive_arduino/share/diffdrive_arduino/package.sh'
[0.755s] INFO:colcon.colcon_core.shell:Creating package script '/home/shrek/shrek_ws/install/diffdrive_arduino/share/diffdrive_arduino/package.bash'
[0.755s] INFO:colcon.colcon_core.shell:Creating package script '/home/shrek/shrek_ws/install/diffdrive_arduino/share/diffdrive_arduino/package.zsh'
[0.755s] Level 1:colcon.colcon_core.environment:create_file_with_runtime_dependencies(/home/shrek/shrek_ws/install/diffdrive_arduino/share/colcon-core/packages/diffdrive_arduino)
[0.758s] Level 1:colcon.colcon_core.environment:create_environment_scripts_only(gazebo_ros2_control_demos)
[0.760s] Level 1:colcon.colcon_core.environment:checking '/home/shrek/shrek_ws/install/gazebo_ros2_control_demos' for CMake module files
[0.761s] DEBUG:colcon.colcon_core.event_handler.log_command:Invoked command in '/home/shrek/shrek_ws/build/gazebo_ros2_control_demos' returned '0': CMAKE_PREFIX_PATH=/home/shrek/shrek_ws/install/gazebo_ros2_control:/home/shrek/shrek_ws/install/to_place:/home/shrek/shrek_ws/install/diffdrive_arduino:/home/shrek/shrek_ws/install/serial:/home/shrek/shrek_ws/install/my_bot:/home/shrek/shrek_ws/install/goalxy:/home/shrek/shrek_ws/install/gazebo_ros2_control_demos:/opt/ros/foxy LD_LIBRARY_PATH=/home/shrek/shrek_ws/install/gazebo_ros2_control/lib:/home/shrek/shrek_ws/install/diffdrive_arduino/lib:/home/shrek/shrek_ws/install/serial/lib:/usr/lib/x86_64-linux-gnu/gazebo-11/plugins:/opt/ros/foxy/opt/yaml_cpp_vendor/lib:/opt/ros/foxy/opt/rviz_ogre_vendor/lib:/opt/ros/foxy/lib/x86_64-linux-gnu:/opt/ros/foxy/lib /usr/bin/cmake --install /home/shrek/shrek_ws/build/gazebo_ros2_control_demos
[0.761s] Level 1:colcon.colcon_core.environment:checking '/home/shrek/shrek_ws/install/gazebo_ros2_control_demos' for CMake config files
[0.761s] Level 1:colcon.colcon_core.shell:create_environment_hook('gazebo_ros2_control_demos', 'cmake_prefix_path')
[0.763s] INFO:colcon.colcon_core.shell:Creating environment hook '/home/shrek/shrek_ws/install/gazebo_ros2_control_demos/share/gazebo_ros2_control_demos/hook/cmake_prefix_path.ps1'
[0.763s] INFO:colcon.colcon_core.shell:Creating environment descriptor '/home/shrek/shrek_ws/install/gazebo_ros2_control_demos/share/gazebo_ros2_control_demos/hook/cmake_prefix_path.dsv'
[0.764s] INFO:colcon.colcon_core.shell:Creating environment hook '/home/shrek/shrek_ws/install/gazebo_ros2_control_demos/share/gazebo_ros2_control_demos/hook/cmake_prefix_path.sh'
[0.764s] Level 1:colcon.colcon_core.environment:checking '/home/shrek/shrek_ws/install/gazebo_ros2_control_demos/lib'
[0.765s] Level 1:colcon.colcon_core.environment:checking '/home/shrek/shrek_ws/install/gazebo_ros2_control_demos/bin'
[0.765s] Level 1:colcon.colcon_core.environment:checking '/home/shrek/shrek_ws/install/gazebo_ros2_control_demos/lib/pkgconfig/gazebo_ros2_control_demos.pc'
[0.765s] Level 1:colcon.colcon_core.environment:checking '/home/shrek/shrek_ws/install/gazebo_ros2_control_demos/lib/python3.8/site-packages'
[0.765s] Level 1:colcon.colcon_core.environment:checking '/home/shrek/shrek_ws/install/gazebo_ros2_control_demos/bin'
[0.767s] INFO:colcon.colcon_core.shell:Creating package script '/home/shrek/shrek_ws/install/gazebo_ros2_control_demos/share/gazebo_ros2_control_demos/package.ps1'
[0.767s] INFO:colcon.colcon_core.shell:Creating package descriptor '/home/shrek/shrek_ws/install/gazebo_ros2_control_demos/share/gazebo_ros2_control_demos/package.dsv'
[0.768s] INFO:colcon.colcon_core.shell:Creating package script '/home/shrek/shrek_ws/install/gazebo_ros2_control_demos/share/gazebo_ros2_control_demos/package.sh'
[0.768s] INFO:colcon.colcon_core.shell:Creating package script '/home/shrek/shrek_ws/install/gazebo_ros2_control_demos/share/gazebo_ros2_control_demos/package.bash'
[0.768s] INFO:colcon.colcon_core.shell:Creating package script '/home/shrek/shrek_ws/install/gazebo_ros2_control_demos/share/gazebo_ros2_control_demos/package.zsh'
[0.769s] Level 1:colcon.colcon_core.environment:create_file_with_runtime_dependencies(/home/shrek/shrek_ws/install/gazebo_ros2_control_demos/share/colcon-core/packages/gazebo_ros2_control_demos)
[0.783s] Level 1:colcon.colcon_core.environment:create_environment_scripts_only(diffdrive_arduino)
[0.785s] Level 1:colcon.colcon_core.environment:checking '/home/shrek/shrek_ws/install/diffdrive_arduino' for CMake module files
[0.786s] Level 1:colcon.colcon_core.environment:checking '/home/shrek/shrek_ws/install/diffdrive_arduino' for CMake config files
[0.787s] Level 1:colcon.colcon_core.shell:create_environment_hook('diffdrive_arduino', 'cmake_prefix_path')
[0.789s] INFO:colcon.colcon_core.shell:Creating environment hook '/home/shrek/shrek_ws/install/diffdrive_arduino/share/diffdrive_arduino/hook/cmake_prefix_path.ps1'
[0.790s] INFO:colcon.colcon_core.shell:Creating environment descriptor '/home/shrek/shrek_ws/install/diffdrive_arduino/share/diffdrive_arduino/hook/cmake_prefix_path.dsv'
[0.790s] INFO:colcon.colcon_core.shell:Creating environment hook '/home/shrek/shrek_ws/install/diffdrive_arduino/share/diffdrive_arduino/hook/cmake_prefix_path.sh'
[0.791s] Level 1:colcon.colcon_core.environment:checking '/home/shrek/shrek_ws/install/diffdrive_arduino/lib'
[0.791s] Level 1:colcon.colcon_core.shell:create_environment_hook('diffdrive_arduino', 'ld_library_path_lib')
[0.793s] INFO:colcon.colcon_core.shell:Creating environment hook '/home/shrek/shrek_ws/install/diffdrive_arduino/share/diffdrive_arduino/hook/ld_library_path_lib.ps1'
[0.793s] INFO:colcon.colcon_core.shell:Creating environment descriptor '/home/shrek/shrek_ws/install/diffdrive_arduino/share/diffdrive_arduino/hook/ld_library_path_lib.dsv'
[0.793s] INFO:colcon.colcon_core.shell:Creating environment hook '/home/shrek/shrek_ws/install/diffdrive_arduino/share/diffdrive_arduino/hook/ld_library_path_lib.sh'
[0.794s] Level 1:colcon.colcon_core.environment:checking '/home/shrek/shrek_ws/install/diffdrive_arduino/bin'
[0.794s] Level 1:colcon.colcon_core.environment:checking '/home/shrek/shrek_ws/install/diffdrive_arduino/lib/pkgconfig/diffdrive_arduino.pc'
[0.794s] Level 1:colcon.colcon_core.environment:checking '/home/shrek/shrek_ws/install/diffdrive_arduino/lib/python3.8/site-packages'
[0.794s] Level 1:colcon.colcon_core.environment:checking '/home/shrek/shrek_ws/install/diffdrive_arduino/bin'
[0.795s] INFO:colcon.colcon_core.shell:Creating package script '/home/shrek/shrek_ws/install/diffdrive_arduino/share/diffdrive_arduino/package.ps1'
[0.796s] INFO:colcon.colcon_core.shell:Creating package descriptor '/home/shrek/shrek_ws/install/diffdrive_arduino/share/diffdrive_arduino/package.dsv'
[0.796s] INFO:colcon.colcon_core.shell:Creating package script '/home/shrek/shrek_ws/install/diffdrive_arduino/share/diffdrive_arduino/package.sh'
[0.796s] INFO:colcon.colcon_core.shell:Creating package script '/home/shrek/shrek_ws/install/diffdrive_arduino/share/diffdrive_arduino/package.bash'
[0.797s] INFO:colcon.colcon_core.shell:Creating package script '/home/shrek/shrek_ws/install/diffdrive_arduino/share/diffdrive_arduino/package.zsh'
[0.797s] Level 1:colcon.colcon_core.environment:create_file_with_runtime_dependencies(/home/shrek/shrek_ws/install/diffdrive_arduino/share/colcon-core/packages/diffdrive_arduino)
[0.802s] Level 1:colcon.colcon_core.environment:create_environment_scripts_only(gazebo_ros2_control_demos)
[0.805s] Level 1:colcon.colcon_core.environment:checking '/home/shrek/shrek_ws/install/gazebo_ros2_control_demos' for CMake module files
[0.806s] Level 1:colcon.colcon_core.environment:checking '/home/shrek/shrek_ws/install/gazebo_ros2_control_demos' for CMake config files
[0.806s] Level 1:colcon.colcon_core.shell:create_environment_hook('gazebo_ros2_control_demos', 'cmake_prefix_path')
[0.808s] INFO:colcon.colcon_core.shell:Creating environment hook '/home/shrek/shrek_ws/install/gazebo_ros2_control_demos/share/gazebo_ros2_control_demos/hook/cmake_prefix_path.ps1'
[0.808s] INFO:colcon.colcon_core.shell:Creating environment descriptor '/home/shrek/shrek_ws/install/gazebo_ros2_control_demos/share/gazebo_ros2_control_demos/hook/cmake_prefix_path.dsv'
[0.809s] INFO:colcon.colcon_core.shell:Creating environment hook '/home/shrek/shrek_ws/install/gazebo_ros2_control_demos/share/gazebo_ros2_control_demos/hook/cmake_prefix_path.sh'
[0.810s] Level 1:colcon.colcon_core.environment:checking '/home/shrek/shrek_ws/install/gazebo_ros2_control_demos/lib'
[0.810s] Level 1:colcon.colcon_core.environment:checking '/home/shrek/shrek_ws/install/gazebo_ros2_control_demos/bin'
[0.810s] Level 1:colcon.colcon_core.environment:checking '/home/shrek/shrek_ws/install/gazebo_ros2_control_demos/lib/pkgconfig/gazebo_ros2_control_demos.pc'
[0.810s] Level 1:colcon.colcon_core.environment:checking '/home/shrek/shrek_ws/install/gazebo_ros2_control_demos/lib/python3.8/site-packages'
[0.810s] Level 1:colcon.colcon_core.environment:checking '/home/shrek/shrek_ws/install/gazebo_ros2_control_demos/bin'
[0.812s] INFO:colcon.colcon_core.shell:Creating package script '/home/shrek/shrek_ws/install/gazebo_ros2_control_demos/share/gazebo_ros2_control_demos/package.ps1'
[0.813s] INFO:colcon.colcon_core.shell:Creating package descriptor '/home/shrek/shrek_ws/install/gazebo_ros2_control_demos/share/gazebo_ros2_control_demos/package.dsv'
[0.813s] INFO:colcon.colcon_core.shell:Creating package script '/home/shrek/shrek_ws/install/gazebo_ros2_control_demos/share/gazebo_ros2_control_demos/package.sh'
[0.813s] INFO:colcon.colcon_core.shell:Creating package script '/home/shrek/shrek_ws/install/gazebo_ros2_control_demos/share/gazebo_ros2_control_demos/package.bash'
[0.814s] INFO:colcon.colcon_core.shell:Creating package script '/home/shrek/shrek_ws/install/gazebo_ros2_control_demos/share/gazebo_ros2_control_demos/package.zsh'
[0.814s] Level 1:colcon.colcon_core.environment:create_file_with_runtime_dependencies(/home/shrek/shrek_ws/install/gazebo_ros2_control_demos/share/colcon-core/packages/gazebo_ros2_control_demos)
[0.814s] DEBUG:colcon.colcon_parallel_executor.executor.parallel:closing loop
[0.814s] DEBUG:colcon.colcon_parallel_executor.executor.parallel:loop closed
[0.815s] DEBUG:colcon.colcon_parallel_executor.executor.parallel:run_until_complete finished with '0'
[0.815s] DEBUG:colcon.colcon_core.event_reactor:joining thread
[0.822s] INFO:colcon.colcon_core.plugin_system:Skipping extension 'colcon_notification.desktop_notification.terminal_notifier': Not used on non-Darwin systems
[0.822s] INFO:colcon.colcon_core.plugin_system:Skipping extension 'colcon_notification.desktop_notification.win32': Not used on non-Windows systems
[0.822s] INFO:colcon.colcon_notification.desktop_notification:Sending desktop notification using 'notify2'
[0.839s] DEBUG:colcon.colcon_core.event_reactor:joined thread
[0.840s] INFO:colcon.colcon_core.shell:Creating prefix script '/home/shrek/shrek_ws/install/local_setup.ps1'
[0.841s] INFO:colcon.colcon_core.shell:Creating prefix util module '/home/shrek/shrek_ws/install/_local_setup_util_ps1.py'
[0.842s] INFO:colcon.colcon_core.shell:Creating prefix chain script '/home/shrek/shrek_ws/install/setup.ps1'
[0.844s] INFO:colcon.colcon_core.shell:Creating prefix script '/home/shrek/shrek_ws/install/local_setup.sh'
[0.845s] INFO:colcon.colcon_core.shell:Creating prefix util module '/home/shrek/shrek_ws/install/_local_setup_util_sh.py'
[0.845s] INFO:colcon.colcon_core.shell:Creating prefix chain script '/home/shrek/shrek_ws/install/setup.sh'
[0.847s] INFO:colcon.colcon_core.shell:Creating prefix script '/home/shrek/shrek_ws/install/local_setup.bash'
[0.848s] INFO:colcon.colcon_core.shell:Creating prefix chain script '/home/shrek/shrek_ws/install/setup.bash'
[0.851s] INFO:colcon.colcon_core.shell:Creating prefix script '/home/shrek/shrek_ws/install/local_setup.zsh'
[0.852s] INFO:colcon.colcon_core.shell:Creating prefix chain script '/home/shrek/shrek_ws/install/setup.zsh'
