[0.137s] DEBUG:colcon:Command line arguments: ['/usr/bin/colcon', 'build']
[0.137s] DEBUG:colcon:Parsed command line arguments: Namespace(allow_overriding=[], ament_cmake_args=None, base_paths=['.'], build_base='build', catkin_cmake_args=None, catkin_skip_building_tests=False, cmake_args=None, cmake_clean_cache=False, cmake_clean_first=False, cmake_force_configure=False, cmake_target=None, cmake_target_skip_unavailable=False, continue_on_error=False, event_handlers=None, executor='parallel', ignore_user_meta=False, install_base='install', log_base=None, log_level=None, main=<bound method BuildVerb.main of <colcon_core.verb.build.BuildVerb object at 0x7fae9e326c40>>, merge_install=False, metas=['./colcon.meta'], packages_above=None, packages_above_and_dependencies=None, packages_above_depth=None, packages_end=None, packages_ignore=None, packages_ignore_regex=None, packages_select=None, packages_select_build_failed=False, packages_select_by_dep=None, packages_select_regex=None, packages_select_test_failures=False, packages_skip=None, packages_skip_build_finished=False, packages_skip_by_dep=None, packages_skip_regex=None, packages_skip_test_passed=False, packages_skip_up_to=None, packages_start=None, packages_up_to=None, packages_up_to_regex=None, parallel_workers=8, paths=None, symlink_install=False, test_result_base=None, verb_extension=<colcon_core.verb.build.BuildVerb object at 0x7fae9e326c40>, verb_name='build', verb_parser=<colcon_defaults.argument_parser.defaults.DefaultArgumentsDecorator object at 0x7fae9e2b81f0>)
[0.158s] Level 1:colcon.colcon_core.package_discovery:discover_packages(colcon_meta) check parameters
[0.158s] Level 1:colcon.colcon_core.package_discovery:discover_packages(recursive) check parameters
[0.158s] Level 1:colcon.colcon_core.package_discovery:discover_packages(ignore) check parameters
[0.158s] Level 1:colcon.colcon_core.package_discovery:discover_packages(path) check parameters
[0.158s] Level 1:colcon.colcon_core.package_discovery:discover_packages(colcon_meta) discover
[0.158s] Level 1:colcon.colcon_core.package_discovery:discover_packages(recursive) discover
[0.158s] INFO:colcon.colcon_core.package_discovery:Crawling recursively for packages in '/home/shrek/shrek_ws'
[0.158s] Level 1:colcon.colcon_core.package_identification:_identify(.) by extensions ['ignore', 'ignore_ament_install']
[0.159s] Level 1:colcon.colcon_core.package_identification:_identify(.) by extension 'ignore'
[0.159s] Level 1:colcon.colcon_core.package_identification:_identify(.) by extension 'ignore_ament_install'
[0.159s] Level 1:colcon.colcon_core.package_identification:_identify(.) by extensions ['colcon_pkg']
[0.159s] Level 1:colcon.colcon_core.package_identification:_identify(.) by extension 'colcon_pkg'
[0.159s] Level 1:colcon.colcon_core.package_identification:_identify(.) by extensions ['colcon_meta']
[0.159s] Level 1:colcon.colcon_core.package_identification:_identify(.) by extension 'colcon_meta'
[0.159s] Level 1:colcon.colcon_core.package_identification:_identify(.) by extensions ['ros']
[0.159s] Level 1:colcon.colcon_core.package_identification:_identify(.) by extension 'ros'
[0.167s] Level 1:colcon.colcon_core.package_identification:_identify(.) by extensions ['cmake', 'python']
[0.167s] Level 1:colcon.colcon_core.package_identification:_identify(.) by extension 'cmake'
[0.167s] Level 1:colcon.colcon_core.package_identification:_identify(.) by extension 'python'
[0.167s] Level 1:colcon.colcon_core.package_identification:_identify(.) by extensions ['python_setup_py']
[0.167s] Level 1:colcon.colcon_core.package_identification:_identify(.) by extension 'python_setup_py'
[0.167s] Level 1:colcon.colcon_core.package_identification:_identify(build) by extensions ['ignore', 'ignore_ament_install']
[0.167s] Level 1:colcon.colcon_core.package_identification:_identify(build) by extension 'ignore'
[0.167s] Level 1:colcon.colcon_core.package_identification:_identify(build) ignored
[0.167s] Level 1:colcon.colcon_core.package_identification:_identify(install) by extensions ['ignore', 'ignore_ament_install']
[0.167s] Level 1:colcon.colcon_core.package_identification:_identify(install) by extension 'ignore'
[0.167s] Level 1:colcon.colcon_core.package_identification:_identify(install) ignored
[0.167s] Level 1:colcon.colcon_core.package_identification:_identify(log) by extensions ['ignore', 'ignore_ament_install']
[0.167s] Level 1:colcon.colcon_core.package_identification:_identify(log) by extension 'ignore'
[0.168s] Level 1:colcon.colcon_core.package_identification:_identify(log) ignored
[0.168s] Level 1:colcon.colcon_core.package_identification:_identify(src) by extensions ['ignore', 'ignore_ament_install']
[0.168s] Level 1:colcon.colcon_core.package_identification:_identify(src) by extension 'ignore'
[0.168s] Level 1:colcon.colcon_core.package_identification:_identify(src) by extension 'ignore_ament_install'
[0.168s] Level 1:colcon.colcon_core.package_identification:_identify(src) by extensions ['colcon_pkg']
[0.168s] Level 1:colcon.colcon_core.package_identification:_identify(src) by extension 'colcon_pkg'
[0.168s] Level 1:colcon.colcon_core.package_identification:_identify(src) by extensions ['colcon_meta']
[0.168s] Level 1:colcon.colcon_core.package_identification:_identify(src) by extension 'colcon_meta'
[0.168s] Level 1:colcon.colcon_core.package_identification:_identify(src) by extensions ['ros']
[0.168s] Level 1:colcon.colcon_core.package_identification:_identify(src) by extension 'ros'
[0.168s] Level 1:colcon.colcon_core.package_identification:_identify(src) by extensions ['cmake', 'python']
[0.168s] Level 1:colcon.colcon_core.package_identification:_identify(src) by extension 'cmake'
[0.168s] Level 1:colcon.colcon_core.package_identification:_identify(src) by extension 'python'
[0.168s] Level 1:colcon.colcon_core.package_identification:_identify(src) by extensions ['python_setup_py']
[0.168s] Level 1:colcon.colcon_core.package_identification:_identify(src) by extension 'python_setup_py'
[0.168s] Level 1:colcon.colcon_core.package_identification:_identify(src/diffdrive_arduino) by extensions ['ignore', 'ignore_ament_install']
[0.168s] Level 1:colcon.colcon_core.package_identification:_identify(src/diffdrive_arduino) by extension 'ignore'
[0.168s] Level 1:colcon.colcon_core.package_identification:_identify(src/diffdrive_arduino) by extension 'ignore_ament_install'
[0.168s] Level 1:colcon.colcon_core.package_identification:_identify(src/diffdrive_arduino) by extensions ['colcon_pkg']
[0.168s] Level 1:colcon.colcon_core.package_identification:_identify(src/diffdrive_arduino) by extension 'colcon_pkg'
[0.168s] Level 1:colcon.colcon_core.package_identification:_identify(src/diffdrive_arduino) by extensions ['colcon_meta']
[0.168s] Level 1:colcon.colcon_core.package_identification:_identify(src/diffdrive_arduino) by extension 'colcon_meta'
[0.168s] Level 1:colcon.colcon_core.package_identification:_identify(src/diffdrive_arduino) by extensions ['ros']
[0.168s] Level 1:colcon.colcon_core.package_identification:_identify(src/diffdrive_arduino) by extension 'ros'
[0.171s] DEBUG:colcon.colcon_core.package_identification:Package 'src/diffdrive_arduino' with type 'ros.ament_cmake' and name 'diffdrive_arduino'
[0.171s] Level 1:colcon.colcon_core.package_identification:_identify(src/follow_waypoints) by extensions ['ignore', 'ignore_ament_install']
[0.171s] Level 1:colcon.colcon_core.package_identification:_identify(src/follow_waypoints) by extension 'ignore'
[0.171s] Level 1:colcon.colcon_core.package_identification:_identify(src/follow_waypoints) by extension 'ignore_ament_install'
[0.171s] Level 1:colcon.colcon_core.package_identification:_identify(src/follow_waypoints) by extensions ['colcon_pkg']
[0.171s] Level 1:colcon.colcon_core.package_identification:_identify(src/follow_waypoints) by extension 'colcon_pkg'
[0.171s] Level 1:colcon.colcon_core.package_identification:_identify(src/follow_waypoints) by extensions ['colcon_meta']
[0.171s] Level 1:colcon.colcon_core.package_identification:_identify(src/follow_waypoints) by extension 'colcon_meta'
[0.171s] Level 1:colcon.colcon_core.package_identification:_identify(src/follow_waypoints) by extensions ['ros']
[0.171s] Level 1:colcon.colcon_core.package_identification:_identify(src/follow_waypoints) by extension 'ros'
[0.172s] DEBUG:colcon.colcon_core.package_identification:Package 'src/follow_waypoints' with type 'ros.ament_python' and name 'follow_waypoints'
[0.172s] Level 1:colcon.colcon_core.package_identification:_identify(src/gazebo_ros2_control) by extensions ['ignore', 'ignore_ament_install']
[0.172s] Level 1:colcon.colcon_core.package_identification:_identify(src/gazebo_ros2_control) by extension 'ignore'
[0.172s] Level 1:colcon.colcon_core.package_identification:_identify(src/gazebo_ros2_control) by extension 'ignore_ament_install'
[0.172s] Level 1:colcon.colcon_core.package_identification:_identify(src/gazebo_ros2_control) by extensions ['colcon_pkg']
[0.172s] Level 1:colcon.colcon_core.package_identification:_identify(src/gazebo_ros2_control) by extension 'colcon_pkg'
[0.172s] Level 1:colcon.colcon_core.package_identification:_identify(src/gazebo_ros2_control) by extensions ['colcon_meta']
[0.172s] Level 1:colcon.colcon_core.package_identification:_identify(src/gazebo_ros2_control) by extension 'colcon_meta'
[0.172s] Level 1:colcon.colcon_core.package_identification:_identify(src/gazebo_ros2_control) by extensions ['ros']
[0.172s] Level 1:colcon.colcon_core.package_identification:_identify(src/gazebo_ros2_control) by extension 'ros'
[0.172s] Level 1:colcon.colcon_core.package_identification:_identify(src/gazebo_ros2_control) by extensions ['cmake', 'python']
[0.172s] Level 1:colcon.colcon_core.package_identification:_identify(src/gazebo_ros2_control) by extension 'cmake'
[0.172s] Level 1:colcon.colcon_core.package_identification:_identify(src/gazebo_ros2_control) by extension 'python'
[0.172s] Level 1:colcon.colcon_core.package_identification:_identify(src/gazebo_ros2_control) by extensions ['python_setup_py']
[0.172s] Level 1:colcon.colcon_core.package_identification:_identify(src/gazebo_ros2_control) by extension 'python_setup_py'
[0.172s] Level 1:colcon.colcon_core.package_identification:_identify(src/gazebo_ros2_control/Docker) by extensions ['ignore', 'ignore_ament_install']
[0.172s] Level 1:colcon.colcon_core.package_identification:_identify(src/gazebo_ros2_control/Docker) by extension 'ignore'
[0.172s] Level 1:colcon.colcon_core.package_identification:_identify(src/gazebo_ros2_control/Docker) by extension 'ignore_ament_install'
[0.173s] Level 1:colcon.colcon_core.package_identification:_identify(src/gazebo_ros2_control/Docker) by extensions ['colcon_pkg']
[0.173s] Level 1:colcon.colcon_core.package_identification:_identify(src/gazebo_ros2_control/Docker) by extension 'colcon_pkg'
[0.173s] Level 1:colcon.colcon_core.package_identification:_identify(src/gazebo_ros2_control/Docker) by extensions ['colcon_meta']
[0.173s] Level 1:colcon.colcon_core.package_identification:_identify(src/gazebo_ros2_control/Docker) by extension 'colcon_meta'
[0.173s] Level 1:colcon.colcon_core.package_identification:_identify(src/gazebo_ros2_control/Docker) by extensions ['ros']
[0.173s] Level 1:colcon.colcon_core.package_identification:_identify(src/gazebo_ros2_control/Docker) by extension 'ros'
[0.173s] Level 1:colcon.colcon_core.package_identification:_identify(src/gazebo_ros2_control/Docker) by extensions ['cmake', 'python']
[0.173s] Level 1:colcon.colcon_core.package_identification:_identify(src/gazebo_ros2_control/Docker) by extension 'cmake'
[0.173s] Level 1:colcon.colcon_core.package_identification:_identify(src/gazebo_ros2_control/Docker) by extension 'python'
[0.173s] Level 1:colcon.colcon_core.package_identification:_identify(src/gazebo_ros2_control/Docker) by extensions ['python_setup_py']
[0.173s] Level 1:colcon.colcon_core.package_identification:_identify(src/gazebo_ros2_control/Docker) by extension 'python_setup_py'
[0.173s] Level 1:colcon.colcon_core.package_identification:_identify(src/gazebo_ros2_control/gazebo_ros2_control) by extensions ['ignore', 'ignore_ament_install']
[0.173s] Level 1:colcon.colcon_core.package_identification:_identify(src/gazebo_ros2_control/gazebo_ros2_control) by extension 'ignore'
[0.173s] Level 1:colcon.colcon_core.package_identification:_identify(src/gazebo_ros2_control/gazebo_ros2_control) by extension 'ignore_ament_install'
[0.173s] Level 1:colcon.colcon_core.package_identification:_identify(src/gazebo_ros2_control/gazebo_ros2_control) by extensions ['colcon_pkg']
[0.173s] Level 1:colcon.colcon_core.package_identification:_identify(src/gazebo_ros2_control/gazebo_ros2_control) by extension 'colcon_pkg'
[0.173s] Level 1:colcon.colcon_core.package_identification:_identify(src/gazebo_ros2_control/gazebo_ros2_control) by extensions ['colcon_meta']
[0.173s] Level 1:colcon.colcon_core.package_identification:_identify(src/gazebo_ros2_control/gazebo_ros2_control) by extension 'colcon_meta'
[0.173s] Level 1:colcon.colcon_core.package_identification:_identify(src/gazebo_ros2_control/gazebo_ros2_control) by extensions ['ros']
[0.173s] Level 1:colcon.colcon_core.package_identification:_identify(src/gazebo_ros2_control/gazebo_ros2_control) by extension 'ros'
[0.176s] DEBUG:colcon.colcon_core.package_identification:Package 'src/gazebo_ros2_control/gazebo_ros2_control' with type 'ros.ament_cmake' and name 'gazebo_ros2_control'
[0.176s] Level 1:colcon.colcon_core.package_identification:_identify(src/gazebo_ros2_control/gazebo_ros2_control_demos) by extensions ['ignore', 'ignore_ament_install']
[0.177s] Level 1:colcon.colcon_core.package_identification:_identify(src/gazebo_ros2_control/gazebo_ros2_control_demos) by extension 'ignore'
[0.177s] Level 1:colcon.colcon_core.package_identification:_identify(src/gazebo_ros2_control/gazebo_ros2_control_demos) by extension 'ignore_ament_install'
[0.177s] Level 1:colcon.colcon_core.package_identification:_identify(src/gazebo_ros2_control/gazebo_ros2_control_demos) by extensions ['colcon_pkg']
[0.177s] Level 1:colcon.colcon_core.package_identification:_identify(src/gazebo_ros2_control/gazebo_ros2_control_demos) by extension 'colcon_pkg'
[0.177s] Level 1:colcon.colcon_core.package_identification:_identify(src/gazebo_ros2_control/gazebo_ros2_control_demos) by extensions ['colcon_meta']
[0.177s] Level 1:colcon.colcon_core.package_identification:_identify(src/gazebo_ros2_control/gazebo_ros2_control_demos) by extension 'colcon_meta'
[0.177s] Level 1:colcon.colcon_core.package_identification:_identify(src/gazebo_ros2_control/gazebo_ros2_control_demos) by extensions ['ros']
[0.177s] Level 1:colcon.colcon_core.package_identification:_identify(src/gazebo_ros2_control/gazebo_ros2_control_demos) by extension 'ros'
[0.178s] DEBUG:colcon.colcon_core.package_identification:Package 'src/gazebo_ros2_control/gazebo_ros2_control_demos' with type 'ros.ament_cmake' and name 'gazebo_ros2_control_demos'
[0.178s] Level 1:colcon.colcon_core.package_identification:_identify(src/gazebo_ros2_control/img) by extensions ['ignore', 'ignore_ament_install']
[0.178s] Level 1:colcon.colcon_core.package_identification:_identify(src/gazebo_ros2_control/img) by extension 'ignore'
[0.178s] Level 1:colcon.colcon_core.package_identification:_identify(src/gazebo_ros2_control/img) by extension 'ignore_ament_install'
[0.178s] Level 1:colcon.colcon_core.package_identification:_identify(src/gazebo_ros2_control/img) by extensions ['colcon_pkg']
[0.178s] Level 1:colcon.colcon_core.package_identification:_identify(src/gazebo_ros2_control/img) by extension 'colcon_pkg'
[0.178s] Level 1:colcon.colcon_core.package_identification:_identify(src/gazebo_ros2_control/img) by extensions ['colcon_meta']
[0.178s] Level 1:colcon.colcon_core.package_identification:_identify(src/gazebo_ros2_control/img) by extension 'colcon_meta'
[0.178s] Level 1:colcon.colcon_core.package_identification:_identify(src/gazebo_ros2_control/img) by extensions ['ros']
[0.178s] Level 1:colcon.colcon_core.package_identification:_identify(src/gazebo_ros2_control/img) by extension 'ros'
[0.178s] Level 1:colcon.colcon_core.package_identification:_identify(src/gazebo_ros2_control/img) by extensions ['cmake', 'python']
[0.178s] Level 1:colcon.colcon_core.package_identification:_identify(src/gazebo_ros2_control/img) by extension 'cmake'
[0.178s] Level 1:colcon.colcon_core.package_identification:_identify(src/gazebo_ros2_control/img) by extension 'python'
[0.178s] Level 1:colcon.colcon_core.package_identification:_identify(src/gazebo_ros2_control/img) by extensions ['python_setup_py']
[0.178s] Level 1:colcon.colcon_core.package_identification:_identify(src/gazebo_ros2_control/img) by extension 'python_setup_py'
[0.178s] Level 1:colcon.colcon_core.package_identification:_identify(src/goalxy) by extensions ['ignore', 'ignore_ament_install']
[0.178s] Level 1:colcon.colcon_core.package_identification:_identify(src/goalxy) by extension 'ignore'
[0.178s] Level 1:colcon.colcon_core.package_identification:_identify(src/goalxy) by extension 'ignore_ament_install'
[0.178s] Level 1:colcon.colcon_core.package_identification:_identify(src/goalxy) by extensions ['colcon_pkg']
[0.178s] Level 1:colcon.colcon_core.package_identification:_identify(src/goalxy) by extension 'colcon_pkg'
[0.178s] Level 1:colcon.colcon_core.package_identification:_identify(src/goalxy) by extensions ['colcon_meta']
[0.179s] Level 1:colcon.colcon_core.package_identification:_identify(src/goalxy) by extension 'colcon_meta'
[0.179s] Level 1:colcon.colcon_core.package_identification:_identify(src/goalxy) by extensions ['ros']
[0.179s] Level 1:colcon.colcon_core.package_identification:_identify(src/goalxy) by extension 'ros'
[0.179s] DEBUG:colcon.colcon_core.package_identification:Package 'src/goalxy' with type 'ros.ament_cmake' and name 'goalxy'
[0.179s] Level 1:colcon.colcon_core.package_identification:_identify(src/my_bot) by extensions ['ignore', 'ignore_ament_install']
[0.179s] Level 1:colcon.colcon_core.package_identification:_identify(src/my_bot) by extension 'ignore'
[0.179s] Level 1:colcon.colcon_core.package_identification:_identify(src/my_bot) by extension 'ignore_ament_install'
[0.179s] Level 1:colcon.colcon_core.package_identification:_identify(src/my_bot) by extensions ['colcon_pkg']
[0.179s] Level 1:colcon.colcon_core.package_identification:_identify(src/my_bot) by extension 'colcon_pkg'
[0.179s] Level 1:colcon.colcon_core.package_identification:_identify(src/my_bot) by extensions ['colcon_meta']
[0.179s] Level 1:colcon.colcon_core.package_identification:_identify(src/my_bot) by extension 'colcon_meta'
[0.179s] Level 1:colcon.colcon_core.package_identification:_identify(src/my_bot) by extensions ['ros']
[0.179s] Level 1:colcon.colcon_core.package_identification:_identify(src/my_bot) by extension 'ros'
[0.180s] DEBUG:colcon.colcon_core.package_identification:Package 'src/my_bot' with type 'ros.ament_cmake' and name 'my_bot'
[0.180s] Level 1:colcon.colcon_core.package_identification:_identify(src/serial) by extensions ['ignore', 'ignore_ament_install']
[0.180s] Level 1:colcon.colcon_core.package_identification:_identify(src/serial) by extension 'ignore'
[0.180s] Level 1:colcon.colcon_core.package_identification:_identify(src/serial) by extension 'ignore_ament_install'
[0.180s] Level 1:colcon.colcon_core.package_identification:_identify(src/serial) by extensions ['colcon_pkg']
[0.180s] Level 1:colcon.colcon_core.package_identification:_identify(src/serial) by extension 'colcon_pkg'
[0.180s] Level 1:colcon.colcon_core.package_identification:_identify(src/serial) by extensions ['colcon_meta']
[0.180s] Level 1:colcon.colcon_core.package_identification:_identify(src/serial) by extension 'colcon_meta'
[0.180s] Level 1:colcon.colcon_core.package_identification:_identify(src/serial) by extensions ['ros']
[0.180s] Level 1:colcon.colcon_core.package_identification:_identify(src/serial) by extension 'ros'
[0.195s] DEBUG:colcon.colcon_core.package_identification:Package 'src/serial' with type 'ros.ament_cmake' and name 'serial'
[0.195s] Level 1:colcon.colcon_core.package_identification:_identify(src/to_place) by extensions ['ignore', 'ignore_ament_install']
[0.195s] Level 1:colcon.colcon_core.package_identification:_identify(src/to_place) by extension 'ignore'
[0.195s] Level 1:colcon.colcon_core.package_identification:_identify(src/to_place) by extension 'ignore_ament_install'
[0.195s] Level 1:colcon.colcon_core.package_identification:_identify(src/to_place) by extensions ['colcon_pkg']
[0.195s] Level 1:colcon.colcon_core.package_identification:_identify(src/to_place) by extension 'colcon_pkg'
[0.195s] Level 1:colcon.colcon_core.package_identification:_identify(src/to_place) by extensions ['colcon_meta']
[0.195s] Level 1:colcon.colcon_core.package_identification:_identify(src/to_place) by extension 'colcon_meta'
[0.195s] Level 1:colcon.colcon_core.package_identification:_identify(src/to_place) by extensions ['ros']
[0.195s] Level 1:colcon.colcon_core.package_identification:_identify(src/to_place) by extension 'ros'
[0.196s] DEBUG:colcon.colcon_core.package_identification:Package 'src/to_place' with type 'ros.ament_cmake' and name 'to_place'
[0.196s] Level 1:colcon.colcon_core.package_discovery:discover_packages(recursive) using defaults
[0.196s] Level 1:colcon.colcon_core.package_discovery:discover_packages(ignore) discover
[0.196s] Level 1:colcon.colcon_core.package_discovery:discover_packages(ignore) using defaults
[0.196s] Level 1:colcon.colcon_core.package_discovery:discover_packages(path) discover
[0.196s] Level 1:colcon.colcon_core.package_discovery:discover_packages(path) using defaults
[0.216s] Level 1:colcon.colcon_core.package_discovery:discover_packages(prefix_path) check parameters
[0.216s] Level 1:colcon.colcon_core.package_discovery:discover_packages(prefix_path) discover
[0.219s] DEBUG:colcon.colcon_installed_package_information.package_discovery:Found 9 installed packages in /home/shrek/shrek_ws/install
[0.222s] DEBUG:colcon.colcon_installed_package_information.package_discovery:Found 323 installed packages in /opt/ros/foxy
[0.224s] Level 1:colcon.colcon_core.package_discovery:discover_packages(prefix_path) using defaults
[0.281s] Level 5:colcon.colcon_core.verb:set package 'follow_waypoints' build argument 'cmake_args' from command line to 'None'
[0.282s] Level 5:colcon.colcon_core.verb:set package 'follow_waypoints' build argument 'cmake_target' from command line to 'None'
[0.282s] Level 5:colcon.colcon_core.verb:set package 'follow_waypoints' build argument 'cmake_target_skip_unavailable' from command line to 'False'
[0.282s] Level 5:colcon.colcon_core.verb:set package 'follow_waypoints' build argument 'cmake_clean_cache' from command line to 'False'
[0.282s] Level 5:colcon.colcon_core.verb:set package 'follow_waypoints' build argument 'cmake_clean_first' from command line to 'False'
[0.282s] Level 5:colcon.colcon_core.verb:set package 'follow_waypoints' build argument 'cmake_force_configure' from command line to 'False'
[0.282s] Level 5:colcon.colcon_core.verb:set package 'follow_waypoints' build argument 'ament_cmake_args' from command line to 'None'
[0.282s] Level 5:colcon.colcon_core.verb:set package 'follow_waypoints' build argument 'catkin_cmake_args' from command line to 'None'
[0.282s] Level 5:colcon.colcon_core.verb:set package 'follow_waypoints' build argument 'catkin_skip_building_tests' from command line to 'False'
[0.282s] DEBUG:colcon.colcon_core.verb:Building package 'follow_waypoints' with the following arguments: {'ament_cmake_args': None, 'build_base': '/home/shrek/shrek_ws/build/follow_waypoints', 'catkin_cmake_args': None, 'catkin_skip_building_tests': False, 'cmake_args': None, 'cmake_clean_cache': False, 'cmake_clean_first': False, 'cmake_force_configure': False, 'cmake_target': None, 'cmake_target_skip_unavailable': False, 'install_base': '/home/shrek/shrek_ws/install/follow_waypoints', 'merge_install': False, 'path': '/home/shrek/shrek_ws/src/follow_waypoints', 'symlink_install': False, 'test_result_base': None}
[0.283s] Level 5:colcon.colcon_core.verb:set package 'gazebo_ros2_control' build argument 'cmake_args' from command line to 'None'
[0.283s] Level 5:colcon.colcon_core.verb:set package 'gazebo_ros2_control' build argument 'cmake_target' from command line to 'None'
[0.283s] Level 5:colcon.colcon_core.verb:set package 'gazebo_ros2_control' build argument 'cmake_target_skip_unavailable' from command line to 'False'
[0.283s] Level 5:colcon.colcon_core.verb:set package 'gazebo_ros2_control' build argument 'cmake_clean_cache' from command line to 'False'
[0.283s] Level 5:colcon.colcon_core.verb:set package 'gazebo_ros2_control' build argument 'cmake_clean_first' from command line to 'False'
[0.283s] Level 5:colcon.colcon_core.verb:set package 'gazebo_ros2_control' build argument 'cmake_force_configure' from command line to 'False'
[0.283s] Level 5:colcon.colcon_core.verb:set package 'gazebo_ros2_control' build argument 'ament_cmake_args' from command line to 'None'
[0.283s] Level 5:colcon.colcon_core.verb:set package 'gazebo_ros2_control' build argument 'catkin_cmake_args' from command line to 'None'
[0.283s] Level 5:colcon.colcon_core.verb:set package 'gazebo_ros2_control' build argument 'catkin_skip_building_tests' from command line to 'False'
[0.283s] DEBUG:colcon.colcon_core.verb:Building package 'gazebo_ros2_control' with the following arguments: {'ament_cmake_args': None, 'build_base': '/home/shrek/shrek_ws/build/gazebo_ros2_control', 'catkin_cmake_args': None, 'catkin_skip_building_tests': False, 'cmake_args': None, 'cmake_clean_cache': False, 'cmake_clean_first': False, 'cmake_force_configure': False, 'cmake_target': None, 'cmake_target_skip_unavailable': False, 'install_base': '/home/shrek/shrek_ws/install/gazebo_ros2_control', 'merge_install': False, 'path': '/home/shrek/shrek_ws/src/gazebo_ros2_control/gazebo_ros2_control', 'symlink_install': False, 'test_result_base': None}
[0.285s] Level 5:colcon.colcon_core.verb:set package 'goalxy' build argument 'cmake_args' from command line to 'None'
[0.285s] Level 5:colcon.colcon_core.verb:set package 'goalxy' build argument 'cmake_target' from command line to 'None'
[0.285s] Level 5:colcon.colcon_core.verb:set package 'goalxy' build argument 'cmake_target_skip_unavailable' from command line to 'False'
[0.285s] Level 5:colcon.colcon_core.verb:set package 'goalxy' build argument 'cmake_clean_cache' from command line to 'False'
[0.285s] Level 5:colcon.colcon_core.verb:set package 'goalxy' build argument 'cmake_clean_first' from command line to 'False'
[0.285s] Level 5:colcon.colcon_core.verb:set package 'goalxy' build argument 'cmake_force_configure' from command line to 'False'
[0.285s] Level 5:colcon.colcon_core.verb:set package 'goalxy' build argument 'ament_cmake_args' from command line to 'None'
[0.285s] Level 5:colcon.colcon_core.verb:set package 'goalxy' build argument 'catkin_cmake_args' from command line to 'None'
[0.285s] Level 5:colcon.colcon_core.verb:set package 'goalxy' build argument 'catkin_skip_building_tests' from command line to 'False'
[0.285s] DEBUG:colcon.colcon_core.verb:Building package 'goalxy' with the following arguments: {'ament_cmake_args': None, 'build_base': '/home/shrek/shrek_ws/build/goalxy', 'catkin_cmake_args': None, 'catkin_skip_building_tests': False, 'cmake_args': None, 'cmake_clean_cache': False, 'cmake_clean_first': False, 'cmake_force_configure': False, 'cmake_target': None, 'cmake_target_skip_unavailable': False, 'install_base': '/home/shrek/shrek_ws/install/goalxy', 'merge_install': False, 'path': '/home/shrek/shrek_ws/src/goalxy', 'symlink_install': False, 'test_result_base': None}
[0.287s] Level 5:colcon.colcon_core.verb:set package 'my_bot' build argument 'cmake_args' from command line to 'None'
[0.287s] Level 5:colcon.colcon_core.verb:set package 'my_bot' build argument 'cmake_target' from command line to 'None'
[0.287s] Level 5:colcon.colcon_core.verb:set package 'my_bot' build argument 'cmake_target_skip_unavailable' from command line to 'False'
[0.287s] Level 5:colcon.colcon_core.verb:set package 'my_bot' build argument 'cmake_clean_cache' from command line to 'False'
[0.287s] Level 5:colcon.colcon_core.verb:set package 'my_bot' build argument 'cmake_clean_first' from command line to 'False'
[0.287s] Level 5:colcon.colcon_core.verb:set package 'my_bot' build argument 'cmake_force_configure' from command line to 'False'
[0.287s] Level 5:colcon.colcon_core.verb:set package 'my_bot' build argument 'ament_cmake_args' from command line to 'None'
[0.287s] Level 5:colcon.colcon_core.verb:set package 'my_bot' build argument 'catkin_cmake_args' from command line to 'None'
[0.287s] Level 5:colcon.colcon_core.verb:set package 'my_bot' build argument 'catkin_skip_building_tests' from command line to 'False'
[0.287s] DEBUG:colcon.colcon_core.verb:Building package 'my_bot' with the following arguments: {'ament_cmake_args': None, 'build_base': '/home/shrek/shrek_ws/build/my_bot', 'catkin_cmake_args': None, 'catkin_skip_building_tests': False, 'cmake_args': None, 'cmake_clean_cache': False, 'cmake_clean_first': False, 'cmake_force_configure': False, 'cmake_target': None, 'cmake_target_skip_unavailable': False, 'install_base': '/home/shrek/shrek_ws/install/my_bot', 'merge_install': False, 'path': '/home/shrek/shrek_ws/src/my_bot', 'symlink_install': False, 'test_result_base': None}
[0.288s] Level 5:colcon.colcon_core.verb:set package 'serial' build argument 'cmake_args' from command line to 'None'
[0.288s] Level 5:colcon.colcon_core.verb:set package 'serial' build argument 'cmake_target' from command line to 'None'
[0.288s] Level 5:colcon.colcon_core.verb:set package 'serial' build argument 'cmake_target_skip_unavailable' from command line to 'False'
[0.288s] Level 5:colcon.colcon_core.verb:set package 'serial' build argument 'cmake_clean_cache' from command line to 'False'
[0.288s] Level 5:colcon.colcon_core.verb:set package 'serial' build argument 'cmake_clean_first' from command line to 'False'
[0.288s] Level 5:colcon.colcon_core.verb:set package 'serial' build argument 'cmake_force_configure' from command line to 'False'
[0.288s] Level 5:colcon.colcon_core.verb:set package 'serial' build argument 'ament_cmake_args' from command line to 'None'
[0.288s] Level 5:colcon.colcon_core.verb:set package 'serial' build argument 'catkin_cmake_args' from command line to 'None'
[0.288s] Level 5:colcon.colcon_core.verb:set package 'serial' build argument 'catkin_skip_building_tests' from command line to 'False'
[0.288s] DEBUG:colcon.colcon_core.verb:Building package 'serial' with the following arguments: {'ament_cmake_args': None, 'build_base': '/home/shrek/shrek_ws/build/serial', 'catkin_cmake_args': None, 'catkin_skip_building_tests': False, 'cmake_args': None, 'cmake_clean_cache': False, 'cmake_clean_first': False, 'cmake_force_configure': False, 'cmake_target': None, 'cmake_target_skip_unavailable': False, 'install_base': '/home/shrek/shrek_ws/install/serial', 'merge_install': False, 'path': '/home/shrek/shrek_ws/src/serial', 'symlink_install': False, 'test_result_base': None}
[0.289s] Level 5:colcon.colcon_core.verb:set package 'to_place' build argument 'cmake_args' from command line to 'None'
[0.289s] Level 5:colcon.colcon_core.verb:set package 'to_place' build argument 'cmake_target' from command line to 'None'
[0.289s] Level 5:colcon.colcon_core.verb:set package 'to_place' build argument 'cmake_target_skip_unavailable' from command line to 'False'
[0.289s] Level 5:colcon.colcon_core.verb:set package 'to_place' build argument 'cmake_clean_cache' from command line to 'False'
[0.289s] Level 5:colcon.colcon_core.verb:set package 'to_place' build argument 'cmake_clean_first' from command line to 'False'
[0.289s] Level 5:colcon.colcon_core.verb:set package 'to_place' build argument 'cmake_force_configure' from command line to 'False'
[0.289s] Level 5:colcon.colcon_core.verb:set package 'to_place' build argument 'ament_cmake_args' from command line to 'None'
[0.289s] Level 5:colcon.colcon_core.verb:set package 'to_place' build argument 'catkin_cmake_args' from command line to 'None'
[0.289s] Level 5:colcon.colcon_core.verb:set package 'to_place' build argument 'catkin_skip_building_tests' from command line to 'False'
[0.289s] DEBUG:colcon.colcon_core.verb:Building package 'to_place' with the following arguments: {'ament_cmake_args': None, 'build_base': '/home/shrek/shrek_ws/build/to_place', 'catkin_cmake_args': None, 'catkin_skip_building_tests': False, 'cmake_args': None, 'cmake_clean_cache': False, 'cmake_clean_first': False, 'cmake_force_configure': False, 'cmake_target': None, 'cmake_target_skip_unavailable': False, 'install_base': '/home/shrek/shrek_ws/install/to_place', 'merge_install': False, 'path': '/home/shrek/shrek_ws/src/to_place', 'symlink_install': False, 'test_result_base': None}
[0.290s] Level 5:colcon.colcon_core.verb:set package 'diffdrive_arduino' build argument 'cmake_args' from command line to 'None'
[0.290s] Level 5:colcon.colcon_core.verb:set package 'diffdrive_arduino' build argument 'cmake_target' from command line to 'None'
[0.290s] Level 5:colcon.colcon_core.verb:set package 'diffdrive_arduino' build argument 'cmake_target_skip_unavailable' from command line to 'False'
[0.290s] Level 5:colcon.colcon_core.verb:set package 'diffdrive_arduino' build argument 'cmake_clean_cache' from command line to 'False'
[0.290s] Level 5:colcon.colcon_core.verb:set package 'diffdrive_arduino' build argument 'cmake_clean_first' from command line to 'False'
[0.290s] Level 5:colcon.colcon_core.verb:set package 'diffdrive_arduino' build argument 'cmake_force_configure' from command line to 'False'
[0.290s] Level 5:colcon.colcon_core.verb:set package 'diffdrive_arduino' build argument 'ament_cmake_args' from command line to 'None'
[0.290s] Level 5:colcon.colcon_core.verb:set package 'diffdrive_arduino' build argument 'catkin_cmake_args' from command line to 'None'
[0.290s] Level 5:colcon.colcon_core.verb:set package 'diffdrive_arduino' build argument 'catkin_skip_building_tests' from command line to 'False'
[0.290s] DEBUG:colcon.colcon_core.verb:Building package 'diffdrive_arduino' with the following arguments: {'ament_cmake_args': None, 'build_base': '/home/shrek/shrek_ws/build/diffdrive_arduino', 'catkin_cmake_args': None, 'catkin_skip_building_tests': False, 'cmake_args': None, 'cmake_clean_cache': False, 'cmake_clean_first': False, 'cmake_force_configure': False, 'cmake_target': None, 'cmake_target_skip_unavailable': False, 'install_base': '/home/shrek/shrek_ws/install/diffdrive_arduino', 'merge_install': False, 'path': '/home/shrek/shrek_ws/src/diffdrive_arduino', 'symlink_install': False, 'test_result_base': None}
[0.291s] Level 5:colcon.colcon_core.verb:set package 'gazebo_ros2_control_demos' build argument 'cmake_args' from command line to 'None'
[0.291s] Level 5:colcon.colcon_core.verb:set package 'gazebo_ros2_control_demos' build argument 'cmake_target' from command line to 'None'
[0.291s] Level 5:colcon.colcon_core.verb:set package 'gazebo_ros2_control_demos' build argument 'cmake_target_skip_unavailable' from command line to 'False'
[0.291s] Level 5:colcon.colcon_core.verb:set package 'gazebo_ros2_control_demos' build argument 'cmake_clean_cache' from command line to 'False'
[0.291s] Level 5:colcon.colcon_core.verb:set package 'gazebo_ros2_control_demos' build argument 'cmake_clean_first' from command line to 'False'
[0.291s] Level 5:colcon.colcon_core.verb:set package 'gazebo_ros2_control_demos' build argument 'cmake_force_configure' from command line to 'False'
[0.291s] Level 5:colcon.colcon_core.verb:set package 'gazebo_ros2_control_demos' build argument 'ament_cmake_args' from command line to 'None'
[0.291s] Level 5:colcon.colcon_core.verb:set package 'gazebo_ros2_control_demos' build argument 'catkin_cmake_args' from command line to 'None'
[0.291s] Level 5:colcon.colcon_core.verb:set package 'gazebo_ros2_control_demos' build argument 'catkin_skip_building_tests' from command line to 'False'
[0.291s] DEBUG:colcon.colcon_core.verb:Building package 'gazebo_ros2_control_demos' with the following arguments: {'ament_cmake_args': None, 'build_base': '/home/shrek/shrek_ws/build/gazebo_ros2_control_demos', 'catkin_cmake_args': None, 'catkin_skip_building_tests': False, 'cmake_args': None, 'cmake_clean_cache': False, 'cmake_clean_first': False, 'cmake_force_configure': False, 'cmake_target': None, 'cmake_target_skip_unavailable': False, 'install_base': '/home/shrek/shrek_ws/install/gazebo_ros2_control_demos', 'merge_install': False, 'path': '/home/shrek/shrek_ws/src/gazebo_ros2_control/gazebo_ros2_control_demos', 'symlink_install': False, 'test_result_base': None}
[0.291s] INFO:colcon.colcon_core.executor:Executing jobs using 'parallel' executor
[0.294s] DEBUG:colcon.colcon_parallel_executor.executor.parallel:run_until_complete
[0.294s] INFO:colcon.colcon_ros.task.ament_cmake.build:Building ROS package in '/home/shrek/shrek_ws/src/gazebo_ros2_control/gazebo_ros2_control' with build type 'ament_cmake'
[0.294s] INFO:colcon.colcon_cmake.task.cmake.build:Building CMake package in '/home/shrek/shrek_ws/src/gazebo_ros2_control/gazebo_ros2_control'
[0.299s] INFO:colcon.colcon_core.plugin_system:Skipping extension 'colcon_core.shell.bat': Not used on non-Windows systems
[0.300s] INFO:colcon.colcon_core.shell:Skip shell extension 'powershell' for command environment: Not usable outside of PowerShell
[0.300s] DEBUG:colcon.colcon_core.shell:Skip shell extension 'dsv' for command environment
[0.308s] INFO:colcon.colcon_ros.task.ament_cmake.build:Building ROS package in '/home/shrek/shrek_ws/src/serial' with build type 'ament_cmake'
[0.309s] INFO:colcon.colcon_cmake.task.cmake.build:Building CMake package in '/home/shrek/shrek_ws/src/serial'
[0.310s] INFO:colcon.colcon_core.shell:Skip shell extension 'powershell' for command environment: Not usable outside of PowerShell
[0.310s] DEBUG:colcon.colcon_core.shell:Skip shell extension 'dsv' for command environment
[0.318s] INFO:colcon.colcon_ros.task.ament_python.build:Building ROS package in '/home/shrek/shrek_ws/src/follow_waypoints' with build type 'ament_python'
[0.318s] Level 1:colcon.colcon_core.shell:create_environment_hook('follow_waypoints', 'ament_prefix_path')
[0.320s] INFO:colcon.colcon_core.shell:Creating environment hook '/home/shrek/shrek_ws/install/follow_waypoints/share/follow_waypoints/hook/ament_prefix_path.ps1'
[0.321s] INFO:colcon.colcon_core.shell:Creating environment descriptor '/home/shrek/shrek_ws/install/follow_waypoints/share/follow_waypoints/hook/ament_prefix_path.dsv'
[0.322s] INFO:colcon.colcon_core.shell:Creating environment hook '/home/shrek/shrek_ws/install/follow_waypoints/share/follow_waypoints/hook/ament_prefix_path.sh'
[0.325s] INFO:colcon.colcon_core.shell:Skip shell extension 'powershell' for command environment: Not usable outside of PowerShell
[0.325s] DEBUG:colcon.colcon_core.shell:Skip shell extension 'dsv' for command environment
[0.332s] INFO:colcon.colcon_ros.task.ament_cmake.build:Building ROS package in '/home/shrek/shrek_ws/src/goalxy' with build type 'ament_cmake'
[0.333s] INFO:colcon.colcon_cmake.task.cmake.build:Building CMake package in '/home/shrek/shrek_ws/src/goalxy'
[0.334s] INFO:colcon.colcon_core.shell:Skip shell extension 'powershell' for command environment: Not usable outside of PowerShell
[0.335s] DEBUG:colcon.colcon_core.shell:Skip shell extension 'dsv' for command environment
[0.342s] INFO:colcon.colcon_ros.task.ament_cmake.build:Building ROS package in '/home/shrek/shrek_ws/src/my_bot' with build type 'ament_cmake'
[0.342s] INFO:colcon.colcon_cmake.task.cmake.build:Building CMake package in '/home/shrek/shrek_ws/src/my_bot'
[0.343s] INFO:colcon.colcon_core.shell:Skip shell extension 'powershell' for command environment: Not usable outside of PowerShell
[0.343s] DEBUG:colcon.colcon_core.shell:Skip shell extension 'dsv' for command environment
[0.349s] INFO:colcon.colcon_ros.task.ament_cmake.build:Building ROS package in '/home/shrek/shrek_ws/src/to_place' with build type 'ament_cmake'
[0.350s] INFO:colcon.colcon_cmake.task.cmake.build:Building CMake package in '/home/shrek/shrek_ws/src/to_place'
[0.351s] INFO:colcon.colcon_core.shell:Skip shell extension 'powershell' for command environment: Not usable outside of PowerShell
[0.351s] DEBUG:colcon.colcon_core.shell:Skip shell extension 'dsv' for command environment
[0.370s] DEBUG:colcon.colcon_core.event_handler.log_command:Invoking command in '/home/shrek/shrek_ws/build/gazebo_ros2_control': CMAKE_PREFIX_PATH=${CMAKE_PREFIX_PATH}:/home/shrek/shrek_ws/install/follow_waypoints:/opt/ros/foxy /usr/bin/cmake --build /home/shrek/shrek_ws/build/gazebo_ros2_control -- -j8 -l8
[0.376s] DEBUG:colcon.colcon_core.event_handler.log_command:Invoking command in '/home/shrek/shrek_ws/build/serial': CMAKE_PREFIX_PATH=${CMAKE_PREFIX_PATH}:/home/shrek/shrek_ws/install/follow_waypoints:/opt/ros/foxy /usr/bin/cmake --build /home/shrek/shrek_ws/build/serial -- -j8 -l8
[0.599s] INFO:colcon.colcon_core.task.python.build:Building Python package in '/home/shrek/shrek_ws/src/follow_waypoints'
[0.602s] INFO:colcon.colcon_core.shell:Skip shell extension 'powershell' for command environment: Not usable outside of PowerShell
[0.602s] DEBUG:colcon.colcon_core.shell:Skip shell extension 'dsv' for command environment
[0.615s] DEBUG:colcon.colcon_core.event_handler.log_command:Invoking command in '/home/shrek/shrek_ws/build/goalxy': CMAKE_PREFIX_PATH=${CMAKE_PREFIX_PATH}:/home/shrek/shrek_ws/install/follow_waypoints:/opt/ros/foxy /usr/bin/cmake --build /home/shrek/shrek_ws/build/goalxy -- -j8 -l8
[0.622s] DEBUG:colcon.colcon_core.event_handler.log_command:Invoking command in '/home/shrek/shrek_ws/build/my_bot': CMAKE_PREFIX_PATH=${CMAKE_PREFIX_PATH}:/home/shrek/shrek_ws/install/follow_waypoints:/opt/ros/foxy /usr/bin/cmake --build /home/shrek/shrek_ws/build/my_bot -- -j8 -l8
[0.627s] DEBUG:colcon.colcon_core.event_handler.log_command:Invoking command in '/home/shrek/shrek_ws/build/to_place': CMAKE_PREFIX_PATH=${CMAKE_PREFIX_PATH}:/home/shrek/shrek_ws/install/follow_waypoints:/opt/ros/foxy /usr/bin/cmake --build /home/shrek/shrek_ws/build/to_place -- -j8 -l8
[0.639s] DEBUG:colcon.colcon_core.event_handler.log_command:Invoked command in '/home/shrek/shrek_ws/build/gazebo_ros2_control' returned '0': CMAKE_PREFIX_PATH=${CMAKE_PREFIX_PATH}:/home/shrek/shrek_ws/install/follow_waypoints:/opt/ros/foxy /usr/bin/cmake --build /home/shrek/shrek_ws/build/gazebo_ros2_control -- -j8 -l8
[0.644s] DEBUG:colcon.colcon_core.event_handler.log_command:Invoked command in '/home/shrek/shrek_ws/build/serial' returned '0': CMAKE_PREFIX_PATH=${CMAKE_PREFIX_PATH}:/home/shrek/shrek_ws/install/follow_waypoints:/opt/ros/foxy /usr/bin/cmake --build /home/shrek/shrek_ws/build/serial -- -j8 -l8
[0.664s] DEBUG:colcon.colcon_core.event_handler.log_command:Invoked command in '/home/shrek/shrek_ws/build/goalxy' returned '0': CMAKE_PREFIX_PATH=${CMAKE_PREFIX_PATH}:/home/shrek/shrek_ws/install/follow_waypoints:/opt/ros/foxy /usr/bin/cmake --build /home/shrek/shrek_ws/build/goalxy -- -j8 -l8
[0.694s] DEBUG:colcon.colcon_core.event_handler.log_command:Invoking command in '/home/shrek/shrek_ws/build/gazebo_ros2_control': CMAKE_PREFIX_PATH=${CMAKE_PREFIX_PATH}:/home/shrek/shrek_ws/install/follow_waypoints:/opt/ros/foxy /usr/bin/cmake --install /home/shrek/shrek_ws/build/gazebo_ros2_control
[0.701s] DEBUG:colcon.colcon_core.event_handler.log_command:Invoking command in '/home/shrek/shrek_ws/build/serial': CMAKE_PREFIX_PATH=${CMAKE_PREFIX_PATH}:/home/shrek/shrek_ws/install/follow_waypoints:/opt/ros/foxy /usr/bin/cmake --install /home/shrek/shrek_ws/build/serial
[0.708s] DEBUG:colcon.colcon_core.event_handler.log_command:Invoking command in '/home/shrek/shrek_ws/build/goalxy': CMAKE_PREFIX_PATH=${CMAKE_PREFIX_PATH}:/home/shrek/shrek_ws/install/follow_waypoints:/opt/ros/foxy /usr/bin/cmake --install /home/shrek/shrek_ws/build/goalxy
[0.713s] DEBUG:colcon.colcon_core.event_handler.log_command:Invoked command in '/home/shrek/shrek_ws/build/my_bot' returned '0': CMAKE_PREFIX_PATH=${CMAKE_PREFIX_PATH}:/home/shrek/shrek_ws/install/follow_waypoints:/opt/ros/foxy /usr/bin/cmake --build /home/shrek/shrek_ws/build/my_bot -- -j8 -l8
[0.725s] DEBUG:colcon.colcon_core.event_handler.log_command:Invoked command in '/home/shrek/shrek_ws/build/to_place' returned '0': CMAKE_PREFIX_PATH=${CMAKE_PREFIX_PATH}:/home/shrek/shrek_ws/install/follow_waypoints:/opt/ros/foxy /usr/bin/cmake --build /home/shrek/shrek_ws/build/to_place -- -j8 -l8
[0.740s] Level 1:colcon.colcon_core.environment:create_environment_scripts_only(gazebo_ros2_control)
[0.741s] DEBUG:colcon.colcon_core.event_handler.log_command:Invoked command in '/home/shrek/shrek_ws/build/gazebo_ros2_control' returned '0': CMAKE_PREFIX_PATH=${CMAKE_PREFIX_PATH}:/home/shrek/shrek_ws/install/follow_waypoints:/opt/ros/foxy /usr/bin/cmake --install /home/shrek/shrek_ws/build/gazebo_ros2_control
[0.747s] Level 1:colcon.colcon_core.environment:checking '/home/shrek/shrek_ws/install/gazebo_ros2_control' for CMake module files
[0.748s] Level 1:colcon.colcon_core.environment:checking '/home/shrek/shrek_ws/install/gazebo_ros2_control' for CMake config files
[0.748s] Level 1:colcon.colcon_core.shell:create_environment_hook('gazebo_ros2_control', 'cmake_prefix_path')
[0.750s] INFO:colcon.colcon_core.shell:Creating environment hook '/home/shrek/shrek_ws/install/gazebo_ros2_control/share/gazebo_ros2_control/hook/cmake_prefix_path.ps1'
[0.751s] INFO:colcon.colcon_core.shell:Creating environment descriptor '/home/shrek/shrek_ws/install/gazebo_ros2_control/share/gazebo_ros2_control/hook/cmake_prefix_path.dsv'
[0.751s] INFO:colcon.colcon_core.shell:Creating environment hook '/home/shrek/shrek_ws/install/gazebo_ros2_control/share/gazebo_ros2_control/hook/cmake_prefix_path.sh'
[0.752s] Level 1:colcon.colcon_core.environment:checking '/home/shrek/shrek_ws/install/gazebo_ros2_control/lib'
[0.752s] Level 1:colcon.colcon_core.shell:create_environment_hook('gazebo_ros2_control', 'ld_library_path_lib')
[0.754s] INFO:colcon.colcon_core.shell:Creating environment hook '/home/shrek/shrek_ws/install/gazebo_ros2_control/share/gazebo_ros2_control/hook/ld_library_path_lib.ps1'
[0.754s] INFO:colcon.colcon_core.shell:Creating environment descriptor '/home/shrek/shrek_ws/install/gazebo_ros2_control/share/gazebo_ros2_control/hook/ld_library_path_lib.dsv'
[0.755s] INFO:colcon.colcon_core.shell:Creating environment hook '/home/shrek/shrek_ws/install/gazebo_ros2_control/share/gazebo_ros2_control/hook/ld_library_path_lib.sh'
[0.755s] Level 1:colcon.colcon_core.environment:checking '/home/shrek/shrek_ws/install/gazebo_ros2_control/bin'
[0.755s] Level 1:colcon.colcon_core.environment:checking '/home/shrek/shrek_ws/install/gazebo_ros2_control/lib/pkgconfig/gazebo_ros2_control.pc'
[0.755s] Level 1:colcon.colcon_core.environment:checking '/home/shrek/shrek_ws/install/gazebo_ros2_control/lib/python3.8/site-packages'
[0.755s] Level 1:colcon.colcon_core.environment:checking '/home/shrek/shrek_ws/install/gazebo_ros2_control/bin'
[0.757s] INFO:colcon.colcon_core.shell:Creating package script '/home/shrek/shrek_ws/install/gazebo_ros2_control/share/gazebo_ros2_control/package.ps1'
[0.758s] INFO:colcon.colcon_core.shell:Creating package descriptor '/home/shrek/shrek_ws/install/gazebo_ros2_control/share/gazebo_ros2_control/package.dsv'
[0.758s] INFO:colcon.colcon_core.shell:Creating package script '/home/shrek/shrek_ws/install/gazebo_ros2_control/share/gazebo_ros2_control/package.sh'
[0.758s] INFO:colcon.colcon_core.shell:Creating package script '/home/shrek/shrek_ws/install/gazebo_ros2_control/share/gazebo_ros2_control/package.bash'
[0.759s] INFO:colcon.colcon_core.shell:Creating package script '/home/shrek/shrek_ws/install/gazebo_ros2_control/share/gazebo_ros2_control/package.zsh'
[0.759s] Level 1:colcon.colcon_core.environment:create_file_with_runtime_dependencies(/home/shrek/shrek_ws/install/gazebo_ros2_control/share/colcon-core/packages/gazebo_ros2_control)
[0.763s] Level 1:colcon.colcon_core.environment:create_environment_scripts_only(serial)
[0.766s] Level 1:colcon.colcon_core.environment:checking '/home/shrek/shrek_ws/install/serial' for CMake module files
[0.766s] DEBUG:colcon.colcon_core.event_handler.log_command:Invoked command in '/home/shrek/shrek_ws/build/serial' returned '0': CMAKE_PREFIX_PATH=${CMAKE_PREFIX_PATH}:/home/shrek/shrek_ws/install/follow_waypoints:/opt/ros/foxy /usr/bin/cmake --install /home/shrek/shrek_ws/build/serial
[0.767s] Level 1:colcon.colcon_core.environment:checking '/home/shrek/shrek_ws/install/serial' for CMake config files
[0.767s] Level 1:colcon.colcon_core.shell:create_environment_hook('serial', 'cmake_prefix_path')
[0.768s] INFO:colcon.colcon_core.shell:Creating environment hook '/home/shrek/shrek_ws/install/serial/share/serial/hook/cmake_prefix_path.ps1'
[0.768s] INFO:colcon.colcon_core.shell:Creating environment descriptor '/home/shrek/shrek_ws/install/serial/share/serial/hook/cmake_prefix_path.dsv'
[0.769s] INFO:colcon.colcon_core.shell:Creating environment hook '/home/shrek/shrek_ws/install/serial/share/serial/hook/cmake_prefix_path.sh'
[0.769s] Level 1:colcon.colcon_core.environment:checking '/home/shrek/shrek_ws/install/serial/lib'
[0.769s] Level 1:colcon.colcon_core.environment:checking '/home/shrek/shrek_ws/install/serial/bin'
[0.769s] Level 1:colcon.colcon_core.environment:checking '/home/shrek/shrek_ws/install/serial/lib/pkgconfig/serial.pc'
[0.769s] Level 1:colcon.colcon_core.environment:checking '/home/shrek/shrek_ws/install/serial/lib/python3.8/site-packages'
[0.770s] Level 1:colcon.colcon_core.environment:checking '/home/shrek/shrek_ws/install/serial/bin'
[0.771s] INFO:colcon.colcon_core.shell:Creating package script '/home/shrek/shrek_ws/install/serial/share/serial/package.ps1'
[0.771s] INFO:colcon.colcon_core.shell:Creating package descriptor '/home/shrek/shrek_ws/install/serial/share/serial/package.dsv'
[0.772s] INFO:colcon.colcon_core.shell:Creating package script '/home/shrek/shrek_ws/install/serial/share/serial/package.sh'
[0.772s] INFO:colcon.colcon_core.shell:Creating package script '/home/shrek/shrek_ws/install/serial/share/serial/package.bash'
[0.772s] INFO:colcon.colcon_core.shell:Creating package script '/home/shrek/shrek_ws/install/serial/share/serial/package.zsh'
[0.772s] Level 1:colcon.colcon_core.environment:create_file_with_runtime_dependencies(/home/shrek/shrek_ws/install/serial/share/colcon-core/packages/serial)
[0.776s] Level 1:colcon.colcon_core.environment:create_environment_scripts_only(goalxy)
[0.779s] Level 1:colcon.colcon_core.environment:checking '/home/shrek/shrek_ws/install/goalxy' for CMake module files
[0.780s] DEBUG:colcon.colcon_core.event_handler.log_command:Invoked command in '/home/shrek/shrek_ws/build/goalxy' returned '0': CMAKE_PREFIX_PATH=${CMAKE_PREFIX_PATH}:/home/shrek/shrek_ws/install/follow_waypoints:/opt/ros/foxy /usr/bin/cmake --install /home/shrek/shrek_ws/build/goalxy
[0.781s] Level 1:colcon.colcon_core.environment:checking '/home/shrek/shrek_ws/install/goalxy' for CMake config files
[0.781s] Level 1:colcon.colcon_core.shell:create_environment_hook('goalxy', 'cmake_prefix_path')
[0.782s] INFO:colcon.colcon_core.shell:Creating environment hook '/home/shrek/shrek_ws/install/goalxy/share/goalxy/hook/cmake_prefix_path.ps1'
[0.783s] INFO:colcon.colcon_core.shell:Creating environment descriptor '/home/shrek/shrek_ws/install/goalxy/share/goalxy/hook/cmake_prefix_path.dsv'
[0.783s] INFO:colcon.colcon_core.shell:Creating environment hook '/home/shrek/shrek_ws/install/goalxy/share/goalxy/hook/cmake_prefix_path.sh'
[0.784s] Level 1:colcon.colcon_core.environment:checking '/home/shrek/shrek_ws/install/goalxy/lib'
[0.784s] Level 1:colcon.colcon_core.environment:checking '/home/shrek/shrek_ws/install/goalxy/bin'
[0.784s] Level 1:colcon.colcon_core.environment:checking '/home/shrek/shrek_ws/install/goalxy/lib/pkgconfig/goalxy.pc'
[0.784s] Level 1:colcon.colcon_core.environment:checking '/home/shrek/shrek_ws/install/goalxy/lib/python3.8/site-packages'
[0.784s] Level 1:colcon.colcon_core.environment:checking '/home/shrek/shrek_ws/install/goalxy/bin'
[0.786s] INFO:colcon.colcon_core.shell:Creating package script '/home/shrek/shrek_ws/install/goalxy/share/goalxy/package.ps1'
[0.787s] INFO:colcon.colcon_core.shell:Creating package descriptor '/home/shrek/shrek_ws/install/goalxy/share/goalxy/package.dsv'
[0.787s] INFO:colcon.colcon_core.shell:Creating package script '/home/shrek/shrek_ws/install/goalxy/share/goalxy/package.sh'
[0.787s] INFO:colcon.colcon_core.shell:Creating package script '/home/shrek/shrek_ws/install/goalxy/share/goalxy/package.bash'
[0.788s] INFO:colcon.colcon_core.shell:Creating package script '/home/shrek/shrek_ws/install/goalxy/share/goalxy/package.zsh'
[0.788s] Level 1:colcon.colcon_core.environment:create_file_with_runtime_dependencies(/home/shrek/shrek_ws/install/goalxy/share/colcon-core/packages/goalxy)
[0.794s] DEBUG:colcon.colcon_core.event_handler.log_command:Invoking command in '/home/shrek/shrek_ws/build/my_bot': CMAKE_PREFIX_PATH=${CMAKE_PREFIX_PATH}:/home/shrek/shrek_ws/install/follow_waypoints:/opt/ros/foxy /usr/bin/cmake --install /home/shrek/shrek_ws/build/my_bot
[0.800s] DEBUG:colcon.colcon_core.event_handler.log_command:Invoking command in '/home/shrek/shrek_ws/build/to_place': CMAKE_PREFIX_PATH=${CMAKE_PREFIX_PATH}:/home/shrek/shrek_ws/install/follow_waypoints:/opt/ros/foxy /usr/bin/cmake --install /home/shrek/shrek_ws/build/to_place
[0.803s] Level 1:colcon.colcon_core.environment:create_environment_scripts_only(gazebo_ros2_control)
[0.807s] Level 1:colcon.colcon_core.environment:checking '/home/shrek/shrek_ws/install/gazebo_ros2_control' for CMake module files
[0.808s] Level 1:colcon.colcon_core.environment:checking '/home/shrek/shrek_ws/install/gazebo_ros2_control' for CMake config files
[0.812s] Level 1:colcon.colcon_core.shell:create_environment_hook('gazebo_ros2_control', 'cmake_prefix_path')
[0.813s] INFO:colcon.colcon_core.shell:Creating environment hook '/home/shrek/shrek_ws/install/gazebo_ros2_control/share/gazebo_ros2_control/hook/cmake_prefix_path.ps1'
[0.816s] INFO:colcon.colcon_core.shell:Creating environment descriptor '/home/shrek/shrek_ws/install/gazebo_ros2_control/share/gazebo_ros2_control/hook/cmake_prefix_path.dsv'
[0.818s] INFO:colcon.colcon_core.shell:Creating environment hook '/home/shrek/shrek_ws/install/gazebo_ros2_control/share/gazebo_ros2_control/hook/cmake_prefix_path.sh'
[0.819s] Level 1:colcon.colcon_core.environment:checking '/home/shrek/shrek_ws/install/gazebo_ros2_control/lib'
[0.820s] Level 1:colcon.colcon_core.shell:create_environment_hook('gazebo_ros2_control', 'ld_library_path_lib')
[0.821s] INFO:colcon.colcon_core.shell:Creating environment hook '/home/shrek/shrek_ws/install/gazebo_ros2_control/share/gazebo_ros2_control/hook/ld_library_path_lib.ps1'
[0.822s] INFO:colcon.colcon_core.shell:Creating environment descriptor '/home/shrek/shrek_ws/install/gazebo_ros2_control/share/gazebo_ros2_control/hook/ld_library_path_lib.dsv'
[0.825s] INFO:colcon.colcon_core.shell:Creating environment hook '/home/shrek/shrek_ws/install/gazebo_ros2_control/share/gazebo_ros2_control/hook/ld_library_path_lib.sh'
[0.826s] Level 1:colcon.colcon_core.environment:checking '/home/shrek/shrek_ws/install/gazebo_ros2_control/bin'
[0.826s] Level 1:colcon.colcon_core.environment:checking '/home/shrek/shrek_ws/install/gazebo_ros2_control/lib/pkgconfig/gazebo_ros2_control.pc'
[0.826s] Level 1:colcon.colcon_core.environment:checking '/home/shrek/shrek_ws/install/gazebo_ros2_control/lib/python3.8/site-packages'
[0.826s] Level 1:colcon.colcon_core.environment:checking '/home/shrek/shrek_ws/install/gazebo_ros2_control/bin'
[0.828s] INFO:colcon.colcon_core.shell:Creating package script '/home/shrek/shrek_ws/install/gazebo_ros2_control/share/gazebo_ros2_control/package.ps1'
[0.830s] INFO:colcon.colcon_core.shell:Creating package descriptor '/home/shrek/shrek_ws/install/gazebo_ros2_control/share/gazebo_ros2_control/package.dsv'
[0.830s] INFO:colcon.colcon_core.shell:Creating package script '/home/shrek/shrek_ws/install/gazebo_ros2_control/share/gazebo_ros2_control/package.sh'
[0.831s] INFO:colcon.colcon_core.shell:Creating package script '/home/shrek/shrek_ws/install/gazebo_ros2_control/share/gazebo_ros2_control/package.bash'
[0.831s] INFO:colcon.colcon_core.shell:Creating package script '/home/shrek/shrek_ws/install/gazebo_ros2_control/share/gazebo_ros2_control/package.zsh'
[0.832s] Level 1:colcon.colcon_core.environment:create_file_with_runtime_dependencies(/home/shrek/shrek_ws/install/gazebo_ros2_control/share/colcon-core/packages/gazebo_ros2_control)
[0.833s] INFO:colcon.colcon_ros.task.ament_cmake.build:Building ROS package in '/home/shrek/shrek_ws/src/gazebo_ros2_control/gazebo_ros2_control_demos' with build type 'ament_cmake'
[0.834s] INFO:colcon.colcon_cmake.task.cmake.build:Building CMake package in '/home/shrek/shrek_ws/src/gazebo_ros2_control/gazebo_ros2_control_demos'
[0.835s] INFO:colcon.colcon_core.shell:Skip shell extension 'powershell' for command environment: Not usable outside of PowerShell
[0.836s] DEBUG:colcon.colcon_core.shell:Skip shell extension 'dsv' for command environment
[0.843s] Level 1:colcon.colcon_core.environment:create_environment_scripts_only(to_place)
[0.843s] DEBUG:colcon.colcon_core.event_handler.log_command:Invoked command in '/home/shrek/shrek_ws/build/to_place' returned '0': CMAKE_PREFIX_PATH=${CMAKE_PREFIX_PATH}:/home/shrek/shrek_ws/install/follow_waypoints:/opt/ros/foxy /usr/bin/cmake --install /home/shrek/shrek_ws/build/to_place
[0.846s] Level 1:colcon.colcon_core.environment:checking '/home/shrek/shrek_ws/install/to_place' for CMake module files
[0.847s] Level 1:colcon.colcon_core.environment:checking '/home/shrek/shrek_ws/install/to_place' for CMake config files
[0.848s] Level 1:colcon.colcon_core.shell:create_environment_hook('to_place', 'cmake_prefix_path')
[0.849s] INFO:colcon.colcon_core.shell:Creating environment hook '/home/shrek/shrek_ws/install/to_place/share/to_place/hook/cmake_prefix_path.ps1'
[0.850s] INFO:colcon.colcon_core.shell:Creating environment descriptor '/home/shrek/shrek_ws/install/to_place/share/to_place/hook/cmake_prefix_path.dsv'
[0.850s] INFO:colcon.colcon_core.shell:Creating environment hook '/home/shrek/shrek_ws/install/to_place/share/to_place/hook/cmake_prefix_path.sh'
[0.851s] Level 1:colcon.colcon_core.environment:checking '/home/shrek/shrek_ws/install/to_place/lib'
[0.851s] Level 1:colcon.colcon_core.environment:checking '/home/shrek/shrek_ws/install/to_place/bin'
[0.851s] Level 1:colcon.colcon_core.environment:checking '/home/shrek/shrek_ws/install/to_place/lib/pkgconfig/to_place.pc'
[0.851s] Level 1:colcon.colcon_core.environment:checking '/home/shrek/shrek_ws/install/to_place/lib/python3.8/site-packages'
[0.851s] Level 1:colcon.colcon_core.environment:checking '/home/shrek/shrek_ws/install/to_place/bin'
[0.853s] INFO:colcon.colcon_core.shell:Creating package script '/home/shrek/shrek_ws/install/to_place/share/to_place/package.ps1'
[0.853s] INFO:colcon.colcon_core.shell:Creating package descriptor '/home/shrek/shrek_ws/install/to_place/share/to_place/package.dsv'
[0.853s] INFO:colcon.colcon_core.shell:Creating package script '/home/shrek/shrek_ws/install/to_place/share/to_place/package.sh'
[0.854s] INFO:colcon.colcon_core.shell:Creating package script '/home/shrek/shrek_ws/install/to_place/share/to_place/package.bash'
[0.854s] INFO:colcon.colcon_core.shell:Creating package script '/home/shrek/shrek_ws/install/to_place/share/to_place/package.zsh'
[0.854s] Level 1:colcon.colcon_core.environment:create_file_with_runtime_dependencies(/home/shrek/shrek_ws/install/to_place/share/colcon-core/packages/to_place)
[0.861s] Level 1:colcon.colcon_core.environment:create_environment_scripts_only(serial)
[0.864s] Level 1:colcon.colcon_core.environment:checking '/home/shrek/shrek_ws/install/serial' for CMake module files
[0.864s] Level 1:colcon.colcon_core.environment:checking '/home/shrek/shrek_ws/install/serial' for CMake config files
[0.865s] Level 1:colcon.colcon_core.shell:create_environment_hook('serial', 'cmake_prefix_path')
[0.866s] INFO:colcon.colcon_core.shell:Creating environment hook '/home/shrek/shrek_ws/install/serial/share/serial/hook/cmake_prefix_path.ps1'
[0.867s] INFO:colcon.colcon_core.shell:Creating environment descriptor '/home/shrek/shrek_ws/install/serial/share/serial/hook/cmake_prefix_path.dsv'
[0.867s] INFO:colcon.colcon_core.shell:Creating environment hook '/home/shrek/shrek_ws/install/serial/share/serial/hook/cmake_prefix_path.sh'
[0.868s] Level 1:colcon.colcon_core.environment:checking '/home/shrek/shrek_ws/install/serial/lib'
[0.868s] Level 1:colcon.colcon_core.environment:checking '/home/shrek/shrek_ws/install/serial/bin'
[0.868s] Level 1:colcon.colcon_core.environment:checking '/home/shrek/shrek_ws/install/serial/lib/pkgconfig/serial.pc'
[0.868s] Level 1:colcon.colcon_core.environment:checking '/home/shrek/shrek_ws/install/serial/lib/python3.8/site-packages'
[0.868s] Level 1:colcon.colcon_core.environment:checking '/home/shrek/shrek_ws/install/serial/bin'
[0.869s] INFO:colcon.colcon_core.shell:Creating package script '/home/shrek/shrek_ws/install/serial/share/serial/package.ps1'
[0.870s] INFO:colcon.colcon_core.shell:Creating package descriptor '/home/shrek/shrek_ws/install/serial/share/serial/package.dsv'
[0.870s] INFO:colcon.colcon_core.shell:Creating package script '/home/shrek/shrek_ws/install/serial/share/serial/package.sh'
[0.870s] INFO:colcon.colcon_core.shell:Creating package script '/home/shrek/shrek_ws/install/serial/share/serial/package.bash'
[0.870s] INFO:colcon.colcon_core.shell:Creating package script '/home/shrek/shrek_ws/install/serial/share/serial/package.zsh'
[0.871s] Level 1:colcon.colcon_core.environment:create_file_with_runtime_dependencies(/home/shrek/shrek_ws/install/serial/share/colcon-core/packages/serial)
[0.872s] Level 1:colcon.colcon_core.environment:create_environment_scripts_only(goalxy)
[0.874s] Level 1:colcon.colcon_core.environment:checking '/home/shrek/shrek_ws/install/goalxy' for CMake module files
[0.876s] Level 1:colcon.colcon_core.environment:checking '/home/shrek/shrek_ws/install/goalxy' for CMake config files
[0.876s] Level 1:colcon.colcon_core.shell:create_environment_hook('goalxy', 'cmake_prefix_path')
[0.878s] INFO:colcon.colcon_core.shell:Creating environment hook '/home/shrek/shrek_ws/install/goalxy/share/goalxy/hook/cmake_prefix_path.ps1'
[0.878s] INFO:colcon.colcon_core.shell:Creating environment descriptor '/home/shrek/shrek_ws/install/goalxy/share/goalxy/hook/cmake_prefix_path.dsv'
[0.879s] INFO:colcon.colcon_core.shell:Creating environment hook '/home/shrek/shrek_ws/install/goalxy/share/goalxy/hook/cmake_prefix_path.sh'
[0.879s] Level 1:colcon.colcon_core.environment:checking '/home/shrek/shrek_ws/install/goalxy/lib'
[0.879s] Level 1:colcon.colcon_core.environment:checking '/home/shrek/shrek_ws/install/goalxy/bin'
[0.879s] Level 1:colcon.colcon_core.environment:checking '/home/shrek/shrek_ws/install/goalxy/lib/pkgconfig/goalxy.pc'
[0.879s] Level 1:colcon.colcon_core.environment:checking '/home/shrek/shrek_ws/install/goalxy/lib/python3.8/site-packages'
[0.880s] Level 1:colcon.colcon_core.environment:checking '/home/shrek/shrek_ws/install/goalxy/bin'
[0.881s] INFO:colcon.colcon_core.shell:Creating package script '/home/shrek/shrek_ws/install/goalxy/share/goalxy/package.ps1'
[0.881s] INFO:colcon.colcon_core.shell:Creating package descriptor '/home/shrek/shrek_ws/install/goalxy/share/goalxy/package.dsv'
[0.882s] INFO:colcon.colcon_core.shell:Creating package script '/home/shrek/shrek_ws/install/goalxy/share/goalxy/package.sh'
[0.882s] INFO:colcon.colcon_core.shell:Creating package script '/home/shrek/shrek_ws/install/goalxy/share/goalxy/package.bash'
[0.882s] INFO:colcon.colcon_core.shell:Creating package script '/home/shrek/shrek_ws/install/goalxy/share/goalxy/package.zsh'
[0.883s] Level 1:colcon.colcon_core.environment:create_file_with_runtime_dependencies(/home/shrek/shrek_ws/install/goalxy/share/colcon-core/packages/goalxy)
[0.884s] Level 1:colcon.colcon_core.environment:create_environment_scripts_only(my_bot)
[0.885s] Level 1:colcon.colcon_core.environment:checking '/home/shrek/shrek_ws/install/my_bot' for CMake module files
[0.886s] DEBUG:colcon.colcon_core.event_handler.log_command:Invoked command in '/home/shrek/shrek_ws/build/my_bot' returned '0': CMAKE_PREFIX_PATH=${CMAKE_PREFIX_PATH}:/home/shrek/shrek_ws/install/follow_waypoints:/opt/ros/foxy /usr/bin/cmake --install /home/shrek/shrek_ws/build/my_bot
[0.886s] Level 1:colcon.colcon_core.environment:checking '/home/shrek/shrek_ws/install/my_bot' for CMake config files
[0.886s] Level 1:colcon.colcon_core.shell:create_environment_hook('my_bot', 'cmake_prefix_path')
[0.888s] INFO:colcon.colcon_core.shell:Creating environment hook '/home/shrek/shrek_ws/install/my_bot/share/my_bot/hook/cmake_prefix_path.ps1'
[0.888s] INFO:colcon.colcon_core.shell:Creating environment descriptor '/home/shrek/shrek_ws/install/my_bot/share/my_bot/hook/cmake_prefix_path.dsv'
[0.888s] INFO:colcon.colcon_core.shell:Creating environment hook '/home/shrek/shrek_ws/install/my_bot/share/my_bot/hook/cmake_prefix_path.sh'
[0.889s] Level 1:colcon.colcon_core.environment:checking '/home/shrek/shrek_ws/install/my_bot/bin'
[0.889s] Level 1:colcon.colcon_core.environment:checking '/home/shrek/shrek_ws/install/my_bot/lib/pkgconfig/my_bot.pc'
[0.889s] Level 1:colcon.colcon_core.environment:checking '/home/shrek/shrek_ws/install/my_bot/lib/python3.8/site-packages'
[0.889s] Level 1:colcon.colcon_core.environment:checking '/home/shrek/shrek_ws/install/my_bot/bin'
[0.890s] INFO:colcon.colcon_core.shell:Creating package script '/home/shrek/shrek_ws/install/my_bot/share/my_bot/package.ps1'
[0.891s] INFO:colcon.colcon_core.shell:Creating package descriptor '/home/shrek/shrek_ws/install/my_bot/share/my_bot/package.dsv'
[0.891s] INFO:colcon.colcon_core.shell:Creating package script '/home/shrek/shrek_ws/install/my_bot/share/my_bot/package.sh'
[0.891s] INFO:colcon.colcon_core.shell:Creating package script '/home/shrek/shrek_ws/install/my_bot/share/my_bot/package.bash'
[0.892s] INFO:colcon.colcon_core.shell:Creating package script '/home/shrek/shrek_ws/install/my_bot/share/my_bot/package.zsh'
[0.892s] Level 1:colcon.colcon_core.environment:create_file_with_runtime_dependencies(/home/shrek/shrek_ws/install/my_bot/share/colcon-core/packages/my_bot)
[0.895s] INFO:colcon.colcon_ros.task.ament_cmake.build:Building ROS package in '/home/shrek/shrek_ws/src/diffdrive_arduino' with build type 'ament_cmake'
[0.896s] INFO:colcon.colcon_cmake.task.cmake.build:Building CMake package in '/home/shrek/shrek_ws/src/diffdrive_arduino'
[0.897s] INFO:colcon.colcon_core.shell:Skip shell extension 'powershell' for command environment: Not usable outside of PowerShell
[0.897s] DEBUG:colcon.colcon_core.shell:Skip shell extension 'dsv' for command environment
[0.916s] DEBUG:colcon.colcon_core.event_handler.log_command:Invoking command in '/home/shrek/shrek_ws/build/gazebo_ros2_control_demos': CMAKE_PREFIX_PATH=/home/shrek/shrek_ws/install/gazebo_ros2_control:/home/shrek/shrek_ws/install/to_place:/home/shrek/shrek_ws/install/diffdrive_arduino:/home/shrek/shrek_ws/install/serial:/home/shrek/shrek_ws/install/my_bot:/home/shrek/shrek_ws/install/goalxy:/home/shrek/shrek_ws/install/gazebo_ros2_control_demos:/home/shrek/shrek_ws/install/follow_waypoints:/opt/ros/foxy LD_LIBRARY_PATH=/home/shrek/shrek_ws/install/gazebo_ros2_control/lib:/home/shrek/shrek_ws/install/diffdrive_arduino/lib:/home/shrek/shrek_ws/install/serial/lib:/usr/lib/x86_64-linux-gnu/gazebo-11/plugins:/opt/ros/foxy/opt/yaml_cpp_vendor/lib:/opt/ros/foxy/opt/rviz_ogre_vendor/lib:/opt/ros/foxy/lib/x86_64-linux-gnu:/opt/ros/foxy/lib /usr/bin/cmake --build /home/shrek/shrek_ws/build/gazebo_ros2_control_demos -- -j8 -l8
[0.919s] Level 1:colcon.colcon_core.environment:create_environment_scripts_only(to_place)
[0.921s] Level 1:colcon.colcon_core.environment:checking '/home/shrek/shrek_ws/install/to_place' for CMake module files
[0.922s] Level 1:colcon.colcon_core.environment:checking '/home/shrek/shrek_ws/install/to_place' for CMake config files
[0.922s] Level 1:colcon.colcon_core.shell:create_environment_hook('to_place', 'cmake_prefix_path')
[0.924s] INFO:colcon.colcon_core.shell:Creating environment hook '/home/shrek/shrek_ws/install/to_place/share/to_place/hook/cmake_prefix_path.ps1'
[0.925s] INFO:colcon.colcon_core.shell:Creating environment descriptor '/home/shrek/shrek_ws/install/to_place/share/to_place/hook/cmake_prefix_path.dsv'
[0.925s] INFO:colcon.colcon_core.shell:Creating environment hook '/home/shrek/shrek_ws/install/to_place/share/to_place/hook/cmake_prefix_path.sh'
[0.926s] Level 1:colcon.colcon_core.environment:checking '/home/shrek/shrek_ws/install/to_place/lib'
[0.926s] Level 1:colcon.colcon_core.environment:checking '/home/shrek/shrek_ws/install/to_place/bin'
[0.926s] Level 1:colcon.colcon_core.environment:checking '/home/shrek/shrek_ws/install/to_place/lib/pkgconfig/to_place.pc'
[0.926s] Level 1:colcon.colcon_core.environment:checking '/home/shrek/shrek_ws/install/to_place/lib/python3.8/site-packages'
[0.927s] Level 1:colcon.colcon_core.environment:checking '/home/shrek/shrek_ws/install/to_place/bin'
[0.928s] INFO:colcon.colcon_core.shell:Creating package script '/home/shrek/shrek_ws/install/to_place/share/to_place/package.ps1'
[0.929s] INFO:colcon.colcon_core.shell:Creating package descriptor '/home/shrek/shrek_ws/install/to_place/share/to_place/package.dsv'
[0.929s] INFO:colcon.colcon_core.shell:Creating package script '/home/shrek/shrek_ws/install/to_place/share/to_place/package.sh'
[0.930s] INFO:colcon.colcon_core.shell:Creating package script '/home/shrek/shrek_ws/install/to_place/share/to_place/package.bash'
[0.930s] INFO:colcon.colcon_core.shell:Creating package script '/home/shrek/shrek_ws/install/to_place/share/to_place/package.zsh'
[0.930s] Level 1:colcon.colcon_core.environment:create_file_with_runtime_dependencies(/home/shrek/shrek_ws/install/to_place/share/colcon-core/packages/to_place)
[0.936s] DEBUG:colcon.colcon_core.event_handler.log_command:Invoking command in '/home/shrek/shrek_ws/build/diffdrive_arduino': CMAKE_PREFIX_PATH=/home/shrek/shrek_ws/install/serial:/home/shrek/shrek_ws/install/to_place:/home/shrek/shrek_ws/install/diffdrive_arduino:/home/shrek/shrek_ws/install/my_bot:/home/shrek/shrek_ws/install/goalxy:/home/shrek/shrek_ws/install/gazebo_ros2_control_demos:/home/shrek/shrek_ws/install/gazebo_ros2_control:/home/shrek/shrek_ws/install/follow_waypoints:/opt/ros/foxy /usr/bin/cmake --build /home/shrek/shrek_ws/build/diffdrive_arduino -- -j8 -l8
[0.940s] Level 1:colcon.colcon_core.environment:create_environment_scripts_only(my_bot)
[0.943s] Level 1:colcon.colcon_core.environment:checking '/home/shrek/shrek_ws/install/my_bot' for CMake module files
[0.944s] Level 1:colcon.colcon_core.environment:checking '/home/shrek/shrek_ws/install/my_bot' for CMake config files
[0.945s] Level 1:colcon.colcon_core.shell:create_environment_hook('my_bot', 'cmake_prefix_path')
[0.947s] INFO:colcon.colcon_core.shell:Creating environment hook '/home/shrek/shrek_ws/install/my_bot/share/my_bot/hook/cmake_prefix_path.ps1'
[0.948s] INFO:colcon.colcon_core.shell:Creating environment descriptor '/home/shrek/shrek_ws/install/my_bot/share/my_bot/hook/cmake_prefix_path.dsv'
[0.948s] INFO:colcon.colcon_core.shell:Creating environment hook '/home/shrek/shrek_ws/install/my_bot/share/my_bot/hook/cmake_prefix_path.sh'
[0.949s] Level 1:colcon.colcon_core.environment:checking '/home/shrek/shrek_ws/install/my_bot/bin'
[0.949s] Level 1:colcon.colcon_core.environment:checking '/home/shrek/shrek_ws/install/my_bot/lib/pkgconfig/my_bot.pc'
[0.950s] Level 1:colcon.colcon_core.environment:checking '/home/shrek/shrek_ws/install/my_bot/lib/python3.8/site-packages'
[0.950s] Level 1:colcon.colcon_core.environment:checking '/home/shrek/shrek_ws/install/my_bot/bin'
[0.952s] INFO:colcon.colcon_core.shell:Creating package script '/home/shrek/shrek_ws/install/my_bot/share/my_bot/package.ps1'
[0.953s] INFO:colcon.colcon_core.shell:Creating package descriptor '/home/shrek/shrek_ws/install/my_bot/share/my_bot/package.dsv'
[0.954s] INFO:colcon.colcon_core.shell:Creating package script '/home/shrek/shrek_ws/install/my_bot/share/my_bot/package.sh'
[0.955s] INFO:colcon.colcon_core.shell:Creating package script '/home/shrek/shrek_ws/install/my_bot/share/my_bot/package.bash'
[0.955s] INFO:colcon.colcon_core.shell:Creating package script '/home/shrek/shrek_ws/install/my_bot/share/my_bot/package.zsh'
[0.956s] Level 1:colcon.colcon_core.environment:create_file_with_runtime_dependencies(/home/shrek/shrek_ws/install/my_bot/share/colcon-core/packages/my_bot)
[1.029s] DEBUG:colcon.colcon_core.event_handler.log_command:Invoked command in '/home/shrek/shrek_ws/build/gazebo_ros2_control_demos' returned '0': CMAKE_PREFIX_PATH=/home/shrek/shrek_ws/install/gazebo_ros2_control:/home/shrek/shrek_ws/install/to_place:/home/shrek/shrek_ws/install/diffdrive_arduino:/home/shrek/shrek_ws/install/serial:/home/shrek/shrek_ws/install/my_bot:/home/shrek/shrek_ws/install/goalxy:/home/shrek/shrek_ws/install/gazebo_ros2_control_demos:/home/shrek/shrek_ws/install/follow_waypoints:/opt/ros/foxy LD_LIBRARY_PATH=/home/shrek/shrek_ws/install/gazebo_ros2_control/lib:/home/shrek/shrek_ws/install/diffdrive_arduino/lib:/home/shrek/shrek_ws/install/serial/lib:/usr/lib/x86_64-linux-gnu/gazebo-11/plugins:/opt/ros/foxy/opt/yaml_cpp_vendor/lib:/opt/ros/foxy/opt/rviz_ogre_vendor/lib:/opt/ros/foxy/lib/x86_64-linux-gnu:/opt/ros/foxy/lib /usr/bin/cmake --build /home/shrek/shrek_ws/build/gazebo_ros2_control_demos -- -j8 -l8
[1.045s] DEBUG:colcon.colcon_core.event_handler.log_command:Invoked command in '/home/shrek/shrek_ws/build/diffdrive_arduino' returned '0': CMAKE_PREFIX_PATH=/home/shrek/shrek_ws/install/serial:/home/shrek/shrek_ws/install/to_place:/home/shrek/shrek_ws/install/diffdrive_arduino:/home/shrek/shrek_ws/install/my_bot:/home/shrek/shrek_ws/install/goalxy:/home/shrek/shrek_ws/install/gazebo_ros2_control_demos:/home/shrek/shrek_ws/install/gazebo_ros2_control:/home/shrek/shrek_ws/install/follow_waypoints:/opt/ros/foxy /usr/bin/cmake --build /home/shrek/shrek_ws/build/diffdrive_arduino -- -j8 -l8
[1.063s] DEBUG:colcon.colcon_core.event_handler.log_command:Invoking command in '/home/shrek/shrek_ws/build/gazebo_ros2_control_demos': CMAKE_PREFIX_PATH=/home/shrek/shrek_ws/install/gazebo_ros2_control:/home/shrek/shrek_ws/install/to_place:/home/shrek/shrek_ws/install/diffdrive_arduino:/home/shrek/shrek_ws/install/serial:/home/shrek/shrek_ws/install/my_bot:/home/shrek/shrek_ws/install/goalxy:/home/shrek/shrek_ws/install/gazebo_ros2_control_demos:/home/shrek/shrek_ws/install/follow_waypoints:/opt/ros/foxy LD_LIBRARY_PATH=/home/shrek/shrek_ws/install/gazebo_ros2_control/lib:/home/shrek/shrek_ws/install/diffdrive_arduino/lib:/home/shrek/shrek_ws/install/serial/lib:/usr/lib/x86_64-linux-gnu/gazebo-11/plugins:/opt/ros/foxy/opt/yaml_cpp_vendor/lib:/opt/ros/foxy/opt/rviz_ogre_vendor/lib:/opt/ros/foxy/lib/x86_64-linux-gnu:/opt/ros/foxy/lib /usr/bin/cmake --install /home/shrek/shrek_ws/build/gazebo_ros2_control_demos
[1.080s] DEBUG:colcon.colcon_core.event_handler.log_command:Invoking command in '/home/shrek/shrek_ws/build/diffdrive_arduino': CMAKE_PREFIX_PATH=/home/shrek/shrek_ws/install/serial:/home/shrek/shrek_ws/install/to_place:/home/shrek/shrek_ws/install/diffdrive_arduino:/home/shrek/shrek_ws/install/my_bot:/home/shrek/shrek_ws/install/goalxy:/home/shrek/shrek_ws/install/gazebo_ros2_control_demos:/home/shrek/shrek_ws/install/gazebo_ros2_control:/home/shrek/shrek_ws/install/follow_waypoints:/opt/ros/foxy /usr/bin/cmake --install /home/shrek/shrek_ws/build/diffdrive_arduino
[1.094s] Level 1:colcon.colcon_core.environment:create_environment_scripts_only(gazebo_ros2_control_demos)
[1.097s] Level 1:colcon.colcon_core.environment:checking '/home/shrek/shrek_ws/install/gazebo_ros2_control_demos' for CMake module files
[1.097s] DEBUG:colcon.colcon_core.event_handler.log_command:Invoked command in '/home/shrek/shrek_ws/build/gazebo_ros2_control_demos' returned '0': CMAKE_PREFIX_PATH=/home/shrek/shrek_ws/install/gazebo_ros2_control:/home/shrek/shrek_ws/install/to_place:/home/shrek/shrek_ws/install/diffdrive_arduino:/home/shrek/shrek_ws/install/serial:/home/shrek/shrek_ws/install/my_bot:/home/shrek/shrek_ws/install/goalxy:/home/shrek/shrek_ws/install/gazebo_ros2_control_demos:/home/shrek/shrek_ws/install/follow_waypoints:/opt/ros/foxy LD_LIBRARY_PATH=/home/shrek/shrek_ws/install/gazebo_ros2_control/lib:/home/shrek/shrek_ws/install/diffdrive_arduino/lib:/home/shrek/shrek_ws/install/serial/lib:/usr/lib/x86_64-linux-gnu/gazebo-11/plugins:/opt/ros/foxy/opt/yaml_cpp_vendor/lib:/opt/ros/foxy/opt/rviz_ogre_vendor/lib:/opt/ros/foxy/lib/x86_64-linux-gnu:/opt/ros/foxy/lib /usr/bin/cmake --install /home/shrek/shrek_ws/build/gazebo_ros2_control_demos
[1.099s] Level 1:colcon.colcon_core.environment:checking '/home/shrek/shrek_ws/install/gazebo_ros2_control_demos' for CMake config files
[1.099s] Level 1:colcon.colcon_core.shell:create_environment_hook('gazebo_ros2_control_demos', 'cmake_prefix_path')
[1.101s] INFO:colcon.colcon_core.shell:Creating environment hook '/home/shrek/shrek_ws/install/gazebo_ros2_control_demos/share/gazebo_ros2_control_demos/hook/cmake_prefix_path.ps1'
[1.102s] INFO:colcon.colcon_core.shell:Creating environment descriptor '/home/shrek/shrek_ws/install/gazebo_ros2_control_demos/share/gazebo_ros2_control_demos/hook/cmake_prefix_path.dsv'
[1.102s] INFO:colcon.colcon_core.shell:Creating environment hook '/home/shrek/shrek_ws/install/gazebo_ros2_control_demos/share/gazebo_ros2_control_demos/hook/cmake_prefix_path.sh'
[1.103s] Level 1:colcon.colcon_core.environment:checking '/home/shrek/shrek_ws/install/gazebo_ros2_control_demos/lib'
[1.103s] Level 1:colcon.colcon_core.environment:checking '/home/shrek/shrek_ws/install/gazebo_ros2_control_demos/bin'
[1.103s] Level 1:colcon.colcon_core.environment:checking '/home/shrek/shrek_ws/install/gazebo_ros2_control_demos/lib/pkgconfig/gazebo_ros2_control_demos.pc'
[1.103s] Level 1:colcon.colcon_core.environment:checking '/home/shrek/shrek_ws/install/gazebo_ros2_control_demos/lib/python3.8/site-packages'
[1.103s] Level 1:colcon.colcon_core.environment:checking '/home/shrek/shrek_ws/install/gazebo_ros2_control_demos/bin'
[1.108s] INFO:colcon.colcon_core.shell:Creating package script '/home/shrek/shrek_ws/install/gazebo_ros2_control_demos/share/gazebo_ros2_control_demos/package.ps1'
[1.110s] INFO:colcon.colcon_core.shell:Creating package descriptor '/home/shrek/shrek_ws/install/gazebo_ros2_control_demos/share/gazebo_ros2_control_demos/package.dsv'
[1.110s] INFO:colcon.colcon_core.shell:Creating package script '/home/shrek/shrek_ws/install/gazebo_ros2_control_demos/share/gazebo_ros2_control_demos/package.sh'
[1.111s] INFO:colcon.colcon_core.shell:Creating package script '/home/shrek/shrek_ws/install/gazebo_ros2_control_demos/share/gazebo_ros2_control_demos/package.bash'
[1.111s] INFO:colcon.colcon_core.shell:Creating package script '/home/shrek/shrek_ws/install/gazebo_ros2_control_demos/share/gazebo_ros2_control_demos/package.zsh'
[1.111s] Level 1:colcon.colcon_core.environment:create_file_with_runtime_dependencies(/home/shrek/shrek_ws/install/gazebo_ros2_control_demos/share/colcon-core/packages/gazebo_ros2_control_demos)
[1.118s] Level 1:colcon.colcon_core.environment:create_environment_scripts_only(diffdrive_arduino)
[1.121s] Level 1:colcon.colcon_core.environment:checking '/home/shrek/shrek_ws/install/diffdrive_arduino' for CMake module files
[1.121s] DEBUG:colcon.colcon_core.event_handler.log_command:Invoked command in '/home/shrek/shrek_ws/build/diffdrive_arduino' returned '0': CMAKE_PREFIX_PATH=/home/shrek/shrek_ws/install/serial:/home/shrek/shrek_ws/install/to_place:/home/shrek/shrek_ws/install/diffdrive_arduino:/home/shrek/shrek_ws/install/my_bot:/home/shrek/shrek_ws/install/goalxy:/home/shrek/shrek_ws/install/gazebo_ros2_control_demos:/home/shrek/shrek_ws/install/gazebo_ros2_control:/home/shrek/shrek_ws/install/follow_waypoints:/opt/ros/foxy /usr/bin/cmake --install /home/shrek/shrek_ws/build/diffdrive_arduino
[1.122s] Level 1:colcon.colcon_core.environment:checking '/home/shrek/shrek_ws/install/diffdrive_arduino' for CMake config files
[1.122s] Level 1:colcon.colcon_core.shell:create_environment_hook('diffdrive_arduino', 'cmake_prefix_path')
[1.123s] INFO:colcon.colcon_core.shell:Creating environment hook '/home/shrek/shrek_ws/install/diffdrive_arduino/share/diffdrive_arduino/hook/cmake_prefix_path.ps1'
[1.124s] INFO:colcon.colcon_core.shell:Creating environment descriptor '/home/shrek/shrek_ws/install/diffdrive_arduino/share/diffdrive_arduino/hook/cmake_prefix_path.dsv'
[1.124s] INFO:colcon.colcon_core.shell:Creating environment hook '/home/shrek/shrek_ws/install/diffdrive_arduino/share/diffdrive_arduino/hook/cmake_prefix_path.sh'
[1.125s] Level 1:colcon.colcon_core.environment:checking '/home/shrek/shrek_ws/install/diffdrive_arduino/lib'
[1.125s] Level 1:colcon.colcon_core.shell:create_environment_hook('diffdrive_arduino', 'ld_library_path_lib')
[1.126s] INFO:colcon.colcon_core.shell:Creating environment hook '/home/shrek/shrek_ws/install/diffdrive_arduino/share/diffdrive_arduino/hook/ld_library_path_lib.ps1'
[1.127s] INFO:colcon.colcon_core.shell:Creating environment descriptor '/home/shrek/shrek_ws/install/diffdrive_arduino/share/diffdrive_arduino/hook/ld_library_path_lib.dsv'
[1.127s] INFO:colcon.colcon_core.shell:Creating environment hook '/home/shrek/shrek_ws/install/diffdrive_arduino/share/diffdrive_arduino/hook/ld_library_path_lib.sh'
[1.127s] Level 1:colcon.colcon_core.environment:checking '/home/shrek/shrek_ws/install/diffdrive_arduino/bin'
[1.127s] Level 1:colcon.colcon_core.environment:checking '/home/shrek/shrek_ws/install/diffdrive_arduino/lib/pkgconfig/diffdrive_arduino.pc'
[1.127s] Level 1:colcon.colcon_core.environment:checking '/home/shrek/shrek_ws/install/diffdrive_arduino/lib/python3.8/site-packages'
[1.127s] Level 1:colcon.colcon_core.environment:checking '/home/shrek/shrek_ws/install/diffdrive_arduino/bin'
[1.129s] INFO:colcon.colcon_core.shell:Creating package script '/home/shrek/shrek_ws/install/diffdrive_arduino/share/diffdrive_arduino/package.ps1'
[1.129s] INFO:colcon.colcon_core.shell:Creating package descriptor '/home/shrek/shrek_ws/install/diffdrive_arduino/share/diffdrive_arduino/package.dsv'
[1.130s] INFO:colcon.colcon_core.shell:Creating package script '/home/shrek/shrek_ws/install/diffdrive_arduino/share/diffdrive_arduino/package.sh'
[1.130s] INFO:colcon.colcon_core.shell:Creating package script '/home/shrek/shrek_ws/install/diffdrive_arduino/share/diffdrive_arduino/package.bash'
[1.130s] INFO:colcon.colcon_core.shell:Creating package script '/home/shrek/shrek_ws/install/diffdrive_arduino/share/diffdrive_arduino/package.zsh'
[1.131s] Level 1:colcon.colcon_core.environment:create_file_with_runtime_dependencies(/home/shrek/shrek_ws/install/diffdrive_arduino/share/colcon-core/packages/diffdrive_arduino)
[1.141s] DEBUG:colcon.colcon_core.event_handler.log_command:Invoking command in '/home/shrek/shrek_ws/src/follow_waypoints': PYTHONPATH=/home/shrek/shrek_ws/build/follow_waypoints/prefix_override:/home/shrek/shrek_ws/install/follow_waypoints/lib/python3.8/site-packages:${PYTHONPATH} /usr/bin/python3 setup.py egg_info --egg-base ../../build/follow_waypoints build --build-base /home/shrek/shrek_ws/build/follow_waypoints/build install --record /home/shrek/shrek_ws/build/follow_waypoints/install.log --install-scripts $base/lib/follow_waypoints --single-version-externally-managed
[1.145s] Level 1:colcon.colcon_core.environment:create_environment_scripts_only(gazebo_ros2_control_demos)
[1.147s] Level 1:colcon.colcon_core.environment:checking '/home/shrek/shrek_ws/install/gazebo_ros2_control_demos' for CMake module files
[1.148s] Level 1:colcon.colcon_core.environment:checking '/home/shrek/shrek_ws/install/gazebo_ros2_control_demos' for CMake config files
[1.148s] Level 1:colcon.colcon_core.shell:create_environment_hook('gazebo_ros2_control_demos', 'cmake_prefix_path')
[1.150s] INFO:colcon.colcon_core.shell:Creating environment hook '/home/shrek/shrek_ws/install/gazebo_ros2_control_demos/share/gazebo_ros2_control_demos/hook/cmake_prefix_path.ps1'
[1.150s] INFO:colcon.colcon_core.shell:Creating environment descriptor '/home/shrek/shrek_ws/install/gazebo_ros2_control_demos/share/gazebo_ros2_control_demos/hook/cmake_prefix_path.dsv'
[1.151s] INFO:colcon.colcon_core.shell:Creating environment hook '/home/shrek/shrek_ws/install/gazebo_ros2_control_demos/share/gazebo_ros2_control_demos/hook/cmake_prefix_path.sh'
[1.151s] Level 1:colcon.colcon_core.environment:checking '/home/shrek/shrek_ws/install/gazebo_ros2_control_demos/lib'
[1.151s] Level 1:colcon.colcon_core.environment:checking '/home/shrek/shrek_ws/install/gazebo_ros2_control_demos/bin'
[1.151s] Level 1:colcon.colcon_core.environment:checking '/home/shrek/shrek_ws/install/gazebo_ros2_control_demos/lib/pkgconfig/gazebo_ros2_control_demos.pc'
[1.152s] Level 1:colcon.colcon_core.environment:checking '/home/shrek/shrek_ws/install/gazebo_ros2_control_demos/lib/python3.8/site-packages'
[1.152s] Level 1:colcon.colcon_core.environment:checking '/home/shrek/shrek_ws/install/gazebo_ros2_control_demos/bin'
[1.153s] INFO:colcon.colcon_core.shell:Creating package script '/home/shrek/shrek_ws/install/gazebo_ros2_control_demos/share/gazebo_ros2_control_demos/package.ps1'
[1.154s] INFO:colcon.colcon_core.shell:Creating package descriptor '/home/shrek/shrek_ws/install/gazebo_ros2_control_demos/share/gazebo_ros2_control_demos/package.dsv'
[1.154s] INFO:colcon.colcon_core.shell:Creating package script '/home/shrek/shrek_ws/install/gazebo_ros2_control_demos/share/gazebo_ros2_control_demos/package.sh'
[1.154s] INFO:colcon.colcon_core.shell:Creating package script '/home/shrek/shrek_ws/install/gazebo_ros2_control_demos/share/gazebo_ros2_control_demos/package.bash'
[1.155s] INFO:colcon.colcon_core.shell:Creating package script '/home/shrek/shrek_ws/install/gazebo_ros2_control_demos/share/gazebo_ros2_control_demos/package.zsh'
[1.155s] Level 1:colcon.colcon_core.environment:create_file_with_runtime_dependencies(/home/shrek/shrek_ws/install/gazebo_ros2_control_demos/share/colcon-core/packages/gazebo_ros2_control_demos)
[1.159s] Level 1:colcon.colcon_core.environment:create_environment_scripts_only(diffdrive_arduino)
[1.161s] Level 1:colcon.colcon_core.environment:checking '/home/shrek/shrek_ws/install/diffdrive_arduino' for CMake module files
[1.162s] Level 1:colcon.colcon_core.environment:checking '/home/shrek/shrek_ws/install/diffdrive_arduino' for CMake config files
[1.162s] Level 1:colcon.colcon_core.shell:create_environment_hook('diffdrive_arduino', 'cmake_prefix_path')
[1.164s] INFO:colcon.colcon_core.shell:Creating environment hook '/home/shrek/shrek_ws/install/diffdrive_arduino/share/diffdrive_arduino/hook/cmake_prefix_path.ps1'
[1.164s] INFO:colcon.colcon_core.shell:Creating environment descriptor '/home/shrek/shrek_ws/install/diffdrive_arduino/share/diffdrive_arduino/hook/cmake_prefix_path.dsv'
[1.165s] INFO:colcon.colcon_core.shell:Creating environment hook '/home/shrek/shrek_ws/install/diffdrive_arduino/share/diffdrive_arduino/hook/cmake_prefix_path.sh'
[1.165s] Level 1:colcon.colcon_core.environment:checking '/home/shrek/shrek_ws/install/diffdrive_arduino/lib'
[1.165s] Level 1:colcon.colcon_core.shell:create_environment_hook('diffdrive_arduino', 'ld_library_path_lib')
[1.167s] INFO:colcon.colcon_core.shell:Creating environment hook '/home/shrek/shrek_ws/install/diffdrive_arduino/share/diffdrive_arduino/hook/ld_library_path_lib.ps1'
[1.167s] INFO:colcon.colcon_core.shell:Creating environment descriptor '/home/shrek/shrek_ws/install/diffdrive_arduino/share/diffdrive_arduino/hook/ld_library_path_lib.dsv'
[1.168s] INFO:colcon.colcon_core.shell:Creating environment hook '/home/shrek/shrek_ws/install/diffdrive_arduino/share/diffdrive_arduino/hook/ld_library_path_lib.sh'
[1.168s] Level 1:colcon.colcon_core.environment:checking '/home/shrek/shrek_ws/install/diffdrive_arduino/bin'
[1.168s] Level 1:colcon.colcon_core.environment:checking '/home/shrek/shrek_ws/install/diffdrive_arduino/lib/pkgconfig/diffdrive_arduino.pc'
[1.169s] Level 1:colcon.colcon_core.environment:checking '/home/shrek/shrek_ws/install/diffdrive_arduino/lib/python3.8/site-packages'
[1.169s] Level 1:colcon.colcon_core.environment:checking '/home/shrek/shrek_ws/install/diffdrive_arduino/bin'
[1.170s] INFO:colcon.colcon_core.shell:Creating package script '/home/shrek/shrek_ws/install/diffdrive_arduino/share/diffdrive_arduino/package.ps1'
[1.171s] INFO:colcon.colcon_core.shell:Creating package descriptor '/home/shrek/shrek_ws/install/diffdrive_arduino/share/diffdrive_arduino/package.dsv'
[1.171s] INFO:colcon.colcon_core.shell:Creating package script '/home/shrek/shrek_ws/install/diffdrive_arduino/share/diffdrive_arduino/package.sh'
[1.171s] INFO:colcon.colcon_core.shell:Creating package script '/home/shrek/shrek_ws/install/diffdrive_arduino/share/diffdrive_arduino/package.bash'
[1.172s] INFO:colcon.colcon_core.shell:Creating package script '/home/shrek/shrek_ws/install/diffdrive_arduino/share/diffdrive_arduino/package.zsh'
[1.172s] Level 1:colcon.colcon_core.environment:create_file_with_runtime_dependencies(/home/shrek/shrek_ws/install/diffdrive_arduino/share/colcon-core/packages/diffdrive_arduino)
[1.401s] Level 1:colcon.colcon_core.environment:checking '/home/shrek/shrek_ws/install/follow_waypoints' for CMake module files
[1.402s] DEBUG:colcon.colcon_core.event_handler.log_command:Invoked command in '/home/shrek/shrek_ws/src/follow_waypoints' returned '0': PYTHONPATH=/home/shrek/shrek_ws/build/follow_waypoints/prefix_override:/home/shrek/shrek_ws/install/follow_waypoints/lib/python3.8/site-packages:${PYTHONPATH} /usr/bin/python3 setup.py egg_info --egg-base ../../build/follow_waypoints build --build-base /home/shrek/shrek_ws/build/follow_waypoints/build install --record /home/shrek/shrek_ws/build/follow_waypoints/install.log --install-scripts $base/lib/follow_waypoints --single-version-externally-managed
[1.402s] Level 1:colcon.colcon_core.environment:checking '/home/shrek/shrek_ws/install/follow_waypoints' for CMake config files
[1.403s] Level 1:colcon.colcon_core.environment:checking '/home/shrek/shrek_ws/install/follow_waypoints/lib'
[1.403s] Level 1:colcon.colcon_core.environment:checking '/home/shrek/shrek_ws/install/follow_waypoints/bin'
[1.404s] Level 1:colcon.colcon_core.environment:checking '/home/shrek/shrek_ws/install/follow_waypoints/lib/pkgconfig/follow_waypoints.pc'
[1.404s] Level 1:colcon.colcon_core.environment:checking '/home/shrek/shrek_ws/install/follow_waypoints/lib/python3.8/site-packages'
[1.404s] Level 1:colcon.colcon_core.shell:create_environment_hook('follow_waypoints', 'pythonpath')
[1.407s] INFO:colcon.colcon_core.shell:Creating environment hook '/home/shrek/shrek_ws/install/follow_waypoints/share/follow_waypoints/hook/pythonpath.ps1'
[1.408s] INFO:colcon.colcon_core.shell:Creating environment descriptor '/home/shrek/shrek_ws/install/follow_waypoints/share/follow_waypoints/hook/pythonpath.dsv'
[1.408s] INFO:colcon.colcon_core.shell:Creating environment hook '/home/shrek/shrek_ws/install/follow_waypoints/share/follow_waypoints/hook/pythonpath.sh'
[1.409s] Level 1:colcon.colcon_core.environment:checking '/home/shrek/shrek_ws/install/follow_waypoints/bin'
[1.409s] Level 1:colcon.colcon_core.environment:create_environment_scripts_only(follow_waypoints)
[1.411s] INFO:colcon.colcon_core.shell:Creating package script '/home/shrek/shrek_ws/install/follow_waypoints/share/follow_waypoints/package.ps1'
[1.411s] INFO:colcon.colcon_core.shell:Creating package descriptor '/home/shrek/shrek_ws/install/follow_waypoints/share/follow_waypoints/package.dsv'
[1.412s] INFO:colcon.colcon_core.shell:Creating package script '/home/shrek/shrek_ws/install/follow_waypoints/share/follow_waypoints/package.sh'
[1.412s] INFO:colcon.colcon_core.shell:Creating package script '/home/shrek/shrek_ws/install/follow_waypoints/share/follow_waypoints/package.bash'
[1.412s] INFO:colcon.colcon_core.shell:Creating package script '/home/shrek/shrek_ws/install/follow_waypoints/share/follow_waypoints/package.zsh'
[1.412s] Level 1:colcon.colcon_core.environment:create_file_with_runtime_dependencies(/home/shrek/shrek_ws/install/follow_waypoints/share/colcon-core/packages/follow_waypoints)
[1.413s] DEBUG:colcon.colcon_parallel_executor.executor.parallel:closing loop
[1.413s] DEBUG:colcon.colcon_parallel_executor.executor.parallel:loop closed
[1.413s] DEBUG:colcon.colcon_parallel_executor.executor.parallel:run_until_complete finished with '0'
[1.413s] DEBUG:colcon.colcon_core.event_reactor:joining thread
[1.421s] INFO:colcon.colcon_core.plugin_system:Skipping extension 'colcon_notification.desktop_notification.terminal_notifier': Not used on non-Darwin systems
[1.421s] INFO:colcon.colcon_core.plugin_system:Skipping extension 'colcon_notification.desktop_notification.win32': Not used on non-Windows systems
[1.421s] INFO:colcon.colcon_notification.desktop_notification:Sending desktop notification using 'notify2'
[1.439s] DEBUG:colcon.colcon_core.event_reactor:joined thread
[1.442s] INFO:colcon.colcon_core.shell:Creating prefix script '/home/shrek/shrek_ws/install/local_setup.ps1'
[1.444s] INFO:colcon.colcon_core.shell:Creating prefix util module '/home/shrek/shrek_ws/install/_local_setup_util_ps1.py'
[1.446s] INFO:colcon.colcon_core.shell:Creating prefix chain script '/home/shrek/shrek_ws/install/setup.ps1'
[1.448s] INFO:colcon.colcon_core.shell:Creating prefix script '/home/shrek/shrek_ws/install/local_setup.sh'
[1.449s] INFO:colcon.colcon_core.shell:Creating prefix util module '/home/shrek/shrek_ws/install/_local_setup_util_sh.py'
[1.450s] INFO:colcon.colcon_core.shell:Creating prefix chain script '/home/shrek/shrek_ws/install/setup.sh'
[1.452s] INFO:colcon.colcon_core.shell:Creating prefix script '/home/shrek/shrek_ws/install/local_setup.bash'
[1.452s] INFO:colcon.colcon_core.shell:Creating prefix chain script '/home/shrek/shrek_ws/install/setup.bash'
[1.454s] INFO:colcon.colcon_core.shell:Creating prefix script '/home/shrek/shrek_ws/install/local_setup.zsh'
[1.454s] INFO:colcon.colcon_core.shell:Creating prefix chain script '/home/shrek/shrek_ws/install/setup.zsh'
