[0.820s] Invoking command in '/home/shrek/shrek_ws/src/follow_waypoints': PYTHONPATH=/home/shrek/shrek_ws/build/follow_waypoints/prefix_override:/home/shrek/shrek_ws/install/follow_waypoints/lib/python3.8/site-packages:${PYTHONPATH} /usr/bin/python3 setup.py egg_info --egg-base ../../build/follow_waypoints build --build-base /home/shrek/shrek_ws/build/follow_waypoints/build install --record /home/shrek/shrek_ws/build/follow_waypoints/install.log --install-scripts $base/lib/follow_waypoints --single-version-externally-managed
[0.996s] running egg_info
[0.996s] writing ../../build/follow_waypoints/follow_waypoints.egg-info/PKG-INFO
[0.996s] writing dependency_links to ../../build/follow_waypoints/follow_waypoints.egg-info/dependency_links.txt
[0.996s] writing entry points to ../../build/follow_waypoints/follow_waypoints.egg-info/entry_points.txt
[0.997s] writing requirements to ../../build/follow_waypoints/follow_waypoints.egg-info/requires.txt
[0.997s] writing top-level names to ../../build/follow_waypoints/follow_waypoints.egg-info/top_level.txt
[1.026s] reading manifest file '../../build/follow_waypoints/follow_waypoints.egg-info/SOURCES.txt'
[1.027s] writing manifest file '../../build/follow_waypoints/follow_waypoints.egg-info/SOURCES.txt'
[1.027s] running build
[1.027s] running build_py
[1.027s] copying follow_waypoints/follow_waypoints.py -> /home/shrek/shrek_ws/build/follow_waypoints/build/lib/follow_waypoints
[1.027s] running install
[1.028s] running install_lib
[1.028s] copying /home/shrek/shrek_ws/build/follow_waypoints/build/lib/follow_waypoints/follow_waypoints.py -> /home/shrek/shrek_ws/install/follow_waypoints/lib/python3.8/site-packages/follow_waypoints
[1.029s] byte-compiling /home/shrek/shrek_ws/install/follow_waypoints/lib/python3.8/site-packages/follow_waypoints/follow_waypoints.py to follow_waypoints.cpython-38.pyc
[1.030s] running install_data
[1.030s] running install_egg_info
[1.032s] removing '/home/shrek/shrek_ws/install/follow_waypoints/lib/python3.8/site-packages/follow_waypoints-0.0.0-py3.8.egg-info' (and everything under it)
[1.032s] Copying ../../build/follow_waypoints/follow_waypoints.egg-info to /home/shrek/shrek_ws/install/follow_waypoints/lib/python3.8/site-packages/follow_waypoints-0.0.0-py3.8.egg-info
[1.032s] running install_scripts
[1.048s] Installing follow_waypoints_exe script to /home/shrek/shrek_ws/install/follow_waypoints/lib/follow_waypoints
[1.048s] writing list of installed files to '/home/shrek/shrek_ws/build/follow_waypoints/install.log'
[1.081s] Invoked command in '/home/shrek/shrek_ws/src/follow_waypoints' returned '0': PYTHONPATH=/home/shrek/shrek_ws/build/follow_waypoints/prefix_override:/home/shrek/shrek_ws/install/follow_waypoints/lib/python3.8/site-packages:${PYTHONPATH} /usr/bin/python3 setup.py egg_info --egg-base ../../build/follow_waypoints build --build-base /home/shrek/shrek_ws/build/follow_waypoints/build install --record /home/shrek/shrek_ws/build/follow_waypoints/install.log --install-scripts $base/lib/follow_waypoints --single-version-externally-managed
