[0.060s] Invoking command in '/home/shrek/shrek_ws/build/serial': CMAKE_PREFIX_PATH=${CMAKE_PREFIX_PATH}:/opt/ros/foxy /usr/bin/cmake --build /home/shrek/shrek_ws/build/serial -- -j8 -l8
[0.131s] [ 28%] Built target serial
[0.156s] [ 42%] Built target gtest_main
[0.187s] [ 57%] Built target serial_example
[0.216s] [ 71%] Built target gtest
[0.237s] [ 85%] Built target serial-test-timer
[0.260s] [100%] Built target serial-test
[0.308s] Invoked command in '/home/shrek/shrek_ws/build/serial' returned '0': CMAKE_PREFIX_PATH=${CMAKE_PREFIX_PATH}:/opt/ros/foxy /usr/bin/cmake --build /home/shrek/shrek_ws/build/serial -- -j8 -l8
[0.347s] Invoking command in '/home/shrek/shrek_ws/build/serial': CMAKE_PREFIX_PATH=${CMAKE_PREFIX_PATH}:/opt/ros/foxy /usr/bin/cmake --install /home/shrek/shrek_ws/build/serial
[0.358s] -- Install configuration: ""
[0.359s] -- Execute custom install script
[0.360s] -- Up-to-date symlink: /home/shrek/shrek_ws/install/serial/lib/libserial.a
[0.360s] -- Up-to-date symlink: /home/shrek/shrek_ws/install/serial/include/serial/serial.h
[0.360s] -- Up-to-date symlink: /home/shrek/shrek_ws/install/serial/include/serial/v8stdint.h
[0.361s] -- Up-to-date symlink: /home/shrek/shrek_ws/install/serial/share/serial/environment/library_path.sh
[0.361s] -- Up-to-date symlink: /home/shrek/shrek_ws/install/serial/share/serial/environment/library_path.dsv
[0.362s] -- Up-to-date symlink: /home/shrek/shrek_ws/install/serial/share/ament_index/resource_index/package_run_dependencies/serial
[0.362s] -- Up-to-date symlink: /home/shrek/shrek_ws/install/serial/share/ament_index/resource_index/parent_prefix_path/serial
[0.362s] -- Up-to-date symlink: /home/shrek/shrek_ws/install/serial/share/serial/environment/ament_prefix_path.sh
[0.363s] -- Up-to-date symlink: /home/shrek/shrek_ws/install/serial/share/serial/environment/ament_prefix_path.dsv
[0.363s] -- Up-to-date symlink: /home/shrek/shrek_ws/install/serial/share/serial/environment/path.sh
[0.364s] -- Up-to-date symlink: /home/shrek/shrek_ws/install/serial/share/serial/environment/path.dsv
[0.364s] -- Up-to-date symlink: /home/shrek/shrek_ws/install/serial/share/serial/local_setup.bash
[0.364s] -- Up-to-date symlink: /home/shrek/shrek_ws/install/serial/share/serial/local_setup.sh
[0.365s] -- Up-to-date symlink: /home/shrek/shrek_ws/install/serial/share/serial/local_setup.zsh
[0.365s] -- Up-to-date symlink: /home/shrek/shrek_ws/install/serial/share/serial/local_setup.dsv
[0.365s] -- Symlinking: /home/shrek/shrek_ws/install/serial/share/serial/package.dsv
[0.380s] -- Up-to-date symlink: /home/shrek/shrek_ws/install/serial/share/ament_index/resource_index/packages/serial
[0.380s] -- Up-to-date symlink: /home/shrek/shrek_ws/install/serial/share/serial/cmake/ament_cmake_export_include_directories-extras.cmake
[0.380s] -- Up-to-date symlink: /home/shrek/shrek_ws/install/serial/share/serial/cmake/ament_cmake_export_libraries-extras.cmake
[0.383s] -- Up-to-date symlink: /home/shrek/shrek_ws/install/serial/share/serial/cmake/serialConfig.cmake
[0.383s] -- Up-to-date symlink: /home/shrek/shrek_ws/install/serial/share/serial/cmake/serialConfig-version.cmake
[0.383s] -- Up-to-date symlink: /home/shrek/shrek_ws/install/serial/share/serial/package.xml
[0.395s] Invoked command in '/home/shrek/shrek_ws/build/serial' returned '0': CMAKE_PREFIX_PATH=${CMAKE_PREFIX_PATH}:/opt/ros/foxy /usr/bin/cmake --install /home/shrek/shrek_ws/build/serial
