[0.041s] Invoking command in '/home/shrek/shrek_ws/build/my_bot': CMAKE_PREFIX_PATH=${CMAKE_PREFIX_PATH}:/opt/ros/foxy /usr/bin/cmake --build /home/shrek/shrek_ws/build/my_bot -- -j8 -l8
[0.100s] Invoked command in '/home/shrek/shrek_ws/build/my_bot' returned '0': CMAKE_PREFIX_PATH=${CMAKE_PREFIX_PATH}:/opt/ros/foxy /usr/bin/cmake --build /home/shrek/shrek_ws/build/my_bot -- -j8 -l8
[0.141s] Invoking command in '/home/shrek/shrek_ws/build/my_bot': CMAKE_PREFIX_PATH=${CMAKE_PREFIX_PATH}:/opt/ros/foxy /usr/bin/cmake --install /home/shrek/shrek_ws/build/my_bot
[0.156s] -- Install configuration: ""
[0.157s] -- Execute custom install script
[0.157s] -- Up-to-date symlink: /home/shrek/shrek_ws/install/my_bot/share/my_bot/config/drive.rviz
[0.157s] -- Up-to-date symlink: /home/shrek/shrek_ws/install/my_bot/share/my_bot/config/empty.yaml
[0.157s] -- Up-to-date symlink: /home/shrek/shrek_ws/install/my_bot/share/my_bot/config/gaz_ros2_control_use_sim.yaml
[0.157s] -- Up-to-date symlink: /home/shrek/shrek_ws/install/my_bot/share/my_bot/config/my_controllers.yaml
[0.157s] -- Up-to-date symlink: /home/shrek/shrek_ws/install/my_bot/share/my_bot/config/rvizbot.rviz
[0.157s] -- Up-to-date symlink: /home/shrek/shrek_ws/install/my_bot/share/my_bot/description/gazebo_control.xacro
[0.157s] -- Up-to-date symlink: /home/shrek/shrek_ws/install/my_bot/share/my_bot/description/inertial_macros.xacro
[0.158s] -- Up-to-date symlink: /home/shrek/shrek_ws/install/my_bot/share/my_bot/description/lidar.xacro
[0.158s] -- Up-to-date symlink: /home/shrek/shrek_ws/install/my_bot/share/my_bot/description/robot.urdf.xacro
[0.158s] -- Up-to-date symlink: /home/shrek/shrek_ws/install/my_bot/share/my_bot/description/robot_core.xacro
[0.158s] -- Up-to-date symlink: /home/shrek/shrek_ws/install/my_bot/share/my_bot/description/ros2_control.xacro
[0.158s] CMake Error at ament_cmake_symlink_install/ament_cmake_symlink_install.cmake:100 (message):
[0.159s]   ament_cmake_symlink_install_directory() can't find
[0.159s]   '/home/shrek/shrek_ws/src/my_bot/meshes'
[0.159s] Call Stack (most recent call first):
[0.159s]   ament_cmake_symlink_install/ament_cmake_symlink_install.cmake:314 (ament_cmake_symlink_install_directory)
[0.159s]   cmake_install.cmake:41 (include)
[0.159s] 
[0.159s] 
[0.161s] -- Up-to-date symlink: /home/shrek/shrek_ws/install/my_bot/share/my_bot/launch/launch_robot.launch.py
[0.161s] -- Up-to-date symlink: /home/shrek/shrek_ws/install/my_bot/share/my_bot/launch/launch_sim.launch.py
[0.161s] -- Up-to-date symlink: /home/shrek/shrek_ws/install/my_bot/share/my_bot/launch/rsp.launch.py
[0.161s] -- Up-to-date symlink: /home/shrek/shrek_ws/install/my_bot/share/my_bot/worlds/empty.world
[0.168s] Invoked command in '/home/shrek/shrek_ws/build/my_bot' returned '1': CMAKE_PREFIX_PATH=${CMAKE_PREFIX_PATH}:/opt/ros/foxy /usr/bin/cmake --install /home/shrek/shrek_ws/build/my_bot
