[0.049s] Invoking command in '/home/shrek/shrek_ws/build/diffdrive_arduino': CMAKE_PREFIX_PATH=/home/shrek/shrek_ws/install/serial:/home/shrek/shrek_ws/install/to_place:/home/shrek/shrek_ws/install/diffdrive_arduino:/home/shrek/shrek_ws/install/my_bot:/home/shrek/shrek_ws/install/goalxy:/home/shrek/shrek_ws/install/gazebo_ros2_control_demos:/home/shrek/shrek_ws/install/gazebo_ros2_control:/home/shrek/shrek_ws/install/follow_waypoints:/opt/ros/foxy /usr/bin/cmake --build /home/shrek/shrek_ws/build/diffdrive_arduino -- -j8 -l8
[0.172s] [ 71%] Built target diffdrive_arduino
[0.172s] [100%] Built target fake_robot
[0.186s] Invoked command in '/home/shrek/shrek_ws/build/diffdrive_arduino' returned '0': CMAKE_PREFIX_PATH=/home/shrek/shrek_ws/install/serial:/home/shrek/shrek_ws/install/to_place:/home/shrek/shrek_ws/install/diffdrive_arduino:/home/shrek/shrek_ws/install/my_bot:/home/shrek/shrek_ws/install/goalxy:/home/shrek/shrek_ws/install/gazebo_ros2_control_demos:/home/shrek/shrek_ws/install/gazebo_ros2_control:/home/shrek/shrek_ws/install/follow_waypoints:/opt/ros/foxy /usr/bin/cmake --build /home/shrek/shrek_ws/build/diffdrive_arduino -- -j8 -l8
[0.236s] Invoking command in '/home/shrek/shrek_ws/build/diffdrive_arduino': CMAKE_PREFIX_PATH=/home/shrek/shrek_ws/install/serial:/home/shrek/shrek_ws/install/to_place:/home/shrek/shrek_ws/install/diffdrive_arduino:/home/shrek/shrek_ws/install/my_bot:/home/shrek/shrek_ws/install/goalxy:/home/shrek/shrek_ws/install/gazebo_ros2_control_demos:/home/shrek/shrek_ws/install/gazebo_ros2_control:/home/shrek/shrek_ws/install/follow_waypoints:/opt/ros/foxy /usr/bin/cmake --install /home/shrek/shrek_ws/build/diffdrive_arduino
[0.244s] -- Install configuration: ""
[0.244s] -- Execute custom install script
[0.245s] -- Up-to-date symlink: /home/shrek/shrek_ws/install/diffdrive_arduino/share/diffdrive_arduino//robot_hardware.xml
[0.245s] -- Up-to-date symlink: /home/shrek/shrek_ws/install/diffdrive_arduino/share/diffdrive_arduino//fake_robot_hardware.xml
[0.245s] -- Up-to-date symlink: /home/shrek/shrek_ws/install/diffdrive_arduino/lib/libdiffdrive_arduino.so
[0.245s] -- Up-to-date symlink: /home/shrek/shrek_ws/install/diffdrive_arduino/lib/libfake_robot.so
[0.246s] -- Up-to-date symlink: /home/shrek/shrek_ws/install/diffdrive_arduino/share/diffdrive_arduino/controllers/robot_controller_example.yaml
[0.246s] -- Up-to-date symlink: /home/shrek/shrek_ws/install/diffdrive_arduino/share/diffdrive_arduino/fake_robot.launch.py
[0.246s] -- Up-to-date symlink: /home/shrek/shrek_ws/install/diffdrive_arduino/share/diffdrive_arduino/test_robot.launch.py
[0.247s] -- Up-to-date symlink: /home/shrek/shrek_ws/install/diffdrive_arduino/share/diffdrive_arduino/environment/library_path.sh
[0.247s] -- Up-to-date symlink: /home/shrek/shrek_ws/install/diffdrive_arduino/share/diffdrive_arduino/environment/library_path.dsv
[0.250s] -- Up-to-date symlink: /home/shrek/shrek_ws/install/diffdrive_arduino/share/ament_index/resource_index/package_run_dependencies/diffdrive_arduino
[0.250s] -- Up-to-date symlink: /home/shrek/shrek_ws/install/diffdrive_arduino/share/ament_index/resource_index/parent_prefix_path/diffdrive_arduino
[0.250s] -- Up-to-date symlink: /home/shrek/shrek_ws/install/diffdrive_arduino/share/diffdrive_arduino/environment/ament_prefix_path.sh
[0.250s] -- Up-to-date symlink: /home/shrek/shrek_ws/install/diffdrive_arduino/share/diffdrive_arduino/environment/ament_prefix_path.dsv
[0.251s] -- Up-to-date symlink: /home/shrek/shrek_ws/install/diffdrive_arduino/share/diffdrive_arduino/environment/path.sh
[0.251s] -- Up-to-date symlink: /home/shrek/shrek_ws/install/diffdrive_arduino/share/diffdrive_arduino/environment/path.dsv
[0.251s] -- Up-to-date symlink: /home/shrek/shrek_ws/install/diffdrive_arduino/share/diffdrive_arduino/local_setup.bash
[0.251s] -- Up-to-date symlink: /home/shrek/shrek_ws/install/diffdrive_arduino/share/diffdrive_arduino/local_setup.sh
[0.251s] -- Up-to-date symlink: /home/shrek/shrek_ws/install/diffdrive_arduino/share/diffdrive_arduino/local_setup.zsh
[0.251s] -- Up-to-date symlink: /home/shrek/shrek_ws/install/diffdrive_arduino/share/diffdrive_arduino/local_setup.dsv
[0.251s] -- Symlinking: /home/shrek/shrek_ws/install/diffdrive_arduino/share/diffdrive_arduino/package.dsv
[0.262s] -- Up-to-date symlink: /home/shrek/shrek_ws/install/diffdrive_arduino/share/ament_index/resource_index/packages/diffdrive_arduino
[0.262s] -- Up-to-date symlink: /home/shrek/shrek_ws/install/diffdrive_arduino/share/ament_index/resource_index/hardware_interface__pluginlib__plugin/diffdrive_arduino
[0.262s] -- Up-to-date symlink: /home/shrek/shrek_ws/install/diffdrive_arduino/share/diffdrive_arduino/cmake/ament_cmake_export_libraries-extras.cmake
[0.262s] -- Up-to-date symlink: /home/shrek/shrek_ws/install/diffdrive_arduino/share/diffdrive_arduino/cmake/ament_cmake_export_dependencies-extras.cmake
[0.262s] -- Up-to-date symlink: /home/shrek/shrek_ws/install/diffdrive_arduino/share/diffdrive_arduino/cmake/diffdrive_arduinoConfig.cmake
[0.262s] -- Up-to-date symlink: /home/shrek/shrek_ws/install/diffdrive_arduino/share/diffdrive_arduino/cmake/diffdrive_arduinoConfig-version.cmake
[0.262s] -- Up-to-date symlink: /home/shrek/shrek_ws/install/diffdrive_arduino/share/diffdrive_arduino/package.xml
[0.282s] Invoked command in '/home/shrek/shrek_ws/build/diffdrive_arduino' returned '0': CMAKE_PREFIX_PATH=/home/shrek/shrek_ws/install/serial:/home/shrek/shrek_ws/install/to_place:/home/shrek/shrek_ws/install/diffdrive_arduino:/home/shrek/shrek_ws/install/my_bot:/home/shrek/shrek_ws/install/goalxy:/home/shrek/shrek_ws/install/gazebo_ros2_control_demos:/home/shrek/shrek_ws/install/gazebo_ros2_control:/home/shrek/shrek_ws/install/follow_waypoints:/opt/ros/foxy /usr/bin/cmake --install /home/shrek/shrek_ws/build/diffdrive_arduino
