[0.027s] Invoking command in '/home/shrek/shrek_ws/build/gazebo_ros2_control_demos': AMENT_PREFIX_PATH=/home/shrek/shrek_ws/install/gazebo_ros2_control:${AMENT_PREFIX_PATH} CMAKE_PREFIX_PATH=/home/shrek/shrek_ws/install/gazebo_ros2_control:/opt/ros/foxy LD_LIBRARY_PATH=/home/shrek/shrek_ws/install/gazebo_ros2_control/lib:${LD_LIBRARY_PATH} /usr/bin/cmake --build /home/shrek/shrek_ws/build/gazebo_ros2_control_demos -- -j8 -l8
[0.119s] [ 20%] Built target example_velocity
[0.123s] [ 40%] Built target example_effort
[0.126s] [ 60%] Built target example_gripper
[0.131s] [100%] Built target example_position
[0.131s] [100%] Built target example_diff_drive
[0.148s] Invoked command in '/home/shrek/shrek_ws/build/gazebo_ros2_control_demos' returned '0': AMENT_PREFIX_PATH=/home/shrek/shrek_ws/install/gazebo_ros2_control:${AMENT_PREFIX_PATH} CMAKE_PREFIX_PATH=/home/shrek/shrek_ws/install/gazebo_ros2_control:/opt/ros/foxy LD_LIBRARY_PATH=/home/shrek/shrek_ws/install/gazebo_ros2_control/lib:${LD_LIBRARY_PATH} /usr/bin/cmake --build /home/shrek/shrek_ws/build/gazebo_ros2_control_demos -- -j8 -l8
[0.191s] Invoking command in '/home/shrek/shrek_ws/build/gazebo_ros2_control_demos': AMENT_PREFIX_PATH=/home/shrek/shrek_ws/install/gazebo_ros2_control:${AMENT_PREFIX_PATH} CMAKE_PREFIX_PATH=/home/shrek/shrek_ws/install/gazebo_ros2_control:/opt/ros/foxy LD_LIBRARY_PATH=/home/shrek/shrek_ws/install/gazebo_ros2_control/lib:${LD_LIBRARY_PATH} /usr/bin/cmake --install /home/shrek/shrek_ws/build/gazebo_ros2_control_demos
[0.200s] -- Install configuration: ""
[0.200s] -- Execute custom install script
[0.201s] -- Up-to-date symlink: /home/shrek/shrek_ws/install/gazebo_ros2_control_demos/share/gazebo_ros2_control_demos//launch/cart_example_effort.launch.py
[0.202s] -- Up-to-date symlink: /home/shrek/shrek_ws/install/gazebo_ros2_control_demos/share/gazebo_ros2_control_demos//launch/cart_example_position.launch.py
[0.202s] -- Up-to-date symlink: /home/shrek/shrek_ws/install/gazebo_ros2_control_demos/share/gazebo_ros2_control_demos//launch/cart_example_velocity.launch.py
[0.202s] -- Up-to-date symlink: /home/shrek/shrek_ws/install/gazebo_ros2_control_demos/share/gazebo_ros2_control_demos//launch/diff_drive.launch.py
[0.203s] -- Up-to-date symlink: /home/shrek/shrek_ws/install/gazebo_ros2_control_demos/share/gazebo_ros2_control_demos//launch/gripper_mimic_joint_example.launch.py
[0.203s] -- Up-to-date symlink: /home/shrek/shrek_ws/install/gazebo_ros2_control_demos/share/gazebo_ros2_control_demos//config/cartpole_controller.yaml
[0.203s] -- Up-to-date symlink: /home/shrek/shrek_ws/install/gazebo_ros2_control_demos/share/gazebo_ros2_control_demos//config/cartpole_controller_effort.yaml
[0.204s] -- Up-to-date symlink: /home/shrek/shrek_ws/install/gazebo_ros2_control_demos/share/gazebo_ros2_control_demos//config/cartpole_controller_velocity.yaml
[0.204s] -- Up-to-date symlink: /home/shrek/shrek_ws/install/gazebo_ros2_control_demos/share/gazebo_ros2_control_demos//config/diff_drive_controller.yaml
[0.204s] -- Up-to-date symlink: /home/shrek/shrek_ws/install/gazebo_ros2_control_demos/share/gazebo_ros2_control_demos//config/gripper_controller.yaml
[0.205s] -- Up-to-date symlink: /home/shrek/shrek_ws/install/gazebo_ros2_control_demos/share/gazebo_ros2_control_demos//urdf/test_cart_effort.xacro.urdf
[0.205s] -- Up-to-date symlink: /home/shrek/shrek_ws/install/gazebo_ros2_control_demos/share/gazebo_ros2_control_demos//urdf/test_cart_position.xacro.urdf
[0.206s] -- Up-to-date symlink: /home/shrek/shrek_ws/install/gazebo_ros2_control_demos/share/gazebo_ros2_control_demos//urdf/test_cart_velocity.xacro.urdf
[0.206s] -- Up-to-date symlink: /home/shrek/shrek_ws/install/gazebo_ros2_control_demos/share/gazebo_ros2_control_demos//urdf/test_diff_drive.xacro.urdf
[0.206s] -- Up-to-date symlink: /home/shrek/shrek_ws/install/gazebo_ros2_control_demos/share/gazebo_ros2_control_demos//urdf/test_gripper_mimic_joint.xacro.urdf
[0.207s] -- Up-to-date symlink: /home/shrek/shrek_ws/install/gazebo_ros2_control_demos/lib/gazebo_ros2_control_demos/example_position
[0.207s] -- Up-to-date symlink: /home/shrek/shrek_ws/install/gazebo_ros2_control_demos/lib/gazebo_ros2_control_demos/example_velocity
[0.208s] -- Up-to-date symlink: /home/shrek/shrek_ws/install/gazebo_ros2_control_demos/lib/gazebo_ros2_control_demos/example_effort
[0.208s] -- Up-to-date symlink: /home/shrek/shrek_ws/install/gazebo_ros2_control_demos/lib/gazebo_ros2_control_demos/example_gripper
[0.209s] -- Up-to-date symlink: /home/shrek/shrek_ws/install/gazebo_ros2_control_demos/lib/gazebo_ros2_control_demos/example_diff_drive
[0.209s] -- Up-to-date symlink: /home/shrek/shrek_ws/install/gazebo_ros2_control_demos/share/ament_index/resource_index/package_run_dependencies/gazebo_ros2_control_demos
[0.209s] -- Up-to-date symlink: /home/shrek/shrek_ws/install/gazebo_ros2_control_demos/share/ament_index/resource_index/parent_prefix_path/gazebo_ros2_control_demos
[0.210s] -- Up-to-date symlink: /home/shrek/shrek_ws/install/gazebo_ros2_control_demos/share/gazebo_ros2_control_demos/environment/ament_prefix_path.sh
[0.215s] -- Up-to-date symlink: /home/shrek/shrek_ws/install/gazebo_ros2_control_demos/share/gazebo_ros2_control_demos/environment/ament_prefix_path.dsv
[0.215s] -- Up-to-date symlink: /home/shrek/shrek_ws/install/gazebo_ros2_control_demos/share/gazebo_ros2_control_demos/environment/path.sh
[0.216s] -- Up-to-date symlink: /home/shrek/shrek_ws/install/gazebo_ros2_control_demos/share/gazebo_ros2_control_demos/environment/path.dsv
[0.216s] -- Up-to-date symlink: /home/shrek/shrek_ws/install/gazebo_ros2_control_demos/share/gazebo_ros2_control_demos/local_setup.bash
[0.217s] -- Up-to-date symlink: /home/shrek/shrek_ws/install/gazebo_ros2_control_demos/share/gazebo_ros2_control_demos/local_setup.sh
[0.217s] -- Up-to-date symlink: /home/shrek/shrek_ws/install/gazebo_ros2_control_demos/share/gazebo_ros2_control_demos/local_setup.zsh
[0.217s] -- Up-to-date symlink: /home/shrek/shrek_ws/install/gazebo_ros2_control_demos/share/gazebo_ros2_control_demos/local_setup.dsv
[0.217s] -- Symlinking: /home/shrek/shrek_ws/install/gazebo_ros2_control_demos/share/gazebo_ros2_control_demos/package.dsv
[0.225s] -- Up-to-date symlink: /home/shrek/shrek_ws/install/gazebo_ros2_control_demos/share/ament_index/resource_index/packages/gazebo_ros2_control_demos
[0.226s] -- Up-to-date symlink: /home/shrek/shrek_ws/install/gazebo_ros2_control_demos/share/gazebo_ros2_control_demos/cmake/gazebo_ros2_control_demosConfig.cmake
[0.226s] -- Up-to-date symlink: /home/shrek/shrek_ws/install/gazebo_ros2_control_demos/share/gazebo_ros2_control_demos/cmake/gazebo_ros2_control_demosConfig-version.cmake
[0.226s] -- Up-to-date symlink: /home/shrek/shrek_ws/install/gazebo_ros2_control_demos/share/gazebo_ros2_control_demos/package.xml
[0.238s] Invoked command in '/home/shrek/shrek_ws/build/gazebo_ros2_control_demos' returned '0': AMENT_PREFIX_PATH=/home/shrek/shrek_ws/install/gazebo_ros2_control:${AMENT_PREFIX_PATH} CMAKE_PREFIX_PATH=/home/shrek/shrek_ws/install/gazebo_ros2_control:/opt/ros/foxy LD_LIBRARY_PATH=/home/shrek/shrek_ws/install/gazebo_ros2_control/lib:${LD_LIBRARY_PATH} /usr/bin/cmake --install /home/shrek/shrek_ws/build/gazebo_ros2_control_demos
