[0.308s] Invoking command in '/home/shrek/shrek_ws/build/goalxy': CMAKE_PREFIX_PATH=${CMAKE_PREFIX_PATH}:/home/shrek/shrek_ws/install/follow_waypoints:/opt/ros/foxy /usr/bin/cmake --build /home/shrek/shrek_ws/build/goalxy -- -j8 -l8
[0.378s] Invoked command in '/home/shrek/shrek_ws/build/goalxy' returned '0': CMAKE_PREFIX_PATH=${CMAKE_PREFIX_PATH}:/home/shrek/shrek_ws/install/follow_waypoints:/opt/ros/foxy /usr/bin/cmake --build /home/shrek/shrek_ws/build/goalxy -- -j8 -l8
[0.441s] Invoking command in '/home/shrek/shrek_ws/build/goalxy': CMAKE_PREFIX_PATH=${CMAKE_PREFIX_PATH}:/home/shrek/shrek_ws/install/follow_waypoints:/opt/ros/foxy /usr/bin/cmake --install /home/shrek/shrek_ws/build/goalxy
[0.474s] -- Install configuration: ""
[0.474s] -- Execute custom install script
[0.475s] -- Up-to-date symlink: /home/shrek/shrek_ws/install/goalxy/lib/goalxy/move.py
[0.475s] -- Up-to-date symlink: /home/shrek/shrek_ws/install/goalxy/share/ament_index/resource_index/package_run_dependencies/goalxy
[0.475s] -- Up-to-date symlink: /home/shrek/shrek_ws/install/goalxy/share/ament_index/resource_index/parent_prefix_path/goalxy
[0.475s] -- Up-to-date symlink: /home/shrek/shrek_ws/install/goalxy/share/goalxy/environment/ament_prefix_path.sh
[0.475s] -- Up-to-date symlink: /home/shrek/shrek_ws/install/goalxy/share/goalxy/environment/ament_prefix_path.dsv
[0.477s] -- Up-to-date symlink: /home/shrek/shrek_ws/install/goalxy/share/goalxy/environment/path.sh
[0.477s] -- Up-to-date symlink: /home/shrek/shrek_ws/install/goalxy/share/goalxy/environment/path.dsv
[0.477s] -- Up-to-date symlink: /home/shrek/shrek_ws/install/goalxy/share/goalxy/local_setup.bash
[0.477s] -- Up-to-date symlink: /home/shrek/shrek_ws/install/goalxy/share/goalxy/local_setup.sh
[0.477s] -- Up-to-date symlink: /home/shrek/shrek_ws/install/goalxy/share/goalxy/local_setup.zsh
[0.477s] -- Up-to-date symlink: /home/shrek/shrek_ws/install/goalxy/share/goalxy/local_setup.dsv
[0.477s] -- Symlinking: /home/shrek/shrek_ws/install/goalxy/share/goalxy/package.dsv
[0.480s] -- Up-to-date symlink: /home/shrek/shrek_ws/install/goalxy/share/ament_index/resource_index/packages/goalxy
[0.480s] -- Up-to-date symlink: /home/shrek/shrek_ws/install/goalxy/share/goalxy/cmake/goalxyConfig.cmake
[0.481s] -- Up-to-date symlink: /home/shrek/shrek_ws/install/goalxy/share/goalxy/cmake/goalxyConfig-version.cmake
[0.481s] -- Up-to-date symlink: /home/shrek/shrek_ws/install/goalxy/share/goalxy/package.xml
[0.554s] Invoked command in '/home/shrek/shrek_ws/build/goalxy' returned '0': CMAKE_PREFIX_PATH=${CMAKE_PREFIX_PATH}:/home/shrek/shrek_ws/install/follow_waypoints:/opt/ros/foxy /usr/bin/cmake --install /home/shrek/shrek_ws/build/goalxy
