[0.045s] Invoking command in '/home/shrek/shrek_ws/build/rosserial_msgs': /usr/bin/cmake /home/shrek/shrek_ws/src/rosserial/rosserial_msgs -DCATKIN_INSTALL_INTO_PREFIX_ROOT=0 -DCATKIN_SYMLINK_INSTALL=ON -DCMAKE_INSTALL_PREFIX=/home/shrek/shrek_ws/install/rosserial_msgs
[0.201s] -- The C compiler identification is GNU 9.4.0
[0.333s] -- The CXX compiler identification is GNU 9.4.0
[0.341s] -- Check for working C compiler: /usr/bin/cc
[0.432s] -- Check for working C compiler: /usr/bin/cc -- works
[0.434s] -- Detecting C compiler ABI info
[0.523s] -- Detecting C compiler ABI info - done
[0.536s] -- Detecting C compile features
[0.536s] -- Detecting C compile features - done
[0.540s] -- Check for working CXX compiler: /usr/bin/c++
[0.641s] -- Check for working CXX compiler: /usr/bin/c++ -- works
[0.642s] -- Detecting CXX compiler ABI info
[0.744s] -- Detecting CXX compiler ABI info - done
[0.760s] -- Detecting CXX compile features
[0.761s] -- Detecting CXX compile features - done
[0.774s] CMake Error at CMakeLists.txt:4 (find_package):
[0.774s]   By not providing "Findcatkin.cmake" in CMAKE_MODULE_PATH this project has
[0.774s]   asked CMake to find a package configuration file provided by "catkin", but
[0.775s]   CMake did not find one.
[0.775s] 
[0.775s]   Could not find a package configuration file provided by "catkin" with any
[0.775s]   of the following names:
[0.775s] 
[0.775s]     catkinConfig.cmake
[0.775s]     catkin-config.cmake
[0.775s] 
[0.775s]   Add the installation prefix of "catkin" to CMAKE_PREFIX_PATH or set
[0.776s]   "catkin_DIR" to a directory containing one of the above files.  If "catkin"
[0.776s]   provides a separate development package or SDK, be sure it has been
[0.776s]   installed.
[0.776s] 
[0.776s] 
[0.776s] -- Configuring incomplete, errors occurred!
[0.776s] See also "/home/shrek/shrek_ws/build/rosserial_msgs/CMakeFiles/CMakeOutput.log".
[0.779s] Invoked command in '/home/shrek/shrek_ws/build/rosserial_msgs' returned '1': /usr/bin/cmake /home/shrek/shrek_ws/src/rosserial/rosserial_msgs -DCATKIN_INSTALL_INTO_PREFIX_ROOT=0 -DCATKIN_SYMLINK_INSTALL=ON -DCMAKE_INSTALL_PREFIX=/home/shrek/shrek_ws/install/rosserial_msgs
