[0.026s] Invoking command in '/home/shrek/shrek_ws/build/my_bot': CMAKE_PREFIX_PATH=${CMAKE_PREFIX_PATH}:/opt/ros/foxy /usr/bin/cmake --build /home/shrek/shrek_ws/build/my_bot -- -j8 -l8
[0.112s] Invoked command in '/home/shrek/shrek_ws/build/my_bot' returned '0': CMAKE_PREFIX_PATH=${CMAKE_PREFIX_PATH}:/opt/ros/foxy /usr/bin/cmake --build /home/shrek/shrek_ws/build/my_bot -- -j8 -l8
[0.160s] Invoking command in '/home/shrek/shrek_ws/build/my_bot': CMAKE_PREFIX_PATH=${CMAKE_PREFIX_PATH}:/opt/ros/foxy /usr/bin/cmake --install /home/shrek/shrek_ws/build/my_bot
[0.172s] -- Install configuration: ""
[0.172s] -- Execute custom install script
[0.173s] -- Symlinking: /home/shrek/shrek_ws/install/my_bot/share/my_bot/config/drive.rviz
[0.190s] -- Up-to-date symlink: /home/shrek/shrek_ws/install/my_bot/share/my_bot/config/empty.yaml
[0.190s] -- Up-to-date symlink: /home/shrek/shrek_ws/install/my_bot/share/my_bot/config/rvizbot.rviz
[0.191s] -- Up-to-date symlink: /home/shrek/shrek_ws/install/my_bot/share/my_bot/description/gazebo_control.xacro
[0.191s] -- Up-to-date symlink: /home/shrek/shrek_ws/install/my_bot/share/my_bot/description/inertial_macros.xacro
[0.192s] -- Up-to-date symlink: /home/shrek/shrek_ws/install/my_bot/share/my_bot/description/robot.urdf.xacro
[0.192s] -- Up-to-date symlink: /home/shrek/shrek_ws/install/my_bot/share/my_bot/description/robot_core.xacro
[0.193s] -- Up-to-date symlink: /home/shrek/shrek_ws/install/my_bot/share/my_bot/launch/launch_sim.launch.py
[0.193s] -- Up-to-date symlink: /home/shrek/shrek_ws/install/my_bot/share/my_bot/launch/rsp.launch.py
[0.193s] -- Up-to-date symlink: /home/shrek/shrek_ws/install/my_bot/share/my_bot/worlds/empty.world
[0.194s] -- Up-to-date symlink: /home/shrek/shrek_ws/install/my_bot/share/ament_index/resource_index/package_run_dependencies/my_bot
[0.195s] -- Up-to-date symlink: /home/shrek/shrek_ws/install/my_bot/share/ament_index/resource_index/parent_prefix_path/my_bot
[0.195s] -- Up-to-date symlink: /home/shrek/shrek_ws/install/my_bot/share/my_bot/environment/ament_prefix_path.sh
[0.195s] -- Up-to-date symlink: /home/shrek/shrek_ws/install/my_bot/share/my_bot/environment/ament_prefix_path.dsv
[0.196s] -- Up-to-date symlink: /home/shrek/shrek_ws/install/my_bot/share/my_bot/environment/path.sh
[0.196s] -- Up-to-date symlink: /home/shrek/shrek_ws/install/my_bot/share/my_bot/environment/path.dsv
[0.197s] -- Up-to-date symlink: /home/shrek/shrek_ws/install/my_bot/share/my_bot/local_setup.bash
[0.197s] -- Up-to-date symlink: /home/shrek/shrek_ws/install/my_bot/share/my_bot/local_setup.sh
[0.197s] -- Up-to-date symlink: /home/shrek/shrek_ws/install/my_bot/share/my_bot/local_setup.zsh
[0.198s] -- Up-to-date symlink: /home/shrek/shrek_ws/install/my_bot/share/my_bot/local_setup.dsv
[0.198s] -- Symlinking: /home/shrek/shrek_ws/install/my_bot/share/my_bot/package.dsv
[0.214s] -- Up-to-date symlink: /home/shrek/shrek_ws/install/my_bot/share/ament_index/resource_index/packages/my_bot
[0.215s] -- Up-to-date symlink: /home/shrek/shrek_ws/install/my_bot/share/my_bot/cmake/my_botConfig.cmake
[0.215s] -- Up-to-date symlink: /home/shrek/shrek_ws/install/my_bot/share/my_bot/cmake/my_botConfig-version.cmake
[0.216s] -- Up-to-date symlink: /home/shrek/shrek_ws/install/my_bot/share/my_bot/package.xml
[0.219s] Invoked command in '/home/shrek/shrek_ws/build/my_bot' returned '0': CMAKE_PREFIX_PATH=${CMAKE_PREFIX_PATH}:/opt/ros/foxy /usr/bin/cmake --install /home/shrek/shrek_ws/build/my_bot
