[0.053s] Invoking command in '/home/shrek/shrek_ws/build/my_bot': CMAKE_PREFIX_PATH=${CMAKE_PREFIX_PATH}:/opt/ros/foxy /usr/bin/cmake --build /home/shrek/shrek_ws/build/my_bot -- -j8 -l8
[0.101s] -- Found ament_cmake: 0.9.11 (/opt/ros/foxy/share/ament_cmake/cmake)
[0.145s] -- Using PYTHON_EXECUTABLE: /usr/bin/python3
[0.424s] -- Override CMake install command with custom implementation using symlinks instead of copying resources
[0.447s] -- Found ament_lint_auto: 0.9.7 (/opt/ros/foxy/share/ament_lint_auto/cmake)
[0.571s] -- Added test 'copyright' to check source files copyright and LICENSE
[0.626s] -- Added test 'flake8' to check Python code syntax and style conventions
[0.630s] -- Added test 'lint_cmake' to check CMake code style
[0.632s] -- Added test 'pep257' to check Python code against some of the style conventions in PEP 257
[0.650s] -- Added test 'xmllint' to check XML markup files
[0.653s] -- Configuring done
[0.663s] -- Generating done
[0.663s] -- Build files have been written to: /home/shrek/shrek_ws/build/my_bot
[0.692s] Invoked command in '/home/shrek/shrek_ws/build/my_bot' returned '0': CMAKE_PREFIX_PATH=${CMAKE_PREFIX_PATH}:/opt/ros/foxy /usr/bin/cmake --build /home/shrek/shrek_ws/build/my_bot -- -j8 -l8
[0.742s] Invoking command in '/home/shrek/shrek_ws/build/my_bot': CMAKE_PREFIX_PATH=${CMAKE_PREFIX_PATH}:/opt/ros/foxy /usr/bin/cmake --install /home/shrek/shrek_ws/build/my_bot
[0.754s] -- Install configuration: ""
[0.755s] -- Execute custom install script
[0.755s] -- Up-to-date symlink: /home/shrek/shrek_ws/install/my_bot/share/my_bot/config/drive.rviz
[0.755s] -- Up-to-date symlink: /home/shrek/shrek_ws/install/my_bot/share/my_bot/config/empty.yaml
[0.756s] -- Up-to-date symlink: /home/shrek/shrek_ws/install/my_bot/share/my_bot/config/gaz_ros2_control_use_sim.yaml
[0.756s] -- Up-to-date symlink: /home/shrek/shrek_ws/install/my_bot/share/my_bot/config/my_controllers.yaml
[0.757s] -- Up-to-date symlink: /home/shrek/shrek_ws/install/my_bot/share/my_bot/config/rvizbot.rviz
[0.757s] -- Up-to-date symlink: /home/shrek/shrek_ws/install/my_bot/share/my_bot/description/gazebo_control.xacro
[0.757s] -- Up-to-date symlink: /home/shrek/shrek_ws/install/my_bot/share/my_bot/description/inertial_macros.xacro
[0.757s] -- Up-to-date symlink: /home/shrek/shrek_ws/install/my_bot/share/my_bot/description/lidar.xacro
[0.757s] -- Up-to-date symlink: /home/shrek/shrek_ws/install/my_bot/share/my_bot/description/robot.urdf.xacro
[0.757s] -- Up-to-date symlink: /home/shrek/shrek_ws/install/my_bot/share/my_bot/description/robot_core.xacro
[0.758s] -- Up-to-date symlink: /home/shrek/shrek_ws/install/my_bot/share/my_bot/description/ros2_control.xacro
[0.758s] -- Up-to-date symlink: /home/shrek/shrek_ws/install/my_bot/share/my_bot/launch/launch_robot.launch.py
[0.758s] -- Up-to-date symlink: /home/shrek/shrek_ws/install/my_bot/share/my_bot/launch/launch_sim.launch.py
[0.758s] -- Up-to-date symlink: /home/shrek/shrek_ws/install/my_bot/share/my_bot/launch/rsp.launch.py
[0.758s] -- Up-to-date symlink: /home/shrek/shrek_ws/install/my_bot/share/my_bot/worlds/empty.world
[0.759s] -- Symlinking: /home/shrek/shrek_ws/install/my_bot/share/my_bot/meshes/CASTER_WIEL.stl
[0.773s] -- Symlinking: /home/shrek/shrek_ws/install/my_bot/share/my_bot/meshes/Mid.stl
[0.786s] -- Symlinking: /home/shrek/shrek_ws/install/my_bot/share/my_bot/meshes/MotorBeugel.stl
[0.805s] -- Symlinking: /home/shrek/shrek_ws/install/my_bot/share/my_bot/meshes/Onderstel.stl
[0.814s] -- Symlinking: /home/shrek/shrek_ws/install/my_bot/share/my_bot/meshes/Tussenstuk.stl
[0.826s] -- Up-to-date symlink: /home/shrek/shrek_ws/install/my_bot/share/ament_index/resource_index/package_run_dependencies/my_bot
[0.826s] -- Up-to-date symlink: /home/shrek/shrek_ws/install/my_bot/share/ament_index/resource_index/parent_prefix_path/my_bot
[0.827s] -- Up-to-date symlink: /home/shrek/shrek_ws/install/my_bot/share/my_bot/environment/ament_prefix_path.sh
[0.827s] -- Up-to-date symlink: /home/shrek/shrek_ws/install/my_bot/share/my_bot/environment/ament_prefix_path.dsv
[0.827s] -- Up-to-date symlink: /home/shrek/shrek_ws/install/my_bot/share/my_bot/environment/path.sh
[0.828s] -- Up-to-date symlink: /home/shrek/shrek_ws/install/my_bot/share/my_bot/environment/path.dsv
[0.828s] -- Up-to-date symlink: /home/shrek/shrek_ws/install/my_bot/share/my_bot/local_setup.bash
[0.829s] -- Up-to-date symlink: /home/shrek/shrek_ws/install/my_bot/share/my_bot/local_setup.sh
[0.829s] -- Up-to-date symlink: /home/shrek/shrek_ws/install/my_bot/share/my_bot/local_setup.zsh
[0.830s] -- Up-to-date symlink: /home/shrek/shrek_ws/install/my_bot/share/my_bot/local_setup.dsv
[0.830s] -- Symlinking: /home/shrek/shrek_ws/install/my_bot/share/my_bot/package.dsv
[0.843s] -- Up-to-date symlink: /home/shrek/shrek_ws/install/my_bot/share/ament_index/resource_index/packages/my_bot
[0.844s] -- Up-to-date symlink: /home/shrek/shrek_ws/install/my_bot/share/my_bot/cmake/my_botConfig.cmake
[0.844s] -- Up-to-date symlink: /home/shrek/shrek_ws/install/my_bot/share/my_bot/cmake/my_botConfig-version.cmake
[0.844s] -- Up-to-date symlink: /home/shrek/shrek_ws/install/my_bot/share/my_bot/package.xml
[0.850s] Invoked command in '/home/shrek/shrek_ws/build/my_bot' returned '0': CMAKE_PREFIX_PATH=${CMAKE_PREFIX_PATH}:/opt/ros/foxy /usr/bin/cmake --install /home/shrek/shrek_ws/build/my_bot
