[0.056s] Invoking command in '/home/shrek/shrek_ws/build/serial': CMAKE_PREFIX_PATH=${CMAKE_PREFIX_PATH}:/opt/ros/foxy /usr/bin/cmake --build /home/shrek/shrek_ws/build/serial -- -j8 -l8
[0.137s] [ 14%] Built target gtest
[0.137s] [ 42%] Built target serial
[0.140s] [ 57%] Built target gtest_main
[0.165s] [ 71%] Built target serial_example
[0.178s] [100%] Built target serial-test-timer
[0.178s] [100%] Built target serial-test
[0.204s] Invoked command in '/home/shrek/shrek_ws/build/serial' returned '0': CMAKE_PREFIX_PATH=${CMAKE_PREFIX_PATH}:/opt/ros/foxy /usr/bin/cmake --build /home/shrek/shrek_ws/build/serial -- -j8 -l8
[0.253s] Invoking command in '/home/shrek/shrek_ws/build/serial': CMAKE_PREFIX_PATH=${CMAKE_PREFIX_PATH}:/opt/ros/foxy /usr/bin/cmake --install /home/shrek/shrek_ws/build/serial
[0.266s] -- Install configuration: ""
[0.266s] -- Execute custom install script
[0.266s] -- Up-to-date symlink: /home/shrek/shrek_ws/install/serial/lib/libserial.a
[0.266s] -- Up-to-date symlink: /home/shrek/shrek_ws/install/serial/include/serial/serial.h
[0.266s] -- Up-to-date symlink: /home/shrek/shrek_ws/install/serial/include/serial/v8stdint.h
[0.267s] -- Up-to-date symlink: /home/shrek/shrek_ws/install/serial/share/serial/environment/library_path.sh
[0.267s] -- Up-to-date symlink: /home/shrek/shrek_ws/install/serial/share/serial/environment/library_path.dsv
[0.268s] -- Up-to-date symlink: /home/shrek/shrek_ws/install/serial/share/ament_index/resource_index/package_run_dependencies/serial
[0.268s] -- Up-to-date symlink: /home/shrek/shrek_ws/install/serial/share/ament_index/resource_index/parent_prefix_path/serial
[0.268s] -- Up-to-date symlink: /home/shrek/shrek_ws/install/serial/share/serial/environment/ament_prefix_path.sh
[0.268s] -- Up-to-date symlink: /home/shrek/shrek_ws/install/serial/share/serial/environment/ament_prefix_path.dsv
[0.269s] -- Up-to-date symlink: /home/shrek/shrek_ws/install/serial/share/serial/environment/path.sh
[0.273s] -- Up-to-date symlink: /home/shrek/shrek_ws/install/serial/share/serial/environment/path.dsv
[0.273s] -- Up-to-date symlink: /home/shrek/shrek_ws/install/serial/share/serial/local_setup.bash
[0.273s] -- Up-to-date symlink: /home/shrek/shrek_ws/install/serial/share/serial/local_setup.sh
[0.274s] -- Up-to-date symlink: /home/shrek/shrek_ws/install/serial/share/serial/local_setup.zsh
[0.274s] -- Up-to-date symlink: /home/shrek/shrek_ws/install/serial/share/serial/local_setup.dsv
[0.274s] -- Symlinking: /home/shrek/shrek_ws/install/serial/share/serial/package.dsv
[0.285s] -- Up-to-date symlink: /home/shrek/shrek_ws/install/serial/share/ament_index/resource_index/packages/serial
[0.286s] -- Up-to-date symlink: /home/shrek/shrek_ws/install/serial/share/serial/cmake/ament_cmake_export_include_directories-extras.cmake
[0.286s] -- Up-to-date symlink: /home/shrek/shrek_ws/install/serial/share/serial/cmake/ament_cmake_export_libraries-extras.cmake
[0.286s] -- Up-to-date symlink: /home/shrek/shrek_ws/install/serial/share/serial/cmake/serialConfig.cmake
[0.286s] -- Up-to-date symlink: /home/shrek/shrek_ws/install/serial/share/serial/cmake/serialConfig-version.cmake
[0.287s] -- Up-to-date symlink: /home/shrek/shrek_ws/install/serial/share/serial/package.xml
[0.333s] Invoked command in '/home/shrek/shrek_ws/build/serial' returned '0': CMAKE_PREFIX_PATH=${CMAKE_PREFIX_PATH}:/opt/ros/foxy /usr/bin/cmake --install /home/shrek/shrek_ws/build/serial
