[0.044s] Invoking command in '/home/shrek/shrek_ws/build/serial': CMAKE_PREFIX_PATH=${CMAKE_PREFIX_PATH}:/opt/ros/foxy /usr/bin/cmake --build /home/shrek/shrek_ws/build/serial -- -j8 -l8
[0.097s] [ 42%] Built target serial
[0.097s] [ 42%] Built target gtest
[0.098s] [ 57%] Built target gtest_main
[0.118s] [ 71%] Built target serial_example
[0.121s] [ 85%] Built target serial-test-timer
[0.131s] [100%] Built target serial-test
[0.158s] Invoked command in '/home/shrek/shrek_ws/build/serial' returned '0': CMAKE_PREFIX_PATH=${CMAKE_PREFIX_PATH}:/opt/ros/foxy /usr/bin/cmake --build /home/shrek/shrek_ws/build/serial -- -j8 -l8
[0.205s] Invoking command in '/home/shrek/shrek_ws/build/serial': CMAKE_PREFIX_PATH=${CMAKE_PREFIX_PATH}:/opt/ros/foxy /usr/bin/cmake --install /home/shrek/shrek_ws/build/serial
[0.216s] -- Install configuration: ""
[0.216s] -- Execute custom install script
[0.216s] -- Up-to-date symlink: /home/shrek/shrek_ws/install/serial/lib/libserial.a
[0.216s] -- Up-to-date symlink: /home/shrek/shrek_ws/install/serial/include/serial/serial.h
[0.216s] -- Up-to-date symlink: /home/shrek/shrek_ws/install/serial/include/serial/v8stdint.h
[0.216s] -- Up-to-date symlink: /home/shrek/shrek_ws/install/serial/share/serial/environment/library_path.sh
[0.217s] -- Up-to-date symlink: /home/shrek/shrek_ws/install/serial/share/serial/environment/library_path.dsv
[0.217s] -- Up-to-date symlink: /home/shrek/shrek_ws/install/serial/share/ament_index/resource_index/package_run_dependencies/serial
[0.217s] -- Up-to-date symlink: /home/shrek/shrek_ws/install/serial/share/ament_index/resource_index/parent_prefix_path/serial
[0.217s] -- Up-to-date symlink: /home/shrek/shrek_ws/install/serial/share/serial/environment/ament_prefix_path.sh
[0.217s] -- Up-to-date symlink: /home/shrek/shrek_ws/install/serial/share/serial/environment/ament_prefix_path.dsv
[0.217s] -- Up-to-date symlink: /home/shrek/shrek_ws/install/serial/share/serial/environment/path.sh
[0.218s] -- Up-to-date symlink: /home/shrek/shrek_ws/install/serial/share/serial/environment/path.dsv
[0.218s] -- Up-to-date symlink: /home/shrek/shrek_ws/install/serial/share/serial/local_setup.bash
[0.218s] -- Up-to-date symlink: /home/shrek/shrek_ws/install/serial/share/serial/local_setup.sh
[0.219s] -- Up-to-date symlink: /home/shrek/shrek_ws/install/serial/share/serial/local_setup.zsh
[0.219s] -- Up-to-date symlink: /home/shrek/shrek_ws/install/serial/share/serial/local_setup.dsv
[0.219s] -- Symlinking: /home/shrek/shrek_ws/install/serial/share/serial/package.dsv
[0.228s] -- Up-to-date symlink: /home/shrek/shrek_ws/install/serial/share/ament_index/resource_index/packages/serial
[0.228s] -- Up-to-date symlink: /home/shrek/shrek_ws/install/serial/share/serial/cmake/ament_cmake_export_include_directories-extras.cmake
[0.228s] -- Up-to-date symlink: /home/shrek/shrek_ws/install/serial/share/serial/cmake/ament_cmake_export_libraries-extras.cmake
[0.228s] -- Up-to-date symlink: /home/shrek/shrek_ws/install/serial/share/serial/cmake/serialConfig.cmake
[0.228s] -- Up-to-date symlink: /home/shrek/shrek_ws/install/serial/share/serial/cmake/serialConfig-version.cmake
[0.229s] -- Up-to-date symlink: /home/shrek/shrek_ws/install/serial/share/serial/package.xml
[0.250s] Invoked command in '/home/shrek/shrek_ws/build/serial' returned '0': CMAKE_PREFIX_PATH=${CMAKE_PREFIX_PATH}:/opt/ros/foxy /usr/bin/cmake --install /home/shrek/shrek_ws/build/serial
