[0.049s] Invoking command in '/home/shrek/shrek_ws/build/to_place': CMAKE_PREFIX_PATH=${CMAKE_PREFIX_PATH}:/opt/ros/foxy /usr/bin/cmake --build /home/shrek/shrek_ws/build/to_place -- -j8 -l8
[0.104s] Invoked command in '/home/shrek/shrek_ws/build/to_place' returned '0': CMAKE_PREFIX_PATH=${CMAKE_PREFIX_PATH}:/opt/ros/foxy /usr/bin/cmake --build /home/shrek/shrek_ws/build/to_place -- -j8 -l8
[0.142s] Invoking command in '/home/shrek/shrek_ws/build/to_place': CMAKE_PREFIX_PATH=${CMAKE_PREFIX_PATH}:/opt/ros/foxy /usr/bin/cmake --install /home/shrek/shrek_ws/build/to_place
[0.154s] -- Install configuration: ""
[0.155s] -- Execute custom install script
[0.155s] -- Up-to-date symlink: /home/shrek/shrek_ws/install/to_place/lib/to_place/toplace.py
[0.155s] -- Up-to-date symlink: /home/shrek/shrek_ws/install/to_place/share/ament_index/resource_index/package_run_dependencies/to_place
[0.156s] -- Up-to-date symlink: /home/shrek/shrek_ws/install/to_place/share/ament_index/resource_index/parent_prefix_path/to_place
[0.156s] -- Up-to-date symlink: /home/shrek/shrek_ws/install/to_place/share/to_place/environment/ament_prefix_path.sh
[0.157s] -- Up-to-date symlink: /home/shrek/shrek_ws/install/to_place/share/to_place/environment/ament_prefix_path.dsv
[0.157s] -- Up-to-date symlink: /home/shrek/shrek_ws/install/to_place/share/to_place/environment/path.sh
[0.158s] -- Up-to-date symlink: /home/shrek/shrek_ws/install/to_place/share/to_place/environment/path.dsv
[0.159s] -- Up-to-date symlink: /home/shrek/shrek_ws/install/to_place/share/to_place/local_setup.bash
[0.160s] -- Up-to-date symlink: /home/shrek/shrek_ws/install/to_place/share/to_place/local_setup.sh
[0.161s] -- Up-to-date symlink: /home/shrek/shrek_ws/install/to_place/share/to_place/local_setup.zsh
[0.161s] -- Up-to-date symlink: /home/shrek/shrek_ws/install/to_place/share/to_place/local_setup.dsv
[0.161s] -- Symlinking: /home/shrek/shrek_ws/install/to_place/share/to_place/package.dsv
[0.174s] -- Up-to-date symlink: /home/shrek/shrek_ws/install/to_place/share/ament_index/resource_index/packages/to_place
[0.174s] -- Up-to-date symlink: /home/shrek/shrek_ws/install/to_place/share/to_place/cmake/to_placeConfig.cmake
[0.174s] -- Up-to-date symlink: /home/shrek/shrek_ws/install/to_place/share/to_place/cmake/to_placeConfig-version.cmake
[0.174s] -- Up-to-date symlink: /home/shrek/shrek_ws/install/to_place/share/to_place/package.xml
[0.199s] Invoked command in '/home/shrek/shrek_ws/build/to_place' returned '0': CMAKE_PREFIX_PATH=${CMAKE_PREFIX_PATH}:/opt/ros/foxy /usr/bin/cmake --install /home/shrek/shrek_ws/build/to_place
